
Magic 8.3 revision 483 - Compiled on Sun Jun  2 18:57:41 UTC 2024.
Starting magic under Tcl interpreter
Using the terminal as the console.
Using NULL graphics device.
Processing system .magicrc file
Sourcing design .magicrc for technology sky130A ...
2 Magic internal units = 1 Lambda
Input style sky130(): scaleFactor=2, multiplier=2
The following types are not handled by extraction and will be treated as non-electrical types:
    ubm 
Scaled tech values by 2 / 1 to match internal grid scaling
Loading sky130A Device Generator Menu ...
Using technology "sky130A", version 1.0.466-0-gbdc9412
Reading LEF data from file /root/.volare/sky130A/libs.ref/sky130_fd_sc_hd/techlef/sky130_fd_sc_hd__nom.tlef.
This action cannot be undone.
LEF read, Line 78 (Message): Unknown keyword "ANTENNAMODEL" in LEF file; ignoring.
LEF read, Line 79 (Message): Unknown keyword "ANTENNADIFFSIDEAREARATIO" in LEF file; ignoring.
LEF read, Line 112 (Message): Unknown keyword "MINENCLOSEDAREA" in LEF file; ignoring.
LEF read, Line 114 (Message): Unknown keyword "ANTENNAMODEL" in LEF file; ignoring.
LEF read, Line 115 (Message): Unknown keyword "ANTENNADIFFSIDEAREARATIO" in LEF file; ignoring.
LEF read, Line 121 (Message): Unknown keyword "MAXIMUMDENSITY" in LEF file; ignoring.
LEF read, Line 122 (Message): Unknown keyword "DENSITYCHECKWINDOW" in LEF file; ignoring.
LEF read, Line 123 (Message): Unknown keyword "DENSITYCHECKSTEP" in LEF file; ignoring.
LEF read, Line 156 (Message): Unknown keyword "MINENCLOSEDAREA" in LEF file; ignoring.
LEF read, Line 164 (Message): Unknown keyword "ANTENNAMODEL" in LEF file; ignoring.
LEF read, Line 165 (Message): Unknown keyword "ANTENNADIFFSIDEAREARATIO" in LEF file; ignoring.
LEF read, Line 167 (Message): Unknown keyword "MAXIMUMDENSITY" in LEF file; ignoring.
LEF read, Line 168 (Message): Unknown keyword "DENSITYCHECKWINDOW" in LEF file; ignoring.
LEF read, Line 169 (Message): Unknown keyword "DENSITYCHECKSTEP" in LEF file; ignoring.
LEF read, Line 206 (Message): Unknown keyword "ANTENNAMODEL" in LEF file; ignoring.
LEF read, Line 207 (Message): Unknown keyword "ANTENNADIFFSIDEAREARATIO" in LEF file; ignoring.
LEF read, Line 209 (Message): Unknown keyword "MAXIMUMDENSITY" in LEF file; ignoring.
LEF read, Line 210 (Message): Unknown keyword "DENSITYCHECKWINDOW" in LEF file; ignoring.
LEF read, Line 211 (Message): Unknown keyword "DENSITYCHECKSTEP" in LEF file; ignoring.
LEF read, Line 248 (Message): Unknown keyword "ANTENNAMODEL" in LEF file; ignoring.
LEF read, Line 249 (Message): Unknown keyword "ANTENNADIFFSIDEAREARATIO" in LEF file; ignoring.
LEF read, Line 251 (Message): Unknown keyword "MAXIMUMDENSITY" in LEF file; ignoring.
LEF read, Line 252 (Message): Unknown keyword "DENSITYCHECKWINDOW" in LEF file; ignoring.
LEF read, Line 253 (Message): Unknown keyword "DENSITYCHECKSTEP" in LEF file; ignoring.
LEF read, Line 290 (Message): Unknown keyword "ANTENNAMODEL" in LEF file; ignoring.
LEF read, Line 291 (Message): Unknown keyword "ANTENNADIFFSIDEAREARATIO" in LEF file; ignoring.
LEF read: Processed 797 lines.
Reading DEF data from file /openlane/designs/sys/runs/RUN_2025.05.24_14.37.30/results/routing/sys.def.
This action cannot be undone.
  Processed 4 vias total.
Cell sky130_fd_sc_hd__diode_2 read from path /root/.volare/sky130A/libs.ref/sky130_fd_sc_hd/maglef
Cell sky130_fd_sc_hd__decap_3 read from path /root/.volare/sky130A/libs.ref/sky130_fd_sc_hd/maglef
Cell sky130_ef_sc_hd__decap_12 read from path /root/.volare/sky130A/libs.ref/sky130_fd_sc_hd/maglef
Cell sky130_fd_sc_hd__fill_1 read from path /root/.volare/sky130A/libs.ref/sky130_fd_sc_hd/maglef
Cell sky130_fd_sc_hd__decap_6 read from path /root/.volare/sky130A/libs.ref/sky130_fd_sc_hd/maglef
Cell sky130_fd_sc_hd__fill_2 read from path /root/.volare/sky130A/libs.ref/sky130_fd_sc_hd/maglef
Cell sky130_fd_sc_hd__decap_8 read from path /root/.volare/sky130A/libs.ref/sky130_fd_sc_hd/maglef
Cell sky130_fd_sc_hd__decap_4 read from path /root/.volare/sky130A/libs.ref/sky130_fd_sc_hd/maglef
Cell sky130_fd_sc_hd__tapvpwrvgnd_1 read from path /root/.volare/sky130A/libs.ref/sky130_fd_sc_hd/maglef
Cell sky130_fd_sc_hd__buf_4 read from path /root/.volare/sky130A/libs.ref/sky130_fd_sc_hd/maglef
Cell sky130_fd_sc_hd__inv_2 read from path /root/.volare/sky130A/libs.ref/sky130_fd_sc_hd/maglef
Cell sky130_fd_sc_hd__and2_1 read from path /root/.volare/sky130A/libs.ref/sky130_fd_sc_hd/maglef
Cell sky130_fd_sc_hd__nor2_1 read from path /root/.volare/sky130A/libs.ref/sky130_fd_sc_hd/maglef
Cell sky130_fd_sc_hd__clkbuf_4 read from path /root/.volare/sky130A/libs.ref/sky130_fd_sc_hd/maglef
Cell sky130_fd_sc_hd__or3_1 read from path /root/.volare/sky130A/libs.ref/sky130_fd_sc_hd/maglef
Cell sky130_fd_sc_hd__or4_2 read from path /root/.volare/sky130A/libs.ref/sky130_fd_sc_hd/maglef
Cell sky130_fd_sc_hd__or4_4 read from path /root/.volare/sky130A/libs.ref/sky130_fd_sc_hd/maglef
Cell sky130_fd_sc_hd__or2_1 read from path /root/.volare/sky130A/libs.ref/sky130_fd_sc_hd/maglef
Cell sky130_fd_sc_hd__or4_1 read from path /root/.volare/sky130A/libs.ref/sky130_fd_sc_hd/maglef
Cell sky130_fd_sc_hd__nor4_4 read from path /root/.volare/sky130A/libs.ref/sky130_fd_sc_hd/maglef
Cell sky130_fd_sc_hd__nand2_1 read from path /root/.volare/sky130A/libs.ref/sky130_fd_sc_hd/maglef
Cell sky130_fd_sc_hd__o41a_1 read from path /root/.volare/sky130A/libs.ref/sky130_fd_sc_hd/maglef
Cell sky130_fd_sc_hd__clkinv_4 read from path /root/.volare/sky130A/libs.ref/sky130_fd_sc_hd/maglef
Cell sky130_fd_sc_hd__or3b_1 read from path /root/.volare/sky130A/libs.ref/sky130_fd_sc_hd/maglef
Cell sky130_fd_sc_hd__and3_1 read from path /root/.volare/sky130A/libs.ref/sky130_fd_sc_hd/maglef
Cell sky130_fd_sc_hd__or2_4 read from path /root/.volare/sky130A/libs.ref/sky130_fd_sc_hd/maglef
Cell sky130_fd_sc_hd__a41oi_1 read from path /root/.volare/sky130A/libs.ref/sky130_fd_sc_hd/maglef
Cell sky130_fd_sc_hd__o211a_1 read from path /root/.volare/sky130A/libs.ref/sky130_fd_sc_hd/maglef
Cell sky130_fd_sc_hd__mux2_1 read from path /root/.volare/sky130A/libs.ref/sky130_fd_sc_hd/maglef
Cell sky130_fd_sc_hd__nand2_2 read from path /root/.volare/sky130A/libs.ref/sky130_fd_sc_hd/maglef
Cell sky130_fd_sc_hd__and2_2 read from path /root/.volare/sky130A/libs.ref/sky130_fd_sc_hd/maglef
Cell sky130_fd_sc_hd__a31o_1 read from path /root/.volare/sky130A/libs.ref/sky130_fd_sc_hd/maglef
Cell sky130_fd_sc_hd__a21oi_1 read from path /root/.volare/sky130A/libs.ref/sky130_fd_sc_hd/maglef
Cell sky130_fd_sc_hd__a22o_1 read from path /root/.volare/sky130A/libs.ref/sky130_fd_sc_hd/maglef
Cell sky130_fd_sc_hd__a21o_1 read from path /root/.volare/sky130A/libs.ref/sky130_fd_sc_hd/maglef
Cell sky130_fd_sc_hd__or4bb_1 read from path /root/.volare/sky130A/libs.ref/sky130_fd_sc_hd/maglef
Cell sky130_fd_sc_hd__o32a_1 read from path /root/.volare/sky130A/libs.ref/sky130_fd_sc_hd/maglef
Cell sky130_fd_sc_hd__o31a_1 read from path /root/.volare/sky130A/libs.ref/sky130_fd_sc_hd/maglef
Cell sky130_fd_sc_hd__a31oi_2 read from path /root/.volare/sky130A/libs.ref/sky130_fd_sc_hd/maglef
Cell sky130_fd_sc_hd__o21ai_1 read from path /root/.volare/sky130A/libs.ref/sky130_fd_sc_hd/maglef
Cell sky130_fd_sc_hd__o21ba_1 read from path /root/.volare/sky130A/libs.ref/sky130_fd_sc_hd/maglef
Cell sky130_fd_sc_hd__or2_2 read from path /root/.volare/sky130A/libs.ref/sky130_fd_sc_hd/maglef
Cell sky130_fd_sc_hd__or3_4 read from path /root/.volare/sky130A/libs.ref/sky130_fd_sc_hd/maglef
Cell sky130_fd_sc_hd__nor2_2 read from path /root/.volare/sky130A/libs.ref/sky130_fd_sc_hd/maglef
Cell sky130_fd_sc_hd__a211o_1 read from path /root/.volare/sky130A/libs.ref/sky130_fd_sc_hd/maglef
Cell sky130_fd_sc_hd__a32o_1 read from path /root/.volare/sky130A/libs.ref/sky130_fd_sc_hd/maglef
Cell sky130_fd_sc_hd__nand2b_2 read from path /root/.volare/sky130A/libs.ref/sky130_fd_sc_hd/maglef
Cell sky130_fd_sc_hd__o21a_1 read from path /root/.volare/sky130A/libs.ref/sky130_fd_sc_hd/maglef
Cell sky130_fd_sc_hd__nor3_1 read from path /root/.volare/sky130A/libs.ref/sky130_fd_sc_hd/maglef
Cell sky130_fd_sc_hd__xnor2_1 read from path /root/.volare/sky130A/libs.ref/sky130_fd_sc_hd/maglef
Cell sky130_fd_sc_hd__o2bb2a_1 read from path /root/.volare/sky130A/libs.ref/sky130_fd_sc_hd/maglef
Cell sky130_fd_sc_hd__a31oi_1 read from path /root/.volare/sky130A/libs.ref/sky130_fd_sc_hd/maglef
Cell sky130_fd_sc_hd__a41oi_4 read from path /root/.volare/sky130A/libs.ref/sky130_fd_sc_hd/maglef
Cell sky130_fd_sc_hd__mux2_2 read from path /root/.volare/sky130A/libs.ref/sky130_fd_sc_hd/maglef
Cell sky130_fd_sc_hd__or3_2 read from path /root/.volare/sky130A/libs.ref/sky130_fd_sc_hd/maglef
Cell sky130_fd_sc_hd__o22a_1 read from path /root/.volare/sky130A/libs.ref/sky130_fd_sc_hd/maglef
Cell sky130_fd_sc_hd__xor2_2 read from path /root/.volare/sky130A/libs.ref/sky130_fd_sc_hd/maglef
Cell sky130_fd_sc_hd__xnor2_2 read from path /root/.volare/sky130A/libs.ref/sky130_fd_sc_hd/maglef
Cell sky130_fd_sc_hd__a21oi_2 read from path /root/.volare/sky130A/libs.ref/sky130_fd_sc_hd/maglef
Cell sky130_fd_sc_hd__a221o_1 read from path /root/.volare/sky130A/libs.ref/sky130_fd_sc_hd/maglef
Cell sky130_fd_sc_hd__or2b_1 read from path /root/.volare/sky130A/libs.ref/sky130_fd_sc_hd/maglef
Cell sky130_fd_sc_hd__and2b_1 read from path /root/.volare/sky130A/libs.ref/sky130_fd_sc_hd/maglef
Cell sky130_fd_sc_hd__xor2_1 read from path /root/.volare/sky130A/libs.ref/sky130_fd_sc_hd/maglef
Cell sky130_fd_sc_hd__mux4_2 read from path /root/.volare/sky130A/libs.ref/sky130_fd_sc_hd/maglef
Cell sky130_fd_sc_hd__o221a_1 read from path /root/.volare/sky130A/libs.ref/sky130_fd_sc_hd/maglef
Cell sky130_fd_sc_hd__o21bai_2 read from path /root/.volare/sky130A/libs.ref/sky130_fd_sc_hd/maglef
Cell sky130_fd_sc_hd__nand3b_1 read from path /root/.volare/sky130A/libs.ref/sky130_fd_sc_hd/maglef
Cell sky130_fd_sc_hd__a21bo_1 read from path /root/.volare/sky130A/libs.ref/sky130_fd_sc_hd/maglef
Cell sky130_fd_sc_hd__o22ai_1 read from path /root/.volare/sky130A/libs.ref/sky130_fd_sc_hd/maglef
Cell sky130_fd_sc_hd__mux4_1 read from path /root/.volare/sky130A/libs.ref/sky130_fd_sc_hd/maglef
Cell sky130_fd_sc_hd__o31ai_2 read from path /root/.volare/sky130A/libs.ref/sky130_fd_sc_hd/maglef
Cell sky130_fd_sc_hd__o21ai_2 read from path /root/.volare/sky130A/libs.ref/sky130_fd_sc_hd/maglef
Cell sky130_fd_sc_hd__o21bai_1 read from path /root/.volare/sky130A/libs.ref/sky130_fd_sc_hd/maglef
Cell sky130_fd_sc_hd__nand3_4 read from path /root/.volare/sky130A/libs.ref/sky130_fd_sc_hd/maglef
Cell sky130_fd_sc_hd__or4b_2 read from path /root/.volare/sky130A/libs.ref/sky130_fd_sc_hd/maglef
Cell sky130_fd_sc_hd__a211o_2 read from path /root/.volare/sky130A/libs.ref/sky130_fd_sc_hd/maglef
Cell sky130_fd_sc_hd__nand3_1 read from path /root/.volare/sky130A/libs.ref/sky130_fd_sc_hd/maglef
Cell sky130_fd_sc_hd__a21boi_1 read from path /root/.volare/sky130A/libs.ref/sky130_fd_sc_hd/maglef
Cell sky130_fd_sc_hd__and3b_1 read from path /root/.volare/sky130A/libs.ref/sky130_fd_sc_hd/maglef
Cell sky130_fd_sc_hd__buf_2 read from path /root/.volare/sky130A/libs.ref/sky130_fd_sc_hd/maglef
Cell sky130_fd_sc_hd__clkbuf_1 read from path /root/.volare/sky130A/libs.ref/sky130_fd_sc_hd/maglef
Cell sky130_fd_sc_hd__or4b_1 read from path /root/.volare/sky130A/libs.ref/sky130_fd_sc_hd/maglef
Cell sky130_fd_sc_hd__o311a_1 read from path /root/.volare/sky130A/libs.ref/sky130_fd_sc_hd/maglef
Cell sky130_fd_sc_hd__o2bb2ai_1 read from path /root/.volare/sky130A/libs.ref/sky130_fd_sc_hd/maglef
Cell sky130_fd_sc_hd__and4_1 read from path /root/.volare/sky130A/libs.ref/sky130_fd_sc_hd/maglef
Cell sky130_fd_sc_hd__or3b_4 read from path /root/.volare/sky130A/libs.ref/sky130_fd_sc_hd/maglef
Cell sky130_fd_sc_hd__clkbuf_8 read from path /root/.volare/sky130A/libs.ref/sky130_fd_sc_hd/maglef
Cell sky130_fd_sc_hd__buf_6 read from path /root/.volare/sky130A/libs.ref/sky130_fd_sc_hd/maglef
Cell sky130_fd_sc_hd__and3b_2 read from path /root/.volare/sky130A/libs.ref/sky130_fd_sc_hd/maglef
Cell sky130_fd_sc_hd__and3_4 read from path /root/.volare/sky130A/libs.ref/sky130_fd_sc_hd/maglef
Cell sky130_fd_sc_hd__nand2_4 read from path /root/.volare/sky130A/libs.ref/sky130_fd_sc_hd/maglef
Cell sky130_fd_sc_hd__nor2_4 read from path /root/.volare/sky130A/libs.ref/sky130_fd_sc_hd/maglef
Cell sky130_fd_sc_hd__nand3b_4 read from path /root/.volare/sky130A/libs.ref/sky130_fd_sc_hd/maglef
Cell sky130_fd_sc_hd__and3b_4 read from path /root/.volare/sky130A/libs.ref/sky130_fd_sc_hd/maglef
Cell sky130_fd_sc_hd__and2_4 read from path /root/.volare/sky130A/libs.ref/sky130_fd_sc_hd/maglef
Cell sky130_fd_sc_hd__buf_8 read from path /root/.volare/sky130A/libs.ref/sky130_fd_sc_hd/maglef
Cell sky130_fd_sc_hd__clkbuf_16 read from path /root/.volare/sky130A/libs.ref/sky130_fd_sc_hd/maglef
Cell sky130_fd_sc_hd__a211o_4 read from path /root/.volare/sky130A/libs.ref/sky130_fd_sc_hd/maglef
Cell sky130_fd_sc_hd__a21o_2 read from path /root/.volare/sky130A/libs.ref/sky130_fd_sc_hd/maglef
Cell sky130_fd_sc_hd__buf_12 read from path /root/.volare/sky130A/libs.ref/sky130_fd_sc_hd/maglef
Cell sky130_fd_sc_hd__o221a_2 read from path /root/.volare/sky130A/libs.ref/sky130_fd_sc_hd/maglef
Cell sky130_fd_sc_hd__dfxtp_1 read from path /root/.volare/sky130A/libs.ref/sky130_fd_sc_hd/maglef
Cell sky130_fd_sc_hd__dfxtp_2 read from path /root/.volare/sky130A/libs.ref/sky130_fd_sc_hd/maglef
Cell sky130_fd_sc_hd__dfxtp_4 read from path /root/.volare/sky130A/libs.ref/sky130_fd_sc_hd/maglef
Cell sky130_fd_sc_hd__clkinvlp_4 read from path /root/.volare/sky130A/libs.ref/sky130_fd_sc_hd/maglef
Cell sky130_fd_sc_hd__inv_6 read from path /root/.volare/sky130A/libs.ref/sky130_fd_sc_hd/maglef
Cell sky130_fd_sc_hd__clkinvlp_2 read from path /root/.volare/sky130A/libs.ref/sky130_fd_sc_hd/maglef
Cell sky130_fd_sc_hd__bufinv_16 read from path /root/.volare/sky130A/libs.ref/sky130_fd_sc_hd/maglef
Cell sky130_fd_sc_hd__clkinv_1 read from path /root/.volare/sky130A/libs.ref/sky130_fd_sc_hd/maglef
Cell sky130_fd_sc_hd__clkinv_8 read from path /root/.volare/sky130A/libs.ref/sky130_fd_sc_hd/maglef
Cell sky130_fd_sc_hd__inv_8 read from path /root/.volare/sky130A/libs.ref/sky130_fd_sc_hd/maglef
Cell sky130_fd_sc_hd__bufinv_8 read from path /root/.volare/sky130A/libs.ref/sky130_fd_sc_hd/maglef
Cell sky130_fd_sc_hd__buf_1 read from path /root/.volare/sky130A/libs.ref/sky130_fd_sc_hd/maglef
  Processed 398820 subcell instances total.
  Processed 85 pins total.
  Processed 2 special nets total.
  Processed 6633 nets total.
DEF read: Processed 816124 lines.
Moving label "_00009_" from metal1 to via1 in cell sys.
Moving label "_00013_" from metal1 to via1 in cell sys.
Moving label "_00014_" from metal1 to via1 in cell sys.
Moving label "_00031_" from metal1 to via1 in cell sys.
Moving label "_00035_" from metal1 to via1 in cell sys.
Moving label "_00038_" from metal1 to via1 in cell sys.
Moving label "_00043_" from metal1 to via1 in cell sys.
Moving label "_00047_" from metal1 to via1 in cell sys.
Moving label "_00048_" from metal1 to via1 in cell sys.
Moving label "_00050_" from metal1 to via1 in cell sys.
Moving label "_00055_" from metal1 to via1 in cell sys.
Moving label "_00056_" from metal1 to via1 in cell sys.
Moving label "_00061_" from metal1 to via1 in cell sys.
Moving label "_00066_" from metal1 to via1 in cell sys.
Moving label "_00068_" from metal1 to via1 in cell sys.
Moving label "_00069_" from metal1 to via1 in cell sys.
Moving label "_00075_" from metal1 to via1 in cell sys.
Moving label "_00079_" from metal1 to via1 in cell sys.
Moving label "_00084_" from metal1 to via1 in cell sys.
Moving label "_00087_" from metal1 to via1 in cell sys.
Moving label "_00090_" from metal2 to via1 in cell sys.
Moving label "_00091_" from metal1 to via1 in cell sys.
Moving label "_00092_" from metal1 to via1 in cell sys.
Moving label "_00098_" from metal1 to via1 in cell sys.
Moving label "_00102_" from metal1 to via1 in cell sys.
Moving label "_00107_" from metal1 to via1 in cell sys.
Moving label "_00112_" from metal1 to via1 in cell sys.
Moving label "_00113_" from metal1 to via1 in cell sys.
Moving label "_00114_" from metal1 to via1 in cell sys.
Moving label "_00115_" from metal1 to via1 in cell sys.
Moving label "_00117_" from metal1 to via1 in cell sys.
Moving label "_00118_" from metal1 to via1 in cell sys.
Moving label "_00120_" from metal1 to via1 in cell sys.
Moving label "_00133_" from metal1 to via1 in cell sys.
Moving label "_00138_" from metal1 to via1 in cell sys.
Moving label "_00140_" from metal1 to via1 in cell sys.
Moving label "_00141_" from metal1 to via1 in cell sys.
Moving label "_00143_" from metal1 to via1 in cell sys.
Moving label "_00155_" from metal1 to via1 in cell sys.
Moving label "_00157_" from metal1 to via1 in cell sys.
Moving label "_00164_" from metal1 to via1 in cell sys.
Moving label "_00170_" from metal1 to via1 in cell sys.
Moving label "_00183_" from metal1 to via1 in cell sys.
Moving label "_00186_" from metal1 to via1 in cell sys.
Moving label "_00194_" from metal1 to via1 in cell sys.
Moving label "_00195_" from metal1 to via1 in cell sys.
Moving label "_00200_" from metal1 to via1 in cell sys.
Moving label "_00203_" from metal1 to via1 in cell sys.
Moving label "_00204_" from metal1 to via1 in cell sys.
Moving label "_00225_" from metal1 to via1 in cell sys.
Moving label "_00227_" from metal1 to via1 in cell sys.
Moving label "_00233_" from metal1 to via1 in cell sys.
Moving label "_00243_" from metal1 to via1 in cell sys.
Moving label "_00251_" from metal1 to via1 in cell sys.
Moving label "_00252_" from metal1 to via1 in cell sys.
Moving label "_00280_" from metal1 to via1 in cell sys.
Moving label "_00297_" from metal1 to via1 in cell sys.
Moving label "_00308_" from metal1 to viali in cell sys.
Moving label "_00310_" from metal1 to via1 in cell sys.
Moving label "_00329_" from metal1 to via1 in cell sys.
Moving label "_00330_" from metal1 to via1 in cell sys.
Moving label "_00333_" from metal1 to via1 in cell sys.
Moving label "_00337_" from metal1 to via1 in cell sys.
Moving label "_00338_" from metal1 to via1 in cell sys.
Moving label "_00347_" from metal1 to via1 in cell sys.
Moving label "_00356_" from metal1 to via1 in cell sys.
Moving label "_00360_" from metal1 to via1 in cell sys.
Moving label "_00365_" from metal1 to via1 in cell sys.
Moving label "_00370_" from metal1 to via1 in cell sys.
Moving label "_00377_" from metal1 to via1 in cell sys.
Moving label "_00383_" from metal1 to via1 in cell sys.
Moving label "_00399_" from metal1 to via1 in cell sys.
Moving label "_00402_" from metal1 to via1 in cell sys.
Moving label "_00404_" from metal1 to via1 in cell sys.
Moving label "_00407_" from metal1 to via1 in cell sys.
Moving label "_00413_" from metal1 to via1 in cell sys.
Moving label "_00418_" from metal1 to via1 in cell sys.
Moving label "_00420_" from metal1 to via1 in cell sys.
Moving label "_00424_" from metal1 to via1 in cell sys.
Moving label "_00427_" from metal1 to via1 in cell sys.
Moving label "_00430_" from metal1 to via1 in cell sys.
Moving label "_00432_" from metal1 to via1 in cell sys.
Moving label "_00433_" from metal1 to via1 in cell sys.
Moving label "_00439_" from metal1 to via1 in cell sys.
Moving label "_00441_" from metal1 to via1 in cell sys.
Moving label "_00442_" from metal1 to via1 in cell sys.
Moving label "_00450_" from metal1 to via1 in cell sys.
Moving label "_00451_" from metal1 to via1 in cell sys.
Moving label "_00457_" from metal1 to via1 in cell sys.
Moving label "_00464_" from metal1 to viali in cell sys.
Moving label "_00465_" from metal1 to via1 in cell sys.
Moving label "_00470_" from metal1 to via1 in cell sys.
Moving label "_00474_" from metal1 to via1 in cell sys.
Moving label "_00479_" from metal1 to via1 in cell sys.
Moving label "_00498_" from metal1 to via1 in cell sys.
Moving label "_00501_" from metal1 to via1 in cell sys.
Moving label "_00510_" from metal1 to via1 in cell sys.
Moving label "_00512_" from metal1 to via1 in cell sys.
Moving label "_00513_" from metal1 to via1 in cell sys.
Moving label "_00532_" from metal1 to via1 in cell sys.
Moving label "_00548_" from metal1 to via1 in cell sys.
Moving label "_00549_" from metal1 to via1 in cell sys.
Moving label "_00557_" from metal1 to via1 in cell sys.
Moving label "_00563_" from metal1 to via1 in cell sys.
Moving label "_00566_" from metal1 to via1 in cell sys.
Moving label "_00572_" from metal1 to via1 in cell sys.
Moving label "_00573_" from metal1 to via1 in cell sys.
Moving label "_00583_" from metal1 to via1 in cell sys.
Moving label "_00587_" from metal1 to via1 in cell sys.
Moving label "_00588_" from metal1 to via1 in cell sys.
Moving label "_00595_" from metal1 to via1 in cell sys.
Moving label "_00596_" from metal1 to via1 in cell sys.
Moving label "_00604_" from metal1 to via1 in cell sys.
Moving label "_00606_" from metal1 to via1 in cell sys.
Moving label "_00611_" from metal1 to via1 in cell sys.
Moving label "_00618_" from metal1 to via1 in cell sys.
Moving label "_00623_" from metal1 to via1 in cell sys.
Moving label "_00624_" from metal1 to via1 in cell sys.
Moving label "_00630_" from metal1 to via1 in cell sys.
Moving label "_00631_" from metal1 to via1 in cell sys.
Moving label "_00647_" from metal1 to via1 in cell sys.
Moving label "_00650_" from metal1 to via1 in cell sys.
Moving label "_00658_" from metal1 to via1 in cell sys.
Moving label "_00659_" from metal1 to via1 in cell sys.
Moving label "_00676_" from metal1 to via1 in cell sys.
Moving label "_00678_" from metal1 to via1 in cell sys.
Moving label "_00684_" from metal1 to via1 in cell sys.
Moving label "_00697_" from metal1 to via1 in cell sys.
Moving label "_00708_" from metal1 to viali in cell sys.
Moving label "_00722_" from metal1 to viali in cell sys.
Moving label "_00739_" from metal1 to via1 in cell sys.
Moving label "_00740_" from metal1 to via1 in cell sys.
Moving label "_00747_" from metal1 to via1 in cell sys.
Moving label "_00752_" from metal1 to via1 in cell sys.
Moving label "_00758_" from metal1 to via1 in cell sys.
Moving label "_00760_" from metal1 to via1 in cell sys.
Moving label "_00765_" from metal1 to via1 in cell sys.
Moving label "_00773_" from metal1 to via1 in cell sys.
Moving label "_00775_" from metal1 to via1 in cell sys.
Moving label "_00778_" from metal1 to via1 in cell sys.
Moving label "_00782_" from metal1 to via1 in cell sys.
Moving label "_00784_" from metal1 to via1 in cell sys.
Moving label "_00787_" from metal1 to via1 in cell sys.
Moving label "_00791_" from metal1 to via1 in cell sys.
Moving label "_00797_" from metal1 to via1 in cell sys.
Moving label "_00803_" from metal1 to via1 in cell sys.
Moving label "_00804_" from metal1 to via1 in cell sys.
Moving label "_00807_" from metal1 to via1 in cell sys.
Moving label "_00812_" from metal1 to via1 in cell sys.
Moving label "_00826_" from metal1 to via1 in cell sys.
Moving label "_00829_" from metal1 to via1 in cell sys.
Moving label "_00832_" from metal1 to via1 in cell sys.
Moving label "_00845_" from metal1 to via1 in cell sys.
Moving label "_00851_" from metal1 to via1 in cell sys.
Moving label "_00852_" from metal1 to via1 in cell sys.
Moving label "_00862_" from metal1 to via1 in cell sys.
Moving label "_00863_" from metal1 to viali in cell sys.
Moving label "_00874_" from metal1 to via1 in cell sys.
Moving label "_00876_" from metal1 to via1 in cell sys.
Moving label "_00878_" from metal1 to via1 in cell sys.
Moving label "_00880_" from metal1 to via1 in cell sys.
Moving label "_00906_" from metal1 to via1 in cell sys.
Moving label "_00908_" from metal1 to via1 in cell sys.
Moving label "_00909_" from metal1 to via1 in cell sys.
Moving label "_00913_" from metal1 to via1 in cell sys.
Moving label "_00918_" from metal1 to via1 in cell sys.
Moving label "_00919_" from metal1 to via1 in cell sys.
Moving label "_00920_" from metal1 to via1 in cell sys.
Moving label "_00921_" from metal1 to via1 in cell sys.
Moving label "_00923_" from metal1 to via1 in cell sys.
Moving label "_00926_" from metal1 to via1 in cell sys.
Moving label "_00932_" from metal1 to via1 in cell sys.
Moving label "_00943_" from metal1 to via1 in cell sys.
Moving label "_00945_" from metal1 to via1 in cell sys.
Moving label "_00948_" from metal1 to via1 in cell sys.
Moving label "_00951_" from metal1 to via1 in cell sys.
Moving label "_00952_" from metal1 to via1 in cell sys.
Moving label "_00955_" from metal1 to via1 in cell sys.
Moving label "_00964_" from metal1 to via1 in cell sys.
Moving label "_00980_" from metal1 to via1 in cell sys.
Moving label "_00981_" from metal1 to via1 in cell sys.
Moving label "_00987_" from metal1 to via1 in cell sys.
Moving label "_00989_" from metal1 to via1 in cell sys.
Moving label "_00994_" from metal1 to via1 in cell sys.
Moving label "_00996_" from metal1 to via1 in cell sys.
Moving label "_01009_" from metal1 to via1 in cell sys.
Moving label "_01011_" from metal1 to via1 in cell sys.
Moving label "_01017_" from metal1 to via1 in cell sys.
Moving label "_01018_" from metal1 to via1 in cell sys.
Moving label "_01019_" from metal1 to via1 in cell sys.
Moving label "_01021_" from metal1 to via1 in cell sys.
Moving label "_01026_" from metal1 to via1 in cell sys.
Moving label "_01027_" from metal1 to via1 in cell sys.
Moving label "_01031_" from metal1 to via1 in cell sys.
Moving label "_01033_" from metal1 to via1 in cell sys.
Moving label "_01034_" from metal1 to via1 in cell sys.
Moving label "_01036_" from metal1 to via1 in cell sys.
Moving label "_01037_" from metal1 to via1 in cell sys.
Moving label "_01044_" from metal1 to via1 in cell sys.
Moving label "_01045_" from metal1 to via1 in cell sys.
Moving label "_01055_" from metal1 to via1 in cell sys.
Moving label "_01058_" from metal1 to via1 in cell sys.
Moving label "_01059_" from metal1 to via1 in cell sys.
Moving label "_01070_" from metal1 to via1 in cell sys.
Moving label "_01073_" from metal1 to via1 in cell sys.
Moving label "_01074_" from metal1 to via1 in cell sys.
Moving label "_01083_" from metal1 to via1 in cell sys.
Moving label "_01086_" from metal1 to via1 in cell sys.
Moving label "_01206_" from metal2 to via2 in cell sys.
Moving label "_01220_" from metal2 to via1 in cell sys.
Moving label "_01227_" from metal1 to via1 in cell sys.
Moving label "_01248_" from metal2 to via1 in cell sys.
Moving label "_01251_" from metal2 to via2 in cell sys.
Moving label "_01279_" from metal1 to via1 in cell sys.
Moving label "_01548_" from metal1 to via1 in cell sys.
Moving label "_01597_" from metal1 to via1 in cell sys.
Moving label "_02197_" from metal2 to via1 in cell sys.
Moving label "_02482_" from metal1 to viali in cell sys.
Moving label "_02537_" from metal2 to via1 in cell sys.
Moving label "_02760_" from metal2 to via2 in cell sys.
Moving label "_02967_" from metal2 to via2 in cell sys.
Moving label "_02969_" from metal1 to viali in cell sys.
Moving label "_03043_" from metal2 to via2 in cell sys.
Moving label "_03077_" from metal1 to viali in cell sys.
Moving label "_03239_" from metal1 to viali in cell sys.
Moving label "_03301_" from metal1 to viali in cell sys.
Moving label "_03317_" from metal2 to via1 in cell sys.
Moving label "_03984_" from metal1 to viali in cell sys.
Moving label "_04000_" from metal1 to via1 in cell sys.
Moving label "_04011_" from metal1 to viali in cell sys.
Moving label "_04024_" from metal2 to via1 in cell sys.
Moving label "_04049_" from metal3 to via3 in cell sys.
Moving label "_04110_" from metal2 to via2 in cell sys.
Moving label "_04141_" from metal2 to via2 in cell sys.
Moving label "_04200_" from metal2 to via2 in cell sys.
Moving label "_04252_" from metal1 to via1 in cell sys.
Moving label "_04285_" from metal2 to via2 in cell sys.
Moving label "_04583_" from metal2 to via2 in cell sys.
Moving label "_04637_" from metal2 to via2 in cell sys.
Moving label "_04646_" from metal1 to via1 in cell sys.
Moving label "_04887_" from metal2 to via1 in cell sys.
Moving label "clknet_0_clock" from metal3 to via3 in cell sys.
Moving label "clknet_2_0_0_clock" from metal2 to via2 in cell sys.
Moving label "clknet_2_2_0_clock" from metal2 to via2 in cell sys.
Moving label "clknet_2_3_0_clock" from metal2 to via2 in cell sys.
Moving label "clknet_5_0__leaf_clock" from metal2 to via2 in cell sys.
Moving label "clknet_5_11__leaf_clock" from metal2 to via2 in cell sys.
Moving label "clknet_5_12__leaf_clock" from metal2 to via2 in cell sys.
Moving label "clknet_5_15__leaf_clock" from metal2 to via2 in cell sys.
Moving label "clknet_5_18__leaf_clock" from metal2 to via2 in cell sys.
Moving label "clknet_5_19__leaf_clock" from metal2 to via2 in cell sys.
Moving label "clknet_5_20__leaf_clock" from metal3 to via3 in cell sys.
Moving label "clknet_5_22__leaf_clock" from metal2 to via2 in cell sys.
Moving label "clknet_5_26__leaf_clock" from metal2 to via2 in cell sys.
Moving label "clknet_5_27__leaf_clock" from metal2 to via2 in cell sys.
Moving label "clknet_5_31__leaf_clock" from metal2 to via2 in cell sys.
Moving label "clknet_5_3__leaf_clock" from metal2 to via2 in cell sys.
Moving label "clknet_5_4__leaf_clock" from metal3 to via3 in cell sys.
Moving label "clknet_leaf_109_clock" from metal1 to via1 in cell sys.
Moving label "net36" from metal2 to via2 in cell sys.
Moving label "result[0]" from metal2 to via2 in cell sys.
Moving label "result[10]" from metal2 to via2 in cell sys.
Moving label "result[12]" from metal2 to via2 in cell sys.
Moving label "result[14]" from metal2 to via2 in cell sys.
Moving label "result[16]" from metal2 to via2 in cell sys.
Moving label "result[18]" from metal2 to via2 in cell sys.
Moving label "result[22]" from metal2 to via2 in cell sys.
Moving label "result[24]" from metal2 to via2 in cell sys.
Moving label "result[26]" from metal2 to via2 in cell sys.
Moving label "result[2]" from metal2 to via2 in cell sys.
Moving label "result[30]" from metal2 to via2 in cell sys.
Moving label "result[4]" from metal2 to via2 in cell sys.
Moving label "result[6]" from metal2 to via2 in cell sys.
Moving label "result[8]" from metal2 to via2 in cell sys.
Moving label "rf.RAM\[14\]\[0\]" from metal1 to via1 in cell sys.
Moving label "rf.RAM\[14\]\[11\]" from metal1 to via1 in cell sys.
Moving label "rf.RAM\[14\]\[12\]" from metal1 to via1 in cell sys.
Moving label "rf.RAM\[14\]\[18\]" from metal1 to via1 in cell sys.
Moving label "rf.RAM\[14\]\[19\]" from metal1 to via1 in cell sys.
Moving label "rf.RAM\[14\]\[22\]" from metal1 to via1 in cell sys.
Moving label "rf.RAM\[14\]\[29\]" from metal1 to via1 in cell sys.
Moving label "rf.RAM\[14\]\[30\]" from metal1 to via1 in cell sys.
Moving label "rf.RAM\[14\]\[3\]" from metal1 to via1 in cell sys.
Moving label "rf.RAM\[14\]\[9\]" from metal1 to via1 in cell sys.
Moving label "rf.RAM\[18\]\[10\]" from metal1 to via1 in cell sys.
Moving label "rf.RAM\[18\]\[25\]" from metal1 to via1 in cell sys.
Moving label "rf.RAM\[18\]\[29\]" from metal1 to via1 in cell sys.
Moving label "rf.RAM\[18\]\[2\]" from metal1 to via1 in cell sys.
Moving label "rf.RAM\[18\]\[6\]" from metal1 to via1 in cell sys.
Moving label "rf.RAM\[18\]\[7\]" from metal1 to via1 in cell sys.
Moving label "rf.RAM\[18\]\[8\]" from metal1 to via1 in cell sys.
Moving label "rf.RAM\[19\]\[21\]" from metal2 to via1 in cell sys.
Moving label "rf.RAM\[22\]\[0\]" from metal1 to via1 in cell sys.
Moving label "rf.RAM\[22\]\[20\]" from metal1 to via1 in cell sys.
Moving label "rf.RAM\[22\]\[31\]" from metal1 to via1 in cell sys.
Moving label "rf.RAM\[23\]\[20\]" from metal2 to via1 in cell sys.
Moving label "rf.RAM\[26\]\[2\]" from metal1 to via1 in cell sys.
Moving label "rf.RAM\[2\]\[0\]" from metal1 to via1 in cell sys.
Moving label "rf.RAM\[2\]\[13\]" from metal1 to via1 in cell sys.
Moving label "rf.RAM\[2\]\[14\]" from metal1 to via1 in cell sys.
Moving label "rf.RAM\[2\]\[15\]" from metal1 to via1 in cell sys.
Moving label "rf.RAM\[2\]\[19\]" from metal1 to via1 in cell sys.
Moving label "rf.RAM\[2\]\[20\]" from metal1 to via1 in cell sys.
Moving label "rf.RAM\[2\]\[23\]" from metal1 to via1 in cell sys.
Moving label "rf.RAM\[2\]\[2\]" from metal1 to via1 in cell sys.
Moving label "rf.RAM\[2\]\[30\]" from metal1 to via1 in cell sys.
Moving label "rf.RAM\[2\]\[31\]" from metal1 to via1 in cell sys.
Moving label "rf.RAM\[2\]\[5\]" from metal1 to via1 in cell sys.
Moving label "rf.RAM\[2\]\[8\]" from metal1 to via1 in cell sys.
Moving label "rf.RAM\[30\]\[12\]" from metal1 to via1 in cell sys.
Moving label "rf.RAM\[30\]\[18\]" from metal1 to via1 in cell sys.
Moving label "rf.RAM\[30\]\[24\]" from metal1 to via1 in cell sys.
Moving label "rf.RAM\[30\]\[29\]" from metal1 to via1 in cell sys.
Moving label "rf.RAM\[31\]\[22\]" from metal2 to via1 in cell sys.
Processing sys
Extracting sky130_ef_sc_hd__decap_12 into sky130_ef_sc_hd__decap_12.ext:
Extracting sky130_fd_sc_hd__decap_3 into sky130_fd_sc_hd__decap_3.ext:
Extracting sky130_fd_sc_hd__fill_1 into sky130_fd_sc_hd__fill_1.ext:
Extracting sky130_fd_sc_hd__tapvpwrvgnd_1 into sky130_fd_sc_hd__tapvpwrvgnd_1.ext:
Extracting sky130_fd_sc_hd__decap_4 into sky130_fd_sc_hd__decap_4.ext:
Extracting sky130_fd_sc_hd__decap_6 into sky130_fd_sc_hd__decap_6.ext:
Extracting sky130_fd_sc_hd__decap_8 into sky130_fd_sc_hd__decap_8.ext:
Extracting sky130_fd_sc_hd__clkbuf_16 into sky130_fd_sc_hd__clkbuf_16.ext:
Extracting sky130_fd_sc_hd__diode_2 into sky130_fd_sc_hd__diode_2.ext:
Extracting sky130_fd_sc_hd__fill_2 into sky130_fd_sc_hd__fill_2.ext:
Extracting sky130_fd_sc_hd__buf_1 into sky130_fd_sc_hd__buf_1.ext:
Extracting sky130_fd_sc_hd__buf_8 into sky130_fd_sc_hd__buf_8.ext:
Extracting sky130_fd_sc_hd__buf_6 into sky130_fd_sc_hd__buf_6.ext:
Extracting sky130_fd_sc_hd__clkbuf_8 into sky130_fd_sc_hd__clkbuf_8.ext:
Extracting sky130_fd_sc_hd__buf_4 into sky130_fd_sc_hd__buf_4.ext:
Extracting sky130_fd_sc_hd__dfxtp_1 into sky130_fd_sc_hd__dfxtp_1.ext:
Extracting sky130_fd_sc_hd__mux2_1 into sky130_fd_sc_hd__mux2_1.ext:
Extracting sky130_fd_sc_hd__clkbuf_1 into sky130_fd_sc_hd__clkbuf_1.ext:
Extracting sky130_fd_sc_hd__clkbuf_4 into sky130_fd_sc_hd__clkbuf_4.ext:
Extracting sky130_fd_sc_hd__clkinv_4 into sky130_fd_sc_hd__clkinv_4.ext:
Extracting sky130_fd_sc_hd__mux4_2 into sky130_fd_sc_hd__mux4_2.ext:
Extracting sky130_fd_sc_hd__mux4_1 into sky130_fd_sc_hd__mux4_1.ext:
Extracting sky130_fd_sc_hd__clkinv_1 into sky130_fd_sc_hd__clkinv_1.ext:
Extracting sky130_fd_sc_hd__buf_2 into sky130_fd_sc_hd__buf_2.ext:
Extracting sky130_fd_sc_hd__clkinvlp_2 into sky130_fd_sc_hd__clkinvlp_2.ext:
Extracting sky130_fd_sc_hd__bufinv_16 into sky130_fd_sc_hd__bufinv_16.ext:
Extracting sky130_fd_sc_hd__a21bo_1 into sky130_fd_sc_hd__a21bo_1.ext:
Extracting sky130_fd_sc_hd__and2b_1 into sky130_fd_sc_hd__and2b_1.ext:
Extracting sky130_fd_sc_hd__o221a_1 into sky130_fd_sc_hd__o221a_1.ext:
Extracting sky130_fd_sc_hd__a21oi_1 into sky130_fd_sc_hd__a21oi_1.ext:
Extracting sky130_fd_sc_hd__clkinvlp_4 into sky130_fd_sc_hd__clkinvlp_4.ext:
Extracting sky130_fd_sc_hd__a21o_1 into sky130_fd_sc_hd__a21o_1.ext:
Extracting sky130_fd_sc_hd__inv_6 into sky130_fd_sc_hd__inv_6.ext:
Extracting sky130_fd_sc_hd__buf_12 into sky130_fd_sc_hd__buf_12.ext:
Extracting sky130_fd_sc_hd__mux2_2 into sky130_fd_sc_hd__mux2_2.ext:
Extracting sky130_fd_sc_hd__a21o_2 into sky130_fd_sc_hd__a21o_2.ext:
Extracting sky130_fd_sc_hd__o221a_2 into sky130_fd_sc_hd__o221a_2.ext:
Extracting sky130_fd_sc_hd__a21oi_2 into sky130_fd_sc_hd__a21oi_2.ext:
Extracting sky130_fd_sc_hd__nor2_1 into sky130_fd_sc_hd__nor2_1.ext:
Extracting sky130_fd_sc_hd__a211o_2 into sky130_fd_sc_hd__a211o_2.ext:
Extracting sky130_fd_sc_hd__a22o_1 into sky130_fd_sc_hd__a22o_1.ext:
Extracting sky130_fd_sc_hd__dfxtp_2 into sky130_fd_sc_hd__dfxtp_2.ext:
Extracting sky130_fd_sc_hd__a211o_4 into sky130_fd_sc_hd__a211o_4.ext:
Extracting sky130_fd_sc_hd__clkinv_8 into sky130_fd_sc_hd__clkinv_8.ext:
Extracting sky130_fd_sc_hd__o41a_1 into sky130_fd_sc_hd__o41a_1.ext:
Extracting sky130_fd_sc_hd__xnor2_2 into sky130_fd_sc_hd__xnor2_2.ext:
Extracting sky130_fd_sc_hd__or4_2 into sky130_fd_sc_hd__or4_2.ext:
Extracting sky130_fd_sc_hd__o21a_1 into sky130_fd_sc_hd__o21a_1.ext:
Extracting sky130_fd_sc_hd__xnor2_1 into sky130_fd_sc_hd__xnor2_1.ext:
Extracting sky130_fd_sc_hd__o21ai_1 into sky130_fd_sc_hd__o21ai_1.ext:
Extracting sky130_fd_sc_hd__nand2_1 into sky130_fd_sc_hd__nand2_1.ext:
Extracting sky130_fd_sc_hd__xor2_1 into sky130_fd_sc_hd__xor2_1.ext:
Extracting sky130_fd_sc_hd__xor2_2 into sky130_fd_sc_hd__xor2_2.ext:
Extracting sky130_fd_sc_hd__and2_1 into sky130_fd_sc_hd__and2_1.ext:
Extracting sky130_fd_sc_hd__or2b_1 into sky130_fd_sc_hd__or2b_1.ext:
Extracting sky130_fd_sc_hd__bufinv_8 into sky130_fd_sc_hd__bufinv_8.ext:
Extracting sky130_fd_sc_hd__a31o_1 into sky130_fd_sc_hd__a31o_1.ext:
Extracting sky130_fd_sc_hd__nand3_1 into sky130_fd_sc_hd__nand3_1.ext:
Extracting sky130_fd_sc_hd__dfxtp_4 into sky130_fd_sc_hd__dfxtp_4.ext:
Extracting sky130_fd_sc_hd__a41oi_1 into sky130_fd_sc_hd__a41oi_1.ext:
Extracting sky130_fd_sc_hd__or2_1 into sky130_fd_sc_hd__or2_1.ext:
Extracting sky130_fd_sc_hd__o22a_1 into sky130_fd_sc_hd__o22a_1.ext:
Extracting sky130_fd_sc_hd__or3b_1 into sky130_fd_sc_hd__or3b_1.ext:
Extracting sky130_fd_sc_hd__inv_8 into sky130_fd_sc_hd__inv_8.ext:
Extracting sky130_fd_sc_hd__o31a_1 into sky130_fd_sc_hd__o31a_1.ext:
Extracting sky130_fd_sc_hd__inv_2 into sky130_fd_sc_hd__inv_2.ext:
Extracting sky130_fd_sc_hd__o2bb2ai_1 into sky130_fd_sc_hd__o2bb2ai_1.ext:
Extracting sky130_fd_sc_hd__or4_1 into sky130_fd_sc_hd__or4_1.ext:
Extracting sky130_fd_sc_hd__or3_1 into sky130_fd_sc_hd__or3_1.ext:
Extracting sky130_fd_sc_hd__a21boi_1 into sky130_fd_sc_hd__a21boi_1.ext:
Extracting sky130_fd_sc_hd__and3b_1 into sky130_fd_sc_hd__and3b_1.ext:
Extracting sky130_fd_sc_hd__nor4_4 into sky130_fd_sc_hd__nor4_4.ext:
Extracting sky130_fd_sc_hd__and3_1 into sky130_fd_sc_hd__and3_1.ext:
Extracting sky130_fd_sc_hd__o21ba_1 into sky130_fd_sc_hd__o21ba_1.ext:
Extracting sky130_fd_sc_hd__a31oi_2 into sky130_fd_sc_hd__a31oi_2.ext:
Extracting sky130_fd_sc_hd__nand2_2 into sky130_fd_sc_hd__nand2_2.ext:
Extracting sky130_fd_sc_hd__and4_1 into sky130_fd_sc_hd__and4_1.ext:
Extracting sky130_fd_sc_hd__a211o_1 into sky130_fd_sc_hd__a211o_1.ext:
Extracting sky130_fd_sc_hd__o32a_1 into sky130_fd_sc_hd__o32a_1.ext:
Extracting sky130_fd_sc_hd__a221o_1 into sky130_fd_sc_hd__a221o_1.ext:
Extracting sky130_fd_sc_hd__o2bb2a_1 into sky130_fd_sc_hd__o2bb2a_1.ext:
Extracting sky130_fd_sc_hd__o311a_1 into sky130_fd_sc_hd__o311a_1.ext:
Extracting sky130_fd_sc_hd__or2_4 into sky130_fd_sc_hd__or2_4.ext:
Extracting sky130_fd_sc_hd__or3_4 into sky130_fd_sc_hd__or3_4.ext:
Extracting sky130_fd_sc_hd__or3_2 into sky130_fd_sc_hd__or3_2.ext:
Extracting sky130_fd_sc_hd__o211a_1 into sky130_fd_sc_hd__o211a_1.ext:
Extracting sky130_fd_sc_hd__o21bai_1 into sky130_fd_sc_hd__o21bai_1.ext:
Extracting sky130_fd_sc_hd__or4b_2 into sky130_fd_sc_hd__or4b_2.ext:
Extracting sky130_fd_sc_hd__or2_2 into sky130_fd_sc_hd__or2_2.ext:
Extracting sky130_fd_sc_hd__o21ai_2 into sky130_fd_sc_hd__o21ai_2.ext:
Extracting sky130_fd_sc_hd__or4b_1 into sky130_fd_sc_hd__or4b_1.ext:
Extracting sky130_fd_sc_hd__nor2_2 into sky130_fd_sc_hd__nor2_2.ext:
Extracting sky130_fd_sc_hd__and2_2 into sky130_fd_sc_hd__and2_2.ext:
Extracting sky130_fd_sc_hd__or4_4 into sky130_fd_sc_hd__or4_4.ext:
Extracting sky130_fd_sc_hd__o31ai_2 into sky130_fd_sc_hd__o31ai_2.ext:
Extracting sky130_fd_sc_hd__or4bb_1 into sky130_fd_sc_hd__or4bb_1.ext:
Extracting sky130_fd_sc_hd__o22ai_1 into sky130_fd_sc_hd__o22ai_1.ext:
Extracting sky130_fd_sc_hd__nand3_4 into sky130_fd_sc_hd__nand3_4.ext:
Extracting sky130_fd_sc_hd__a32o_1 into sky130_fd_sc_hd__a32o_1.ext:
Extracting sky130_fd_sc_hd__nand3b_1 into sky130_fd_sc_hd__nand3b_1.ext:
Extracting sky130_fd_sc_hd__o21bai_2 into sky130_fd_sc_hd__o21bai_2.ext:
Extracting sky130_fd_sc_hd__a31oi_1 into sky130_fd_sc_hd__a31oi_1.ext:
Extracting sky130_fd_sc_hd__nor2_4 into sky130_fd_sc_hd__nor2_4.ext:
Extracting sky130_fd_sc_hd__a41oi_4 into sky130_fd_sc_hd__a41oi_4.ext:
Extracting sky130_fd_sc_hd__and2_4 into sky130_fd_sc_hd__and2_4.ext:
Extracting sky130_fd_sc_hd__nand2_4 into sky130_fd_sc_hd__nand2_4.ext:
Extracting sky130_fd_sc_hd__or3b_4 into sky130_fd_sc_hd__or3b_4.ext:
Extracting sky130_fd_sc_hd__and3b_2 into sky130_fd_sc_hd__and3b_2.ext:
Extracting sky130_fd_sc_hd__and3_4 into sky130_fd_sc_hd__and3_4.ext:
Extracting sky130_fd_sc_hd__nand3b_4 into sky130_fd_sc_hd__nand3b_4.ext:
Extracting sky130_fd_sc_hd__nand2b_2 into sky130_fd_sc_hd__nand2b_2.ext:
Extracting sky130_fd_sc_hd__and3b_4 into sky130_fd_sc_hd__and3b_4.ext:
Extracting sky130_fd_sc_hd__nor3_1 into sky130_fd_sc_hd__nor3_1.ext:
Extracting sys into sys.ext:
exttospice finished.
