
===========================================================================
report_checks -unconstrained
===========================================================================
======================= Fastest Corner ===================================

Startpoint: B[0] (input port clocked by __VIRTUAL_CLK__)
Endpoint: out[7] (output port clocked by __VIRTUAL_CLK__)
Path Group: __VIRTUAL_CLK__
Path Type: max
Corner: Fastest

Fanout     Cap    Slew   Delay    Time   Description
-----------------------------------------------------------------------------
                  0.00    0.00    0.00   clock __VIRTUAL_CLK__ (rise edge)
                          0.00    0.00   clock network delay (ideal)
                          2.00    2.00 v input external delay
     1    0.00    0.00    0.00    2.00 v B[0] (in)
                                         B[0] (net)
                  0.00    0.00    2.00 v input9/A (sky130_fd_sc_hd__clkbuf_4)
     8    0.05    0.08    0.14    2.14 v input9/X (sky130_fd_sc_hd__clkbuf_4)
                                         net9 (net)
                  0.08    0.00    2.15 v _186_/A (sky130_fd_sc_hd__clkbuf_4)
    10    0.06    0.08    0.17    2.32 v _186_/X (sky130_fd_sc_hd__clkbuf_4)
                                         _114_ (net)
                  0.08    0.00    2.32 v _242_/A1 (sky130_fd_sc_hd__o31a_1)
     1    0.02    0.09    0.26    2.59 v _242_/X (sky130_fd_sc_hd__o31a_1)
                                         _009_ (net)
                  0.09    0.00    2.59 v _243_/B (sky130_fd_sc_hd__xnor2_1)
     2    0.02    0.35    0.32    2.91 ^ _243_/Y (sky130_fd_sc_hd__xnor2_1)
                                         _010_ (net)
                  0.35    0.00    2.91 ^ _244_/B (sky130_fd_sc_hd__nand2_1)
     3    0.02    0.14    0.14    3.05 v _244_/Y (sky130_fd_sc_hd__nand2_1)
                                         _011_ (net)
                  0.14    0.00    3.05 v _248_/A3 (sky130_fd_sc_hd__a311o_4)
     5    0.03    0.08    0.35    3.41 v _248_/X (sky130_fd_sc_hd__a311o_4)
                                         _015_ (net)
                  0.08    0.00    3.41 v _260_/A1 (sky130_fd_sc_hd__a311oi_4)
     3    0.02    0.30    0.27    3.68 ^ _260_/Y (sky130_fd_sc_hd__a311oi_4)
                                         _026_ (net)
                  0.30    0.00    3.68 ^ _280_/A2 (sky130_fd_sc_hd__o21ai_1)
     1    0.01    0.09    0.09    3.77 v _280_/Y (sky130_fd_sc_hd__o21ai_1)
                                         _045_ (net)
                  0.09    0.00    3.77 v _282_/B (sky130_fd_sc_hd__and3_1)
     1    0.01    0.04    0.15    3.92 v _282_/X (sky130_fd_sc_hd__and3_1)
                                         _047_ (net)
                  0.04    0.00    3.93 v _289_/A2 (sky130_fd_sc_hd__o31a_1)
     1    0.02    0.08    0.24    4.16 v _289_/X (sky130_fd_sc_hd__o31a_1)
                                         net27 (net)
                  0.08    0.00    4.16 v output27/A (sky130_fd_sc_hd__buf_2)
     1    0.03    0.06    0.15    4.31 v output27/X (sky130_fd_sc_hd__buf_2)
                                         out[7] (net)
                  0.06    0.00    4.31 v out[7] (out)
                                  4.31   data arrival time

                  0.00   10.00   10.00   clock __VIRTUAL_CLK__ (rise edge)
                          0.00   10.00   clock network delay (ideal)
                         -0.25    9.75   clock uncertainty
                          0.00    9.75   clock reconvergence pessimism
                         -2.00    7.75   output external delay
                                  7.75   data required time
-----------------------------------------------------------------------------
                                  7.75   data required time
                                 -4.31   data arrival time
-----------------------------------------------------------------------------
                                  3.44   slack (MET)



======================= Slowest Corner ===================================

Startpoint: A[3] (input port clocked by __VIRTUAL_CLK__)
Endpoint: out[7] (output port clocked by __VIRTUAL_CLK__)
Path Group: __VIRTUAL_CLK__
Path Type: max
Corner: Slowest

Fanout     Cap    Slew   Delay    Time   Description
-----------------------------------------------------------------------------
                  0.00    0.00    0.00   clock __VIRTUAL_CLK__ (rise edge)
                          0.00    0.00   clock network delay (ideal)
                          2.00    2.00 ^ input external delay
     1    0.00    0.04    0.02    2.02 ^ A[3] (in)
                                         A[3] (net)
                  0.04    0.00    2.02 ^ input4/A (sky130_fd_sc_hd__clkbuf_2)
     4    0.03    0.27    0.34    2.36 ^ input4/X (sky130_fd_sc_hd__clkbuf_2)
                                         net4 (net)
                  0.27    0.00    2.36 ^ _175_/A (sky130_fd_sc_hd__clkbuf_4)
    10    0.05    0.24    0.49    2.84 ^ _175_/X (sky130_fd_sc_hd__clkbuf_4)
                                         _103_ (net)
                  0.24    0.00    2.85 ^ _176_/B (sky130_fd_sc_hd__nand2_1)
     2    0.03    0.56    0.57    3.41 v _176_/Y (sky130_fd_sc_hd__nand2_1)
                                         _104_ (net)
                  0.56    0.00    3.41 v _178_/A2 (sky130_fd_sc_hd__o21a_1)
     2    0.02    0.17    0.66    4.07 v _178_/X (sky130_fd_sc_hd__o21a_1)
                                         _106_ (net)
                  0.17    0.00    4.07 v _180_/A (sky130_fd_sc_hd__nor3_1)
     1    0.01    0.54    0.59    4.66 ^ _180_/Y (sky130_fd_sc_hd__nor3_1)
                                         _108_ (net)
                  0.54    0.00    4.66 ^ _181_/B (sky130_fd_sc_hd__nor2_2)
     2    0.03    0.19    0.33    5.00 v _181_/Y (sky130_fd_sc_hd__nor2_2)
                                         _109_ (net)
                  0.19    0.00    5.00 v _204_/C (sky130_fd_sc_hd__and3_1)
     2    0.02    0.22    0.60    5.60 v _204_/X (sky130_fd_sc_hd__and3_1)
                                         _132_ (net)
                  0.22    0.00    5.60 v _208_/B (sky130_fd_sc_hd__nor3_1)
     2    0.01    0.75    0.77    6.37 ^ _208_/Y (sky130_fd_sc_hd__nor3_1)
                                         _136_ (net)
                  0.75    0.00    6.37 ^ _268_/B1 (sky130_fd_sc_hd__a21o_1)
     2    0.01    0.21    0.47    6.84 ^ _268_/X (sky130_fd_sc_hd__a21o_1)
                                         _034_ (net)
                  0.21    0.00    6.84 ^ _283_/A2 (sky130_fd_sc_hd__o21bai_1)
     1    0.01    0.20    0.23    7.07 v _283_/Y (sky130_fd_sc_hd__o21bai_1)
                                         _048_ (net)
                  0.20    0.00    7.07 v _287_/A2 (sky130_fd_sc_hd__a211o_1)
     1    0.01    0.11    0.65    7.72 v _287_/X (sky130_fd_sc_hd__a211o_1)
                                         _052_ (net)
                  0.11    0.00    7.72 v _289_/A3 (sky130_fd_sc_hd__o31a_1)
     1    0.02    0.21    0.64    8.36 v _289_/X (sky130_fd_sc_hd__o31a_1)
                                         net27 (net)
                  0.21    0.00    8.36 v output27/A (sky130_fd_sc_hd__buf_2)
     1    0.03    0.17    0.43    8.80 v output27/X (sky130_fd_sc_hd__buf_2)
                                         out[7] (net)
                  0.17    0.00    8.80 v out[7] (out)
                                  8.80   data arrival time

                  0.00   10.00   10.00   clock __VIRTUAL_CLK__ (rise edge)
                          0.00   10.00   clock network delay (ideal)
                         -0.25    9.75   clock uncertainty
                          0.00    9.75   clock reconvergence pessimism
                         -2.00    7.75   output external delay
                                  7.75   data required time
-----------------------------------------------------------------------------
                                  7.75   data required time
                                 -8.80   data arrival time
-----------------------------------------------------------------------------
                                 -1.05   slack (VIOLATED)



======================= Typical Corner ===================================

Startpoint: B[1] (input port clocked by __VIRTUAL_CLK__)
Endpoint: out[4] (output port clocked by __VIRTUAL_CLK__)
Path Group: __VIRTUAL_CLK__
Path Type: max
Corner: Typical

Fanout     Cap    Slew   Delay    Time   Description
-----------------------------------------------------------------------------
                  0.00    0.00    0.00   clock __VIRTUAL_CLK__ (rise edge)
                          0.00    0.00   clock network delay (ideal)
                          2.00    2.00 ^ input external delay
     1    0.00    0.02    0.01    2.01 ^ B[1] (in)
                                         B[1] (net)
                  0.02    0.00    2.01 ^ input10/A (sky130_fd_sc_hd__buf_1)
     3    0.02    0.22    0.20    2.22 ^ input10/X (sky130_fd_sc_hd__buf_1)
                                         net10 (net)
                  0.22    0.00    2.22 ^ _169_/A (sky130_fd_sc_hd__clkbuf_4)
    10    0.06    0.19    0.32    2.54 ^ _169_/X (sky130_fd_sc_hd__clkbuf_4)
                                         _097_ (net)
                  0.19    0.00    2.54 ^ _170_/A1 (sky130_fd_sc_hd__a22oi_1)
     2    0.01    0.10    0.15    2.69 v _170_/Y (sky130_fd_sc_hd__a22oi_1)
                                         _098_ (net)
                  0.10    0.00    2.69 v _172_/B_N (sky130_fd_sc_hd__and4bb_2)
     3    0.03    0.19    0.45    3.14 ^ _172_/X (sky130_fd_sc_hd__and4bb_2)
                                         _100_ (net)
                  0.19    0.00    3.14 ^ _185_/A (sky130_fd_sc_hd__nor2_2)
     2    0.02    0.08    0.12    3.26 v _185_/Y (sky130_fd_sc_hd__nor2_2)
                                         _113_ (net)
                  0.08    0.00    3.27 v _191_/A (sky130_fd_sc_hd__xnor2_2)
     2    0.02    0.28    0.30    3.57 ^ _191_/Y (sky130_fd_sc_hd__xnor2_2)
                                         _119_ (net)
                  0.28    0.00    3.57 ^ _193_/A3 (sky130_fd_sc_hd__a31o_1)
     2    0.03    0.26    0.36    3.93 ^ _193_/X (sky130_fd_sc_hd__a31o_1)
                                         _121_ (net)
                  0.26    0.00    3.93 ^ _194_/B (sky130_fd_sc_hd__xor2_2)
     2    0.03    0.34    0.35    4.28 ^ _194_/X (sky130_fd_sc_hd__xor2_2)
                                         _122_ (net)
                  0.34    0.00    4.28 ^ _321_/A (sky130_fd_sc_hd__xor2_1)
     1    0.02    0.40    0.41    4.69 ^ _321_/X (sky130_fd_sc_hd__xor2_1)
                                         _081_ (net)
                  0.40    0.00    4.69 ^ _328_/A2 (sky130_fd_sc_hd__a21oi_1)
     1    0.02    0.16    0.24    4.93 v _328_/Y (sky130_fd_sc_hd__a21oi_1)
                                         _088_ (net)
                  0.16    0.00    4.93 v _329_/B1 (sky130_fd_sc_hd__a21oi_1)
     1    0.02    0.35    0.36    5.29 ^ _329_/Y (sky130_fd_sc_hd__a21oi_1)
                                         net24 (net)
                  0.35    0.00    5.29 ^ output24/A (sky130_fd_sc_hd__buf_2)
     1    0.03    0.17    0.30    5.59 ^ output24/X (sky130_fd_sc_hd__buf_2)
                                         out[4] (net)
                  0.17    0.00    5.59 ^ out[4] (out)
                                  5.59   data arrival time

                  0.00   10.00   10.00   clock __VIRTUAL_CLK__ (rise edge)
                          0.00   10.00   clock network delay (ideal)
                         -0.25    9.75   clock uncertainty
                          0.00    9.75   clock reconvergence pessimism
                         -2.00    7.75   output external delay
                                  7.75   data required time
-----------------------------------------------------------------------------
                                  7.75   data required time
                                 -5.59   data arrival time
-----------------------------------------------------------------------------
                                  2.16   slack (MET)




===========================================================================
report_checks --slack_max -0.01
============================================================================
======================= Fastest Corner ===================================

No paths found.

======================= Slowest Corner ===================================

Startpoint: A[3] (input port clocked by __VIRTUAL_CLK__)
Endpoint: out[7] (output port clocked by __VIRTUAL_CLK__)
Path Group: __VIRTUAL_CLK__
Path Type: max
Corner: Slowest

Fanout     Cap    Slew   Delay    Time   Description
-----------------------------------------------------------------------------
                  0.00    0.00    0.00   clock __VIRTUAL_CLK__ (rise edge)
                          0.00    0.00   clock network delay (ideal)
                          2.00    2.00 ^ input external delay
     1    0.00    0.04    0.02    2.02 ^ A[3] (in)
                                         A[3] (net)
                  0.04    0.00    2.02 ^ input4/A (sky130_fd_sc_hd__clkbuf_2)
     4    0.03    0.27    0.34    2.36 ^ input4/X (sky130_fd_sc_hd__clkbuf_2)
                                         net4 (net)
                  0.27    0.00    2.36 ^ _175_/A (sky130_fd_sc_hd__clkbuf_4)
    10    0.05    0.24    0.49    2.84 ^ _175_/X (sky130_fd_sc_hd__clkbuf_4)
                                         _103_ (net)
                  0.24    0.00    2.85 ^ _176_/B (sky130_fd_sc_hd__nand2_1)
     2    0.03    0.56    0.57    3.41 v _176_/Y (sky130_fd_sc_hd__nand2_1)
                                         _104_ (net)
                  0.56    0.00    3.41 v _178_/A2 (sky130_fd_sc_hd__o21a_1)
     2    0.02    0.17    0.66    4.07 v _178_/X (sky130_fd_sc_hd__o21a_1)
                                         _106_ (net)
                  0.17    0.00    4.07 v _180_/A (sky130_fd_sc_hd__nor3_1)
     1    0.01    0.54    0.59    4.66 ^ _180_/Y (sky130_fd_sc_hd__nor3_1)
                                         _108_ (net)
                  0.54    0.00    4.66 ^ _181_/B (sky130_fd_sc_hd__nor2_2)
     2    0.03    0.19    0.33    5.00 v _181_/Y (sky130_fd_sc_hd__nor2_2)
                                         _109_ (net)
                  0.19    0.00    5.00 v _204_/C (sky130_fd_sc_hd__and3_1)
     2    0.02    0.22    0.60    5.60 v _204_/X (sky130_fd_sc_hd__and3_1)
                                         _132_ (net)
                  0.22    0.00    5.60 v _208_/B (sky130_fd_sc_hd__nor3_1)
     2    0.01    0.75    0.77    6.37 ^ _208_/Y (sky130_fd_sc_hd__nor3_1)
                                         _136_ (net)
                  0.75    0.00    6.37 ^ _268_/B1 (sky130_fd_sc_hd__a21o_1)
     2    0.01    0.21    0.47    6.84 ^ _268_/X (sky130_fd_sc_hd__a21o_1)
                                         _034_ (net)
                  0.21    0.00    6.84 ^ _283_/A2 (sky130_fd_sc_hd__o21bai_1)
     1    0.01    0.20    0.23    7.07 v _283_/Y (sky130_fd_sc_hd__o21bai_1)
                                         _048_ (net)
                  0.20    0.00    7.07 v _287_/A2 (sky130_fd_sc_hd__a211o_1)
     1    0.01    0.11    0.65    7.72 v _287_/X (sky130_fd_sc_hd__a211o_1)
                                         _052_ (net)
                  0.11    0.00    7.72 v _289_/A3 (sky130_fd_sc_hd__o31a_1)
     1    0.02    0.21    0.64    8.36 v _289_/X (sky130_fd_sc_hd__o31a_1)
                                         net27 (net)
                  0.21    0.00    8.36 v output27/A (sky130_fd_sc_hd__buf_2)
     1    0.03    0.17    0.43    8.80 v output27/X (sky130_fd_sc_hd__buf_2)
                                         out[7] (net)
                  0.17    0.00    8.80 v out[7] (out)
                                  8.80   data arrival time

                  0.00   10.00   10.00   clock __VIRTUAL_CLK__ (rise edge)
                          0.00   10.00   clock network delay (ideal)
                         -0.25    9.75   clock uncertainty
                          0.00    9.75   clock reconvergence pessimism
                         -2.00    7.75   output external delay
                                  7.75   data required time
-----------------------------------------------------------------------------
                                  7.75   data required time
                                 -8.80   data arrival time
-----------------------------------------------------------------------------
                                 -1.05   slack (VIOLATED)



======================= Typical Corner ===================================

No paths found.


===========================================================================
 report_check_types -max_slew -max_cap -max_fanout -violators
============================================================================
======================= Fastest Corner ===================================


max slew violations count Fastest: 0
max fanout violations count Fastest: 0
max cap violations count Fastest: 0
======================= Slowest Corner ===================================

max slew

Pin                                    Limit    Slew   Slack
------------------------------------------------------------
_267_/B                                 0.75    0.82   -0.07 (VIOLATED)
_266_/Y                                 0.75    0.82   -0.07 (VIOLATED)
_283_/A1                                0.75    0.82   -0.07 (VIOLATED)
_243_/Y                                 0.75    0.82   -0.07 (VIOLATED)
_244_/B                                 0.75    0.82   -0.07 (VIOLATED)
_245_/B                                 0.75    0.82   -0.07 (VIOLATED)
_315_/Y                                 0.75    0.80   -0.05 (VIOLATED)
_316_/B2                                0.75    0.80   -0.05 (VIOLATED)
_220_/B1                                0.75    0.75   -0.00 (VIOLATED)
_317_/C1                                0.75    0.75   -0.00 (VIOLATED)
_308_/C1                                0.75    0.75   -0.00 (VIOLATED)
_326_/C1                                0.75    0.75   -0.00 (VIOLATED)
_162_/Y                                 0.75    0.75   -0.00 (VIOLATED)
_163_/A                                 0.75    0.75   -0.00 (VIOLATED)
_272_/C1                                0.75    0.75   -0.00 (VIOLATED)
_208_/Y                                 0.75    0.75   -0.00 (VIOLATED)
_210_/A_N                               0.75    0.75   -0.00 (VIOLATED)
_268_/B1                                0.75    0.75   -0.00 (VIOLATED)


max slew violations count Slowest: 18
max fanout violations count Slowest: 0
max cap violations count Slowest: 0
======================= Typical Corner ===================================


max slew violations count Typical: 0
max fanout violations count Typical: 0
max cap violations count Typical: 0

===========================================================================
report_parasitic_annotation -report_unannotated
============================================================================
Found 0 unannotated drivers.
Found 0 partially unannotated drivers.

===========================================================================
max slew violation count 18
max fanout violation count 0
max cap violation count 0
============================================================================

===========================================================================
check_setup -verbose -unconstrained_endpoints -multiple_clock -no_clock -no_input_delay -loops -generated_clocks
===========================================================================
