
===========================================================================
 report_power
============================================================================
======================= Fastest Corner ===================================

Group                  Internal  Switching    Leakage      Total
                          Power      Power      Power      Power (Watts)
----------------------------------------------------------------
Sequential             0.00e+00   0.00e+00   0.00e+00   0.00e+00   0.0%
Combinational          5.08e-05   1.31e-04   1.66e-09   1.82e-04 100.0%
Clock                 -1.05e-10   0.00e+00   5.40e-10   4.36e-10   0.0%
Macro                  0.00e+00   0.00e+00   0.00e+00   0.00e+00   0.0%
Pad                    0.00e+00   0.00e+00   0.00e+00   0.00e+00   0.0%
----------------------------------------------------------------
Total                  5.08e-05   1.31e-04   2.20e-09   1.82e-04 100.0%
                          28.0%      72.0%       0.0%

======================= Slowest Corner ===================================

Group                  Internal  Switching    Leakage      Total
                          Power      Power      Power      Power (Watts)
----------------------------------------------------------------
Sequential             0.00e+00   0.00e+00   0.00e+00   0.00e+00   0.0%
Combinational          3.81e-05   8.76e-05   9.69e-07   1.27e-04 100.0%
Clock                 -3.42e-11   0.00e+00   5.44e-10   5.10e-10   0.0%
Macro                  0.00e+00   0.00e+00   0.00e+00   0.00e+00   0.0%
Pad                    0.00e+00   0.00e+00   0.00e+00   0.00e+00   0.0%
----------------------------------------------------------------
Total                  3.81e-05   8.76e-05   9.70e-07   1.27e-04 100.0%
                          30.1%      69.2%       0.8%

======================= Typical Corner ===================================

Group                  Internal  Switching    Leakage      Total
                          Power      Power      Power      Power (Watts)
----------------------------------------------------------------
Sequential             0.00e+00   0.00e+00   0.00e+00   0.00e+00   0.0%
Combinational          4.67e-05   1.11e-04   7.69e-10   1.58e-04 100.0%
Clock                 -3.50e-12   0.00e+00   5.40e-10   5.37e-10   0.0%
Macro                  0.00e+00   0.00e+00   0.00e+00   0.00e+00   0.0%
Pad                    0.00e+00   0.00e+00   0.00e+00   0.00e+00   0.0%
----------------------------------------------------------------
Total                  4.67e-05   1.11e-04   1.31e-09   1.58e-04 100.0%
                          29.6%      70.4%       0.0%

