
Magic 8.3 revision 483 - Compiled on Sun Jun  2 18:57:41 UTC 2024.
Starting magic under Tcl interpreter
Using the terminal as the console.
Using NULL graphics device.
Processing system .magicrc file
Sourcing design .magicrc for technology sky130A ...
2 Magic internal units = 1 Lambda
Input style sky130(): scaleFactor=2, multiplier=2
The following types are not handled by extraction and will be treated as non-electrical types:
    ubm 
Scaled tech values by 2 / 1 to match internal grid scaling
Loading sky130A Device Generator Menu ...
Using technology "sky130A", version 1.0.466-0-gbdc9412
Reading LEF data from file /home/vulpespacos07/.volare/sky130A/libs.ref/sky130_fd_sc_hd/techlef/sky130_fd_sc_hd__nom.tlef.
This action cannot be undone.
LEF read, Line 78 (Message): Unknown keyword "ANTENNAMODEL" in LEF file; ignoring.
LEF read, Line 79 (Message): Unknown keyword "ANTENNADIFFSIDEAREARATIO" in LEF file; ignoring.
LEF read, Line 112 (Message): Unknown keyword "MINENCLOSEDAREA" in LEF file; ignoring.
LEF read, Line 114 (Message): Unknown keyword "ANTENNAMODEL" in LEF file; ignoring.
LEF read, Line 115 (Message): Unknown keyword "ANTENNADIFFSIDEAREARATIO" in LEF file; ignoring.
LEF read, Line 121 (Message): Unknown keyword "MAXIMUMDENSITY" in LEF file; ignoring.
LEF read, Line 122 (Message): Unknown keyword "DENSITYCHECKWINDOW" in LEF file; ignoring.
LEF read, Line 123 (Message): Unknown keyword "DENSITYCHECKSTEP" in LEF file; ignoring.
LEF read, Line 156 (Message): Unknown keyword "MINENCLOSEDAREA" in LEF file; ignoring.
LEF read, Line 164 (Message): Unknown keyword "ANTENNAMODEL" in LEF file; ignoring.
LEF read, Line 165 (Message): Unknown keyword "ANTENNADIFFSIDEAREARATIO" in LEF file; ignoring.
LEF read, Line 167 (Message): Unknown keyword "MAXIMUMDENSITY" in LEF file; ignoring.
LEF read, Line 168 (Message): Unknown keyword "DENSITYCHECKWINDOW" in LEF file; ignoring.
LEF read, Line 169 (Message): Unknown keyword "DENSITYCHECKSTEP" in LEF file; ignoring.
LEF read, Line 206 (Message): Unknown keyword "ANTENNAMODEL" in LEF file; ignoring.
LEF read, Line 207 (Message): Unknown keyword "ANTENNADIFFSIDEAREARATIO" in LEF file; ignoring.
LEF read, Line 209 (Message): Unknown keyword "MAXIMUMDENSITY" in LEF file; ignoring.
LEF read, Line 210 (Message): Unknown keyword "DENSITYCHECKWINDOW" in LEF file; ignoring.
LEF read, Line 211 (Message): Unknown keyword "DENSITYCHECKSTEP" in LEF file; ignoring.
LEF read, Line 248 (Message): Unknown keyword "ANTENNAMODEL" in LEF file; ignoring.
LEF read, Line 249 (Message): Unknown keyword "ANTENNADIFFSIDEAREARATIO" in LEF file; ignoring.
LEF read, Line 251 (Message): Unknown keyword "MAXIMUMDENSITY" in LEF file; ignoring.
LEF read, Line 252 (Message): Unknown keyword "DENSITYCHECKWINDOW" in LEF file; ignoring.
LEF read, Line 253 (Message): Unknown keyword "DENSITYCHECKSTEP" in LEF file; ignoring.
LEF read, Line 290 (Message): Unknown keyword "ANTENNAMODEL" in LEF file; ignoring.
LEF read, Line 291 (Message): Unknown keyword "ANTENNADIFFSIDEAREARATIO" in LEF file; ignoring.
LEF read: Processed 797 lines.
Reading DEF data from file /openlane/designs/cse224_proj2/runs/RUN_2025.04.25_04.50.06/results/routing/main.def.
This action cannot be undone.
  Processed 4 vias total.
Cell sky130_fd_sc_hd__diode_2 read from path /home/vulpespacos07/.volare/sky130A/libs.ref/sky130_fd_sc_hd/maglef
Cell sky130_fd_sc_hd__decap_3 read from path /home/vulpespacos07/.volare/sky130A/libs.ref/sky130_fd_sc_hd/maglef
Cell sky130_fd_sc_hd__fill_1 read from path /home/vulpespacos07/.volare/sky130A/libs.ref/sky130_fd_sc_hd/maglef
Cell sky130_fd_sc_hd__decap_4 read from path /home/vulpespacos07/.volare/sky130A/libs.ref/sky130_fd_sc_hd/maglef
Cell sky130_fd_sc_hd__decap_6 read from path /home/vulpespacos07/.volare/sky130A/libs.ref/sky130_fd_sc_hd/maglef
Cell sky130_fd_sc_hd__fill_2 read from path /home/vulpespacos07/.volare/sky130A/libs.ref/sky130_fd_sc_hd/maglef
Cell sky130_ef_sc_hd__decap_12 read from path /home/vulpespacos07/.volare/sky130A/libs.ref/sky130_fd_sc_hd/maglef
Cell sky130_fd_sc_hd__decap_8 read from path /home/vulpespacos07/.volare/sky130A/libs.ref/sky130_fd_sc_hd/maglef
Cell sky130_fd_sc_hd__tapvpwrvgnd_1 read from path /home/vulpespacos07/.volare/sky130A/libs.ref/sky130_fd_sc_hd/maglef
Cell sky130_fd_sc_hd__or2_2 read from path /home/vulpespacos07/.volare/sky130A/libs.ref/sky130_fd_sc_hd/maglef
Cell sky130_fd_sc_hd__nor2_2 read from path /home/vulpespacos07/.volare/sky130A/libs.ref/sky130_fd_sc_hd/maglef
Cell sky130_fd_sc_hd__clkbuf_4 read from path /home/vulpespacos07/.volare/sky130A/libs.ref/sky130_fd_sc_hd/maglef
Cell sky130_fd_sc_hd__inv_2 read from path /home/vulpespacos07/.volare/sky130A/libs.ref/sky130_fd_sc_hd/maglef
Cell sky130_fd_sc_hd__nor2_4 read from path /home/vulpespacos07/.volare/sky130A/libs.ref/sky130_fd_sc_hd/maglef
Cell sky130_fd_sc_hd__nand2_1 read from path /home/vulpespacos07/.volare/sky130A/libs.ref/sky130_fd_sc_hd/maglef
Cell sky130_fd_sc_hd__and4_1 read from path /home/vulpespacos07/.volare/sky130A/libs.ref/sky130_fd_sc_hd/maglef
Cell sky130_fd_sc_hd__a22oi_1 read from path /home/vulpespacos07/.volare/sky130A/libs.ref/sky130_fd_sc_hd/maglef
Cell sky130_fd_sc_hd__buf_4 read from path /home/vulpespacos07/.volare/sky130A/libs.ref/sky130_fd_sc_hd/maglef
Cell sky130_fd_sc_hd__and4bb_2 read from path /home/vulpespacos07/.volare/sky130A/libs.ref/sky130_fd_sc_hd/maglef
Cell sky130_fd_sc_hd__a22o_1 read from path /home/vulpespacos07/.volare/sky130A/libs.ref/sky130_fd_sc_hd/maglef
Cell sky130_fd_sc_hd__o21a_1 read from path /home/vulpespacos07/.volare/sky130A/libs.ref/sky130_fd_sc_hd/maglef
Cell sky130_fd_sc_hd__o21a_2 read from path /home/vulpespacos07/.volare/sky130A/libs.ref/sky130_fd_sc_hd/maglef
Cell sky130_fd_sc_hd__nor3_1 read from path /home/vulpespacos07/.volare/sky130A/libs.ref/sky130_fd_sc_hd/maglef
Cell sky130_fd_sc_hd__xnor2_2 read from path /home/vulpespacos07/.volare/sky130A/libs.ref/sky130_fd_sc_hd/maglef
Cell sky130_fd_sc_hd__o2bb2a_1 read from path /home/vulpespacos07/.volare/sky130A/libs.ref/sky130_fd_sc_hd/maglef
Cell sky130_fd_sc_hd__and2_2 read from path /home/vulpespacos07/.volare/sky130A/libs.ref/sky130_fd_sc_hd/maglef
Cell sky130_fd_sc_hd__a21o_1 read from path /home/vulpespacos07/.volare/sky130A/libs.ref/sky130_fd_sc_hd/maglef
Cell sky130_fd_sc_hd__and3_1 read from path /home/vulpespacos07/.volare/sky130A/libs.ref/sky130_fd_sc_hd/maglef
Cell sky130_fd_sc_hd__a31oi_4 read from path /home/vulpespacos07/.volare/sky130A/libs.ref/sky130_fd_sc_hd/maglef
Cell sky130_fd_sc_hd__and2b_1 read from path /home/vulpespacos07/.volare/sky130A/libs.ref/sky130_fd_sc_hd/maglef
Cell sky130_fd_sc_hd__a31o_1 read from path /home/vulpespacos07/.volare/sky130A/libs.ref/sky130_fd_sc_hd/maglef
Cell sky130_fd_sc_hd__xor2_2 read from path /home/vulpespacos07/.volare/sky130A/libs.ref/sky130_fd_sc_hd/maglef
Cell sky130_fd_sc_hd__xnor2_1 read from path /home/vulpespacos07/.volare/sky130A/libs.ref/sky130_fd_sc_hd/maglef
Cell sky130_fd_sc_hd__and2_1 read from path /home/vulpespacos07/.volare/sky130A/libs.ref/sky130_fd_sc_hd/maglef
Cell sky130_fd_sc_hd__a21boi_1 read from path /home/vulpespacos07/.volare/sky130A/libs.ref/sky130_fd_sc_hd/maglef
Cell sky130_fd_sc_hd__nand2_2 read from path /home/vulpespacos07/.volare/sky130A/libs.ref/sky130_fd_sc_hd/maglef
Cell sky130_fd_sc_hd__o21ai_2 read from path /home/vulpespacos07/.volare/sky130A/libs.ref/sky130_fd_sc_hd/maglef
Cell sky130_fd_sc_hd__and3b_1 read from path /home/vulpespacos07/.volare/sky130A/libs.ref/sky130_fd_sc_hd/maglef
Cell sky130_fd_sc_hd__buf_2 read from path /home/vulpespacos07/.volare/sky130A/libs.ref/sky130_fd_sc_hd/maglef
Cell sky130_fd_sc_hd__or3b_1 read from path /home/vulpespacos07/.volare/sky130A/libs.ref/sky130_fd_sc_hd/maglef
Cell sky130_fd_sc_hd__a21oi_1 read from path /home/vulpespacos07/.volare/sky130A/libs.ref/sky130_fd_sc_hd/maglef
Cell sky130_fd_sc_hd__o22a_1 read from path /home/vulpespacos07/.volare/sky130A/libs.ref/sky130_fd_sc_hd/maglef
Cell sky130_fd_sc_hd__a311o_1 read from path /home/vulpespacos07/.volare/sky130A/libs.ref/sky130_fd_sc_hd/maglef
Cell sky130_fd_sc_hd__nand3b_4 read from path /home/vulpespacos07/.volare/sky130A/libs.ref/sky130_fd_sc_hd/maglef
Cell sky130_fd_sc_hd__o41a_4 read from path /home/vulpespacos07/.volare/sky130A/libs.ref/sky130_fd_sc_hd/maglef
Cell sky130_fd_sc_hd__or2_1 read from path /home/vulpespacos07/.volare/sky130A/libs.ref/sky130_fd_sc_hd/maglef
Cell sky130_fd_sc_hd__or2b_2 read from path /home/vulpespacos07/.volare/sky130A/libs.ref/sky130_fd_sc_hd/maglef
Cell sky130_fd_sc_hd__nor3_2 read from path /home/vulpespacos07/.volare/sky130A/libs.ref/sky130_fd_sc_hd/maglef
Cell sky130_fd_sc_hd__a211oi_4 read from path /home/vulpespacos07/.volare/sky130A/libs.ref/sky130_fd_sc_hd/maglef
Cell sky130_fd_sc_hd__o21ai_4 read from path /home/vulpespacos07/.volare/sky130A/libs.ref/sky130_fd_sc_hd/maglef
Cell sky130_fd_sc_hd__o31a_1 read from path /home/vulpespacos07/.volare/sky130A/libs.ref/sky130_fd_sc_hd/maglef
Cell sky130_fd_sc_hd__nor2_1 read from path /home/vulpespacos07/.volare/sky130A/libs.ref/sky130_fd_sc_hd/maglef
Cell sky130_fd_sc_hd__a311o_4 read from path /home/vulpespacos07/.volare/sky130A/libs.ref/sky130_fd_sc_hd/maglef
Cell sky130_fd_sc_hd__and3_2 read from path /home/vulpespacos07/.volare/sky130A/libs.ref/sky130_fd_sc_hd/maglef
Cell sky130_fd_sc_hd__or3_1 read from path /home/vulpespacos07/.volare/sky130A/libs.ref/sky130_fd_sc_hd/maglef
Cell sky130_fd_sc_hd__a22oi_2 read from path /home/vulpespacos07/.volare/sky130A/libs.ref/sky130_fd_sc_hd/maglef
Cell sky130_fd_sc_hd__o31a_2 read from path /home/vulpespacos07/.volare/sky130A/libs.ref/sky130_fd_sc_hd/maglef
Cell sky130_fd_sc_hd__xor2_1 read from path /home/vulpespacos07/.volare/sky130A/libs.ref/sky130_fd_sc_hd/maglef
Cell sky130_fd_sc_hd__a311oi_4 read from path /home/vulpespacos07/.volare/sky130A/libs.ref/sky130_fd_sc_hd/maglef
Cell sky130_fd_sc_hd__o21ai_1 read from path /home/vulpespacos07/.volare/sky130A/libs.ref/sky130_fd_sc_hd/maglef
Cell sky130_fd_sc_hd__o21bai_1 read from path /home/vulpespacos07/.volare/sky130A/libs.ref/sky130_fd_sc_hd/maglef
Cell sky130_fd_sc_hd__a211o_1 read from path /home/vulpespacos07/.volare/sky130A/libs.ref/sky130_fd_sc_hd/maglef
Cell sky130_fd_sc_hd__o211a_1 read from path /home/vulpespacos07/.volare/sky130A/libs.ref/sky130_fd_sc_hd/maglef
Cell sky130_fd_sc_hd__o32a_1 read from path /home/vulpespacos07/.volare/sky130A/libs.ref/sky130_fd_sc_hd/maglef
Cell sky130_fd_sc_hd__nand3_1 read from path /home/vulpespacos07/.volare/sky130A/libs.ref/sky130_fd_sc_hd/maglef
Cell sky130_fd_sc_hd__a32o_1 read from path /home/vulpespacos07/.volare/sky130A/libs.ref/sky130_fd_sc_hd/maglef
Cell sky130_fd_sc_hd__or2b_1 read from path /home/vulpespacos07/.volare/sky130A/libs.ref/sky130_fd_sc_hd/maglef
Cell sky130_fd_sc_hd__o21ba_1 read from path /home/vulpespacos07/.volare/sky130A/libs.ref/sky130_fd_sc_hd/maglef
Cell sky130_fd_sc_hd__buf_1 read from path /home/vulpespacos07/.volare/sky130A/libs.ref/sky130_fd_sc_hd/maglef
Cell sky130_fd_sc_hd__clkbuf_2 read from path /home/vulpespacos07/.volare/sky130A/libs.ref/sky130_fd_sc_hd/maglef
Cell sky130_fd_sc_hd__dlymetal6s2s_1 read from path /home/vulpespacos07/.volare/sky130A/libs.ref/sky130_fd_sc_hd/maglef
Cell sky130_fd_sc_hd__dlygate4sd3_1 read from path /home/vulpespacos07/.volare/sky130A/libs.ref/sky130_fd_sc_hd/maglef
  Processed 655 subcell instances total.
  Processed 29 pins total.
  Processed 2 special nets total.
  Processed 218 nets total.
DEF read: Processed 6321 lines.
Moving label "VPWR" from metal1 to via1 in cell main.
Moving label "_016_" from metal2 to via1 in cell main.
Moving label "_025_" from metal3 to via3 in cell main.
Moving label "_082_" from metal3 to via3 in cell main.
Moving label "_159_" from metal2 to via2 in cell main.
Moving label "net24" from metal3 to via3 in cell main.
Moving label "out[6]" from metal2 to via2 in cell main.
Processing main
Extracting sky130_fd_sc_hd__clkbuf_2 into sky130_fd_sc_hd__clkbuf_2.ext:
Extracting sky130_fd_sc_hd__buf_2 into sky130_fd_sc_hd__buf_2.ext:
Extracting sky130_fd_sc_hd__decap_3 into sky130_fd_sc_hd__decap_3.ext:
Extracting sky130_fd_sc_hd__decap_6 into sky130_fd_sc_hd__decap_6.ext:
Extracting sky130_fd_sc_hd__clkbuf_4 into sky130_fd_sc_hd__clkbuf_4.ext:
Extracting sky130_fd_sc_hd__nand2_1 into sky130_fd_sc_hd__nand2_1.ext:
Extracting sky130_fd_sc_hd__decap_8 into sky130_fd_sc_hd__decap_8.ext:
Extracting sky130_fd_sc_hd__fill_1 into sky130_fd_sc_hd__fill_1.ext:
Extracting sky130_ef_sc_hd__decap_12 into sky130_ef_sc_hd__decap_12.ext:
Extracting sky130_fd_sc_hd__decap_4 into sky130_fd_sc_hd__decap_4.ext:
Extracting sky130_fd_sc_hd__tapvpwrvgnd_1 into sky130_fd_sc_hd__tapvpwrvgnd_1.ext:
Extracting sky130_fd_sc_hd__a211oi_4 into sky130_fd_sc_hd__a211oi_4.ext:
Extracting sky130_fd_sc_hd__a31o_1 into sky130_fd_sc_hd__a31o_1.ext:
Extracting sky130_fd_sc_hd__o2bb2a_1 into sky130_fd_sc_hd__o2bb2a_1.ext:
Extracting sky130_fd_sc_hd__a21oi_1 into sky130_fd_sc_hd__a21oi_1.ext:
Extracting sky130_fd_sc_hd__nor2_2 into sky130_fd_sc_hd__nor2_2.ext:
Extracting sky130_fd_sc_hd__fill_2 into sky130_fd_sc_hd__fill_2.ext:
Extracting sky130_fd_sc_hd__or3_1 into sky130_fd_sc_hd__or3_1.ext:
Extracting sky130_fd_sc_hd__inv_2 into sky130_fd_sc_hd__inv_2.ext:
Extracting sky130_fd_sc_hd__nor2_1 into sky130_fd_sc_hd__nor2_1.ext:
Extracting sky130_fd_sc_hd__xnor2_2 into sky130_fd_sc_hd__xnor2_2.ext:
Extracting sky130_fd_sc_hd__xor2_2 into sky130_fd_sc_hd__xor2_2.ext:
Extracting sky130_fd_sc_hd__nor2_4 into sky130_fd_sc_hd__nor2_4.ext:
Extracting sky130_fd_sc_hd__or2b_1 into sky130_fd_sc_hd__or2b_1.ext:
Extracting sky130_fd_sc_hd__o22a_1 into sky130_fd_sc_hd__o22a_1.ext:
Extracting sky130_fd_sc_hd__diode_2 into sky130_fd_sc_hd__diode_2.ext:
Extracting sky130_fd_sc_hd__or3b_1 into sky130_fd_sc_hd__or3b_1.ext:
Extracting sky130_fd_sc_hd__a311o_1 into sky130_fd_sc_hd__a311o_1.ext:
Extracting sky130_fd_sc_hd__and3_1 into sky130_fd_sc_hd__and3_1.ext:
Extracting sky130_fd_sc_hd__and4bb_2 into sky130_fd_sc_hd__and4bb_2.ext:
Extracting sky130_fd_sc_hd__a22o_1 into sky130_fd_sc_hd__a22o_1.ext:
Extracting sky130_fd_sc_hd__xnor2_1 into sky130_fd_sc_hd__xnor2_1.ext:
Extracting sky130_fd_sc_hd__o21ba_1 into sky130_fd_sc_hd__o21ba_1.ext:
Extracting sky130_fd_sc_hd__and4_1 into sky130_fd_sc_hd__and4_1.ext:
Extracting sky130_fd_sc_hd__dlymetal6s2s_1 into sky130_fd_sc_hd__dlymetal6s2s_1.ext:
Extracting sky130_fd_sc_hd__o21ai_2 into sky130_fd_sc_hd__o21ai_2.ext:
Extracting sky130_fd_sc_hd__nand2_2 into sky130_fd_sc_hd__nand2_2.ext:
Extracting sky130_fd_sc_hd__o21a_1 into sky130_fd_sc_hd__o21a_1.ext:
Extracting sky130_fd_sc_hd__o41a_4 into sky130_fd_sc_hd__o41a_4.ext:
Extracting sky130_fd_sc_hd__a21o_1 into sky130_fd_sc_hd__a21o_1.ext:
Extracting sky130_fd_sc_hd__or2b_2 into sky130_fd_sc_hd__or2b_2.ext:
Extracting sky130_fd_sc_hd__buf_4 into sky130_fd_sc_hd__buf_4.ext:
Extracting sky130_fd_sc_hd__xor2_1 into sky130_fd_sc_hd__xor2_1.ext:
Extracting sky130_fd_sc_hd__a22oi_1 into sky130_fd_sc_hd__a22oi_1.ext:
Extracting sky130_fd_sc_hd__a21boi_1 into sky130_fd_sc_hd__a21boi_1.ext:
Extracting sky130_fd_sc_hd__nor3_1 into sky130_fd_sc_hd__nor3_1.ext:
Extracting sky130_fd_sc_hd__o21ai_1 into sky130_fd_sc_hd__o21ai_1.ext:
Extracting sky130_fd_sc_hd__buf_1 into sky130_fd_sc_hd__buf_1.ext:
Extracting sky130_fd_sc_hd__a211o_1 into sky130_fd_sc_hd__a211o_1.ext:
Extracting sky130_fd_sc_hd__and2_1 into sky130_fd_sc_hd__and2_1.ext:
Extracting sky130_fd_sc_hd__dlygate4sd3_1 into sky130_fd_sc_hd__dlygate4sd3_1.ext:
Extracting sky130_fd_sc_hd__and3b_1 into sky130_fd_sc_hd__and3b_1.ext:
Extracting sky130_fd_sc_hd__a32o_1 into sky130_fd_sc_hd__a32o_1.ext:
Extracting sky130_fd_sc_hd__a311o_4 into sky130_fd_sc_hd__a311o_4.ext:
Extracting sky130_fd_sc_hd__o21bai_1 into sky130_fd_sc_hd__o21bai_1.ext:
Extracting sky130_fd_sc_hd__o21ai_4 into sky130_fd_sc_hd__o21ai_4.ext:
Extracting sky130_fd_sc_hd__o211a_1 into sky130_fd_sc_hd__o211a_1.ext:
Extracting sky130_fd_sc_hd__nand3_1 into sky130_fd_sc_hd__nand3_1.ext:
Extracting sky130_fd_sc_hd__or2_2 into sky130_fd_sc_hd__or2_2.ext:
Extracting sky130_fd_sc_hd__o31a_1 into sky130_fd_sc_hd__o31a_1.ext:
Extracting sky130_fd_sc_hd__or2_1 into sky130_fd_sc_hd__or2_1.ext:
Extracting sky130_fd_sc_hd__and3_2 into sky130_fd_sc_hd__and3_2.ext:
Extracting sky130_fd_sc_hd__o21a_2 into sky130_fd_sc_hd__o21a_2.ext:
Extracting sky130_fd_sc_hd__nor3_2 into sky130_fd_sc_hd__nor3_2.ext:
Extracting sky130_fd_sc_hd__o32a_1 into sky130_fd_sc_hd__o32a_1.ext:
Extracting sky130_fd_sc_hd__a31oi_4 into sky130_fd_sc_hd__a31oi_4.ext:
Extracting sky130_fd_sc_hd__and2b_1 into sky130_fd_sc_hd__and2b_1.ext:
Extracting sky130_fd_sc_hd__nand3b_4 into sky130_fd_sc_hd__nand3b_4.ext:
Extracting sky130_fd_sc_hd__a22oi_2 into sky130_fd_sc_hd__a22oi_2.ext:
Extracting sky130_fd_sc_hd__a311oi_4 into sky130_fd_sc_hd__a311oi_4.ext:
Extracting sky130_fd_sc_hd__o31a_2 into sky130_fd_sc_hd__o31a_2.ext:
Extracting sky130_fd_sc_hd__and2_2 into sky130_fd_sc_hd__and2_2.ext:
Extracting main into main.ext:
exttospice finished.
