Instance,Terminal,Layer,X location,Y location,Voltage
FILLER_0_12_37,VGND,li1,23.2300,43.5200,0.000006
FILLER_0_12_29,VGND,li1,20.7000,43.5200,0.000005
FILLER_0_12_27,VGND,li1,18.1700,43.5200,0.000005
FILLER_0_12_21,VGND,li1,16.5600,43.5200,0.000004
FILLER_0_12_9,VGND,li1,12.4200,43.5200,0.000003
FILLER_0_11_42,VGND,li1,26.2200,43.5200,0.000007
FILLER_0_11_27,VGND,li1,19.7800,43.5200,0.000005
FILLER_0_11_15,VGND,li1,15.1800,43.5200,0.000004
FILLER_0_11_3,VGND,li1,9.6600,43.5200,0.000004
FILLER_0_10_29,VGND,li1,20.7000,38.0800,0.000002
FILLER_0_10_26,VGND,li1,17.9400,38.0800,0.000002
FILLER_0_10_18,VGND,li1,15.6400,38.0800,0.000002
FILLER_0_10_6,VGND,li1,11.0400,38.0800,0.000002
FILLER_0_9_45,VGND,li1,26.9100,38.0800,0.000002
FILLER_0_9_33,VGND,li1,23.4600,38.0800,0.000002
FILLER_0_9_27,VGND,li1,18.6300,38.0800,0.000002
FILLER_0_9_15,VGND,li1,15.1800,38.0800,0.000001
FILLER_0_9_3,VGND,li1,9.6600,38.0800,0.000002
FILLER_0_8_36,VGND,li1,23.0000,32.6400,0.000005
FILLER_0_8_29,VGND,li1,19.0900,32.6400,0.000004
FILLER_0_8_26,VGND,li1,17.9400,32.6400,0.000004
FILLER_0_8_18,VGND,li1,15.6400,32.6400,0.000004
FILLER_0_8_6,VGND,li1,11.0400,32.6400,0.000004
FILLER_0_7_40,VGND,li1,24.8400,32.6400,0.000006
FILLER_0_7_28,VGND,li1,21.1600,32.6400,0.000005
FILLER_0_7_23,VGND,li1,16.5600,32.6400,0.000004
FILLER_0_7_11,VGND,li1,13.3400,32.6400,0.000003
FILLER_0_7_3,VGND,li1,7.5900,32.6400,0.000004
FILLER_0_6_47,VGND,li1,27.3700,27.2000,0.000004
FILLER_0_6_41,VGND,li1,25.7600,27.2000,0.000004
FILLER_0_6_29,VGND,li1,21.6200,27.2000,0.000004
FILLER_0_6_27,VGND,li1,18.1700,27.2000,0.000003
FILLER_0_6_15,VGND,li1,15.1800,27.2000,0.000003
FILLER_0_6_3,VGND,li1,9.6600,27.2000,0.000003
FILLER_0_5_43,VGND,li1,25.5300,27.2000,0.000004
FILLER_0_5_35,VGND,li1,23.4600,27.2000,0.000004
FILLER_0_5_23,VGND,li1,18.8600,27.2000,0.000003
FILLER_0_5_11,VGND,li1,13.3400,27.2000,0.000002
FILLER_0_5_3,VGND,li1,7.3600,27.2000,0.000003
FILLER_0_4_47,VGND,li1,27.3700,21.7600,0.000005
FILLER_0_4_41,VGND,li1,25.7600,21.7600,0.000005
FILLER_0_4_29,VGND,li1,21.6200,21.7600,0.000004
FILLER_0_4_27,VGND,li1,18.1700,21.7600,0.000003
FILLER_0_4_15,VGND,li1,15.1800,21.7600,0.000003
FILLER_0_4_3,VGND,li1,9.6600,21.7600,0.000003
FILLER_0_3_38,VGND,li1,24.3800,21.7600,0.000005
FILLER_0_3_30,VGND,li1,20.0100,21.7600,0.000004
FILLER_0_3_26,VGND,li1,17.7100,21.7600,0.000003
FILLER_0_3_18,VGND,li1,15.6400,21.7600,0.000003
FILLER_0_3_6,VGND,li1,11.0400,21.7600,0.000003
FILLER_0_2_47,VGND,li1,27.3700,16.3200,0.000005
FILLER_0_2_32,VGND,li1,21.6200,16.3200,0.000005
FILLER_0_2_27,VGND,li1,18.1700,16.3200,0.000004
FILLER_0_2_15,VGND,li1,15.1800,16.3200,0.000003
FILLER_0_2_3,VGND,li1,9.6600,16.3200,0.000003
FILLER_0_1_47,VGND,li1,27.3700,16.3200,0.000005
FILLER_0_1_34,VGND,li1,21.8500,16.3200,0.000005
FILLER_0_1_22,VGND,li1,18.4000,16.3200,0.000004
FILLER_0_1_14,VGND,li1,12.1900,16.3200,0.000003
FILLER_0_1_10,VGND,li1,11.0400,16.3200,0.000003
FILLER_0_0_29,VGND,li1,20.2400,10.8800,0.000004
FILLER_0_0_16,VGND,li1,15.6400,10.8800,0.000003
output16,VGND,li1,23.0000,10.8800,0.000004
output15,VGND,li1,23.4600,16.3200,0.000005
output14,VGND,li1,26.6800,21.7600,0.000005
output13,VGND,li1,26.6800,27.2000,0.000004
output12,VGND,li1,26.6800,32.6400,0.000006
output11,VGND,li1,23.4600,38.0800,0.000002
output10,VGND,li1,26.6800,43.5200,0.000007
output9,VGND,li1,24.8400,43.5200,0.000006
input8,VGND,li1,9.2000,10.8800,0.000003
input7,VGND,li1,12.1900,10.8800,0.000003
input6,VGND,li1,7.5900,21.7600,0.000003
input5,VGND,li1,9.8900,27.2000,0.000003
input4,VGND,li1,7.5900,32.6400,0.000004
input3,VGND,li1,7.5900,38.0800,0.000002
input2,VGND,li1,8.9700,43.5200,0.000004
input1,VGND,li1,7.5900,43.5200,0.000004
TAP_TAPCELL_ROW_12_32,VGND,li1,18.6300,43.8110,0.000005
TAP_TAPCELL_ROW_10_31,VGND,li1,18.6300,38.3710,0.000002
TAP_TAPCELL_ROW_8_30,VGND,li1,18.6300,32.9310,0.000004
TAP_TAPCELL_ROW_6_29,VGND,li1,18.6300,27.4910,0.000003
TAP_TAPCELL_ROW_4_28,VGND,li1,18.6300,22.0510,0.000003
TAP_TAPCELL_ROW_2_27,VGND,li1,18.6300,16.6110,0.000004
TAP_TAPCELL_ROW_0_26,VGND,li1,18.6300,11.1710,0.000004
PHY_EDGE_ROW_12_Left_25,VGND,li1,6.2100,43.5200,0.000004
PHY_EDGE_ROW_11_Left_24,VGND,li1,6.2100,43.5200,0.000004
PHY_EDGE_ROW_10_Left_23,VGND,li1,6.2100,38.0800,0.000002
PHY_EDGE_ROW_9_Left_22,VGND,li1,6.2100,38.0800,0.000002
PHY_EDGE_ROW_8_Left_21,VGND,li1,6.2100,32.6400,0.000004
PHY_EDGE_ROW_7_Left_20,VGND,li1,6.2100,32.6400,0.000004
PHY_EDGE_ROW_6_Left_19,VGND,li1,6.2100,27.2000,0.000003
PHY_EDGE_ROW_5_Left_18,VGND,li1,6.2100,27.2000,0.000003
PHY_EDGE_ROW_4_Left_17,VGND,li1,6.2100,21.7600,0.000003
PHY_EDGE_ROW_3_Left_16,VGND,li1,6.2100,21.7600,0.000003
PHY_EDGE_ROW_2_Left_15,VGND,li1,6.2100,16.3200,0.000003
PHY_EDGE_ROW_1_Left_14,VGND,li1,6.2100,16.3200,0.000003
PHY_EDGE_ROW_0_Left_13,VGND,li1,6.2100,10.8800,0.000003
PHY_EDGE_ROW_12_Right_12,VGND,li1,28.2900,43.5200,0.000007
PHY_EDGE_ROW_11_Right_11,VGND,li1,28.2900,43.5200,0.000007
PHY_EDGE_ROW_10_Right_10,VGND,li1,28.2900,38.0800,0.000002
PHY_EDGE_ROW_9_Right_9,VGND,li1,28.2900,38.0800,0.000002
PHY_EDGE_ROW_8_Right_8,VGND,li1,28.2900,32.6400,0.000006
PHY_EDGE_ROW_7_Right_7,VGND,li1,28.2900,32.6400,0.000006
PHY_EDGE_ROW_6_Right_6,VGND,li1,28.2900,27.2000,0.000004
PHY_EDGE_ROW_5_Right_5,VGND,li1,28.2900,27.2000,0.000004
PHY_EDGE_ROW_4_Right_4,VGND,li1,28.2900,21.7600,0.000005
PHY_EDGE_ROW_3_Right_3,VGND,li1,28.2900,21.7600,0.000005
PHY_EDGE_ROW_2_Right_2,VGND,li1,28.2900,16.3200,0.000005
PHY_EDGE_ROW_1_Right_1,VGND,li1,28.2900,16.3200,0.000005
PHY_EDGE_ROW_0_Right_0,VGND,li1,28.2900,10.8800,0.000005
_27_,VGND,li1,19.5500,16.3200,0.000004
_26_,VGND,li1,23.6900,16.3200,0.000005
_25_,VGND,li1,21.8500,21.7600,0.000004
_24_,VGND,li1,14.0300,16.3200,0.000003
_23_,VGND,li1,18.6300,21.7600,0.000003
_22_,VGND,li1,9.4300,32.6400,0.000004
_21_,VGND,li1,25.7600,16.3200,0.000005
_20_,VGND,li1,25.7600,16.3200,0.000005
_19_,VGND,li1,8.5100,16.3200,0.000003
_18_,VGND,li1,26.9100,32.6400,0.000006
_17_,VGND,li1,25.0700,32.6400,0.000006
_16_,VGND,li1,8.5100,27.2000,0.000003
_15_,VGND,li1,20.0100,38.0800,0.000002
_14_,VGND,li1,20.7000,32.6400,0.000005
_13_,VGND,li1,25.9900,10.8800,0.000005
_12_,VGND,li1,25.9900,38.0800,0.000002
_11_,VGND,li1,23.2300,43.5200,0.000006
_10_,VGND,li1,17.7100,32.6400,0.000004
