
===========================================================================
 report_power
============================================================================
======================= Fastest Corner ===================================

Group                  Internal  Switching    Leakage      Total
                          Power      Power      Power      Power (Watts)
----------------------------------------------------------------
Sequential             6.64e-03   2.05e-03   1.68e-08   8.69e-03  40.1%
Combinational          2.84e-03   2.51e-03   3.54e-08   5.35e-03  24.7%
Clock                  4.34e-03   3.28e-03   2.12e-07   7.62e-03  35.2%
Macro                  0.00e+00   0.00e+00   0.00e+00   0.00e+00   0.0%
Pad                    0.00e+00   0.00e+00   0.00e+00   0.00e+00   0.0%
----------------------------------------------------------------
Total                  1.38e-02   7.84e-03   2.65e-07   2.17e-02 100.0%
                          63.8%      36.2%       0.0%

======================= Slowest Corner ===================================

Group                  Internal  Switching    Leakage      Total
                          Power      Power      Power      Power (Watts)
----------------------------------------------------------------
Sequential             4.51e-03   1.35e-03   1.63e-05   5.88e-03  39.5%
Combinational          2.08e-03   1.66e-03   3.38e-05   3.77e-03  25.3%
Clock                  3.11e-03   2.14e-03   4.76e-06   5.25e-03  35.2%
Macro                  0.00e+00   0.00e+00   0.00e+00   0.00e+00   0.0%
Pad                    0.00e+00   0.00e+00   0.00e+00   0.00e+00   0.0%
----------------------------------------------------------------
Total                  9.70e-03   5.15e-03   5.49e-05   1.49e-02 100.0%
                          65.1%      34.5%       0.4%

======================= Typical Corner ===================================

Group                  Internal  Switching    Leakage      Total
                          Power      Power      Power      Power (Watts)
----------------------------------------------------------------
Sequential             5.75e-03   1.73e-03   9.40e-09   7.48e-03  39.9%
Combinational          2.58e-03   2.11e-03   2.29e-08   4.69e-03  25.0%
Clock                  3.80e-03   2.77e-03   2.02e-07   6.57e-03  35.0%
Macro                  0.00e+00   0.00e+00   0.00e+00   0.00e+00   0.0%
Pad                    0.00e+00   0.00e+00   0.00e+00   0.00e+00   0.0%
----------------------------------------------------------------
Total                  1.21e-02   6.61e-03   2.34e-07   1.87e-02 100.0%
                          64.7%      35.3%       0.0%

