OpenROAD b16bda7e82721d10566ff7e2b68f1ff0be9f9e38 
Features included (+) or not (-): +Charts +GPU +GUI +Python
This program is licensed under the BSD-3 license. See the LICENSE file for details.
Components of this program may be licensed under more restrictive licenses which must be honored.
define_corners Typical
read_liberty -corner Typical /root/.volare/sky130A/libs.ref/sky130_fd_sc_hd/lib/sky130_fd_sc_hd__tt_025C_1v80.lib
Using 1e-12 for capacitance...
Using 1e+03 for resistance...
Using 1e-09 for time...
Using 1e+00 for voltage...
Using 1e-03 for current...
Using 1e-09 for power...
Using 1e-06 for distance...
[INFO]: Reading ODB at '/openlane/designs/sys/runs/RUN_2025.05.24_14.37.30/tmp/17-sys.odb'…
Reading design constraints file at '/openlane/designs/sys/src/sys.sdc'…
[INFO]: Setting signal min routing layer to: met1 and clock min routing layer to met3. 
[INFO]: Setting signal max routing layer to: met5 and clock max routing layer to met5. 
-congestion_iterations 50 -verbose -congestion_report_file /openlane/designs/sys/runs/RUN_2025.05.24_14.37.30/tmp/routing/groute-congestion.rpt
[INFO GRT-0020] Min routing layer: met1
[INFO GRT-0021] Max routing layer: met5
[INFO GRT-0022] Global adjustment: 30%
[INFO GRT-0023] Grid origin: (0, 0)
[INFO GRT-0043] No OR_DEFAULT vias defined.
[INFO GRT-0088] Layer li1     Track-Pitch = 0.4600  line-2-Via Pitch: 0.3400
[INFO GRT-0088] Layer met1    Track-Pitch = 0.3400  line-2-Via Pitch: 0.3400
[INFO GRT-0088] Layer met2    Track-Pitch = 0.4600  line-2-Via Pitch: 0.3500
[INFO GRT-0088] Layer met3    Track-Pitch = 0.6800  line-2-Via Pitch: 0.6150
[INFO GRT-0088] Layer met4    Track-Pitch = 0.9200  line-2-Via Pitch: 1.0400
[INFO GRT-0088] Layer met5    Track-Pitch = 3.4000  line-2-Via Pitch: 3.1100
[INFO GRT-0019] Found 262 clock nets.
[INFO GRT-0001] Minimum degree: 2
[INFO GRT-0002] Maximum degree: 12
[INFO GRT-0003] Macros: 0
[INFO GRT-0043] No OR_DEFAULT vias defined.
[INFO GRT-0004] Blockages: 21956

[INFO GRT-0053] Routing resources analysis:
          Routing      Original      Derated      Resource
Layer     Direction    Resources     Resources    Reduction (%)
---------------------------------------------------------------
li1        Vertical            0             0          0.00%
met1       Horizontal    1675333        823350          50.85%
met2       Vertical      1256283        825100          34.32%
met3       Horizontal     837522        570270          31.91%
met4       Vertical       503149        251999          49.92%
met5       Horizontal     167331         66240          60.41%
---------------------------------------------------------------

[INFO GRT-0101] Running extra iterations to remove overflow.
[INFO GRT-0197] Via related to pin nodes: 39811
[INFO GRT-0198] Via related Steiner nodes: 1653
[INFO GRT-0199] Via filling finished.
[INFO GRT-0111] Final number of vias: 52580
[INFO GRT-0112] Final usage 3D: 235804

[INFO GRT-0096] Final congestion report:
Layer         Resource        Demand        Usage (%)    Max H / Max V / Total Overflow
---------------------------------------------------------------------------------------
li1                  0             0            0.00%             0 /  0 /  0
met1            823350         39135            4.75%             0 /  0 /  0
met2            825100         34415            4.17%             0 /  0 /  0
met3            570270          2394            0.42%             0 /  0 /  0
met4            251999          2120            0.84%             0 /  0 /  0
met5             66240             0            0.00%             0 /  0 /  0
---------------------------------------------------------------------------------------
Total          2536959         78064            3.08%             0 /  0 /  0

[INFO GRT-0018] Total wirelength: 675579 um
[INFO GRT-0014] Routed nets: 6633
[INFO GRT-0006] Repairing antennas, iteration 1.
[INFO GRT-0043] No OR_DEFAULT vias defined.
[WARNING ANT-0009] Net net47 requires more than 10 diodes per gate to repair violations.
[WARNING ANT-0009] Net net49 requires more than 10 diodes per gate to repair violations.
[WARNING ANT-0009] Net net54 requires more than 10 diodes per gate to repair violations.
[WARNING ANT-0009] Net net56 requires more than 10 diodes per gate to repair violations.
[WARNING ANT-0009] Net net59 requires more than 10 diodes per gate to repair violations.
[WARNING ANT-0009] Net net62 requires more than 10 diodes per gate to repair violations.
[WARNING ANT-0009] Net net63 requires more than 10 diodes per gate to repair violations.
[WARNING ANT-0009] Net net65 requires more than 10 diodes per gate to repair violations.
[WARNING ANT-0009] Net net66 requires more than 10 diodes per gate to repair violations.
[WARNING ANT-0009] Net net67 requires more than 10 diodes per gate to repair violations.
[WARNING ANT-0009] Net net71 requires more than 10 diodes per gate to repair violations.
[WARNING ANT-0009] Net net72 requires more than 10 diodes per gate to repair violations.
[WARNING ANT-0009] Net net76 requires more than 10 diodes per gate to repair violations.
[WARNING ANT-0009] Net net77 requires more than 10 diodes per gate to repair violations.
[INFO GRT-0012] Found 173 antenna violations.
[INFO GRT-0015] Inserted 430 diodes.
[INFO GRT-0054] Using detailed placer to place 89 diodes.
[INFO GRT-0009] rerouting 4201 nets.
[INFO GRT-0001] Minimum degree: 2
[INFO GRT-0002] Maximum degree: 17
[INFO GRT-0006] Repairing antennas, iteration 2.
[INFO GRT-0043] No OR_DEFAULT vias defined.
[INFO GRT-0012] Found 41 antenna violations.
[INFO GRT-0015] Inserted 114 diodes.
[INFO GRT-0054] Using detailed placer to place 12 diodes.
[INFO GRT-0009] rerouting 279 nets.
[INFO GRT-0001] Minimum degree: 2
[INFO GRT-0002] Maximum degree: 30
[INFO GRT-0006] Repairing antennas, iteration 3.
[INFO GRT-0043] No OR_DEFAULT vias defined.
[INFO GRT-0012] Found 2 antenna violations.
[INFO GRT-0015] Inserted 2 diodes.
[INFO GRT-0009] rerouting 6 nets.
[INFO GRT-0001] Minimum degree: 2
[INFO GRT-0002] Maximum degree: 13
[INFO GRT-0006] Repairing antennas, iteration 4.
[INFO GRT-0043] No OR_DEFAULT vias defined.
[INFO GRT-0012] Found 0 antenna violations.
Placement Analysis
---------------------------------
total displacement          0.0 u
average displacement        0.0 u
max displacement            0.0 u
original HPWL          451929.0 u
legalized HPWL         451929.0 u
delta HPWL                    0 %

[INFO DPL-0020] Mirrored 2301 instances
[INFO DPL-0021] HPWL before          451929.0 u
[INFO DPL-0022] HPWL after           446780.2 u
[INFO DPL-0023] HPWL delta               -1.1 %
[INFO]: Setting signal min routing layer to: met1 and clock min routing layer to met3. 
[INFO]: Setting signal max routing layer to: met5 and clock max routing layer to met5. 
-congestion_iterations 50 -verbose -congestion_report_file /openlane/designs/sys/runs/RUN_2025.05.24_14.37.30/tmp/routing/groute-congestion.rpt
[INFO GRT-0020] Min routing layer: met1
[INFO GRT-0021] Max routing layer: met5
[INFO GRT-0022] Global adjustment: 30%
[INFO GRT-0023] Grid origin: (0, 0)
[INFO GRT-0043] No OR_DEFAULT vias defined.
[INFO GRT-0088] Layer li1     Track-Pitch = 0.4600  line-2-Via Pitch: 0.3400
[INFO GRT-0088] Layer met1    Track-Pitch = 0.3400  line-2-Via Pitch: 0.3400
[INFO GRT-0088] Layer met2    Track-Pitch = 0.4600  line-2-Via Pitch: 0.3500
[INFO GRT-0088] Layer met3    Track-Pitch = 0.6800  line-2-Via Pitch: 0.6150
[INFO GRT-0088] Layer met4    Track-Pitch = 0.9200  line-2-Via Pitch: 1.0400
[INFO GRT-0088] Layer met5    Track-Pitch = 3.4000  line-2-Via Pitch: 3.1100
[INFO GRT-0019] Found 262 clock nets.
[INFO GRT-0001] Minimum degree: 2
[INFO GRT-0002] Maximum degree: 30
[INFO GRT-0003] Macros: 0
[INFO GRT-0043] No OR_DEFAULT vias defined.
[INFO GRT-0004] Blockages: 21956

[INFO GRT-0053] Routing resources analysis:
          Routing      Original      Derated      Resource
Layer     Direction    Resources     Resources    Reduction (%)
---------------------------------------------------------------
li1        Vertical            0             0          0.00%
met1       Horizontal    1675333        823346          50.85%
met2       Vertical      1256283        825100          34.32%
met3       Horizontal     837522        570270          31.91%
met4       Vertical       503149        251999          49.92%
met5       Horizontal     167331         66240          60.41%
---------------------------------------------------------------

[INFO GRT-0101] Running extra iterations to remove overflow.
[INFO GRT-0197] Via related to pin nodes: 40345
[INFO GRT-0198] Via related Steiner nodes: 1634
[INFO GRT-0199] Via filling finished.
[INFO GRT-0111] Final number of vias: 53195
[INFO GRT-0112] Final usage 3D: 237821

[INFO GRT-0096] Final congestion report:
Layer         Resource        Demand        Usage (%)    Max H / Max V / Total Overflow
---------------------------------------------------------------------------------------
li1                  0             0            0.00%             0 /  0 /  0
met1            823346         39300            4.77%             0 /  0 /  0
met2            825100         34345            4.16%             0 /  0 /  0
met3            570270          2355            0.41%             0 /  0 /  0
met4            251999          2236            0.89%             0 /  0 /  0
met5             66240             0            0.00%             0 /  0 /  0
---------------------------------------------------------------------------------------
Total          2536955         78236            3.08%             0 /  0 /  0

[INFO GRT-0018] Total wirelength: 678366 um
[INFO GRT-0014] Routed nets: 6633
Setting global connections for newly added cells…
Writing OpenROAD database to '/openlane/designs/sys/runs/RUN_2025.05.24_14.37.30/tmp/routing/19-global.odb'…
Writing layout to '/openlane/designs/sys/runs/RUN_2025.05.24_14.37.30/tmp/routing/19-global.def'…
Writing routing guides to '/openlane/designs/sys/runs/RUN_2025.05.24_14.37.30/tmp/routing/19-global.guide'…
