
===========================================================================
report_checks -path_delay max (Setup)
============================================================================
======================= Fastest Corner ===================================

Startpoint: B[0] (input port clocked by __VIRTUAL_CLK__)
Endpoint: out[7] (output port clocked by __VIRTUAL_CLK__)
Path Group: __VIRTUAL_CLK__
Path Type: max
Corner: Fastest

Fanout     Cap    Slew   Delay    Time   Description
-----------------------------------------------------------------------------
                  0.00    0.00    0.00   clock __VIRTUAL_CLK__ (rise edge)
                          0.00    0.00   clock network delay (ideal)
                          2.00    2.00 v input external delay
     1    0.00    0.01    0.00    2.00 v B[0] (in)
                                         B[0] (net)
                  0.01    0.00    2.00 v input9/A (sky130_fd_sc_hd__clkbuf_4)
     8    0.06    0.09    0.14    2.15 v input9/X (sky130_fd_sc_hd__clkbuf_4)
                                         net9 (net)
                  0.09    0.01    2.16 v _186_/A (sky130_fd_sc_hd__clkbuf_4)
    10    0.06    0.09    0.19    2.34 v _186_/X (sky130_fd_sc_hd__clkbuf_4)
                                         _114_ (net)
                  0.09    0.00    2.35 v _242_/A1 (sky130_fd_sc_hd__o31a_1)
     1    0.02    0.10    0.28    2.63 v _242_/X (sky130_fd_sc_hd__o31a_1)
                                         _009_ (net)
                  0.10    0.00    2.63 v _243_/B (sky130_fd_sc_hd__xnor2_1)
     2    0.03    0.41    0.37    3.00 ^ _243_/Y (sky130_fd_sc_hd__xnor2_1)
                                         _010_ (net)
                  0.41    0.00    3.00 ^ _244_/B (sky130_fd_sc_hd__nand2_1)
     3    0.02    0.16    0.16    3.16 v _244_/Y (sky130_fd_sc_hd__nand2_1)
                                         _011_ (net)
                  0.16    0.00    3.17 v _248_/A3 (sky130_fd_sc_hd__a311o_4)
     5    0.04    0.08    0.37    3.53 v _248_/X (sky130_fd_sc_hd__a311o_4)
                                         _015_ (net)
                  0.08    0.00    3.54 v _260_/A1 (sky130_fd_sc_hd__a311oi_4)
     3    0.03    0.33    0.30    3.84 ^ _260_/Y (sky130_fd_sc_hd__a311oi_4)
                                         _026_ (net)
                  0.33    0.00    3.84 ^ _280_/A2 (sky130_fd_sc_hd__o21ai_1)
     1    0.01    0.11    0.11    3.95 v _280_/Y (sky130_fd_sc_hd__o21ai_1)
                                         _045_ (net)
                  0.11    0.00    3.95 v _282_/B (sky130_fd_sc_hd__and3_1)
     1    0.01    0.05    0.16    4.11 v _282_/X (sky130_fd_sc_hd__and3_1)
                                         _047_ (net)
                  0.05    0.00    4.11 v _289_/A2 (sky130_fd_sc_hd__o31a_1)
     1    0.02    0.09    0.24    4.36 v _289_/X (sky130_fd_sc_hd__o31a_1)
                                         net27 (net)
                  0.09    0.00    4.36 v output27/A (sky130_fd_sc_hd__buf_2)
     1    0.03    0.06    0.15    4.51 v output27/X (sky130_fd_sc_hd__buf_2)
                                         out[7] (net)
                  0.06    0.00    4.51 v out[7] (out)
                                  4.51   data arrival time

                  0.00   10.00   10.00   clock __VIRTUAL_CLK__ (rise edge)
                          0.00   10.00   clock network delay (ideal)
                         -0.25    9.75   clock uncertainty
                          0.00    9.75   clock reconvergence pessimism
                         -2.00    7.75   output external delay
                                  7.75   data required time
-----------------------------------------------------------------------------
                                  7.75   data required time
                                 -4.51   data arrival time
-----------------------------------------------------------------------------
                                  3.24   slack (MET)


Startpoint: B[1] (input port clocked by __VIRTUAL_CLK__)
Endpoint: out[4] (output port clocked by __VIRTUAL_CLK__)
Path Group: __VIRTUAL_CLK__
Path Type: max
Corner: Fastest

Fanout     Cap    Slew   Delay    Time   Description
-----------------------------------------------------------------------------
                  0.00    0.00    0.00   clock __VIRTUAL_CLK__ (rise edge)
                          0.00    0.00   clock network delay (ideal)
                          2.00    2.00 ^ input external delay
     1    0.00    0.02    0.01    2.01 ^ B[1] (in)
                                         B[1] (net)
                  0.02    0.00    2.01 ^ input10/A (sky130_fd_sc_hd__buf_1)
     3    0.02    0.19    0.16    2.17 ^ input10/X (sky130_fd_sc_hd__buf_1)
                                         net10 (net)
                  0.19    0.00    2.17 ^ _169_/A (sky130_fd_sc_hd__clkbuf_4)
    10    0.07    0.17    0.23    2.40 ^ _169_/X (sky130_fd_sc_hd__clkbuf_4)
                                         _097_ (net)
                  0.17    0.01    2.41 ^ _170_/A1 (sky130_fd_sc_hd__a22oi_1)
     2    0.01    0.08    0.09    2.50 v _170_/Y (sky130_fd_sc_hd__a22oi_1)
                                         _098_ (net)
                  0.08    0.00    2.50 v _172_/B_N (sky130_fd_sc_hd__and4bb_2)
     3    0.04    0.16    0.30    2.81 ^ _172_/X (sky130_fd_sc_hd__and4bb_2)
                                         _100_ (net)
                  0.16    0.00    2.81 ^ _185_/A (sky130_fd_sc_hd__nor2_2)
     2    0.03    0.07    0.08    2.89 v _185_/Y (sky130_fd_sc_hd__nor2_2)
                                         _113_ (net)
                  0.07    0.00    2.89 v _191_/A (sky130_fd_sc_hd__xnor2_2)
     2    0.02    0.24    0.24    3.13 ^ _191_/Y (sky130_fd_sc_hd__xnor2_2)
                                         _119_ (net)
                  0.24    0.00    3.13 ^ _193_/A3 (sky130_fd_sc_hd__a31o_1)
     2    0.03    0.21    0.24    3.37 ^ _193_/X (sky130_fd_sc_hd__a31o_1)
                                         _121_ (net)
                  0.21    0.01    3.38 ^ _194_/B (sky130_fd_sc_hd__xor2_2)
     2    0.03    0.29    0.25    3.63 ^ _194_/X (sky130_fd_sc_hd__xor2_2)
                                         _122_ (net)
                  0.29    0.00    3.63 ^ _321_/A (sky130_fd_sc_hd__xor2_1)
     1    0.02    0.34    0.30    3.93 ^ _321_/X (sky130_fd_sc_hd__xor2_1)
                                         _081_ (net)
                  0.34    0.00    3.93 ^ _328_/A2 (sky130_fd_sc_hd__a21oi_1)
     1    0.02    0.13    0.15    4.08 v _328_/Y (sky130_fd_sc_hd__a21oi_1)
                                         _088_ (net)
                  0.13    0.00    4.08 v _329_/B1 (sky130_fd_sc_hd__a21oi_1)
     1    0.02    0.31    0.23    4.31 ^ _329_/Y (sky130_fd_sc_hd__a21oi_1)
                                         net24 (net)
                  0.31    0.00    4.31 ^ output24/A (sky130_fd_sc_hd__buf_2)
     1    0.03    0.13    0.19    4.49 ^ output24/X (sky130_fd_sc_hd__buf_2)
                                         out[4] (net)
                  0.13    0.00    4.50 ^ out[4] (out)
                                  4.50   data arrival time

                  0.00   10.00   10.00   clock __VIRTUAL_CLK__ (rise edge)
                          0.00   10.00   clock network delay (ideal)
                         -0.25    9.75   clock uncertainty
                          0.00    9.75   clock reconvergence pessimism
                         -2.00    7.75   output external delay
                                  7.75   data required time
-----------------------------------------------------------------------------
                                  7.75   data required time
                                 -4.50   data arrival time
-----------------------------------------------------------------------------
                                  3.25   slack (MET)


Startpoint: A[3] (input port clocked by __VIRTUAL_CLK__)
Endpoint: out[6] (output port clocked by __VIRTUAL_CLK__)
Path Group: __VIRTUAL_CLK__
Path Type: max
Corner: Fastest

Fanout     Cap    Slew   Delay    Time   Description
-----------------------------------------------------------------------------
                  0.00    0.00    0.00   clock __VIRTUAL_CLK__ (rise edge)
                          0.00    0.00   clock network delay (ideal)
                          2.00    2.00 ^ input external delay
     1    0.00    0.02    0.01    2.01 ^ A[3] (in)
                                         A[3] (net)
                  0.02    0.00    2.01 ^ input4/A (sky130_fd_sc_hd__clkbuf_2)
     4    0.04    0.16    0.15    2.16 ^ input4/X (sky130_fd_sc_hd__clkbuf_2)
                                         net4 (net)
                  0.16    0.01    2.17 ^ _175_/A (sky130_fd_sc_hd__clkbuf_4)
    10    0.05    0.13    0.20    2.37 ^ _175_/X (sky130_fd_sc_hd__clkbuf_4)
                                         _103_ (net)
                  0.13    0.01    2.37 ^ _176_/B (sky130_fd_sc_hd__nand2_1)
     2    0.04    0.18    0.18    2.55 v _176_/Y (sky130_fd_sc_hd__nand2_1)
                                         _104_ (net)
                  0.18    0.00    2.55 v _178_/A2 (sky130_fd_sc_hd__o21a_1)
     2    0.02    0.07    0.22    2.77 v _178_/X (sky130_fd_sc_hd__o21a_1)
                                         _106_ (net)
                  0.07    0.00    2.77 v _180_/A (sky130_fd_sc_hd__nor3_1)
     1    0.01    0.23    0.24    3.01 ^ _180_/Y (sky130_fd_sc_hd__nor3_1)
                                         _108_ (net)
                  0.23    0.00    3.02 ^ _181_/B (sky130_fd_sc_hd__nor2_2)
     2    0.03    0.09    0.09    3.10 v _181_/Y (sky130_fd_sc_hd__nor2_2)
                                         _109_ (net)
                  0.09    0.00    3.10 v _204_/C (sky130_fd_sc_hd__and3_1)
     2    0.03    0.09    0.21    3.31 v _204_/X (sky130_fd_sc_hd__and3_1)
                                         _132_ (net)
                  0.09    0.00    3.32 v _208_/B (sky130_fd_sc_hd__nor3_1)
     2    0.02    0.37    0.34    3.66 ^ _208_/Y (sky130_fd_sc_hd__nor3_1)
                                         _136_ (net)
                  0.37    0.00    3.66 ^ _268_/B1 (sky130_fd_sc_hd__a21o_1)
     2    0.02    0.12    0.11    3.77 ^ _268_/X (sky130_fd_sc_hd__a21o_1)
                                         _034_ (net)
                  0.12    0.00    3.77 ^ _269_/B (sky130_fd_sc_hd__xnor2_1)
     1    0.01    0.06    0.07    3.84 v _269_/Y (sky130_fd_sc_hd__xnor2_1)
                                         _035_ (net)
                  0.06    0.00    3.84 v _273_/A2 (sky130_fd_sc_hd__a21oi_1)
     1    0.02    0.37    0.33    4.17 ^ _273_/Y (sky130_fd_sc_hd__a21oi_1)
                                         _039_ (net)
                  0.37    0.00    4.17 ^ _274_/B2 (sky130_fd_sc_hd__a22oi_2)
     1    0.02    0.10    0.09    4.26 v _274_/Y (sky130_fd_sc_hd__a22oi_2)
                                         net26 (net)
                  0.10    0.00    4.26 v output26/A (sky130_fd_sc_hd__buf_2)
     1    0.03    0.06    0.15    4.42 v output26/X (sky130_fd_sc_hd__buf_2)
                                         out[6] (net)
                  0.06    0.00    4.42 v out[6] (out)
                                  4.42   data arrival time

                  0.00   10.00   10.00   clock __VIRTUAL_CLK__ (rise edge)
                          0.00   10.00   clock network delay (ideal)
                         -0.25    9.75   clock uncertainty
                          0.00    9.75   clock reconvergence pessimism
                         -2.00    7.75   output external delay
                                  7.75   data required time
-----------------------------------------------------------------------------
                                  7.75   data required time
                                 -4.42   data arrival time
-----------------------------------------------------------------------------
                                  3.33   slack (MET)


Startpoint: B[0] (input port clocked by __VIRTUAL_CLK__)
Endpoint: out[3] (output port clocked by __VIRTUAL_CLK__)
Path Group: __VIRTUAL_CLK__
Path Type: max
Corner: Fastest

Fanout     Cap    Slew   Delay    Time   Description
-----------------------------------------------------------------------------
                  0.00    0.00    0.00   clock __VIRTUAL_CLK__ (rise edge)
                          0.00    0.00   clock network delay (ideal)
                          2.00    2.00 v input external delay
     1    0.00    0.01    0.00    2.00 v B[0] (in)
                                         B[0] (net)
                  0.01    0.00    2.00 v input9/A (sky130_fd_sc_hd__clkbuf_4)
     8    0.06    0.09    0.14    2.15 v input9/X (sky130_fd_sc_hd__clkbuf_4)
                                         net9 (net)
                  0.09    0.01    2.16 v _186_/A (sky130_fd_sc_hd__clkbuf_4)
    10    0.06    0.09    0.19    2.34 v _186_/X (sky130_fd_sc_hd__clkbuf_4)
                                         _114_ (net)
                  0.09    0.00    2.35 v _242_/A1 (sky130_fd_sc_hd__o31a_1)
     1    0.02    0.10    0.28    2.63 v _242_/X (sky130_fd_sc_hd__o31a_1)
                                         _009_ (net)
                  0.10    0.00    2.63 v _243_/B (sky130_fd_sc_hd__xnor2_1)
     2    0.03    0.41    0.37    3.00 ^ _243_/Y (sky130_fd_sc_hd__xnor2_1)
                                         _010_ (net)
                  0.41    0.00    3.00 ^ _245_/B (sky130_fd_sc_hd__nor2_1)
     3    0.03    0.16    0.15    3.15 v _245_/Y (sky130_fd_sc_hd__nor2_1)
                                         _012_ (net)
                  0.16    0.00    3.15 v _312_/A (sky130_fd_sc_hd__or2b_1)
     2    0.03    0.10    0.25    3.40 v _312_/X (sky130_fd_sc_hd__or2b_1)
                                         _073_ (net)
                  0.10    0.00    3.41 v _314_/A3 (sky130_fd_sc_hd__a31o_1)
     1    0.02    0.06    0.21    3.62 v _314_/X (sky130_fd_sc_hd__a31o_1)
                                         _075_ (net)
                  0.06    0.00    3.62 v _318_/A2 (sky130_fd_sc_hd__o21bai_1)
     1    0.02    0.26    0.24    3.85 ^ _318_/Y (sky130_fd_sc_hd__o21bai_1)
                                         _079_ (net)
                  0.26    0.00    3.86 ^ _319_/B1_N (sky130_fd_sc_hd__o21ba_1)
     1    0.01    0.05    0.14    3.99 v _319_/X (sky130_fd_sc_hd__o21ba_1)
                                         _080_ (net)
                  0.05    0.00    3.99 v _320_/B1 (sky130_fd_sc_hd__a21oi_1)
     1    0.02    0.28    0.18    4.17 ^ _320_/Y (sky130_fd_sc_hd__a21oi_1)
                                         net23 (net)
                  0.28    0.00    4.17 ^ output23/A (sky130_fd_sc_hd__buf_2)
     1    0.03    0.13    0.19    4.36 ^ output23/X (sky130_fd_sc_hd__buf_2)
                                         out[3] (net)
                  0.13    0.00    4.36 ^ out[3] (out)
                                  4.36   data arrival time

                  0.00   10.00   10.00   clock __VIRTUAL_CLK__ (rise edge)
                          0.00   10.00   clock network delay (ideal)
                         -0.25    9.75   clock uncertainty
                          0.00    9.75   clock reconvergence pessimism
                         -2.00    7.75   output external delay
                                  7.75   data required time
-----------------------------------------------------------------------------
                                  7.75   data required time
                                 -4.36   data arrival time
-----------------------------------------------------------------------------
                                  3.39   slack (MET)


Startpoint: A[3] (input port clocked by __VIRTUAL_CLK__)
Endpoint: out[5] (output port clocked by __VIRTUAL_CLK__)
Path Group: __VIRTUAL_CLK__
Path Type: max
Corner: Fastest

Fanout     Cap    Slew   Delay    Time   Description
-----------------------------------------------------------------------------
                  0.00    0.00    0.00   clock __VIRTUAL_CLK__ (rise edge)
                          0.00    0.00   clock network delay (ideal)
                          2.00    2.00 ^ input external delay
     1    0.00    0.02    0.01    2.01 ^ A[3] (in)
                                         A[3] (net)
                  0.02    0.00    2.01 ^ input4/A (sky130_fd_sc_hd__clkbuf_2)
     4    0.04    0.16    0.15    2.16 ^ input4/X (sky130_fd_sc_hd__clkbuf_2)
                                         net4 (net)
                  0.16    0.01    2.17 ^ _175_/A (sky130_fd_sc_hd__clkbuf_4)
    10    0.05    0.13    0.20    2.37 ^ _175_/X (sky130_fd_sc_hd__clkbuf_4)
                                         _103_ (net)
                  0.13    0.01    2.37 ^ _176_/B (sky130_fd_sc_hd__nand2_1)
     2    0.04    0.18    0.18    2.55 v _176_/Y (sky130_fd_sc_hd__nand2_1)
                                         _104_ (net)
                  0.18    0.00    2.55 v _178_/A2 (sky130_fd_sc_hd__o21a_1)
     2    0.02    0.07    0.22    2.77 v _178_/X (sky130_fd_sc_hd__o21a_1)
                                         _106_ (net)
                  0.07    0.00    2.77 v _180_/A (sky130_fd_sc_hd__nor3_1)
     1    0.01    0.23    0.24    3.01 ^ _180_/Y (sky130_fd_sc_hd__nor3_1)
                                         _108_ (net)
                  0.23    0.00    3.02 ^ _181_/B (sky130_fd_sc_hd__nor2_2)
     2    0.03    0.09    0.09    3.10 v _181_/Y (sky130_fd_sc_hd__nor2_2)
                                         _109_ (net)
                  0.09    0.00    3.10 v _204_/C (sky130_fd_sc_hd__and3_1)
     2    0.03    0.09    0.21    3.31 v _204_/X (sky130_fd_sc_hd__and3_1)
                                         _132_ (net)
                  0.09    0.00    3.32 v _208_/B (sky130_fd_sc_hd__nor3_1)
     2    0.02    0.37    0.34    3.66 ^ _208_/Y (sky130_fd_sc_hd__nor3_1)
                                         _136_ (net)
                  0.37    0.00    3.66 ^ _210_/A_N (sky130_fd_sc_hd__and2b_1)
     1    0.01    0.05    0.16    3.82 v _210_/X (sky130_fd_sc_hd__and2b_1)
                                         _138_ (net)
                  0.05    0.00    3.82 v _211_/B (sky130_fd_sc_hd__xnor2_1)
     1    0.01    0.06    0.11    3.93 v _211_/Y (sky130_fd_sc_hd__xnor2_1)
                                         _139_ (net)
                  0.06    0.00    3.93 v _221_/A2 (sky130_fd_sc_hd__a21oi_1)
     1    0.01    0.23    0.23    4.16 ^ _221_/Y (sky130_fd_sc_hd__a21oi_1)
                                         _149_ (net)
                  0.23    0.00    4.16 ^ _254_/B1 (sky130_fd_sc_hd__a22oi_2)
     1    0.01    0.07    0.06    4.22 v _254_/Y (sky130_fd_sc_hd__a22oi_2)
                                         net25 (net)
                  0.07    0.00    4.22 v output25/A (sky130_fd_sc_hd__buf_4)
     1    0.03    0.04    0.13    4.36 v output25/X (sky130_fd_sc_hd__buf_4)
                                         out[5] (net)
                  0.04    0.00    4.36 v out[5] (out)
                                  4.36   data arrival time

                  0.00   10.00   10.00   clock __VIRTUAL_CLK__ (rise edge)
                          0.00   10.00   clock network delay (ideal)
                         -0.25    9.75   clock uncertainty
                          0.00    9.75   clock reconvergence pessimism
                         -2.00    7.75   output external delay
                                  7.75   data required time
-----------------------------------------------------------------------------
                                  7.75   data required time
                                 -4.36   data arrival time
-----------------------------------------------------------------------------
                                  3.39   slack (MET)


Startpoint: B[1] (input port clocked by __VIRTUAL_CLK__)
Endpoint: out[2] (output port clocked by __VIRTUAL_CLK__)
Path Group: __VIRTUAL_CLK__
Path Type: max
Corner: Fastest

Fanout     Cap    Slew   Delay    Time   Description
-----------------------------------------------------------------------------
                  0.00    0.00    0.00   clock __VIRTUAL_CLK__ (rise edge)
                          0.00    0.00   clock network delay (ideal)
                          2.00    2.00 ^ input external delay
     1    0.00    0.02    0.01    2.01 ^ B[1] (in)
                                         B[1] (net)
                  0.02    0.00    2.01 ^ input10/A (sky130_fd_sc_hd__buf_1)
     3    0.02    0.19    0.16    2.17 ^ input10/X (sky130_fd_sc_hd__buf_1)
                                         net10 (net)
                  0.19    0.00    2.17 ^ _169_/A (sky130_fd_sc_hd__clkbuf_4)
    10    0.07    0.17    0.23    2.40 ^ _169_/X (sky130_fd_sc_hd__clkbuf_4)
                                         _097_ (net)
                  0.17    0.01    2.42 ^ _234_/B (sky130_fd_sc_hd__and3_1)
     2    0.03    0.21    0.24    2.66 ^ _234_/X (sky130_fd_sc_hd__and3_1)
                                         _001_ (net)
                  0.21    0.00    2.66 ^ _236_/A1 (sky130_fd_sc_hd__o21a_2)
     4    0.05    0.21    0.24    2.91 ^ _236_/X (sky130_fd_sc_hd__o21a_2)
                                         _003_ (net)
                  0.21    0.01    2.91 ^ _239_/B1 (sky130_fd_sc_hd__a211oi_4)
     3    0.04    0.10    0.07    2.98 v _239_/Y (sky130_fd_sc_hd__a211oi_4)
                                         _006_ (net)
                  0.10    0.00    2.99 v rebuffer1/A (sky130_fd_sc_hd__dlygate4sd3_1)
     1    0.01    0.05    0.42    3.41 v rebuffer1/X (sky130_fd_sc_hd__dlygate4sd3_1)
                                         net28 (net)
                  0.05    0.00    3.41 v _305_/C (sky130_fd_sc_hd__or3_1)
     1    0.01    0.08    0.23    3.65 v _305_/X (sky130_fd_sc_hd__or3_1)
                                         _067_ (net)
                  0.08    0.00    3.65 v _309_/A3 (sky130_fd_sc_hd__a31o_1)
     1    0.01    0.04    0.18    3.83 v _309_/X (sky130_fd_sc_hd__a31o_1)
                                         _071_ (net)
                  0.04    0.00    3.83 v _310_/B2 (sky130_fd_sc_hd__o2bb2a_1)
     1    0.01    0.07    0.22    4.05 v _310_/X (sky130_fd_sc_hd__o2bb2a_1)
                                         net22 (net)
                  0.07    0.00    4.05 v output22/A (sky130_fd_sc_hd__buf_2)
     1    0.03    0.06    0.14    4.19 v output22/X (sky130_fd_sc_hd__buf_2)
                                         out[2] (net)
                  0.06    0.00    4.19 v out[2] (out)
                                  4.19   data arrival time

                  0.00   10.00   10.00   clock __VIRTUAL_CLK__ (rise edge)
                          0.00   10.00   clock network delay (ideal)
                         -0.25    9.75   clock uncertainty
                          0.00    9.75   clock reconvergence pessimism
                         -2.00    7.75   output external delay
                                  7.75   data required time
-----------------------------------------------------------------------------
                                  7.75   data required time
                                 -4.19   data arrival time
-----------------------------------------------------------------------------
                                  3.56   slack (MET)


Startpoint: opcode[0] (input port clocked by __VIRTUAL_CLK__)
Endpoint: out[1] (output port clocked by __VIRTUAL_CLK__)
Path Group: __VIRTUAL_CLK__
Path Type: max
Corner: Fastest

Fanout     Cap    Slew   Delay    Time   Description
-----------------------------------------------------------------------------
                  0.00    0.00    0.00   clock __VIRTUAL_CLK__ (rise edge)
                          0.00    0.00   clock network delay (ideal)
                          2.00    2.00 v input external delay
     1    0.00    0.01    0.00    2.00 v opcode[0] (in)
                                         opcode[0] (net)
                  0.01    0.00    2.00 v input17/A (sky130_fd_sc_hd__clkbuf_2)
     5    0.05    0.13    0.15    2.15 v input17/X (sky130_fd_sc_hd__clkbuf_2)
                                         net17 (net)
                  0.13    0.01    2.16 v _222_/A_N (sky130_fd_sc_hd__nand3b_4)
     5    0.03    0.09    0.18    2.35 v _222_/Y (sky130_fd_sc_hd__nand3b_4)
                                         _150_ (net)
                  0.09    0.00    2.35 v _234_/A (sky130_fd_sc_hd__and3_1)
     2    0.03    0.10    0.18    2.53 v _234_/X (sky130_fd_sc_hd__and3_1)
                                         _001_ (net)
                  0.10    0.00    2.54 v _236_/A1 (sky130_fd_sc_hd__o21a_2)
     4    0.05    0.10    0.24    2.77 v _236_/X (sky130_fd_sc_hd__o21a_2)
                                         _003_ (net)
                  0.10    0.01    2.78 v _239_/B1 (sky130_fd_sc_hd__a211oi_4)
     3    0.04    0.36    0.28    3.06 ^ _239_/Y (sky130_fd_sc_hd__a211oi_4)
                                         _006_ (net)
                  0.36    0.00    3.07 ^ _300_/A (sky130_fd_sc_hd__or3_1)
     2    0.03    0.19    0.22    3.29 ^ _300_/X (sky130_fd_sc_hd__or3_1)
                                         _063_ (net)
                  0.19    0.00    3.29 ^ _301_/C_N (sky130_fd_sc_hd__or3b_1)
     1    0.01    0.07    0.24    3.53 v _301_/X (sky130_fd_sc_hd__or3b_1)
                                         _064_ (net)
                  0.07    0.00    3.54 v _302_/B2 (sky130_fd_sc_hd__o2bb2a_1)
     2    0.03    0.13    0.29    3.82 v _302_/X (sky130_fd_sc_hd__o2bb2a_1)
                                         net21 (net)
                  0.13    0.00    3.82 v output21/A (sky130_fd_sc_hd__buf_2)
     1    0.04    0.06    0.16    3.99 v output21/X (sky130_fd_sc_hd__buf_2)
                                         out[1] (net)
                  0.06    0.00    3.99 v out[1] (out)
                                  3.99   data arrival time

                  0.00   10.00   10.00   clock __VIRTUAL_CLK__ (rise edge)
                          0.00   10.00   clock network delay (ideal)
                         -0.25    9.75   clock uncertainty
                          0.00    9.75   clock reconvergence pessimism
                         -2.00    7.75   output external delay
                                  7.75   data required time
-----------------------------------------------------------------------------
                                  7.75   data required time
                                 -3.99   data arrival time
-----------------------------------------------------------------------------
                                  3.76   slack (MET)


Startpoint: opcode[0] (input port clocked by __VIRTUAL_CLK__)
Endpoint: out[0] (output port clocked by __VIRTUAL_CLK__)
Path Group: __VIRTUAL_CLK__
Path Type: max
Corner: Fastest

Fanout     Cap    Slew   Delay    Time   Description
-----------------------------------------------------------------------------
                  0.00    0.00    0.00   clock __VIRTUAL_CLK__ (rise edge)
                          0.00    0.00   clock network delay (ideal)
                          2.00    2.00 v input external delay
     1    0.00    0.01    0.00    2.00 v opcode[0] (in)
                                         opcode[0] (net)
                  0.01    0.00    2.00 v input17/A (sky130_fd_sc_hd__clkbuf_2)
     5    0.05    0.13    0.15    2.15 v input17/X (sky130_fd_sc_hd__clkbuf_2)
                                         net17 (net)
                  0.13    0.01    2.16 v _161_/A (sky130_fd_sc_hd__or2_2)
     3    0.04    0.10    0.29    2.46 v _161_/X (sky130_fd_sc_hd__or2_2)
                                         _089_ (net)
                  0.10    0.00    2.46 v _250_/C (sky130_fd_sc_hd__and3_2)
     4    0.03    0.07    0.22    2.68 v _250_/X (sky130_fd_sc_hd__and3_2)
                                         _017_ (net)
                  0.07    0.00    2.68 v _251_/A (sky130_fd_sc_hd__inv_2)
     5    0.04    0.15    0.15    2.83 ^ _251_/Y (sky130_fd_sc_hd__inv_2)
                                         _018_ (net)
                  0.15    0.00    2.83 ^ _290_/B1 (sky130_fd_sc_hd__a22oi_1)
     1    0.01    0.08    0.08    2.91 v _290_/Y (sky130_fd_sc_hd__a22oi_1)
                                         _054_ (net)
                  0.08    0.00    2.91 v _292_/A2 (sky130_fd_sc_hd__o32a_1)
     1    0.01    0.05    0.22    3.13 v _292_/X (sky130_fd_sc_hd__o32a_1)
                                         _056_ (net)
                  0.05    0.00    3.13 v _293_/B1 (sky130_fd_sc_hd__a21o_1)
     1    0.01    0.05    0.10    3.23 v _293_/X (sky130_fd_sc_hd__a21o_1)
                                         net20 (net)
                  0.05    0.00    3.23 v output20/A (sky130_fd_sc_hd__buf_2)
     1    0.03    0.06    0.13    3.36 v output20/X (sky130_fd_sc_hd__buf_2)
                                         out[0] (net)
                  0.06    0.00    3.37 v out[0] (out)
                                  3.37   data arrival time

                  0.00   10.00   10.00   clock __VIRTUAL_CLK__ (rise edge)
                          0.00   10.00   clock network delay (ideal)
                         -0.25    9.75   clock uncertainty
                          0.00    9.75   clock reconvergence pessimism
                         -2.00    7.75   output external delay
                                  7.75   data required time
-----------------------------------------------------------------------------
                                  7.75   data required time
                                 -3.37   data arrival time
-----------------------------------------------------------------------------
                                  4.38   slack (MET)



worst slack corner Fastest: 3.2412
======================= Slowest Corner ===================================

Startpoint: B[1] (input port clocked by __VIRTUAL_CLK__)
Endpoint: out[4] (output port clocked by __VIRTUAL_CLK__)
Path Group: __VIRTUAL_CLK__
Path Type: max
Corner: Slowest

Fanout     Cap    Slew   Delay    Time   Description
-----------------------------------------------------------------------------
                  0.00    0.00    0.00   clock __VIRTUAL_CLK__ (rise edge)
                          0.00    0.00   clock network delay (ideal)
                          2.00    2.00 ^ input external delay
     1    0.00    0.04    0.02    2.02 ^ B[1] (in)
                                         B[1] (net)
                  0.04    0.00    2.02 ^ input10/A (sky130_fd_sc_hd__buf_1)
     3    0.02    0.40    0.39    2.41 ^ input10/X (sky130_fd_sc_hd__buf_1)
                                         net10 (net)
                  0.40    0.00    2.41 ^ _169_/A (sky130_fd_sc_hd__clkbuf_4)
    10    0.07    0.35    0.62    3.03 ^ _169_/X (sky130_fd_sc_hd__clkbuf_4)
                                         _097_ (net)
                  0.35    0.01    3.05 ^ _170_/A1 (sky130_fd_sc_hd__a22oi_1)
     2    0.01    0.22    0.36    3.41 v _170_/Y (sky130_fd_sc_hd__a22oi_1)
                                         _098_ (net)
                  0.22    0.00    3.41 v _172_/B_N (sky130_fd_sc_hd__and4bb_2)
     3    0.04    0.36    0.97    4.38 ^ _172_/X (sky130_fd_sc_hd__and4bb_2)
                                         _100_ (net)
                  0.36    0.00    4.38 ^ _185_/A (sky130_fd_sc_hd__nor2_2)
     2    0.03    0.16    0.28    4.66 v _185_/Y (sky130_fd_sc_hd__nor2_2)
                                         _113_ (net)
                  0.16    0.00    4.67 v _191_/A (sky130_fd_sc_hd__xnor2_2)
     2    0.02    0.50    0.55    5.22 ^ _191_/Y (sky130_fd_sc_hd__xnor2_2)
                                         _119_ (net)
                  0.50    0.00    5.22 ^ _193_/A3 (sky130_fd_sc_hd__a31o_1)
     2    0.03    0.47    0.76    5.98 ^ _193_/X (sky130_fd_sc_hd__a31o_1)
                                         _121_ (net)
                  0.47    0.01    5.99 ^ _194_/B (sky130_fd_sc_hd__xor2_2)
     2    0.03    0.60    0.70    6.69 ^ _194_/X (sky130_fd_sc_hd__xor2_2)
                                         _122_ (net)
                  0.60    0.00    6.69 ^ _321_/A (sky130_fd_sc_hd__xor2_1)
     1    0.02    0.76    0.87    7.57 ^ _321_/X (sky130_fd_sc_hd__xor2_1)
                                         _081_ (net)
                  0.76    0.00    7.57 ^ _328_/A2 (sky130_fd_sc_hd__a21oi_1)
     1    0.02    0.37    0.61    8.18 v _328_/Y (sky130_fd_sc_hd__a21oi_1)
                                         _088_ (net)
                  0.37    0.00    8.18 v _329_/B1 (sky130_fd_sc_hd__a21oi_1)
     1    0.02    0.68    0.72    8.90 ^ _329_/Y (sky130_fd_sc_hd__a21oi_1)
                                         net24 (net)
                  0.68    0.00    8.90 ^ output24/A (sky130_fd_sc_hd__buf_2)
     1    0.03    0.28    0.61    9.52 ^ output24/X (sky130_fd_sc_hd__buf_2)
                                         out[4] (net)
                  0.28    0.00    9.52 ^ out[4] (out)
                                  9.52   data arrival time

                  0.00   10.00   10.00   clock __VIRTUAL_CLK__ (rise edge)
                          0.00   10.00   clock network delay (ideal)
                         -0.25    9.75   clock uncertainty
                          0.00    9.75   clock reconvergence pessimism
                         -2.00    7.75   output external delay
                                  7.75   data required time
-----------------------------------------------------------------------------
                                  7.75   data required time
                                 -9.52   data arrival time
-----------------------------------------------------------------------------
                                 -1.77   slack (VIOLATED)


Startpoint: A[3] (input port clocked by __VIRTUAL_CLK__)
Endpoint: out[7] (output port clocked by __VIRTUAL_CLK__)
Path Group: __VIRTUAL_CLK__
Path Type: max
Corner: Slowest

Fanout     Cap    Slew   Delay    Time   Description
-----------------------------------------------------------------------------
                  0.00    0.00    0.00   clock __VIRTUAL_CLK__ (rise edge)
                          0.00    0.00   clock network delay (ideal)
                          2.00    2.00 ^ input external delay
     1    0.00    0.04    0.02    2.02 ^ A[3] (in)
                                         A[3] (net)
                  0.04    0.00    2.02 ^ input4/A (sky130_fd_sc_hd__clkbuf_2)
     4    0.04    0.31    0.37    2.39 ^ input4/X (sky130_fd_sc_hd__clkbuf_2)
                                         net4 (net)
                  0.31    0.01    2.40 ^ _175_/A (sky130_fd_sc_hd__clkbuf_4)
    10    0.05    0.27    0.53    2.92 ^ _175_/X (sky130_fd_sc_hd__clkbuf_4)
                                         _103_ (net)
                  0.27    0.01    2.93 ^ _176_/B (sky130_fd_sc_hd__nand2_1)
     2    0.04    0.66    0.65    3.58 v _176_/Y (sky130_fd_sc_hd__nand2_1)
                                         _104_ (net)
                  0.66    0.00    3.58 v _178_/A2 (sky130_fd_sc_hd__o21a_1)
     2    0.02    0.20    0.72    4.30 v _178_/X (sky130_fd_sc_hd__o21a_1)
                                         _106_ (net)
                  0.20    0.00    4.30 v _180_/A (sky130_fd_sc_hd__nor3_1)
     1    0.01    0.57    0.64    4.94 ^ _180_/Y (sky130_fd_sc_hd__nor3_1)
                                         _108_ (net)
                  0.57    0.00    4.94 ^ _181_/B (sky130_fd_sc_hd__nor2_2)
     2    0.03    0.22    0.37    5.32 v _181_/Y (sky130_fd_sc_hd__nor2_2)
                                         _109_ (net)
                  0.22    0.00    5.32 v _204_/C (sky130_fd_sc_hd__and3_1)
     2    0.03    0.26    0.64    5.96 v _204_/X (sky130_fd_sc_hd__and3_1)
                                         _132_ (net)
                  0.26    0.00    5.96 v _208_/B (sky130_fd_sc_hd__nor3_1)
     2    0.02    0.88    0.88    6.84 ^ _208_/Y (sky130_fd_sc_hd__nor3_1)
                                         _136_ (net)
                  0.88    0.00    6.85 ^ _268_/B1 (sky130_fd_sc_hd__a21o_1)
     2    0.02    0.24    0.52    7.36 ^ _268_/X (sky130_fd_sc_hd__a21o_1)
                                         _034_ (net)
                  0.24    0.00    7.36 ^ _283_/A2 (sky130_fd_sc_hd__o21bai_1)
     1    0.01    0.24    0.25    7.61 v _283_/Y (sky130_fd_sc_hd__o21bai_1)
                                         _048_ (net)
                  0.24    0.00    7.61 v _287_/A2 (sky130_fd_sc_hd__a211o_1)
     1    0.01    0.12    0.68    8.29 v _287_/X (sky130_fd_sc_hd__a211o_1)
                                         _052_ (net)
                  0.12    0.00    8.29 v _289_/A3 (sky130_fd_sc_hd__o31a_1)
     1    0.02    0.24    0.67    8.96 v _289_/X (sky130_fd_sc_hd__o31a_1)
                                         net27 (net)
                  0.24    0.00    8.96 v output27/A (sky130_fd_sc_hd__buf_2)
     1    0.03    0.17    0.45    9.41 v output27/X (sky130_fd_sc_hd__buf_2)
                                         out[7] (net)
                  0.17    0.00    9.41 v out[7] (out)
                                  9.41   data arrival time

                  0.00   10.00   10.00   clock __VIRTUAL_CLK__ (rise edge)
                          0.00   10.00   clock network delay (ideal)
                         -0.25    9.75   clock uncertainty
                          0.00    9.75   clock reconvergence pessimism
                         -2.00    7.75   output external delay
                                  7.75   data required time
-----------------------------------------------------------------------------
                                  7.75   data required time
                                 -9.41   data arrival time
-----------------------------------------------------------------------------
                                 -1.66   slack (VIOLATED)


Startpoint: A[3] (input port clocked by __VIRTUAL_CLK__)
Endpoint: out[6] (output port clocked by __VIRTUAL_CLK__)
Path Group: __VIRTUAL_CLK__
Path Type: max
Corner: Slowest

Fanout     Cap    Slew   Delay    Time   Description
-----------------------------------------------------------------------------
                  0.00    0.00    0.00   clock __VIRTUAL_CLK__ (rise edge)
                          0.00    0.00   clock network delay (ideal)
                          2.00    2.00 ^ input external delay
     1    0.00    0.04    0.02    2.02 ^ A[3] (in)
                                         A[3] (net)
                  0.04    0.00    2.02 ^ input4/A (sky130_fd_sc_hd__clkbuf_2)
     4    0.04    0.31    0.37    2.39 ^ input4/X (sky130_fd_sc_hd__clkbuf_2)
                                         net4 (net)
                  0.31    0.01    2.40 ^ _175_/A (sky130_fd_sc_hd__clkbuf_4)
    10    0.05    0.27    0.53    2.92 ^ _175_/X (sky130_fd_sc_hd__clkbuf_4)
                                         _103_ (net)
                  0.27    0.01    2.93 ^ _176_/B (sky130_fd_sc_hd__nand2_1)
     2    0.04    0.66    0.65    3.58 v _176_/Y (sky130_fd_sc_hd__nand2_1)
                                         _104_ (net)
                  0.66    0.00    3.58 v _178_/A2 (sky130_fd_sc_hd__o21a_1)
     2    0.02    0.20    0.72    4.30 v _178_/X (sky130_fd_sc_hd__o21a_1)
                                         _106_ (net)
                  0.20    0.00    4.30 v _180_/A (sky130_fd_sc_hd__nor3_1)
     1    0.01    0.57    0.64    4.94 ^ _180_/Y (sky130_fd_sc_hd__nor3_1)
                                         _108_ (net)
                  0.57    0.00    4.94 ^ _181_/B (sky130_fd_sc_hd__nor2_2)
     2    0.03    0.22    0.37    5.32 v _181_/Y (sky130_fd_sc_hd__nor2_2)
                                         _109_ (net)
                  0.22    0.00    5.32 v _204_/C (sky130_fd_sc_hd__and3_1)
     2    0.03    0.26    0.64    5.96 v _204_/X (sky130_fd_sc_hd__and3_1)
                                         _132_ (net)
                  0.26    0.00    5.96 v _208_/B (sky130_fd_sc_hd__nor3_1)
     2    0.02    0.88    0.88    6.84 ^ _208_/Y (sky130_fd_sc_hd__nor3_1)
                                         _136_ (net)
                  0.88    0.00    6.85 ^ _268_/B1 (sky130_fd_sc_hd__a21o_1)
     2    0.02    0.24    0.52    7.36 ^ _268_/X (sky130_fd_sc_hd__a21o_1)
                                         _034_ (net)
                  0.24    0.00    7.36 ^ _269_/B (sky130_fd_sc_hd__xnor2_1)
     1    0.01    0.32    0.32    7.69 ^ _269_/Y (sky130_fd_sc_hd__xnor2_1)
                                         _035_ (net)
                  0.32    0.00    7.69 ^ _273_/A2 (sky130_fd_sc_hd__a21oi_1)
     1    0.02    0.41    0.49    8.17 v _273_/Y (sky130_fd_sc_hd__a21oi_1)
                                         _039_ (net)
                  0.41    0.00    8.17 v _274_/B2 (sky130_fd_sc_hd__a22oi_2)
     1    0.02    0.47    0.61    8.78 ^ _274_/Y (sky130_fd_sc_hd__a22oi_2)
                                         net26 (net)
                  0.47    0.00    8.79 ^ output26/A (sky130_fd_sc_hd__buf_2)
     1    0.03    0.27    0.54    9.32 ^ output26/X (sky130_fd_sc_hd__buf_2)
                                         out[6] (net)
                  0.27    0.00    9.33 ^ out[6] (out)
                                  9.33   data arrival time

                  0.00   10.00   10.00   clock __VIRTUAL_CLK__ (rise edge)
                          0.00   10.00   clock network delay (ideal)
                         -0.25    9.75   clock uncertainty
                          0.00    9.75   clock reconvergence pessimism
                         -2.00    7.75   output external delay
                                  7.75   data required time
-----------------------------------------------------------------------------
                                  7.75   data required time
                                 -9.33   data arrival time
-----------------------------------------------------------------------------
                                 -1.58   slack (VIOLATED)


Startpoint: A[3] (input port clocked by __VIRTUAL_CLK__)
Endpoint: out[5] (output port clocked by __VIRTUAL_CLK__)
Path Group: __VIRTUAL_CLK__
Path Type: max
Corner: Slowest

Fanout     Cap    Slew   Delay    Time   Description
-----------------------------------------------------------------------------
                  0.00    0.00    0.00   clock __VIRTUAL_CLK__ (rise edge)
                          0.00    0.00   clock network delay (ideal)
                          2.00    2.00 ^ input external delay
     1    0.00    0.04    0.02    2.02 ^ A[3] (in)
                                         A[3] (net)
                  0.04    0.00    2.02 ^ input4/A (sky130_fd_sc_hd__clkbuf_2)
     4    0.04    0.31    0.37    2.39 ^ input4/X (sky130_fd_sc_hd__clkbuf_2)
                                         net4 (net)
                  0.31    0.01    2.40 ^ _175_/A (sky130_fd_sc_hd__clkbuf_4)
    10    0.05    0.27    0.53    2.92 ^ _175_/X (sky130_fd_sc_hd__clkbuf_4)
                                         _103_ (net)
                  0.27    0.01    2.93 ^ _176_/B (sky130_fd_sc_hd__nand2_1)
     2    0.04    0.66    0.65    3.58 v _176_/Y (sky130_fd_sc_hd__nand2_1)
                                         _104_ (net)
                  0.66    0.00    3.58 v _178_/A2 (sky130_fd_sc_hd__o21a_1)
     2    0.02    0.20    0.72    4.30 v _178_/X (sky130_fd_sc_hd__o21a_1)
                                         _106_ (net)
                  0.20    0.00    4.30 v _180_/A (sky130_fd_sc_hd__nor3_1)
     1    0.01    0.57    0.64    4.94 ^ _180_/Y (sky130_fd_sc_hd__nor3_1)
                                         _108_ (net)
                  0.57    0.00    4.94 ^ _181_/B (sky130_fd_sc_hd__nor2_2)
     2    0.03    0.22    0.37    5.32 v _181_/Y (sky130_fd_sc_hd__nor2_2)
                                         _109_ (net)
                  0.22    0.00    5.32 v _204_/C (sky130_fd_sc_hd__and3_1)
     2    0.03    0.26    0.64    5.96 v _204_/X (sky130_fd_sc_hd__and3_1)
                                         _132_ (net)
                  0.26    0.00    5.96 v _208_/B (sky130_fd_sc_hd__nor3_1)
     2    0.02    0.88    0.88    6.84 ^ _208_/Y (sky130_fd_sc_hd__nor3_1)
                                         _136_ (net)
                  0.88    0.00    6.85 ^ _210_/A_N (sky130_fd_sc_hd__and2b_1)
     1    0.01    0.14    0.70    7.55 v _210_/X (sky130_fd_sc_hd__and2b_1)
                                         _138_ (net)
                  0.14    0.00    7.55 v _211_/B (sky130_fd_sc_hd__xnor2_1)
     1    0.01    0.41    0.43    7.98 ^ _211_/Y (sky130_fd_sc_hd__xnor2_1)
                                         _139_ (net)
                  0.41    0.00    7.98 ^ _221_/A2 (sky130_fd_sc_hd__a21oi_1)
     1    0.01    0.29    0.41    8.39 v _221_/Y (sky130_fd_sc_hd__a21oi_1)
                                         _149_ (net)
                  0.29    0.00    8.39 v _254_/B1 (sky130_fd_sc_hd__a22oi_2)
     1    0.01    0.32    0.39    8.78 ^ _254_/Y (sky130_fd_sc_hd__a22oi_2)
                                         net25 (net)
                  0.32    0.00    8.78 ^ output25/A (sky130_fd_sc_hd__buf_4)
     1    0.03    0.17    0.41    9.19 ^ output25/X (sky130_fd_sc_hd__buf_4)
                                         out[5] (net)
                  0.17    0.00    9.19 ^ out[5] (out)
                                  9.19   data arrival time

                  0.00   10.00   10.00   clock __VIRTUAL_CLK__ (rise edge)
                          0.00   10.00   clock network delay (ideal)
                         -0.25    9.75   clock uncertainty
                          0.00    9.75   clock reconvergence pessimism
                         -2.00    7.75   output external delay
                                  7.75   data required time
-----------------------------------------------------------------------------
                                  7.75   data required time
                                 -9.19   data arrival time
-----------------------------------------------------------------------------
                                 -1.44   slack (VIOLATED)


Startpoint: B[0] (input port clocked by __VIRTUAL_CLK__)
Endpoint: out[3] (output port clocked by __VIRTUAL_CLK__)
Path Group: __VIRTUAL_CLK__
Path Type: max
Corner: Slowest

Fanout     Cap    Slew   Delay    Time   Description
-----------------------------------------------------------------------------
                  0.00    0.00    0.00   clock __VIRTUAL_CLK__ (rise edge)
                          0.00    0.00   clock network delay (ideal)
                          2.00    2.00 v input external delay
     1    0.00    0.02    0.01    2.01 v B[0] (in)
                                         B[0] (net)
                  0.02    0.00    2.01 v input9/A (sky130_fd_sc_hd__clkbuf_4)
     8    0.06    0.23    0.39    2.40 v input9/X (sky130_fd_sc_hd__clkbuf_4)
                                         net9 (net)
                  0.23    0.01    2.41 v _186_/A (sky130_fd_sc_hd__clkbuf_4)
    10    0.06    0.23    0.49    2.90 v _186_/X (sky130_fd_sc_hd__clkbuf_4)
                                         _114_ (net)
                  0.23    0.00    2.91 v _242_/A1 (sky130_fd_sc_hd__o31a_1)
     1    0.02    0.26    0.84    3.75 v _242_/X (sky130_fd_sc_hd__o31a_1)
                                         _009_ (net)
                  0.26    0.00    3.75 v _243_/B (sky130_fd_sc_hd__xnor2_1)
     2    0.03    0.94    0.90    4.65 ^ _243_/Y (sky130_fd_sc_hd__xnor2_1)
                                         _010_ (net)
                  0.94    0.00    4.65 ^ _245_/B (sky130_fd_sc_hd__nor2_1)
     3    0.03    0.35    0.63    5.28 v _245_/Y (sky130_fd_sc_hd__nor2_1)
                                         _012_ (net)
                  0.35    0.00    5.29 v _312_/A (sky130_fd_sc_hd__or2b_1)
     2    0.03    0.28    0.84    6.12 v _312_/X (sky130_fd_sc_hd__or2b_1)
                                         _073_ (net)
                  0.28    0.00    6.12 v _314_/A3 (sky130_fd_sc_hd__a31o_1)
     1    0.02    0.17    0.61    6.73 v _314_/X (sky130_fd_sc_hd__a31o_1)
                                         _075_ (net)
                  0.17    0.00    6.73 v _318_/A2 (sky130_fd_sc_hd__o21bai_1)
     1    0.02    0.60    0.60    7.33 ^ _318_/Y (sky130_fd_sc_hd__o21bai_1)
                                         _079_ (net)
                  0.60    0.00    7.33 ^ _319_/B1_N (sky130_fd_sc_hd__o21ba_1)
     1    0.01    0.15    0.55    7.88 v _319_/X (sky130_fd_sc_hd__o21ba_1)
                                         _080_ (net)
                  0.15    0.00    7.88 v _320_/B1 (sky130_fd_sc_hd__a21oi_1)
     1    0.02    0.61    0.58    8.46 ^ _320_/Y (sky130_fd_sc_hd__a21oi_1)
                                         net23 (net)
                  0.61    0.00    8.46 ^ output23/A (sky130_fd_sc_hd__buf_2)
     1    0.03    0.28    0.60    9.06 ^ output23/X (sky130_fd_sc_hd__buf_2)
                                         out[3] (net)
                  0.28    0.00    9.06 ^ out[3] (out)
                                  9.06   data arrival time

                  0.00   10.00   10.00   clock __VIRTUAL_CLK__ (rise edge)
                          0.00   10.00   clock network delay (ideal)
                         -0.25    9.75   clock uncertainty
                          0.00    9.75   clock reconvergence pessimism
                         -2.00    7.75   output external delay
                                  7.75   data required time
-----------------------------------------------------------------------------
                                  7.75   data required time
                                 -9.06   data arrival time
-----------------------------------------------------------------------------
                                 -1.31   slack (VIOLATED)


Startpoint: opcode[0] (input port clocked by __VIRTUAL_CLK__)
Endpoint: out[2] (output port clocked by __VIRTUAL_CLK__)
Path Group: __VIRTUAL_CLK__
Path Type: max
Corner: Slowest

Fanout     Cap    Slew   Delay    Time   Description
-----------------------------------------------------------------------------
                  0.00    0.00    0.00   clock __VIRTUAL_CLK__ (rise edge)
                          0.00    0.00   clock network delay (ideal)
                          2.00    2.00 v input external delay
     1    0.00    0.02    0.01    2.01 v opcode[0] (in)
                                         opcode[0] (net)
                  0.02    0.00    2.01 v input17/A (sky130_fd_sc_hd__clkbuf_2)
     5    0.05    0.35    0.41    2.42 v input17/X (sky130_fd_sc_hd__clkbuf_2)
                                         net17 (net)
                  0.35    0.01    2.43 v _222_/A_N (sky130_fd_sc_hd__nand3b_4)
     5    0.03    0.26    0.55    2.98 v _222_/Y (sky130_fd_sc_hd__nand3b_4)
                                         _150_ (net)
                  0.26    0.00    2.98 v _234_/A (sky130_fd_sc_hd__and3_1)
     2    0.03    0.26    0.59    3.57 v _234_/X (sky130_fd_sc_hd__and3_1)
                                         _001_ (net)
                  0.26    0.00    3.57 v _238_/B (sky130_fd_sc_hd__nor3_2)
     2    0.03    0.84    0.85    4.42 ^ _238_/Y (sky130_fd_sc_hd__nor3_2)
                                         _005_ (net)
                  0.84    0.00    4.42 ^ _239_/C1 (sky130_fd_sc_hd__a211oi_4)
     3    0.04    0.24    0.38    4.80 v _239_/Y (sky130_fd_sc_hd__a211oi_4)
                                         _006_ (net)
                  0.24    0.00    4.81 v rebuffer1/A (sky130_fd_sc_hd__dlygate4sd3_1)
     1    0.01    0.14    1.31    6.12 v rebuffer1/X (sky130_fd_sc_hd__dlygate4sd3_1)
                                         net28 (net)
                  0.14    0.00    6.12 v _305_/C (sky130_fd_sc_hd__or3_1)
     1    0.01    0.24    0.93    7.05 v _305_/X (sky130_fd_sc_hd__or3_1)
                                         _067_ (net)
                  0.24    0.00    7.05 v _309_/A3 (sky130_fd_sc_hd__a31o_1)
     1    0.01    0.11    0.53    7.58 v _309_/X (sky130_fd_sc_hd__a31o_1)
                                         _071_ (net)
                  0.11    0.00    7.58 v _310_/B2 (sky130_fd_sc_hd__o2bb2a_1)
     1    0.01    0.20    0.78    8.36 v _310_/X (sky130_fd_sc_hd__o2bb2a_1)
                                         net22 (net)
                  0.20    0.00    8.37 v output22/A (sky130_fd_sc_hd__buf_2)
     1    0.03    0.17    0.43    8.79 v output22/X (sky130_fd_sc_hd__buf_2)
                                         out[2] (net)
                  0.17    0.00    8.80 v out[2] (out)
                                  8.80   data arrival time

                  0.00   10.00   10.00   clock __VIRTUAL_CLK__ (rise edge)
                          0.00   10.00   clock network delay (ideal)
                         -0.25    9.75   clock uncertainty
                          0.00    9.75   clock reconvergence pessimism
                         -2.00    7.75   output external delay
                                  7.75   data required time
-----------------------------------------------------------------------------
                                  7.75   data required time
                                 -8.80   data arrival time
-----------------------------------------------------------------------------
                                 -1.05   slack (VIOLATED)


Startpoint: opcode[0] (input port clocked by __VIRTUAL_CLK__)
Endpoint: out[1] (output port clocked by __VIRTUAL_CLK__)
Path Group: __VIRTUAL_CLK__
Path Type: max
Corner: Slowest

Fanout     Cap    Slew   Delay    Time   Description
-----------------------------------------------------------------------------
                  0.00    0.00    0.00   clock __VIRTUAL_CLK__ (rise edge)
                          0.00    0.00   clock network delay (ideal)
                          2.00    2.00 v input external delay
     1    0.00    0.02    0.01    2.01 v opcode[0] (in)
                                         opcode[0] (net)
                  0.02    0.00    2.01 v input17/A (sky130_fd_sc_hd__clkbuf_2)
     5    0.05    0.35    0.41    2.42 v input17/X (sky130_fd_sc_hd__clkbuf_2)
                                         net17 (net)
                  0.35    0.01    2.43 v _222_/A_N (sky130_fd_sc_hd__nand3b_4)
     5    0.03    0.26    0.55    2.98 v _222_/Y (sky130_fd_sc_hd__nand3b_4)
                                         _150_ (net)
                  0.26    0.00    2.98 v _234_/A (sky130_fd_sc_hd__and3_1)
     2    0.03    0.26    0.59    3.57 v _234_/X (sky130_fd_sc_hd__and3_1)
                                         _001_ (net)
                  0.26    0.00    3.57 v _236_/A1 (sky130_fd_sc_hd__o21a_2)
     4    0.05    0.26    0.69    4.26 v _236_/X (sky130_fd_sc_hd__o21a_2)
                                         _003_ (net)
                  0.26    0.01    4.27 v _239_/B1 (sky130_fd_sc_hd__a211oi_4)
     3    0.04    0.78    0.87    5.14 ^ _239_/Y (sky130_fd_sc_hd__a211oi_4)
                                         _006_ (net)
                  0.78    0.00    5.15 ^ _300_/A (sky130_fd_sc_hd__or3_1)
     2    0.03    0.40    0.70    5.84 ^ _300_/X (sky130_fd_sc_hd__or3_1)
                                         _063_ (net)
                  0.40    0.00    5.85 ^ _301_/C_N (sky130_fd_sc_hd__or3b_1)
     1    0.01    0.21    1.04    6.89 v _301_/X (sky130_fd_sc_hd__or3b_1)
                                         _064_ (net)
                  0.21    0.00    6.89 v _302_/B2 (sky130_fd_sc_hd__o2bb2a_1)
     2    0.03    0.36    0.98    7.86 v _302_/X (sky130_fd_sc_hd__o2bb2a_1)
                                         net21 (net)
                  0.36    0.00    7.87 v output21/A (sky130_fd_sc_hd__buf_2)
     1    0.04    0.17    0.51    8.38 v output21/X (sky130_fd_sc_hd__buf_2)
                                         out[1] (net)
                  0.17    0.00    8.38 v out[1] (out)
                                  8.38   data arrival time

                  0.00   10.00   10.00   clock __VIRTUAL_CLK__ (rise edge)
                          0.00   10.00   clock network delay (ideal)
                         -0.25    9.75   clock uncertainty
                          0.00    9.75   clock reconvergence pessimism
                         -2.00    7.75   output external delay
                                  7.75   data required time
-----------------------------------------------------------------------------
                                  7.75   data required time
                                 -8.38   data arrival time
-----------------------------------------------------------------------------
                                 -0.63   slack (VIOLATED)


Startpoint: opcode[0] (input port clocked by __VIRTUAL_CLK__)
Endpoint: out[0] (output port clocked by __VIRTUAL_CLK__)
Path Group: __VIRTUAL_CLK__
Path Type: max
Corner: Slowest

Fanout     Cap    Slew   Delay    Time   Description
-----------------------------------------------------------------------------
                  0.00    0.00    0.00   clock __VIRTUAL_CLK__ (rise edge)
                          0.00    0.00   clock network delay (ideal)
                          2.00    2.00 v input external delay
     1    0.00    0.02    0.01    2.01 v opcode[0] (in)
                                         opcode[0] (net)
                  0.02    0.00    2.01 v input17/A (sky130_fd_sc_hd__clkbuf_2)
     5    0.05    0.35    0.41    2.42 v input17/X (sky130_fd_sc_hd__clkbuf_2)
                                         net17 (net)
                  0.35    0.01    2.43 v _161_/A (sky130_fd_sc_hd__or2_2)
     3    0.04    0.28    1.04    3.47 v _161_/X (sky130_fd_sc_hd__or2_2)
                                         _089_ (net)
                  0.28    0.00    3.47 v _250_/C (sky130_fd_sc_hd__and3_2)
     4    0.03    0.19    0.71    4.18 v _250_/X (sky130_fd_sc_hd__and3_2)
                                         _017_ (net)
                  0.19    0.00    4.19 v _251_/A (sky130_fd_sc_hd__inv_2)
     5    0.04    0.32    0.34    4.53 ^ _251_/Y (sky130_fd_sc_hd__inv_2)
                                         _018_ (net)
                  0.32    0.00    4.53 ^ _290_/B1 (sky130_fd_sc_hd__a22oi_1)
     1    0.01    0.23    0.31    4.85 v _290_/Y (sky130_fd_sc_hd__a22oi_1)
                                         _054_ (net)
                  0.23    0.00    4.85 v _292_/A2 (sky130_fd_sc_hd__o32a_1)
     1    0.01    0.14    0.73    5.58 v _292_/X (sky130_fd_sc_hd__o32a_1)
                                         _056_ (net)
                  0.14    0.00    5.59 v _293_/B1 (sky130_fd_sc_hd__a21o_1)
     1    0.01    0.12    0.38    5.97 v _293_/X (sky130_fd_sc_hd__a21o_1)
                                         net20 (net)
                  0.12    0.00    5.97 v output20/A (sky130_fd_sc_hd__buf_2)
     1    0.03    0.17    0.39    6.36 v output20/X (sky130_fd_sc_hd__buf_2)
                                         out[0] (net)
                  0.17    0.00    6.36 v out[0] (out)
                                  6.36   data arrival time

                  0.00   10.00   10.00   clock __VIRTUAL_CLK__ (rise edge)
                          0.00   10.00   clock network delay (ideal)
                         -0.25    9.75   clock uncertainty
                          0.00    9.75   clock reconvergence pessimism
                         -2.00    7.75   output external delay
                                  7.75   data required time
-----------------------------------------------------------------------------
                                  7.75   data required time
                                 -6.36   data arrival time
-----------------------------------------------------------------------------
                                  1.39   slack (MET)



worst slack corner Slowest: -1.7695
======================= Typical Corner ===================================

Startpoint: B[1] (input port clocked by __VIRTUAL_CLK__)
Endpoint: out[4] (output port clocked by __VIRTUAL_CLK__)
Path Group: __VIRTUAL_CLK__
Path Type: max
Corner: Typical

Fanout     Cap    Slew   Delay    Time   Description
-----------------------------------------------------------------------------
                  0.00    0.00    0.00   clock __VIRTUAL_CLK__ (rise edge)
                          0.00    0.00   clock network delay (ideal)
                          2.00    2.00 ^ input external delay
     1    0.00    0.02    0.01    2.01 ^ B[1] (in)
                                         B[1] (net)
                  0.02    0.00    2.01 ^ input10/A (sky130_fd_sc_hd__buf_1)
     3    0.02    0.25    0.23    2.24 ^ input10/X (sky130_fd_sc_hd__buf_1)
                                         net10 (net)
                  0.25    0.00    2.24 ^ _169_/A (sky130_fd_sc_hd__clkbuf_4)
    10    0.07    0.22    0.35    2.59 ^ _169_/X (sky130_fd_sc_hd__clkbuf_4)
                                         _097_ (net)
                  0.22    0.01    2.60 ^ _170_/A1 (sky130_fd_sc_hd__a22oi_1)
     2    0.01    0.11    0.17    2.77 v _170_/Y (sky130_fd_sc_hd__a22oi_1)
                                         _098_ (net)
                  0.11    0.00    2.77 v _172_/B_N (sky130_fd_sc_hd__and4bb_2)
     3    0.04    0.22    0.48    3.25 ^ _172_/X (sky130_fd_sc_hd__and4bb_2)
                                         _100_ (net)
                  0.22    0.00    3.25 ^ _185_/A (sky130_fd_sc_hd__nor2_2)
     2    0.03    0.10    0.14    3.39 v _185_/Y (sky130_fd_sc_hd__nor2_2)
                                         _113_ (net)
                  0.10    0.00    3.39 v _191_/A (sky130_fd_sc_hd__xnor2_2)
     2    0.02    0.32    0.34    3.73 ^ _191_/Y (sky130_fd_sc_hd__xnor2_2)
                                         _119_ (net)
                  0.32    0.00    3.73 ^ _193_/A3 (sky130_fd_sc_hd__a31o_1)
     2    0.03    0.29    0.39    4.11 ^ _193_/X (sky130_fd_sc_hd__a31o_1)
                                         _121_ (net)
                  0.29    0.01    4.12 ^ _194_/B (sky130_fd_sc_hd__xor2_2)
     2    0.03    0.38    0.39    4.51 ^ _194_/X (sky130_fd_sc_hd__xor2_2)
                                         _122_ (net)
                  0.38    0.00    4.51 ^ _321_/A (sky130_fd_sc_hd__xor2_1)
     1    0.02    0.47    0.47    4.98 ^ _321_/X (sky130_fd_sc_hd__xor2_1)
                                         _081_ (net)
                  0.47    0.00    4.98 ^ _328_/A2 (sky130_fd_sc_hd__a21oi_1)
     1    0.02    0.19    0.27    5.25 v _328_/Y (sky130_fd_sc_hd__a21oi_1)
                                         _088_ (net)
                  0.19    0.00    5.25 v _329_/B1 (sky130_fd_sc_hd__a21oi_1)
     1    0.02    0.42    0.42    5.67 ^ _329_/Y (sky130_fd_sc_hd__a21oi_1)
                                         net24 (net)
                  0.42    0.00    5.67 ^ output24/A (sky130_fd_sc_hd__buf_2)
     1    0.03    0.17    0.31    5.98 ^ output24/X (sky130_fd_sc_hd__buf_2)
                                         out[4] (net)
                  0.17    0.00    5.98 ^ out[4] (out)
                                  5.98   data arrival time

                  0.00   10.00   10.00   clock __VIRTUAL_CLK__ (rise edge)
                          0.00   10.00   clock network delay (ideal)
                         -0.25    9.75   clock uncertainty
                          0.00    9.75   clock reconvergence pessimism
                         -2.00    7.75   output external delay
                                  7.75   data required time
-----------------------------------------------------------------------------
                                  7.75   data required time
                                 -5.98   data arrival time
-----------------------------------------------------------------------------
                                  1.77   slack (MET)


Startpoint: B[0] (input port clocked by __VIRTUAL_CLK__)
Endpoint: out[7] (output port clocked by __VIRTUAL_CLK__)
Path Group: __VIRTUAL_CLK__
Path Type: max
Corner: Typical

Fanout     Cap    Slew   Delay    Time   Description
-----------------------------------------------------------------------------
                  0.00    0.00    0.00   clock __VIRTUAL_CLK__ (rise edge)
                          0.00    0.00   clock network delay (ideal)
                          2.00    2.00 v input external delay
     1    0.00    0.01    0.01    2.01 v B[0] (in)
                                         B[0] (net)
                  0.01    0.00    2.01 v input9/A (sky130_fd_sc_hd__clkbuf_4)
     8    0.06    0.13    0.21    2.22 v input9/X (sky130_fd_sc_hd__clkbuf_4)
                                         net9 (net)
                  0.13    0.01    2.23 v _186_/A (sky130_fd_sc_hd__clkbuf_4)
    10    0.06    0.13    0.27    2.50 v _186_/X (sky130_fd_sc_hd__clkbuf_4)
                                         _114_ (net)
                  0.13    0.00    2.51 v _242_/A1 (sky130_fd_sc_hd__o31a_1)
     1    0.02    0.14    0.44    2.95 v _242_/X (sky130_fd_sc_hd__o31a_1)
                                         _009_ (net)
                  0.14    0.00    2.95 v _243_/B (sky130_fd_sc_hd__xnor2_1)
     2    0.03    0.58    0.53    3.48 ^ _243_/Y (sky130_fd_sc_hd__xnor2_1)
                                         _010_ (net)
                  0.58    0.00    3.48 ^ _244_/B (sky130_fd_sc_hd__nand2_1)
     3    0.02    0.23    0.32    3.80 v _244_/Y (sky130_fd_sc_hd__nand2_1)
                                         _011_ (net)
                  0.23    0.00    3.81 v _248_/A3 (sky130_fd_sc_hd__a311o_4)
     5    0.04    0.11    0.57    4.37 v _248_/X (sky130_fd_sc_hd__a311o_4)
                                         _015_ (net)
                  0.11    0.00    4.38 v _260_/A1 (sky130_fd_sc_hd__a311oi_4)
     3    0.03    0.44    0.43    4.80 ^ _260_/Y (sky130_fd_sc_hd__a311oi_4)
                                         _026_ (net)
                  0.44    0.00    4.81 ^ _280_/A2 (sky130_fd_sc_hd__o21ai_1)
     1    0.01    0.15    0.21    5.01 v _280_/Y (sky130_fd_sc_hd__o21ai_1)
                                         _045_ (net)
                  0.15    0.00    5.01 v _282_/B (sky130_fd_sc_hd__and3_1)
     1    0.01    0.07    0.25    5.27 v _282_/X (sky130_fd_sc_hd__and3_1)
                                         _047_ (net)
                  0.07    0.00    5.27 v _289_/A2 (sky130_fd_sc_hd__o31a_1)
     1    0.02    0.13    0.39    5.65 v _289_/X (sky130_fd_sc_hd__o31a_1)
                                         net27 (net)
                  0.13    0.00    5.66 v output27/A (sky130_fd_sc_hd__buf_2)
     1    0.03    0.09    0.23    5.88 v output27/X (sky130_fd_sc_hd__buf_2)
                                         out[7] (net)
                  0.09    0.00    5.88 v out[7] (out)
                                  5.88   data arrival time

                  0.00   10.00   10.00   clock __VIRTUAL_CLK__ (rise edge)
                          0.00   10.00   clock network delay (ideal)
                         -0.25    9.75   clock uncertainty
                          0.00    9.75   clock reconvergence pessimism
                         -2.00    7.75   output external delay
                                  7.75   data required time
-----------------------------------------------------------------------------
                                  7.75   data required time
                                 -5.88   data arrival time
-----------------------------------------------------------------------------
                                  1.87   slack (MET)


Startpoint: A[3] (input port clocked by __VIRTUAL_CLK__)
Endpoint: out[6] (output port clocked by __VIRTUAL_CLK__)
Path Group: __VIRTUAL_CLK__
Path Type: max
Corner: Typical

Fanout     Cap    Slew   Delay    Time   Description
-----------------------------------------------------------------------------
                  0.00    0.00    0.00   clock __VIRTUAL_CLK__ (rise edge)
                          0.00    0.00   clock network delay (ideal)
                          2.00    2.00 ^ input external delay
     1    0.00    0.02    0.01    2.01 ^ A[3] (in)
                                         A[3] (net)
                  0.02    0.00    2.01 ^ input4/A (sky130_fd_sc_hd__clkbuf_2)
     4    0.04    0.20    0.22    2.23 ^ input4/X (sky130_fd_sc_hd__clkbuf_2)
                                         net4 (net)
                  0.20    0.01    2.24 ^ _175_/A (sky130_fd_sc_hd__clkbuf_4)
    10    0.05    0.17    0.29    2.53 ^ _175_/X (sky130_fd_sc_hd__clkbuf_4)
                                         _103_ (net)
                  0.17    0.01    2.54 ^ _176_/B (sky130_fd_sc_hd__nand2_1)
     2    0.04    0.29    0.29    2.83 v _176_/Y (sky130_fd_sc_hd__nand2_1)
                                         _104_ (net)
                  0.29    0.00    2.83 v _178_/A2 (sky130_fd_sc_hd__o21a_1)
     2    0.02    0.10    0.35    3.18 v _178_/X (sky130_fd_sc_hd__o21a_1)
                                         _106_ (net)
                  0.10    0.00    3.18 v _180_/A (sky130_fd_sc_hd__nor3_1)
     1    0.01    0.34    0.36    3.54 ^ _180_/Y (sky130_fd_sc_hd__nor3_1)
                                         _108_ (net)
                  0.34    0.00    3.54 ^ _181_/B (sky130_fd_sc_hd__nor2_2)
     2    0.03    0.12    0.16    3.70 v _181_/Y (sky130_fd_sc_hd__nor2_2)
                                         _109_ (net)
                  0.12    0.00    3.71 v _204_/C (sky130_fd_sc_hd__and3_1)
     2    0.03    0.13    0.32    4.02 v _204_/X (sky130_fd_sc_hd__and3_1)
                                         _132_ (net)
                  0.13    0.00    4.03 v _208_/B (sky130_fd_sc_hd__nor3_1)
     2    0.02    0.52    0.50    4.53 ^ _208_/Y (sky130_fd_sc_hd__nor3_1)
                                         _136_ (net)
                  0.52    0.00    4.53 ^ _268_/B1 (sky130_fd_sc_hd__a21o_1)
     2    0.02    0.15    0.23    4.76 ^ _268_/X (sky130_fd_sc_hd__a21o_1)
                                         _034_ (net)
                  0.15    0.00    4.76 ^ _269_/B (sky130_fd_sc_hd__xnor2_1)
     1    0.01    0.20    0.17    4.94 ^ _269_/Y (sky130_fd_sc_hd__xnor2_1)
                                         _035_ (net)
                  0.20    0.00    4.94 ^ _273_/A2 (sky130_fd_sc_hd__a21oi_1)
     1    0.02    0.21    0.22    5.16 v _273_/Y (sky130_fd_sc_hd__a21oi_1)
                                         _039_ (net)
                  0.21    0.00    5.16 v _274_/B2 (sky130_fd_sc_hd__a22oi_2)
     1    0.02    0.30    0.35    5.51 ^ _274_/Y (sky130_fd_sc_hd__a22oi_2)
                                         net26 (net)
                  0.30    0.00    5.51 ^ output26/A (sky130_fd_sc_hd__buf_2)
     1    0.03    0.17    0.29    5.80 ^ output26/X (sky130_fd_sc_hd__buf_2)
                                         out[6] (net)
                  0.17    0.00    5.80 ^ out[6] (out)
                                  5.80   data arrival time

                  0.00   10.00   10.00   clock __VIRTUAL_CLK__ (rise edge)
                          0.00   10.00   clock network delay (ideal)
                         -0.25    9.75   clock uncertainty
                          0.00    9.75   clock reconvergence pessimism
                         -2.00    7.75   output external delay
                                  7.75   data required time
-----------------------------------------------------------------------------
                                  7.75   data required time
                                 -5.80   data arrival time
-----------------------------------------------------------------------------
                                  1.95   slack (MET)


Startpoint: B[0] (input port clocked by __VIRTUAL_CLK__)
Endpoint: out[3] (output port clocked by __VIRTUAL_CLK__)
Path Group: __VIRTUAL_CLK__
Path Type: max
Corner: Typical

Fanout     Cap    Slew   Delay    Time   Description
-----------------------------------------------------------------------------
                  0.00    0.00    0.00   clock __VIRTUAL_CLK__ (rise edge)
                          0.00    0.00   clock network delay (ideal)
                          2.00    2.00 v input external delay
     1    0.00    0.01    0.01    2.01 v B[0] (in)
                                         B[0] (net)
                  0.01    0.00    2.01 v input9/A (sky130_fd_sc_hd__clkbuf_4)
     8    0.06    0.13    0.21    2.22 v input9/X (sky130_fd_sc_hd__clkbuf_4)
                                         net9 (net)
                  0.13    0.01    2.23 v _186_/A (sky130_fd_sc_hd__clkbuf_4)
    10    0.06    0.13    0.27    2.50 v _186_/X (sky130_fd_sc_hd__clkbuf_4)
                                         _114_ (net)
                  0.13    0.00    2.51 v _242_/A1 (sky130_fd_sc_hd__o31a_1)
     1    0.02    0.14    0.44    2.95 v _242_/X (sky130_fd_sc_hd__o31a_1)
                                         _009_ (net)
                  0.14    0.00    2.95 v _243_/B (sky130_fd_sc_hd__xnor2_1)
     2    0.03    0.58    0.53    3.48 ^ _243_/Y (sky130_fd_sc_hd__xnor2_1)
                                         _010_ (net)
                  0.58    0.00    3.48 ^ _245_/B (sky130_fd_sc_hd__nor2_1)
     3    0.03    0.22    0.29    3.77 v _245_/Y (sky130_fd_sc_hd__nor2_1)
                                         _012_ (net)
                  0.22    0.00    3.78 v _312_/A (sky130_fd_sc_hd__or2b_1)
     2    0.03    0.14    0.41    4.18 v _312_/X (sky130_fd_sc_hd__or2b_1)
                                         _073_ (net)
                  0.14    0.00    4.18 v _314_/A3 (sky130_fd_sc_hd__a31o_1)
     1    0.02    0.09    0.32    4.50 v _314_/X (sky130_fd_sc_hd__a31o_1)
                                         _075_ (net)
                  0.09    0.00    4.50 v _318_/A2 (sky130_fd_sc_hd__o21bai_1)
     1    0.02    0.36    0.34    4.85 ^ _318_/Y (sky130_fd_sc_hd__o21bai_1)
                                         _079_ (net)
                  0.36    0.00    4.85 ^ _319_/B1_N (sky130_fd_sc_hd__o21ba_1)
     1    0.01    0.08    0.25    5.10 v _319_/X (sky130_fd_sc_hd__o21ba_1)
                                         _080_ (net)
                  0.08    0.00    5.10 v _320_/B1 (sky130_fd_sc_hd__a21oi_1)
     1    0.02    0.38    0.34    5.45 ^ _320_/Y (sky130_fd_sc_hd__a21oi_1)
                                         net23 (net)
                  0.38    0.00    5.45 ^ output23/A (sky130_fd_sc_hd__buf_2)
     1    0.03    0.17    0.30    5.75 ^ output23/X (sky130_fd_sc_hd__buf_2)
                                         out[3] (net)
                  0.17    0.00    5.75 ^ out[3] (out)
                                  5.75   data arrival time

                  0.00   10.00   10.00   clock __VIRTUAL_CLK__ (rise edge)
                          0.00   10.00   clock network delay (ideal)
                         -0.25    9.75   clock uncertainty
                          0.00    9.75   clock reconvergence pessimism
                         -2.00    7.75   output external delay
                                  7.75   data required time
-----------------------------------------------------------------------------
                                  7.75   data required time
                                 -5.75   data arrival time
-----------------------------------------------------------------------------
                                  2.00   slack (MET)


Startpoint: A[3] (input port clocked by __VIRTUAL_CLK__)
Endpoint: out[5] (output port clocked by __VIRTUAL_CLK__)
Path Group: __VIRTUAL_CLK__
Path Type: max
Corner: Typical

Fanout     Cap    Slew   Delay    Time   Description
-----------------------------------------------------------------------------
                  0.00    0.00    0.00   clock __VIRTUAL_CLK__ (rise edge)
                          0.00    0.00   clock network delay (ideal)
                          2.00    2.00 ^ input external delay
     1    0.00    0.02    0.01    2.01 ^ A[3] (in)
                                         A[3] (net)
                  0.02    0.00    2.01 ^ input4/A (sky130_fd_sc_hd__clkbuf_2)
     4    0.04    0.20    0.22    2.23 ^ input4/X (sky130_fd_sc_hd__clkbuf_2)
                                         net4 (net)
                  0.20    0.01    2.24 ^ _175_/A (sky130_fd_sc_hd__clkbuf_4)
    10    0.05    0.17    0.29    2.53 ^ _175_/X (sky130_fd_sc_hd__clkbuf_4)
                                         _103_ (net)
                  0.17    0.01    2.54 ^ _176_/B (sky130_fd_sc_hd__nand2_1)
     2    0.04    0.29    0.29    2.83 v _176_/Y (sky130_fd_sc_hd__nand2_1)
                                         _104_ (net)
                  0.29    0.00    2.83 v _178_/A2 (sky130_fd_sc_hd__o21a_1)
     2    0.02    0.10    0.35    3.18 v _178_/X (sky130_fd_sc_hd__o21a_1)
                                         _106_ (net)
                  0.10    0.00    3.18 v _180_/A (sky130_fd_sc_hd__nor3_1)
     1    0.01    0.34    0.36    3.54 ^ _180_/Y (sky130_fd_sc_hd__nor3_1)
                                         _108_ (net)
                  0.34    0.00    3.54 ^ _181_/B (sky130_fd_sc_hd__nor2_2)
     2    0.03    0.12    0.16    3.70 v _181_/Y (sky130_fd_sc_hd__nor2_2)
                                         _109_ (net)
                  0.12    0.00    3.71 v _204_/C (sky130_fd_sc_hd__and3_1)
     2    0.03    0.13    0.32    4.02 v _204_/X (sky130_fd_sc_hd__and3_1)
                                         _132_ (net)
                  0.13    0.00    4.03 v _208_/B (sky130_fd_sc_hd__nor3_1)
     2    0.02    0.52    0.50    4.53 ^ _208_/Y (sky130_fd_sc_hd__nor3_1)
                                         _136_ (net)
                  0.52    0.00    4.53 ^ _210_/A_N (sky130_fd_sc_hd__and2b_1)
     1    0.01    0.07    0.30    4.83 v _210_/X (sky130_fd_sc_hd__and2b_1)
                                         _138_ (net)
                  0.07    0.00    4.83 v _211_/B (sky130_fd_sc_hd__xnor2_1)
     1    0.01    0.25    0.25    5.08 ^ _211_/Y (sky130_fd_sc_hd__xnor2_1)
                                         _139_ (net)
                  0.25    0.00    5.08 ^ _221_/A2 (sky130_fd_sc_hd__a21oi_1)
     1    0.01    0.16    0.19    5.27 v _221_/Y (sky130_fd_sc_hd__a21oi_1)
                                         _149_ (net)
                  0.16    0.00    5.27 v _254_/B1 (sky130_fd_sc_hd__a22oi_2)
     1    0.01    0.20    0.22    5.49 ^ _254_/Y (sky130_fd_sc_hd__a22oi_2)
                                         net25 (net)
                  0.20    0.00    5.49 ^ output25/A (sky130_fd_sc_hd__buf_4)
     1    0.03    0.10    0.22    5.71 ^ output25/X (sky130_fd_sc_hd__buf_4)
                                         out[5] (net)
                  0.10    0.00    5.71 ^ out[5] (out)
                                  5.71   data arrival time

                  0.00   10.00   10.00   clock __VIRTUAL_CLK__ (rise edge)
                          0.00   10.00   clock network delay (ideal)
                         -0.25    9.75   clock uncertainty
                          0.00    9.75   clock reconvergence pessimism
                         -2.00    7.75   output external delay
                                  7.75   data required time
-----------------------------------------------------------------------------
                                  7.75   data required time
                                 -5.71   data arrival time
-----------------------------------------------------------------------------
                                  2.04   slack (MET)


Startpoint: B[1] (input port clocked by __VIRTUAL_CLK__)
Endpoint: out[2] (output port clocked by __VIRTUAL_CLK__)
Path Group: __VIRTUAL_CLK__
Path Type: max
Corner: Typical

Fanout     Cap    Slew   Delay    Time   Description
-----------------------------------------------------------------------------
                  0.00    0.00    0.00   clock __VIRTUAL_CLK__ (rise edge)
                          0.00    0.00   clock network delay (ideal)
                          2.00    2.00 ^ input external delay
     1    0.00    0.02    0.01    2.01 ^ B[1] (in)
                                         B[1] (net)
                  0.02    0.00    2.01 ^ input10/A (sky130_fd_sc_hd__buf_1)
     3    0.02    0.25    0.23    2.24 ^ input10/X (sky130_fd_sc_hd__buf_1)
                                         net10 (net)
                  0.25    0.00    2.24 ^ _169_/A (sky130_fd_sc_hd__clkbuf_4)
    10    0.07    0.22    0.35    2.59 ^ _169_/X (sky130_fd_sc_hd__clkbuf_4)
                                         _097_ (net)
                  0.22    0.01    2.60 ^ _234_/B (sky130_fd_sc_hd__and3_1)
     2    0.03    0.27    0.37    2.97 ^ _234_/X (sky130_fd_sc_hd__and3_1)
                                         _001_ (net)
                  0.27    0.00    2.98 ^ _236_/A1 (sky130_fd_sc_hd__o21a_2)
     4    0.05    0.28    0.38    3.36 ^ _236_/X (sky130_fd_sc_hd__o21a_2)
                                         _003_ (net)
                  0.28    0.01    3.36 ^ _239_/B1 (sky130_fd_sc_hd__a211oi_4)
     3    0.04    0.15    0.14    3.50 v _239_/Y (sky130_fd_sc_hd__a211oi_4)
                                         _006_ (net)
                  0.15    0.00    3.51 v rebuffer1/A (sky130_fd_sc_hd__dlygate4sd3_1)
     1    0.01    0.07    0.65    4.15 v rebuffer1/X (sky130_fd_sc_hd__dlygate4sd3_1)
                                         net28 (net)
                  0.07    0.00    4.15 v _305_/C (sky130_fd_sc_hd__or3_1)
     1    0.01    0.12    0.40    4.55 v _305_/X (sky130_fd_sc_hd__or3_1)
                                         _067_ (net)
                  0.12    0.00    4.55 v _309_/A3 (sky130_fd_sc_hd__a31o_1)
     1    0.01    0.06    0.28    4.83 v _309_/X (sky130_fd_sc_hd__a31o_1)
                                         _071_ (net)
                  0.06    0.00    4.83 v _310_/B2 (sky130_fd_sc_hd__o2bb2a_1)
     1    0.01    0.10    0.36    5.19 v _310_/X (sky130_fd_sc_hd__o2bb2a_1)
                                         net22 (net)
                  0.10    0.00    5.19 v output22/A (sky130_fd_sc_hd__buf_2)
     1    0.03    0.09    0.22    5.41 v output22/X (sky130_fd_sc_hd__buf_2)
                                         out[2] (net)
                  0.09    0.00    5.41 v out[2] (out)
                                  5.41   data arrival time

                  0.00   10.00   10.00   clock __VIRTUAL_CLK__ (rise edge)
                          0.00   10.00   clock network delay (ideal)
                         -0.25    9.75   clock uncertainty
                          0.00    9.75   clock reconvergence pessimism
                         -2.00    7.75   output external delay
                                  7.75   data required time
-----------------------------------------------------------------------------
                                  7.75   data required time
                                 -5.41   data arrival time
-----------------------------------------------------------------------------
                                  2.34   slack (MET)


Startpoint: opcode[0] (input port clocked by __VIRTUAL_CLK__)
Endpoint: out[1] (output port clocked by __VIRTUAL_CLK__)
Path Group: __VIRTUAL_CLK__
Path Type: max
Corner: Typical

Fanout     Cap    Slew   Delay    Time   Description
-----------------------------------------------------------------------------
                  0.00    0.00    0.00   clock __VIRTUAL_CLK__ (rise edge)
                          0.00    0.00   clock network delay (ideal)
                          2.00    2.00 v input external delay
     1    0.00    0.01    0.01    2.01 v opcode[0] (in)
                                         opcode[0] (net)
                  0.01    0.00    2.01 v input17/A (sky130_fd_sc_hd__clkbuf_2)
     5    0.05    0.19    0.22    2.23 v input17/X (sky130_fd_sc_hd__clkbuf_2)
                                         net17 (net)
                  0.19    0.01    2.24 v _222_/A_N (sky130_fd_sc_hd__nand3b_4)
     5    0.03    0.13    0.28    2.52 v _222_/Y (sky130_fd_sc_hd__nand3b_4)
                                         _150_ (net)
                  0.13    0.00    2.52 v _234_/A (sky130_fd_sc_hd__and3_1)
     2    0.03    0.14    0.28    2.81 v _234_/X (sky130_fd_sc_hd__and3_1)
                                         _001_ (net)
                  0.14    0.00    2.81 v _236_/A1 (sky130_fd_sc_hd__o21a_2)
     4    0.05    0.14    0.36    3.17 v _236_/X (sky130_fd_sc_hd__o21a_2)
                                         _003_ (net)
                  0.14    0.01    3.18 v _239_/B1 (sky130_fd_sc_hd__a211oi_4)
     3    0.04    0.49    0.51    3.69 ^ _239_/Y (sky130_fd_sc_hd__a211oi_4)
                                         _006_ (net)
                  0.49    0.00    3.69 ^ _300_/A (sky130_fd_sc_hd__or3_1)
     2    0.03    0.25    0.35    4.05 ^ _300_/X (sky130_fd_sc_hd__or3_1)
                                         _063_ (net)
                  0.25    0.00    4.05 ^ _301_/C_N (sky130_fd_sc_hd__or3b_1)
     1    0.01    0.10    0.45    4.50 v _301_/X (sky130_fd_sc_hd__or3b_1)
                                         _064_ (net)
                  0.10    0.00    4.50 v _302_/B2 (sky130_fd_sc_hd__o2bb2a_1)
     2    0.03    0.18    0.45    4.95 v _302_/X (sky130_fd_sc_hd__o2bb2a_1)
                                         net21 (net)
                  0.18    0.00    4.96 v output21/A (sky130_fd_sc_hd__buf_2)
     1    0.04    0.09    0.25    5.21 v output21/X (sky130_fd_sc_hd__buf_2)
                                         out[1] (net)
                  0.09    0.00    5.21 v out[1] (out)
                                  5.21   data arrival time

                  0.00   10.00   10.00   clock __VIRTUAL_CLK__ (rise edge)
                          0.00   10.00   clock network delay (ideal)
                         -0.25    9.75   clock uncertainty
                          0.00    9.75   clock reconvergence pessimism
                         -2.00    7.75   output external delay
                                  7.75   data required time
-----------------------------------------------------------------------------
                                  7.75   data required time
                                 -5.21   data arrival time
-----------------------------------------------------------------------------
                                  2.54   slack (MET)


Startpoint: opcode[0] (input port clocked by __VIRTUAL_CLK__)
Endpoint: out[0] (output port clocked by __VIRTUAL_CLK__)
Path Group: __VIRTUAL_CLK__
Path Type: max
Corner: Typical

Fanout     Cap    Slew   Delay    Time   Description
-----------------------------------------------------------------------------
                  0.00    0.00    0.00   clock __VIRTUAL_CLK__ (rise edge)
                          0.00    0.00   clock network delay (ideal)
                          2.00    2.00 v input external delay
     1    0.00    0.01    0.01    2.01 v opcode[0] (in)
                                         opcode[0] (net)
                  0.01    0.00    2.01 v input17/A (sky130_fd_sc_hd__clkbuf_2)
     5    0.05    0.19    0.22    2.23 v input17/X (sky130_fd_sc_hd__clkbuf_2)
                                         net17 (net)
                  0.19    0.01    2.24 v _161_/A (sky130_fd_sc_hd__or2_2)
     3    0.04    0.14    0.48    2.72 v _161_/X (sky130_fd_sc_hd__or2_2)
                                         _089_ (net)
                  0.14    0.00    2.72 v _250_/C (sky130_fd_sc_hd__and3_2)
     4    0.03    0.10    0.34    3.06 v _250_/X (sky130_fd_sc_hd__and3_2)
                                         _017_ (net)
                  0.10    0.00    3.06 v _251_/A (sky130_fd_sc_hd__inv_2)
     5    0.04    0.20    0.20    3.27 ^ _251_/Y (sky130_fd_sc_hd__inv_2)
                                         _018_ (net)
                  0.20    0.00    3.27 ^ _290_/B1 (sky130_fd_sc_hd__a22oi_1)
     1    0.01    0.11    0.14    3.41 v _290_/Y (sky130_fd_sc_hd__a22oi_1)
                                         _054_ (net)
                  0.11    0.00    3.41 v _292_/A2 (sky130_fd_sc_hd__o32a_1)
     1    0.01    0.06    0.38    3.79 v _292_/X (sky130_fd_sc_hd__o32a_1)
                                         _056_ (net)
                  0.06    0.00    3.79 v _293_/B1 (sky130_fd_sc_hd__a21o_1)
     1    0.01    0.06    0.20    3.99 v _293_/X (sky130_fd_sc_hd__a21o_1)
                                         net20 (net)
                  0.06    0.00    3.99 v output20/A (sky130_fd_sc_hd__buf_2)
     1    0.03    0.09    0.20    4.19 v output20/X (sky130_fd_sc_hd__buf_2)
                                         out[0] (net)
                  0.09    0.00    4.19 v out[0] (out)
                                  4.19   data arrival time

                  0.00   10.00   10.00   clock __VIRTUAL_CLK__ (rise edge)
                          0.00   10.00   clock network delay (ideal)
                         -0.25    9.75   clock uncertainty
                          0.00    9.75   clock reconvergence pessimism
                         -2.00    7.75   output external delay
                                  7.75   data required time
-----------------------------------------------------------------------------
                                  7.75   data required time
                                 -4.19   data arrival time
-----------------------------------------------------------------------------
                                  3.56   slack (MET)



worst slack corner Typical: 1.7710
