
===========================================================================
report_checks -unconstrained
===========================================================================
======================= Typical Corner ===================================

Startpoint: _254_ (rising edge-triggered flip-flop clocked by core_clock)
Endpoint: _279_ (rising edge-triggered flip-flop clocked by core_clock)
Path Group: core_clock
Path Type: max

Fanout     Cap    Slew   Delay    Time   Description
-----------------------------------------------------------------------------
                          0.00    0.00   clock core_clock (rise edge)
                          0.00    0.00   clock source latency
     1    0.02    0.00    0.00    0.00 ^ clk (in)
                                         clk (net)
                  0.00    0.00    0.00 ^ clkbuf_0_clk/A (sky130_fd_sc_hd__clkbuf_16)
     4    0.05    0.07    0.13    0.13 ^ clkbuf_0_clk/X (sky130_fd_sc_hd__clkbuf_16)
                                         clknet_0_clk (net)
                  0.07    0.00    0.13 ^ clkbuf_2_1__f_clk/A (sky130_fd_sc_hd__clkbuf_16)
     8    0.03    0.05    0.14    0.28 ^ clkbuf_2_1__f_clk/X (sky130_fd_sc_hd__clkbuf_16)
                                         clknet_2_1__leaf_clk (net)
                  0.05    0.00    0.28 ^ _254_/CLK (sky130_fd_sc_hd__dfxtp_4)
     5    0.05    0.15    0.42    0.70 ^ _254_/Q (sky130_fd_sc_hd__dfxtp_4)
                                         a.one_second_counter[0] (net)
                  0.15    0.01    0.71 ^ _142_/C (sky130_fd_sc_hd__and3_4)
     7    0.05    0.15    0.30    1.01 ^ _142_/X (sky130_fd_sc_hd__and3_4)
                                         _113_ (net)
                  0.15    0.00    1.01 ^ _144_/C (sky130_fd_sc_hd__and4_4)
     6    0.04    0.15    0.33    1.34 ^ _144_/X (sky130_fd_sc_hd__and4_4)
                                         _115_ (net)
                  0.15    0.00    1.34 ^ _199_/C (sky130_fd_sc_hd__and4_4)
     6    0.04    0.14    0.33    1.67 ^ _199_/X (sky130_fd_sc_hd__and4_4)
                                         _065_ (net)
                  0.14    0.00    1.67 ^ _211_/D (sky130_fd_sc_hd__and4_2)
     5    0.03    0.17    0.35    2.02 ^ _211_/X (sky130_fd_sc_hd__and4_2)
                                         _073_ (net)
                  0.17    0.00    2.02 ^ _223_/D (sky130_fd_sc_hd__and4_1)
     1    0.01    0.09    0.24    2.26 ^ _223_/X (sky130_fd_sc_hd__and4_1)
                                         _081_ (net)
                  0.09    0.00    2.26 ^ _224_/A (sky130_fd_sc_hd__buf_4)
     7    0.06    0.16    0.21    2.47 ^ _224_/X (sky130_fd_sc_hd__buf_4)
                                         _082_ (net)
                  0.16    0.00    2.48 ^ _239_/C (sky130_fd_sc_hd__and3_1)
     1    0.01    0.12    0.23    2.70 ^ _239_/X (sky130_fd_sc_hd__and3_1)
                                         _092_ (net)
                  0.12    0.00    2.70 ^ _240_/A (sky130_fd_sc_hd__buf_4)
     5    0.05    0.14    0.21    2.91 ^ _240_/X (sky130_fd_sc_hd__buf_4)
                                         _093_ (net)
                  0.14    0.00    2.91 ^ _244_/A2 (sky130_fd_sc_hd__a21o_1)
     1    0.02    0.14    0.21    3.12 ^ _244_/X (sky130_fd_sc_hd__a21o_1)
                                         _095_ (net)
                  0.14    0.00    3.12 ^ _246_/B (sky130_fd_sc_hd__and3_2)
     1    0.02    0.12    0.26    3.38 ^ _246_/X (sky130_fd_sc_hd__and3_2)
                                         _097_ (net)
                  0.12    0.00    3.38 ^ _247_/A (sky130_fd_sc_hd__buf_1)
     1    0.01    0.12    0.16    3.54 ^ _247_/X (sky130_fd_sc_hd__buf_1)
                                         _029_ (net)
                  0.12    0.00    3.54 ^ _279_/D (sky130_fd_sc_hd__dfxtp_4)
                                  3.54   data arrival time

                         10.00   10.00   clock core_clock (rise edge)
                          0.00   10.00   clock source latency
     1    0.02    0.00    0.00   10.00 ^ clk (in)
                                         clk (net)
                  0.00    0.00   10.00 ^ clkbuf_0_clk/A (sky130_fd_sc_hd__clkbuf_16)
     4    0.05    0.07    0.13   10.13 ^ clkbuf_0_clk/X (sky130_fd_sc_hd__clkbuf_16)
                                         clknet_0_clk (net)
                  0.07    0.00   10.13 ^ clkbuf_2_3__f_clk/A (sky130_fd_sc_hd__clkbuf_16)
     9    0.03    0.05    0.15   10.28 ^ clkbuf_2_3__f_clk/X (sky130_fd_sc_hd__clkbuf_16)
                                         clknet_2_3__leaf_clk (net)
                  0.05    0.00   10.28 ^ _279_/CLK (sky130_fd_sc_hd__dfxtp_4)
                          0.00   10.28   clock reconvergence pessimism
                         -0.08   10.20   library setup time
                                 10.20   data required time
-----------------------------------------------------------------------------
                                 10.20   data required time
                                 -3.54   data arrival time
-----------------------------------------------------------------------------
                                  6.66   slack (MET)




===========================================================================
report_checks --slack_max -0.01
============================================================================
======================= Typical Corner ===================================

No paths found.


===========================================================================
 report_check_types -max_slew -max_cap -max_fanout -violators
============================================================================
======================= Typical Corner ===================================


max slew violations count Typical: 0
max fanout violations count Typical: 0
max cap violations count Typical: 0

===========================================================================
report_parasitic_annotation -report_unannotated
============================================================================
Found 4 unannotated drivers.
 clkload0/Y
 clkload1/Y
 clkload2/Y
 ztfc_9/HI
Found 0 partially unannotated drivers.

===========================================================================
max slew violation count 0
max fanout violation count 0
max cap violation count 0
============================================================================

===========================================================================
check_setup -verbose -unconstrained_endpoints -multiple_clock -no_clock -no_input_delay -loops -generated_clocks
===========================================================================
Warning: There is 1 input port missing set_input_delay.
  rst
Warning: There are 8 unconstrained endpoints.
  an0
  seg_out[0]
  seg_out[1]
  seg_out[2]
  seg_out[3]
  seg_out[4]
  seg_out[5]
  seg_out[6]
