
===========================================================================
report_checks -path_delay min (Hold)
============================================================================
======================= Typical Corner ===================================

Startpoint: _265_ (rising edge-triggered flip-flop clocked by core_clock)
Endpoint: _265_ (rising edge-triggered flip-flop clocked by core_clock)
Path Group: core_clock
Path Type: min

Fanout     Cap    Slew   Delay    Time   Description
-----------------------------------------------------------------------------
                          0.00    0.00   clock core_clock (rise edge)
                          0.00    0.00   clock source latency
     1    0.02    0.00    0.00    0.00 ^ clk (in)
                                         clk (net)
                  0.00    0.00    0.00 ^ clkbuf_0_clk/A (sky130_fd_sc_hd__clkbuf_16)
     4    0.05    0.07    0.13    0.13 ^ clkbuf_0_clk/X (sky130_fd_sc_hd__clkbuf_16)
                                         clknet_0_clk (net)
                  0.07    0.00    0.13 ^ clkbuf_2_1__f_clk/A (sky130_fd_sc_hd__clkbuf_16)
     8    0.03    0.05    0.14    0.28 ^ clkbuf_2_1__f_clk/X (sky130_fd_sc_hd__clkbuf_16)
                                         clknet_2_1__leaf_clk (net)
                  0.05    0.00    0.28 ^ _265_/CLK (sky130_fd_sc_hd__dfxtp_4)
     6    0.04    0.13    0.41    0.69 ^ _265_/Q (sky130_fd_sc_hd__dfxtp_4)
                                         a.one_second_counter[11] (net)
                  0.13    0.00    0.69 ^ _203_/A1 (sky130_fd_sc_hd__a21oi_2)
     1    0.01    0.05    0.10    0.79 v _203_/Y (sky130_fd_sc_hd__a21oi_2)
                                         _015_ (net)
                  0.05    0.00    0.79 v _265_/D (sky130_fd_sc_hd__dfxtp_4)
                                  0.79   data arrival time

                          0.00    0.00   clock core_clock (rise edge)
                          0.00    0.00   clock source latency
     1    0.02    0.00    0.00    0.00 ^ clk (in)
                                         clk (net)
                  0.00    0.00    0.00 ^ clkbuf_0_clk/A (sky130_fd_sc_hd__clkbuf_16)
     4    0.05    0.07    0.13    0.13 ^ clkbuf_0_clk/X (sky130_fd_sc_hd__clkbuf_16)
                                         clknet_0_clk (net)
                  0.07    0.00    0.13 ^ clkbuf_2_1__f_clk/A (sky130_fd_sc_hd__clkbuf_16)
     8    0.03    0.05    0.14    0.28 ^ clkbuf_2_1__f_clk/X (sky130_fd_sc_hd__clkbuf_16)
                                         clknet_2_1__leaf_clk (net)
                  0.05    0.00    0.28 ^ _265_/CLK (sky130_fd_sc_hd__dfxtp_4)
                          0.00    0.28   clock reconvergence pessimism
                         -0.04    0.23   library hold time
                                  0.23   data required time
-----------------------------------------------------------------------------
                                  0.23   data required time
                                 -0.79   data arrival time
-----------------------------------------------------------------------------
                                  0.56   slack (MET)


Startpoint: _280_ (rising edge-triggered flip-flop clocked by core_clock)
Endpoint: _280_ (rising edge-triggered flip-flop clocked by core_clock)
Path Group: core_clock
Path Type: min

Fanout     Cap    Slew   Delay    Time   Description
-----------------------------------------------------------------------------
                          0.00    0.00   clock core_clock (rise edge)
                          0.00    0.00   clock source latency
     1    0.02    0.00    0.00    0.00 ^ clk (in)
                                         clk (net)
                  0.00    0.00    0.00 ^ clkbuf_0_clk/A (sky130_fd_sc_hd__clkbuf_16)
     4    0.05    0.07    0.13    0.13 ^ clkbuf_0_clk/X (sky130_fd_sc_hd__clkbuf_16)
                                         clknet_0_clk (net)
                  0.07    0.00    0.13 ^ clkbuf_2_2__f_clk/A (sky130_fd_sc_hd__clkbuf_16)
    10    0.03    0.05    0.14    0.28 ^ clkbuf_2_2__f_clk/X (sky130_fd_sc_hd__clkbuf_16)
                                         clknet_2_2__leaf_clk (net)
                  0.05    0.00    0.28 ^ _280_/CLK (sky130_fd_sc_hd__dfxtp_2)
     4    0.03    0.09    0.37    0.65 v _280_/Q (sky130_fd_sc_hd__dfxtp_2)
                                         a.one_second_counter[26] (net)
                  0.09    0.00    0.65 v _248_/A (sky130_fd_sc_hd__inv_2)
     1    0.01    0.04    0.07    0.72 ^ _248_/Y (sky130_fd_sc_hd__inv_2)
                                         _098_ (net)
                  0.04    0.00    0.72 ^ _249_/A1 (sky130_fd_sc_hd__a21boi_2)
     1    0.01    0.06    0.07    0.79 v _249_/Y (sky130_fd_sc_hd__a21boi_2)
                                         _030_ (net)
                  0.06    0.00    0.80 v _280_/D (sky130_fd_sc_hd__dfxtp_2)
                                  0.80   data arrival time

                          0.00    0.00   clock core_clock (rise edge)
                          0.00    0.00   clock source latency
     1    0.02    0.00    0.00    0.00 ^ clk (in)
                                         clk (net)
                  0.00    0.00    0.00 ^ clkbuf_0_clk/A (sky130_fd_sc_hd__clkbuf_16)
     4    0.05    0.07    0.13    0.13 ^ clkbuf_0_clk/X (sky130_fd_sc_hd__clkbuf_16)
                                         clknet_0_clk (net)
                  0.07    0.00    0.13 ^ clkbuf_2_2__f_clk/A (sky130_fd_sc_hd__clkbuf_16)
    10    0.03    0.05    0.14    0.28 ^ clkbuf_2_2__f_clk/X (sky130_fd_sc_hd__clkbuf_16)
                                         clknet_2_2__leaf_clk (net)
                  0.05    0.00    0.28 ^ _280_/CLK (sky130_fd_sc_hd__dfxtp_2)
                          0.00    0.28   clock reconvergence pessimism
                         -0.05    0.23   library hold time
                                  0.23   data required time
-----------------------------------------------------------------------------
                                  0.23   data required time
                                 -0.80   data arrival time
-----------------------------------------------------------------------------
                                  0.57   slack (MET)


Startpoint: _255_ (rising edge-triggered flip-flop clocked by core_clock)
Endpoint: _255_ (rising edge-triggered flip-flop clocked by core_clock)
Path Group: core_clock
Path Type: min

Fanout     Cap    Slew   Delay    Time   Description
-----------------------------------------------------------------------------
                          0.00    0.00   clock core_clock (rise edge)
                          0.00    0.00   clock source latency
     1    0.02    0.00    0.00    0.00 ^ clk (in)
                                         clk (net)
                  0.00    0.00    0.00 ^ clkbuf_0_clk/A (sky130_fd_sc_hd__clkbuf_16)
     4    0.05    0.07    0.13    0.13 ^ clkbuf_0_clk/X (sky130_fd_sc_hd__clkbuf_16)
                                         clknet_0_clk (net)
                  0.07    0.00    0.13 ^ clkbuf_2_2__f_clk/A (sky130_fd_sc_hd__clkbuf_16)
    10    0.03    0.05    0.14    0.28 ^ clkbuf_2_2__f_clk/X (sky130_fd_sc_hd__clkbuf_16)
                                         clknet_2_2__leaf_clk (net)
                  0.05    0.00    0.28 ^ _255_/CLK (sky130_fd_sc_hd__dfxtp_4)
     4    0.05    0.14    0.42    0.69 ^ _255_/Q (sky130_fd_sc_hd__dfxtp_4)
                                         a.one_second_counter[1] (net)
                  0.14    0.00    0.70 ^ _172_/A1 (sky130_fd_sc_hd__a21oi_2)
     1    0.02    0.05    0.10    0.80 v _172_/Y (sky130_fd_sc_hd__a21oi_2)
                                         _005_ (net)
                  0.05    0.00    0.80 v _255_/D (sky130_fd_sc_hd__dfxtp_4)
                                  0.80   data arrival time

                          0.00    0.00   clock core_clock (rise edge)
                          0.00    0.00   clock source latency
     1    0.02    0.00    0.00    0.00 ^ clk (in)
                                         clk (net)
                  0.00    0.00    0.00 ^ clkbuf_0_clk/A (sky130_fd_sc_hd__clkbuf_16)
     4    0.05    0.07    0.13    0.13 ^ clkbuf_0_clk/X (sky130_fd_sc_hd__clkbuf_16)
                                         clknet_0_clk (net)
                  0.07    0.00    0.13 ^ clkbuf_2_2__f_clk/A (sky130_fd_sc_hd__clkbuf_16)
    10    0.03    0.05    0.14    0.28 ^ clkbuf_2_2__f_clk/X (sky130_fd_sc_hd__clkbuf_16)
                                         clknet_2_2__leaf_clk (net)
                  0.05    0.00    0.28 ^ _255_/CLK (sky130_fd_sc_hd__dfxtp_4)
                          0.00    0.28   clock reconvergence pessimism
                         -0.05    0.23   library hold time
                                  0.23   data required time
-----------------------------------------------------------------------------
                                  0.23   data required time
                                 -0.80   data arrival time
-----------------------------------------------------------------------------
                                  0.57   slack (MET)


Startpoint: _276_ (rising edge-triggered flip-flop clocked by core_clock)
Endpoint: _276_ (rising edge-triggered flip-flop clocked by core_clock)
Path Group: core_clock
Path Type: min

Fanout     Cap    Slew   Delay    Time   Description
-----------------------------------------------------------------------------
                          0.00    0.00   clock core_clock (rise edge)
                          0.00    0.00   clock source latency
     1    0.02    0.00    0.00    0.00 ^ clk (in)
                                         clk (net)
                  0.00    0.00    0.00 ^ clkbuf_0_clk/A (sky130_fd_sc_hd__clkbuf_16)
     4    0.05    0.07    0.13    0.13 ^ clkbuf_0_clk/X (sky130_fd_sc_hd__clkbuf_16)
                                         clknet_0_clk (net)
                  0.07    0.00    0.13 ^ clkbuf_2_1__f_clk/A (sky130_fd_sc_hd__clkbuf_16)
     8    0.03    0.05    0.14    0.28 ^ clkbuf_2_1__f_clk/X (sky130_fd_sc_hd__clkbuf_16)
                                         clknet_2_1__leaf_clk (net)
                  0.05    0.00    0.28 ^ _276_/CLK (sky130_fd_sc_hd__dfxtp_4)
     4    0.05    0.16    0.43    0.71 ^ _276_/Q (sky130_fd_sc_hd__dfxtp_4)
                                         a.one_second_counter[22] (net)
                  0.16    0.00    0.71 ^ _237_/A1 (sky130_fd_sc_hd__a21oi_2)
     1    0.02    0.05    0.11    0.82 v _237_/Y (sky130_fd_sc_hd__a21oi_2)
                                         _026_ (net)
                  0.05    0.00    0.82 v _276_/D (sky130_fd_sc_hd__dfxtp_4)
                                  0.82   data arrival time

                          0.00    0.00   clock core_clock (rise edge)
                          0.00    0.00   clock source latency
     1    0.02    0.00    0.00    0.00 ^ clk (in)
                                         clk (net)
                  0.00    0.00    0.00 ^ clkbuf_0_clk/A (sky130_fd_sc_hd__clkbuf_16)
     4    0.05    0.07    0.13    0.13 ^ clkbuf_0_clk/X (sky130_fd_sc_hd__clkbuf_16)
                                         clknet_0_clk (net)
                  0.07    0.00    0.13 ^ clkbuf_2_1__f_clk/A (sky130_fd_sc_hd__clkbuf_16)
     8    0.03    0.05    0.14    0.28 ^ clkbuf_2_1__f_clk/X (sky130_fd_sc_hd__clkbuf_16)
                                         clknet_2_1__leaf_clk (net)
                  0.05    0.00    0.28 ^ _276_/CLK (sky130_fd_sc_hd__dfxtp_4)
                          0.00    0.28   clock reconvergence pessimism
                         -0.05    0.23   library hold time
                                  0.23   data required time
-----------------------------------------------------------------------------
                                  0.23   data required time
                                 -0.82   data arrival time
-----------------------------------------------------------------------------
                                  0.59   slack (MET)


Startpoint: _273_ (rising edge-triggered flip-flop clocked by core_clock)
Endpoint: _273_ (rising edge-triggered flip-flop clocked by core_clock)
Path Group: core_clock
Path Type: min

Fanout     Cap    Slew   Delay    Time   Description
-----------------------------------------------------------------------------
                          0.00    0.00   clock core_clock (rise edge)
                          0.00    0.00   clock source latency
     1    0.02    0.00    0.00    0.00 ^ clk (in)
                                         clk (net)
                  0.00    0.00    0.00 ^ clkbuf_0_clk/A (sky130_fd_sc_hd__clkbuf_16)
     4    0.05    0.07    0.13    0.13 ^ clkbuf_0_clk/X (sky130_fd_sc_hd__clkbuf_16)
                                         clknet_0_clk (net)
                  0.07    0.00    0.13 ^ clkbuf_2_2__f_clk/A (sky130_fd_sc_hd__clkbuf_16)
    10    0.03    0.05    0.14    0.28 ^ clkbuf_2_2__f_clk/X (sky130_fd_sc_hd__clkbuf_16)
                                         clknet_2_2__leaf_clk (net)
                  0.05    0.00    0.28 ^ _273_/CLK (sky130_fd_sc_hd__dfxtp_4)
     8    0.06    0.16    0.44    0.71 ^ _273_/Q (sky130_fd_sc_hd__dfxtp_4)
                                         a.one_second_counter[19] (net)
                  0.16    0.00    0.72 ^ _228_/A1 (sky130_fd_sc_hd__a21oi_2)
     1    0.02    0.05    0.11    0.83 v _228_/Y (sky130_fd_sc_hd__a21oi_2)
                                         _023_ (net)
                  0.05    0.00    0.83 v _273_/D (sky130_fd_sc_hd__dfxtp_4)
                                  0.83   data arrival time

                          0.00    0.00   clock core_clock (rise edge)
                          0.00    0.00   clock source latency
     1    0.02    0.00    0.00    0.00 ^ clk (in)
                                         clk (net)
                  0.00    0.00    0.00 ^ clkbuf_0_clk/A (sky130_fd_sc_hd__clkbuf_16)
     4    0.05    0.07    0.13    0.13 ^ clkbuf_0_clk/X (sky130_fd_sc_hd__clkbuf_16)
                                         clknet_0_clk (net)
                  0.07    0.00    0.13 ^ clkbuf_2_2__f_clk/A (sky130_fd_sc_hd__clkbuf_16)
    10    0.03    0.05    0.14    0.28 ^ clkbuf_2_2__f_clk/X (sky130_fd_sc_hd__clkbuf_16)
                                         clknet_2_2__leaf_clk (net)
                  0.05    0.00    0.28 ^ _273_/CLK (sky130_fd_sc_hd__dfxtp_4)
                          0.00    0.28   clock reconvergence pessimism
                         -0.05    0.23   library hold time
                                  0.23   data required time
-----------------------------------------------------------------------------
                                  0.23   data required time
                                 -0.83   data arrival time
-----------------------------------------------------------------------------
                                  0.60   slack (MET)


Startpoint: _271_ (rising edge-triggered flip-flop clocked by core_clock)
Endpoint: _271_ (rising edge-triggered flip-flop clocked by core_clock)
Path Group: core_clock
Path Type: min

Fanout     Cap    Slew   Delay    Time   Description
-----------------------------------------------------------------------------
                          0.00    0.00   clock core_clock (rise edge)
                          0.00    0.00   clock source latency
     1    0.02    0.00    0.00    0.00 ^ clk (in)
                                         clk (net)
                  0.00    0.00    0.00 ^ clkbuf_0_clk/A (sky130_fd_sc_hd__clkbuf_16)
     4    0.05    0.07    0.13    0.13 ^ clkbuf_0_clk/X (sky130_fd_sc_hd__clkbuf_16)
                                         clknet_0_clk (net)
                  0.07    0.00    0.13 ^ clkbuf_2_0__f_clk/A (sky130_fd_sc_hd__clkbuf_16)
     7    0.03    0.05    0.15    0.28 ^ clkbuf_2_0__f_clk/X (sky130_fd_sc_hd__clkbuf_16)
                                         clknet_2_0__leaf_clk (net)
                  0.05    0.00    0.28 ^ _271_/CLK (sky130_fd_sc_hd__dfxtp_2)
     4    0.03    0.15    0.40    0.68 ^ _271_/Q (sky130_fd_sc_hd__dfxtp_2)
                                         a.one_second_counter[17] (net)
                  0.15    0.00    0.68 ^ _221_/A1 (sky130_fd_sc_hd__o21ai_2)
     1    0.01    0.06    0.10    0.78 v _221_/Y (sky130_fd_sc_hd__o21ai_2)
                                         _080_ (net)
                  0.06    0.00    0.78 v _222_/B (sky130_fd_sc_hd__nor2_1)
     1    0.00    0.07    0.08    0.86 ^ _222_/Y (sky130_fd_sc_hd__nor2_1)
                                         _021_ (net)
                  0.07    0.00    0.86 ^ _271_/D (sky130_fd_sc_hd__dfxtp_2)
                                  0.86   data arrival time

                          0.00    0.00   clock core_clock (rise edge)
                          0.00    0.00   clock source latency
     1    0.02    0.00    0.00    0.00 ^ clk (in)
                                         clk (net)
                  0.00    0.00    0.00 ^ clkbuf_0_clk/A (sky130_fd_sc_hd__clkbuf_16)
     4    0.05    0.07    0.13    0.13 ^ clkbuf_0_clk/X (sky130_fd_sc_hd__clkbuf_16)
                                         clknet_0_clk (net)
                  0.07    0.00    0.13 ^ clkbuf_2_0__f_clk/A (sky130_fd_sc_hd__clkbuf_16)
     7    0.03    0.05    0.15    0.28 ^ clkbuf_2_0__f_clk/X (sky130_fd_sc_hd__clkbuf_16)
                                         clknet_2_0__leaf_clk (net)
                  0.05    0.00    0.28 ^ _271_/CLK (sky130_fd_sc_hd__dfxtp_2)
                          0.00    0.28   clock reconvergence pessimism
                         -0.03    0.24   library hold time
                                  0.24   data required time
-----------------------------------------------------------------------------
                                  0.24   data required time
                                 -0.86   data arrival time
-----------------------------------------------------------------------------
                                  0.62   slack (MET)


Startpoint: _278_ (rising edge-triggered flip-flop clocked by core_clock)
Endpoint: _278_ (rising edge-triggered flip-flop clocked by core_clock)
Path Group: core_clock
Path Type: min

Fanout     Cap    Slew   Delay    Time   Description
-----------------------------------------------------------------------------
                          0.00    0.00   clock core_clock (rise edge)
                          0.00    0.00   clock source latency
     1    0.02    0.00    0.00    0.00 ^ clk (in)
                                         clk (net)
                  0.00    0.00    0.00 ^ clkbuf_0_clk/A (sky130_fd_sc_hd__clkbuf_16)
     4    0.05    0.07    0.13    0.13 ^ clkbuf_0_clk/X (sky130_fd_sc_hd__clkbuf_16)
                                         clknet_0_clk (net)
                  0.07    0.00    0.13 ^ clkbuf_2_0__f_clk/A (sky130_fd_sc_hd__clkbuf_16)
     7    0.03    0.05    0.15    0.28 ^ clkbuf_2_0__f_clk/X (sky130_fd_sc_hd__clkbuf_16)
                                         clknet_2_0__leaf_clk (net)
                  0.05    0.00    0.28 ^ _278_/CLK (sky130_fd_sc_hd__dfxtp_4)
     6    0.04    0.13    0.41    0.69 ^ _278_/Q (sky130_fd_sc_hd__dfxtp_4)
                                         a.one_second_counter[24] (net)
                  0.13    0.00    0.69 ^ _243_/A1 (sky130_fd_sc_hd__o21a_1)
     1    0.01    0.09    0.18    0.87 ^ _243_/X (sky130_fd_sc_hd__o21a_1)
                                         _028_ (net)
                  0.09    0.00    0.87 ^ _278_/D (sky130_fd_sc_hd__dfxtp_4)
                                  0.87   data arrival time

                          0.00    0.00   clock core_clock (rise edge)
                          0.00    0.00   clock source latency
     1    0.02    0.00    0.00    0.00 ^ clk (in)
                                         clk (net)
                  0.00    0.00    0.00 ^ clkbuf_0_clk/A (sky130_fd_sc_hd__clkbuf_16)
     4    0.05    0.07    0.13    0.13 ^ clkbuf_0_clk/X (sky130_fd_sc_hd__clkbuf_16)
                                         clknet_0_clk (net)
                  0.07    0.00    0.13 ^ clkbuf_2_0__f_clk/A (sky130_fd_sc_hd__clkbuf_16)
     7    0.03    0.05    0.15    0.28 ^ clkbuf_2_0__f_clk/X (sky130_fd_sc_hd__clkbuf_16)
                                         clknet_2_0__leaf_clk (net)
                  0.05    0.00    0.28 ^ _278_/CLK (sky130_fd_sc_hd__dfxtp_4)
                          0.00    0.28   clock reconvergence pessimism
                         -0.04    0.24   library hold time
                                  0.24   data required time
-----------------------------------------------------------------------------
                                  0.24   data required time
                                 -0.87   data arrival time
-----------------------------------------------------------------------------
                                  0.63   slack (MET)


Startpoint: _275_ (rising edge-triggered flip-flop clocked by core_clock)
Endpoint: _275_ (rising edge-triggered flip-flop clocked by core_clock)
Path Group: core_clock
Path Type: min

Fanout     Cap    Slew   Delay    Time   Description
-----------------------------------------------------------------------------
                          0.00    0.00   clock core_clock (rise edge)
                          0.00    0.00   clock source latency
     1    0.02    0.00    0.00    0.00 ^ clk (in)
                                         clk (net)
                  0.00    0.00    0.00 ^ clkbuf_0_clk/A (sky130_fd_sc_hd__clkbuf_16)
     4    0.05    0.07    0.13    0.13 ^ clkbuf_0_clk/X (sky130_fd_sc_hd__clkbuf_16)
                                         clknet_0_clk (net)
                  0.07    0.00    0.13 ^ clkbuf_2_0__f_clk/A (sky130_fd_sc_hd__clkbuf_16)
     7    0.03    0.05    0.15    0.28 ^ clkbuf_2_0__f_clk/X (sky130_fd_sc_hd__clkbuf_16)
                                         clknet_2_0__leaf_clk (net)
                  0.05    0.00    0.28 ^ _275_/CLK (sky130_fd_sc_hd__dfxtp_2)
     3    0.02    0.06    0.35    0.63 v _275_/Q (sky130_fd_sc_hd__dfxtp_2)
                                         a.one_second_counter[21] (net)
                  0.06    0.00    0.63 v _234_/A1 (sky130_fd_sc_hd__o21ai_1)
     1    0.01    0.11    0.17    0.80 ^ _234_/Y (sky130_fd_sc_hd__o21ai_1)
                                         _089_ (net)
                  0.11    0.00    0.80 ^ _235_/B (sky130_fd_sc_hd__nor2_1)
     1    0.01    0.06    0.08    0.89 v _235_/Y (sky130_fd_sc_hd__nor2_1)
                                         _025_ (net)
                  0.06    0.00    0.89 v _275_/D (sky130_fd_sc_hd__dfxtp_2)
                                  0.89   data arrival time

                          0.00    0.00   clock core_clock (rise edge)
                          0.00    0.00   clock source latency
     1    0.02    0.00    0.00    0.00 ^ clk (in)
                                         clk (net)
                  0.00    0.00    0.00 ^ clkbuf_0_clk/A (sky130_fd_sc_hd__clkbuf_16)
     4    0.05    0.07    0.13    0.13 ^ clkbuf_0_clk/X (sky130_fd_sc_hd__clkbuf_16)
                                         clknet_0_clk (net)
                  0.07    0.00    0.13 ^ clkbuf_2_0__f_clk/A (sky130_fd_sc_hd__clkbuf_16)
     7    0.03    0.05    0.15    0.28 ^ clkbuf_2_0__f_clk/X (sky130_fd_sc_hd__clkbuf_16)
                                         clknet_2_0__leaf_clk (net)
                  0.05    0.00    0.28 ^ _275_/CLK (sky130_fd_sc_hd__dfxtp_2)
                          0.00    0.28   clock reconvergence pessimism
                         -0.05    0.23   library hold time
                                  0.23   data required time
-----------------------------------------------------------------------------
                                  0.23   data required time
                                 -0.89   data arrival time
-----------------------------------------------------------------------------
                                  0.66   slack (MET)


Startpoint: _264_ (rising edge-triggered flip-flop clocked by core_clock)
Endpoint: _264_ (rising edge-triggered flip-flop clocked by core_clock)
Path Group: core_clock
Path Type: min

Fanout     Cap    Slew   Delay    Time   Description
-----------------------------------------------------------------------------
                          0.00    0.00   clock core_clock (rise edge)
                          0.00    0.00   clock source latency
     1    0.02    0.00    0.00    0.00 ^ clk (in)
                                         clk (net)
                  0.00    0.00    0.00 ^ clkbuf_0_clk/A (sky130_fd_sc_hd__clkbuf_16)
     4    0.05    0.07    0.13    0.13 ^ clkbuf_0_clk/X (sky130_fd_sc_hd__clkbuf_16)
                                         clknet_0_clk (net)
                  0.07    0.00    0.13 ^ clkbuf_2_1__f_clk/A (sky130_fd_sc_hd__clkbuf_16)
     8    0.03    0.05    0.14    0.28 ^ clkbuf_2_1__f_clk/X (sky130_fd_sc_hd__clkbuf_16)
                                         clknet_2_1__leaf_clk (net)
                  0.05    0.00    0.28 ^ _264_/CLK (sky130_fd_sc_hd__dfxtp_2)
     3    0.02    0.13    0.38    0.66 ^ _264_/Q (sky130_fd_sc_hd__dfxtp_2)
                                         a.one_second_counter[10] (net)
                  0.13    0.00    0.66 ^ _200_/A1 (sky130_fd_sc_hd__o21ai_2)
     1    0.02    0.08    0.11    0.78 v _200_/Y (sky130_fd_sc_hd__o21ai_2)
                                         _066_ (net)
                  0.08    0.00    0.78 v _201_/B (sky130_fd_sc_hd__nor2_1)
     1    0.01    0.12    0.13    0.91 ^ _201_/Y (sky130_fd_sc_hd__nor2_1)
                                         _014_ (net)
                  0.12    0.00    0.91 ^ _264_/D (sky130_fd_sc_hd__dfxtp_2)
                                  0.91   data arrival time

                          0.00    0.00   clock core_clock (rise edge)
                          0.00    0.00   clock source latency
     1    0.02    0.00    0.00    0.00 ^ clk (in)
                                         clk (net)
                  0.00    0.00    0.00 ^ clkbuf_0_clk/A (sky130_fd_sc_hd__clkbuf_16)
     4    0.05    0.07    0.13    0.13 ^ clkbuf_0_clk/X (sky130_fd_sc_hd__clkbuf_16)
                                         clknet_0_clk (net)
                  0.07    0.00    0.13 ^ clkbuf_2_1__f_clk/A (sky130_fd_sc_hd__clkbuf_16)
     8    0.03    0.05    0.14    0.28 ^ clkbuf_2_1__f_clk/X (sky130_fd_sc_hd__clkbuf_16)
                                         clknet_2_1__leaf_clk (net)
                  0.05    0.00    0.28 ^ _264_/CLK (sky130_fd_sc_hd__dfxtp_2)
                          0.00    0.28   clock reconvergence pessimism
                         -0.05    0.23   library hold time
                                  0.23   data required time
-----------------------------------------------------------------------------
                                  0.23   data required time
                                 -0.91   data arrival time
-----------------------------------------------------------------------------
                                  0.67   slack (MET)


Startpoint: _270_ (rising edge-triggered flip-flop clocked by core_clock)
Endpoint: _270_ (rising edge-triggered flip-flop clocked by core_clock)
Path Group: core_clock
Path Type: min

Fanout     Cap    Slew   Delay    Time   Description
-----------------------------------------------------------------------------
                          0.00    0.00   clock core_clock (rise edge)
                          0.00    0.00   clock source latency
     1    0.02    0.00    0.00    0.00 ^ clk (in)
                                         clk (net)
                  0.00    0.00    0.00 ^ clkbuf_0_clk/A (sky130_fd_sc_hd__clkbuf_16)
     4    0.05    0.07    0.13    0.13 ^ clkbuf_0_clk/X (sky130_fd_sc_hd__clkbuf_16)
                                         clknet_0_clk (net)
                  0.07    0.00    0.13 ^ clkbuf_2_3__f_clk/A (sky130_fd_sc_hd__clkbuf_16)
     9    0.03    0.05    0.15    0.28 ^ clkbuf_2_3__f_clk/X (sky130_fd_sc_hd__clkbuf_16)
                                         clknet_2_3__leaf_clk (net)
                  0.05    0.00    0.28 ^ _270_/CLK (sky130_fd_sc_hd__dfxtp_2)
     4    0.03    0.07    0.36    0.64 v _270_/Q (sky130_fd_sc_hd__dfxtp_2)
                                         a.one_second_counter[16] (net)
                  0.07    0.00    0.64 v _218_/A1 (sky130_fd_sc_hd__o21ai_2)
     1    0.01    0.08    0.19    0.83 ^ _218_/Y (sky130_fd_sc_hd__o21ai_2)
                                         _078_ (net)
                  0.08    0.00    0.83 ^ _219_/B (sky130_fd_sc_hd__nor2_1)
     1    0.01    0.06    0.08    0.91 v _219_/Y (sky130_fd_sc_hd__nor2_1)
                                         _020_ (net)
                  0.06    0.00    0.91 v _270_/D (sky130_fd_sc_hd__dfxtp_2)
                                  0.91   data arrival time

                          0.00    0.00   clock core_clock (rise edge)
                          0.00    0.00   clock source latency
     1    0.02    0.00    0.00    0.00 ^ clk (in)
                                         clk (net)
                  0.00    0.00    0.00 ^ clkbuf_0_clk/A (sky130_fd_sc_hd__clkbuf_16)
     4    0.05    0.07    0.13    0.13 ^ clkbuf_0_clk/X (sky130_fd_sc_hd__clkbuf_16)
                                         clknet_0_clk (net)
                  0.07    0.00    0.13 ^ clkbuf_2_3__f_clk/A (sky130_fd_sc_hd__clkbuf_16)
     9    0.03    0.05    0.15    0.28 ^ clkbuf_2_3__f_clk/X (sky130_fd_sc_hd__clkbuf_16)
                                         clknet_2_3__leaf_clk (net)
                  0.05    0.00    0.28 ^ _270_/CLK (sky130_fd_sc_hd__dfxtp_2)
                          0.00    0.28   clock reconvergence pessimism
                         -0.05    0.23   library hold time
                                  0.23   data required time
-----------------------------------------------------------------------------
                                  0.23   data required time
                                 -0.91   data arrival time
-----------------------------------------------------------------------------
                                  0.68   slack (MET)


Startpoint: _262_ (rising edge-triggered flip-flop clocked by core_clock)
Endpoint: _262_ (rising edge-triggered flip-flop clocked by core_clock)
Path Group: core_clock
Path Type: min

Fanout     Cap    Slew   Delay    Time   Description
-----------------------------------------------------------------------------
                          0.00    0.00   clock core_clock (rise edge)
                          0.00    0.00   clock source latency
     1    0.02    0.00    0.00    0.00 ^ clk (in)
                                         clk (net)
                  0.00    0.00    0.00 ^ clkbuf_0_clk/A (sky130_fd_sc_hd__clkbuf_16)
     4    0.05    0.07    0.13    0.13 ^ clkbuf_0_clk/X (sky130_fd_sc_hd__clkbuf_16)
                                         clknet_0_clk (net)
                  0.07    0.00    0.13 ^ clkbuf_2_2__f_clk/A (sky130_fd_sc_hd__clkbuf_16)
    10    0.03    0.05    0.14    0.28 ^ clkbuf_2_2__f_clk/X (sky130_fd_sc_hd__clkbuf_16)
                                         clknet_2_2__leaf_clk (net)
                  0.05    0.00    0.28 ^ _262_/CLK (sky130_fd_sc_hd__dfxtp_4)
     5    0.04    0.13    0.41    0.68 ^ _262_/Q (sky130_fd_sc_hd__dfxtp_4)
                                         a.one_second_counter[8] (net)
                  0.13    0.00    0.69 ^ _193_/A1 (sky130_fd_sc_hd__o21a_1)
     1    0.02    0.15    0.22    0.91 ^ _193_/X (sky130_fd_sc_hd__o21a_1)
                                         _012_ (net)
                  0.15    0.00    0.91 ^ _262_/D (sky130_fd_sc_hd__dfxtp_4)
                                  0.91   data arrival time

                          0.00    0.00   clock core_clock (rise edge)
                          0.00    0.00   clock source latency
     1    0.02    0.00    0.00    0.00 ^ clk (in)
                                         clk (net)
                  0.00    0.00    0.00 ^ clkbuf_0_clk/A (sky130_fd_sc_hd__clkbuf_16)
     4    0.05    0.07    0.13    0.13 ^ clkbuf_0_clk/X (sky130_fd_sc_hd__clkbuf_16)
                                         clknet_0_clk (net)
                  0.07    0.00    0.13 ^ clkbuf_2_2__f_clk/A (sky130_fd_sc_hd__clkbuf_16)
    10    0.03    0.05    0.14    0.28 ^ clkbuf_2_2__f_clk/X (sky130_fd_sc_hd__clkbuf_16)
                                         clknet_2_2__leaf_clk (net)
                  0.05    0.00    0.28 ^ _262_/CLK (sky130_fd_sc_hd__dfxtp_4)
                          0.00    0.28   clock reconvergence pessimism
                         -0.05    0.22   library hold time
                                  0.22   data required time
-----------------------------------------------------------------------------
                                  0.22   data required time
                                 -0.91   data arrival time
-----------------------------------------------------------------------------
                                  0.68   slack (MET)


Startpoint: _258_ (rising edge-triggered flip-flop clocked by core_clock)
Endpoint: _258_ (rising edge-triggered flip-flop clocked by core_clock)
Path Group: core_clock
Path Type: min

Fanout     Cap    Slew   Delay    Time   Description
-----------------------------------------------------------------------------
                          0.00    0.00   clock core_clock (rise edge)
                          0.00    0.00   clock source latency
     1    0.02    0.00    0.00    0.00 ^ clk (in)
                                         clk (net)
                  0.00    0.00    0.00 ^ clkbuf_0_clk/A (sky130_fd_sc_hd__clkbuf_16)
     4    0.05    0.07    0.13    0.13 ^ clkbuf_0_clk/X (sky130_fd_sc_hd__clkbuf_16)
                                         clknet_0_clk (net)
                  0.07    0.00    0.13 ^ clkbuf_2_0__f_clk/A (sky130_fd_sc_hd__clkbuf_16)
     7    0.03    0.05    0.15    0.28 ^ clkbuf_2_0__f_clk/X (sky130_fd_sc_hd__clkbuf_16)
                                         clknet_2_0__leaf_clk (net)
                  0.05    0.00    0.28 ^ _258_/CLK (sky130_fd_sc_hd__dfxtp_2)
     2    0.02    0.07    0.35    0.63 v _258_/Q (sky130_fd_sc_hd__dfxtp_2)
                                         a.one_second_counter[4] (net)
                  0.07    0.00    0.63 v _180_/A (sky130_fd_sc_hd__inv_2)
     1    0.00    0.03    0.05    0.69 ^ _180_/Y (sky130_fd_sc_hd__inv_2)
                                         _052_ (net)
                  0.03    0.00    0.69 ^ _181_/A1 (sky130_fd_sc_hd__a21bo_1)
     1    0.02    0.13    0.16    0.85 ^ _181_/X (sky130_fd_sc_hd__a21bo_1)
                                         _053_ (net)
                  0.13    0.00    0.85 ^ _182_/B1 (sky130_fd_sc_hd__a21oi_2)
     1    0.01    0.05    0.07    0.92 v _182_/Y (sky130_fd_sc_hd__a21oi_2)
                                         _008_ (net)
                  0.05    0.00    0.92 v _258_/D (sky130_fd_sc_hd__dfxtp_2)
                                  0.92   data arrival time

                          0.00    0.00   clock core_clock (rise edge)
                          0.00    0.00   clock source latency
     1    0.02    0.00    0.00    0.00 ^ clk (in)
                                         clk (net)
                  0.00    0.00    0.00 ^ clkbuf_0_clk/A (sky130_fd_sc_hd__clkbuf_16)
     4    0.05    0.07    0.13    0.13 ^ clkbuf_0_clk/X (sky130_fd_sc_hd__clkbuf_16)
                                         clknet_0_clk (net)
                  0.07    0.00    0.13 ^ clkbuf_2_0__f_clk/A (sky130_fd_sc_hd__clkbuf_16)
     7    0.03    0.05    0.15    0.28 ^ clkbuf_2_0__f_clk/X (sky130_fd_sc_hd__clkbuf_16)
                                         clknet_2_0__leaf_clk (net)
                  0.05    0.00    0.28 ^ _258_/CLK (sky130_fd_sc_hd__dfxtp_2)
                          0.00    0.28   clock reconvergence pessimism
                         -0.05    0.23   library hold time
                                  0.23   data required time
-----------------------------------------------------------------------------
                                  0.23   data required time
                                 -0.92   data arrival time
-----------------------------------------------------------------------------
                                  0.69   slack (MET)


Startpoint: _260_ (rising edge-triggered flip-flop clocked by core_clock)
Endpoint: _260_ (rising edge-triggered flip-flop clocked by core_clock)
Path Group: core_clock
Path Type: min

Fanout     Cap    Slew   Delay    Time   Description
-----------------------------------------------------------------------------
                          0.00    0.00   clock core_clock (rise edge)
                          0.00    0.00   clock source latency
     1    0.02    0.00    0.00    0.00 ^ clk (in)
                                         clk (net)
                  0.00    0.00    0.00 ^ clkbuf_0_clk/A (sky130_fd_sc_hd__clkbuf_16)
     4    0.05    0.07    0.13    0.13 ^ clkbuf_0_clk/X (sky130_fd_sc_hd__clkbuf_16)
                                         clknet_0_clk (net)
                  0.07    0.00    0.13 ^ clkbuf_2_3__f_clk/A (sky130_fd_sc_hd__clkbuf_16)
     9    0.03    0.05    0.15    0.28 ^ clkbuf_2_3__f_clk/X (sky130_fd_sc_hd__clkbuf_16)
                                         clknet_2_3__leaf_clk (net)
                  0.05    0.00    0.28 ^ _260_/CLK (sky130_fd_sc_hd__dfxtp_1)
     2    0.02    0.10    0.36    0.64 v _260_/Q (sky130_fd_sc_hd__dfxtp_1)
                                         a.one_second_counter[6] (net)
                  0.10    0.00    0.64 v _188_/A1 (sky130_fd_sc_hd__o21ai_1)
     1    0.01    0.11    0.18    0.82 ^ _188_/Y (sky130_fd_sc_hd__o21ai_1)
                                         _058_ (net)
                  0.11    0.00    0.82 ^ _189_/B (sky130_fd_sc_hd__nor2_1)
     1    0.01    0.07    0.10    0.92 v _189_/Y (sky130_fd_sc_hd__nor2_1)
                                         _010_ (net)
                  0.07    0.00    0.92 v _260_/D (sky130_fd_sc_hd__dfxtp_1)
                                  0.92   data arrival time

                          0.00    0.00   clock core_clock (rise edge)
                          0.00    0.00   clock source latency
     1    0.02    0.00    0.00    0.00 ^ clk (in)
                                         clk (net)
                  0.00    0.00    0.00 ^ clkbuf_0_clk/A (sky130_fd_sc_hd__clkbuf_16)
     4    0.05    0.07    0.13    0.13 ^ clkbuf_0_clk/X (sky130_fd_sc_hd__clkbuf_16)
                                         clknet_0_clk (net)
                  0.07    0.00    0.13 ^ clkbuf_2_3__f_clk/A (sky130_fd_sc_hd__clkbuf_16)
     9    0.03    0.05    0.15    0.28 ^ clkbuf_2_3__f_clk/X (sky130_fd_sc_hd__clkbuf_16)
                                         clknet_2_3__leaf_clk (net)
                  0.05    0.00    0.28 ^ _260_/CLK (sky130_fd_sc_hd__dfxtp_1)
                          0.00    0.28   clock reconvergence pessimism
                         -0.06    0.21   library hold time
                                  0.21   data required time
-----------------------------------------------------------------------------
                                  0.21   data required time
                                 -0.92   data arrival time
-----------------------------------------------------------------------------
                                  0.71   slack (MET)


Startpoint: _268_ (rising edge-triggered flip-flop clocked by core_clock)
Endpoint: _268_ (rising edge-triggered flip-flop clocked by core_clock)
Path Group: core_clock
Path Type: min

Fanout     Cap    Slew   Delay    Time   Description
-----------------------------------------------------------------------------
                          0.00    0.00   clock core_clock (rise edge)
                          0.00    0.00   clock source latency
     1    0.02    0.00    0.00    0.00 ^ clk (in)
                                         clk (net)
                  0.00    0.00    0.00 ^ clkbuf_0_clk/A (sky130_fd_sc_hd__clkbuf_16)
     4    0.05    0.07    0.13    0.13 ^ clkbuf_0_clk/X (sky130_fd_sc_hd__clkbuf_16)
                                         clknet_0_clk (net)
                  0.07    0.00    0.13 ^ clkbuf_2_2__f_clk/A (sky130_fd_sc_hd__clkbuf_16)
    10    0.03    0.05    0.14    0.28 ^ clkbuf_2_2__f_clk/X (sky130_fd_sc_hd__clkbuf_16)
                                         clknet_2_2__leaf_clk (net)
                  0.05    0.00    0.28 ^ _268_/CLK (sky130_fd_sc_hd__dfxtp_1)
     2    0.01    0.08    0.34    0.62 v _268_/Q (sky130_fd_sc_hd__dfxtp_1)
                                         a.one_second_counter[14] (net)
                  0.08    0.00    0.62 v _212_/A1 (sky130_fd_sc_hd__o21ai_1)
     1    0.01    0.16    0.22    0.84 ^ _212_/Y (sky130_fd_sc_hd__o21ai_1)
                                         _074_ (net)
                  0.16    0.00    0.84 ^ _213_/B (sky130_fd_sc_hd__nor2_1)
     1    0.01    0.06    0.09    0.93 v _213_/Y (sky130_fd_sc_hd__nor2_1)
                                         _018_ (net)
                  0.06    0.00    0.93 v _268_/D (sky130_fd_sc_hd__dfxtp_1)
                                  0.93   data arrival time

                          0.00    0.00   clock core_clock (rise edge)
                          0.00    0.00   clock source latency
     1    0.02    0.00    0.00    0.00 ^ clk (in)
                                         clk (net)
                  0.00    0.00    0.00 ^ clkbuf_0_clk/A (sky130_fd_sc_hd__clkbuf_16)
     4    0.05    0.07    0.13    0.13 ^ clkbuf_0_clk/X (sky130_fd_sc_hd__clkbuf_16)
                                         clknet_0_clk (net)
                  0.07    0.00    0.13 ^ clkbuf_2_2__f_clk/A (sky130_fd_sc_hd__clkbuf_16)
    10    0.03    0.05    0.14    0.28 ^ clkbuf_2_2__f_clk/X (sky130_fd_sc_hd__clkbuf_16)
                                         clknet_2_2__leaf_clk (net)
                  0.05    0.00    0.28 ^ _268_/CLK (sky130_fd_sc_hd__dfxtp_1)
                          0.00    0.28   clock reconvergence pessimism
                         -0.06    0.22   library hold time
                                  0.22   data required time
-----------------------------------------------------------------------------
                                  0.22   data required time
                                 -0.93   data arrival time
-----------------------------------------------------------------------------
                                  0.71   slack (MET)


Startpoint: _277_ (rising edge-triggered flip-flop clocked by core_clock)
Endpoint: _277_ (rising edge-triggered flip-flop clocked by core_clock)
Path Group: core_clock
Path Type: min

Fanout     Cap    Slew   Delay    Time   Description
-----------------------------------------------------------------------------
                          0.00    0.00   clock core_clock (rise edge)
                          0.00    0.00   clock source latency
     1    0.02    0.00    0.00    0.00 ^ clk (in)
                                         clk (net)
                  0.00    0.00    0.00 ^ clkbuf_0_clk/A (sky130_fd_sc_hd__clkbuf_16)
     4    0.05    0.07    0.13    0.13 ^ clkbuf_0_clk/X (sky130_fd_sc_hd__clkbuf_16)
                                         clknet_0_clk (net)
                  0.07    0.00    0.13 ^ clkbuf_2_1__f_clk/A (sky130_fd_sc_hd__clkbuf_16)
     8    0.03    0.05    0.14    0.28 ^ clkbuf_2_1__f_clk/X (sky130_fd_sc_hd__clkbuf_16)
                                         clknet_2_1__leaf_clk (net)
                  0.05    0.00    0.28 ^ _277_/CLK (sky130_fd_sc_hd__dfxtp_2)
     2    0.03    0.08    0.36    0.64 v _277_/Q (sky130_fd_sc_hd__dfxtp_2)
                                         a.one_second_counter[23] (net)
                  0.08    0.00    0.64 v _238_/B1 (sky130_fd_sc_hd__a21oi_4)
     1    0.02    0.18    0.20    0.84 ^ _238_/Y (sky130_fd_sc_hd__a21oi_4)
                                         _091_ (net)
                  0.18    0.00    0.84 ^ _241_/A (sky130_fd_sc_hd__nor3b_2)
     1    0.01    0.06    0.10    0.94 v _241_/Y (sky130_fd_sc_hd__nor3b_2)
                                         _027_ (net)
                  0.06    0.00    0.94 v _277_/D (sky130_fd_sc_hd__dfxtp_2)
                                  0.94   data arrival time

                          0.00    0.00   clock core_clock (rise edge)
                          0.00    0.00   clock source latency
     1    0.02    0.00    0.00    0.00 ^ clk (in)
                                         clk (net)
                  0.00    0.00    0.00 ^ clkbuf_0_clk/A (sky130_fd_sc_hd__clkbuf_16)
     4    0.05    0.07    0.13    0.13 ^ clkbuf_0_clk/X (sky130_fd_sc_hd__clkbuf_16)
                                         clknet_0_clk (net)
                  0.07    0.00    0.13 ^ clkbuf_2_1__f_clk/A (sky130_fd_sc_hd__clkbuf_16)
     8    0.03    0.05    0.14    0.28 ^ clkbuf_2_1__f_clk/X (sky130_fd_sc_hd__clkbuf_16)
                                         clknet_2_1__leaf_clk (net)
                  0.05    0.00    0.28 ^ _277_/CLK (sky130_fd_sc_hd__dfxtp_2)
                          0.00    0.28   clock reconvergence pessimism
                         -0.05    0.23   library hold time
                                  0.23   data required time
-----------------------------------------------------------------------------
                                  0.23   data required time
                                 -0.94   data arrival time
-----------------------------------------------------------------------------
                                  0.71   slack (MET)


Startpoint: _267_ (rising edge-triggered flip-flop clocked by core_clock)
Endpoint: _267_ (rising edge-triggered flip-flop clocked by core_clock)
Path Group: core_clock
Path Type: min

Fanout     Cap    Slew   Delay    Time   Description
-----------------------------------------------------------------------------
                          0.00    0.00   clock core_clock (rise edge)
                          0.00    0.00   clock source latency
     1    0.02    0.00    0.00    0.00 ^ clk (in)
                                         clk (net)
                  0.00    0.00    0.00 ^ clkbuf_0_clk/A (sky130_fd_sc_hd__clkbuf_16)
     4    0.05    0.07    0.13    0.13 ^ clkbuf_0_clk/X (sky130_fd_sc_hd__clkbuf_16)
                                         clknet_0_clk (net)
                  0.07    0.00    0.13 ^ clkbuf_2_1__f_clk/A (sky130_fd_sc_hd__clkbuf_16)
     8    0.03    0.05    0.14    0.28 ^ clkbuf_2_1__f_clk/X (sky130_fd_sc_hd__clkbuf_16)
                                         clknet_2_1__leaf_clk (net)
                  0.05    0.00    0.28 ^ _267_/CLK (sky130_fd_sc_hd__dfxtp_2)
     3    0.03    0.08    0.36    0.64 v _267_/Q (sky130_fd_sc_hd__dfxtp_2)
                                         a.one_second_counter[13] (net)
                  0.08    0.00    0.64 v _209_/A1 (sky130_fd_sc_hd__o21ai_2)
     1    0.02    0.11    0.23    0.86 ^ _209_/Y (sky130_fd_sc_hd__o21ai_2)
                                         _072_ (net)
                  0.11    0.00    0.87 ^ _210_/B (sky130_fd_sc_hd__nor2_1)
     1    0.01    0.06    0.08    0.95 v _210_/Y (sky130_fd_sc_hd__nor2_1)
                                         _017_ (net)
                  0.06    0.00    0.95 v _267_/D (sky130_fd_sc_hd__dfxtp_2)
                                  0.95   data arrival time

                          0.00    0.00   clock core_clock (rise edge)
                          0.00    0.00   clock source latency
     1    0.02    0.00    0.00    0.00 ^ clk (in)
                                         clk (net)
                  0.00    0.00    0.00 ^ clkbuf_0_clk/A (sky130_fd_sc_hd__clkbuf_16)
     4    0.05    0.07    0.13    0.13 ^ clkbuf_0_clk/X (sky130_fd_sc_hd__clkbuf_16)
                                         clknet_0_clk (net)
                  0.07    0.00    0.13 ^ clkbuf_2_1__f_clk/A (sky130_fd_sc_hd__clkbuf_16)
     8    0.03    0.05    0.14    0.28 ^ clkbuf_2_1__f_clk/X (sky130_fd_sc_hd__clkbuf_16)
                                         clknet_2_1__leaf_clk (net)
                  0.05    0.00    0.28 ^ _267_/CLK (sky130_fd_sc_hd__dfxtp_2)
                          0.00    0.28   clock reconvergence pessimism
                         -0.05    0.23   library hold time
                                  0.23   data required time
-----------------------------------------------------------------------------
                                  0.23   data required time
                                 -0.95   data arrival time
-----------------------------------------------------------------------------
                                  0.72   slack (MET)


Startpoint: _272_ (rising edge-triggered flip-flop clocked by core_clock)
Endpoint: _272_ (rising edge-triggered flip-flop clocked by core_clock)
Path Group: core_clock
Path Type: min

Fanout     Cap    Slew   Delay    Time   Description
-----------------------------------------------------------------------------
                          0.00    0.00   clock core_clock (rise edge)
                          0.00    0.00   clock source latency
     1    0.02    0.00    0.00    0.00 ^ clk (in)
                                         clk (net)
                  0.00    0.00    0.00 ^ clkbuf_0_clk/A (sky130_fd_sc_hd__clkbuf_16)
     4    0.05    0.07    0.13    0.13 ^ clkbuf_0_clk/X (sky130_fd_sc_hd__clkbuf_16)
                                         clknet_0_clk (net)
                  0.07    0.00    0.13 ^ clkbuf_2_0__f_clk/A (sky130_fd_sc_hd__clkbuf_16)
     7    0.03    0.05    0.15    0.28 ^ clkbuf_2_0__f_clk/X (sky130_fd_sc_hd__clkbuf_16)
                                         clknet_2_0__leaf_clk (net)
                  0.05    0.00    0.28 ^ _272_/CLK (sky130_fd_sc_hd__dfxtp_1)
     3    0.02    0.09    0.35    0.63 v _272_/Q (sky130_fd_sc_hd__dfxtp_1)
                                         a.one_second_counter[18] (net)
                  0.09    0.00    0.63 v _225_/A1 (sky130_fd_sc_hd__o21ai_1)
     1    0.01    0.16    0.23    0.86 ^ _225_/Y (sky130_fd_sc_hd__o21ai_1)
                                         _083_ (net)
                  0.16    0.00    0.87 ^ _226_/B (sky130_fd_sc_hd__nor2_1)
     1    0.01    0.05    0.08    0.94 v _226_/Y (sky130_fd_sc_hd__nor2_1)
                                         _022_ (net)
                  0.05    0.00    0.94 v _272_/D (sky130_fd_sc_hd__dfxtp_1)
                                  0.94   data arrival time

                          0.00    0.00   clock core_clock (rise edge)
                          0.00    0.00   clock source latency
     1    0.02    0.00    0.00    0.00 ^ clk (in)
                                         clk (net)
                  0.00    0.00    0.00 ^ clkbuf_0_clk/A (sky130_fd_sc_hd__clkbuf_16)
     4    0.05    0.07    0.13    0.13 ^ clkbuf_0_clk/X (sky130_fd_sc_hd__clkbuf_16)
                                         clknet_0_clk (net)
                  0.07    0.00    0.13 ^ clkbuf_2_0__f_clk/A (sky130_fd_sc_hd__clkbuf_16)
     7    0.03    0.05    0.15    0.28 ^ clkbuf_2_0__f_clk/X (sky130_fd_sc_hd__clkbuf_16)
                                         clknet_2_0__leaf_clk (net)
                  0.05    0.00    0.28 ^ _272_/CLK (sky130_fd_sc_hd__dfxtp_1)
                          0.00    0.28   clock reconvergence pessimism
                         -0.06    0.22   library hold time
                                  0.22   data required time
-----------------------------------------------------------------------------
                                  0.22   data required time
                                 -0.94   data arrival time
-----------------------------------------------------------------------------
                                  0.72   slack (MET)


Startpoint: _250_ (rising edge-triggered flip-flop clocked by core_clock)
Endpoint: _250_ (rising edge-triggered flip-flop clocked by core_clock)
Path Group: core_clock
Path Type: min

Fanout     Cap    Slew   Delay    Time   Description
-----------------------------------------------------------------------------
                          0.00    0.00   clock core_clock (rise edge)
                          0.00    0.00   clock source latency
     1    0.02    0.00    0.00    0.00 ^ clk (in)
                                         clk (net)
                  0.00    0.00    0.00 ^ clkbuf_0_clk/A (sky130_fd_sc_hd__clkbuf_16)
     4    0.05    0.07    0.13    0.13 ^ clkbuf_0_clk/X (sky130_fd_sc_hd__clkbuf_16)
                                         clknet_0_clk (net)
                  0.07    0.00    0.13 ^ clkbuf_2_2__f_clk/A (sky130_fd_sc_hd__clkbuf_16)
    10    0.03    0.05    0.14    0.28 ^ clkbuf_2_2__f_clk/X (sky130_fd_sc_hd__clkbuf_16)
                                         clknet_2_2__leaf_clk (net)
                  0.05    0.00    0.28 ^ _250_/CLK (sky130_fd_sc_hd__dfxtp_4)
     6    0.05    0.09    0.40    0.67 v _250_/Q (sky130_fd_sc_hd__dfxtp_4)
                                         a.count[0] (net)
                  0.09    0.01    0.68 v _131_/A (sky130_fd_sc_hd__inv_2)
     2    0.02    0.10    0.11    0.80 ^ _131_/Y (sky130_fd_sc_hd__inv_2)
                                         _104_ (net)
                  0.10    0.00    0.80 ^ _150_/A1 (sky130_fd_sc_hd__o211a_1)
     1    0.01    0.07    0.19    0.98 ^ _150_/X (sky130_fd_sc_hd__o211a_1)
                                         _000_ (net)
                  0.07    0.00    0.98 ^ _250_/D (sky130_fd_sc_hd__dfxtp_4)
                                  0.98   data arrival time

                          0.00    0.00   clock core_clock (rise edge)
                          0.00    0.00   clock source latency
     1    0.02    0.00    0.00    0.00 ^ clk (in)
                                         clk (net)
                  0.00    0.00    0.00 ^ clkbuf_0_clk/A (sky130_fd_sc_hd__clkbuf_16)
     4    0.05    0.07    0.13    0.13 ^ clkbuf_0_clk/X (sky130_fd_sc_hd__clkbuf_16)
                                         clknet_0_clk (net)
                  0.07    0.00    0.13 ^ clkbuf_2_2__f_clk/A (sky130_fd_sc_hd__clkbuf_16)
    10    0.03    0.05    0.14    0.28 ^ clkbuf_2_2__f_clk/X (sky130_fd_sc_hd__clkbuf_16)
                                         clknet_2_2__leaf_clk (net)
                  0.05    0.00    0.28 ^ _250_/CLK (sky130_fd_sc_hd__dfxtp_4)
                          0.00    0.28   clock reconvergence pessimism
                         -0.04    0.24   library hold time
                                  0.24   data required time
-----------------------------------------------------------------------------
                                  0.24   data required time
                                 -0.98   data arrival time
-----------------------------------------------------------------------------
                                  0.74   slack (MET)


Startpoint: _261_ (rising edge-triggered flip-flop clocked by core_clock)
Endpoint: _261_ (rising edge-triggered flip-flop clocked by core_clock)
Path Group: core_clock
Path Type: min

Fanout     Cap    Slew   Delay    Time   Description
-----------------------------------------------------------------------------
                          0.00    0.00   clock core_clock (rise edge)
                          0.00    0.00   clock source latency
     1    0.02    0.00    0.00    0.00 ^ clk (in)
                                         clk (net)
                  0.00    0.00    0.00 ^ clkbuf_0_clk/A (sky130_fd_sc_hd__clkbuf_16)
     4    0.05    0.07    0.13    0.13 ^ clkbuf_0_clk/X (sky130_fd_sc_hd__clkbuf_16)
                                         clknet_0_clk (net)
                  0.07    0.00    0.13 ^ clkbuf_2_0__f_clk/A (sky130_fd_sc_hd__clkbuf_16)
     7    0.03    0.05    0.15    0.28 ^ clkbuf_2_0__f_clk/X (sky130_fd_sc_hd__clkbuf_16)
                                         clknet_2_0__leaf_clk (net)
                  0.05    0.00    0.28 ^ _261_/CLK (sky130_fd_sc_hd__dfxtp_2)
     5    0.04    0.10    0.38    0.66 v _261_/Q (sky130_fd_sc_hd__dfxtp_2)
                                         a.one_second_counter[7] (net)
                  0.10    0.00    0.66 v _190_/A1 (sky130_fd_sc_hd__o21ai_1)
     1    0.01    0.14    0.21    0.87 ^ _190_/Y (sky130_fd_sc_hd__o21ai_1)
                                         _059_ (net)
                  0.14    0.00    0.87 ^ _191_/B (sky130_fd_sc_hd__nor2_2)
     1    0.02    0.07    0.10    0.97 v _191_/Y (sky130_fd_sc_hd__nor2_2)
                                         _011_ (net)
                  0.07    0.00    0.97 v _261_/D (sky130_fd_sc_hd__dfxtp_2)
                                  0.97   data arrival time

                          0.00    0.00   clock core_clock (rise edge)
                          0.00    0.00   clock source latency
     1    0.02    0.00    0.00    0.00 ^ clk (in)
                                         clk (net)
                  0.00    0.00    0.00 ^ clkbuf_0_clk/A (sky130_fd_sc_hd__clkbuf_16)
     4    0.05    0.07    0.13    0.13 ^ clkbuf_0_clk/X (sky130_fd_sc_hd__clkbuf_16)
                                         clknet_0_clk (net)
                  0.07    0.00    0.13 ^ clkbuf_2_0__f_clk/A (sky130_fd_sc_hd__clkbuf_16)
     7    0.03    0.05    0.15    0.28 ^ clkbuf_2_0__f_clk/X (sky130_fd_sc_hd__clkbuf_16)
                                         clknet_2_0__leaf_clk (net)
                  0.05    0.00    0.28 ^ _261_/CLK (sky130_fd_sc_hd__dfxtp_2)
                          0.00    0.28   clock reconvergence pessimism
                         -0.05    0.23   library hold time
                                  0.23   data required time
-----------------------------------------------------------------------------
                                  0.23   data required time
                                 -0.97   data arrival time
-----------------------------------------------------------------------------
                                  0.75   slack (MET)


Startpoint: _269_ (rising edge-triggered flip-flop clocked by core_clock)
Endpoint: _269_ (rising edge-triggered flip-flop clocked by core_clock)
Path Group: core_clock
Path Type: min

Fanout     Cap    Slew   Delay    Time   Description
-----------------------------------------------------------------------------
                          0.00    0.00   clock core_clock (rise edge)
                          0.00    0.00   clock source latency
     1    0.02    0.00    0.00    0.00 ^ clk (in)
                                         clk (net)
                  0.00    0.00    0.00 ^ clkbuf_0_clk/A (sky130_fd_sc_hd__clkbuf_16)
     4    0.05    0.07    0.13    0.13 ^ clkbuf_0_clk/X (sky130_fd_sc_hd__clkbuf_16)
                                         clknet_0_clk (net)
                  0.07    0.00    0.13 ^ clkbuf_2_2__f_clk/A (sky130_fd_sc_hd__clkbuf_16)
    10    0.03    0.05    0.14    0.28 ^ clkbuf_2_2__f_clk/X (sky130_fd_sc_hd__clkbuf_16)
                                         clknet_2_2__leaf_clk (net)
                  0.05    0.00    0.28 ^ _269_/CLK (sky130_fd_sc_hd__dfxtp_2)
     5    0.03    0.07    0.36    0.63 v _269_/Q (sky130_fd_sc_hd__dfxtp_2)
                                         a.one_second_counter[15] (net)
                  0.07    0.00    0.64 v _215_/A1 (sky130_fd_sc_hd__o21ai_1)
     1    0.01    0.16    0.23    0.86 ^ _215_/Y (sky130_fd_sc_hd__o21ai_1)
                                         _076_ (net)
                  0.16    0.00    0.86 ^ _216_/B (sky130_fd_sc_hd__nor2_1)
     1    0.01    0.08    0.11    0.97 v _216_/Y (sky130_fd_sc_hd__nor2_1)
                                         _019_ (net)
                  0.08    0.00    0.97 v _269_/D (sky130_fd_sc_hd__dfxtp_2)
                                  0.97   data arrival time

                          0.00    0.00   clock core_clock (rise edge)
                          0.00    0.00   clock source latency
     1    0.02    0.00    0.00    0.00 ^ clk (in)
                                         clk (net)
                  0.00    0.00    0.00 ^ clkbuf_0_clk/A (sky130_fd_sc_hd__clkbuf_16)
     4    0.05    0.07    0.13    0.13 ^ clkbuf_0_clk/X (sky130_fd_sc_hd__clkbuf_16)
                                         clknet_0_clk (net)
                  0.07    0.00    0.13 ^ clkbuf_2_2__f_clk/A (sky130_fd_sc_hd__clkbuf_16)
    10    0.03    0.05    0.14    0.28 ^ clkbuf_2_2__f_clk/X (sky130_fd_sc_hd__clkbuf_16)
                                         clknet_2_2__leaf_clk (net)
                  0.05    0.00    0.28 ^ _269_/CLK (sky130_fd_sc_hd__dfxtp_2)
                          0.00    0.28   clock reconvergence pessimism
                         -0.06    0.22   library hold time
                                  0.22   data required time
-----------------------------------------------------------------------------
                                  0.22   data required time
                                 -0.97   data arrival time
-----------------------------------------------------------------------------
                                  0.75   slack (MET)


Startpoint: _251_ (rising edge-triggered flip-flop clocked by core_clock)
Endpoint: _251_ (rising edge-triggered flip-flop clocked by core_clock)
Path Group: core_clock
Path Type: min

Fanout     Cap    Slew   Delay    Time   Description
-----------------------------------------------------------------------------
                          0.00    0.00   clock core_clock (rise edge)
                          0.00    0.00   clock source latency
     1    0.02    0.00    0.00    0.00 ^ clk (in)
                                         clk (net)
                  0.00    0.00    0.00 ^ clkbuf_0_clk/A (sky130_fd_sc_hd__clkbuf_16)
     4    0.05    0.07    0.13    0.13 ^ clkbuf_0_clk/X (sky130_fd_sc_hd__clkbuf_16)
                                         clknet_0_clk (net)
                  0.07    0.00    0.13 ^ clkbuf_2_2__f_clk/A (sky130_fd_sc_hd__clkbuf_16)
    10    0.03    0.05    0.14    0.28 ^ clkbuf_2_2__f_clk/X (sky130_fd_sc_hd__clkbuf_16)
                                         clknet_2_2__leaf_clk (net)
                  0.05    0.00    0.28 ^ _251_/CLK (sky130_fd_sc_hd__dfxtp_4)
     5    0.04    0.07    0.38    0.66 v _251_/Q (sky130_fd_sc_hd__dfxtp_4)
                                         a.count[1] (net)
                  0.07    0.00    0.66 v _151_/B1 (sky130_fd_sc_hd__a21oi_1)
     1    0.01    0.21    0.22    0.88 ^ _151_/Y (sky130_fd_sc_hd__a21oi_1)
                                         _121_ (net)
                  0.21    0.00    0.88 ^ _153_/B (sky130_fd_sc_hd__nor3_2)
     1    0.01    0.05    0.11    0.98 v _153_/Y (sky130_fd_sc_hd__nor3_2)
                                         _001_ (net)
                  0.06    0.00    0.98 v _251_/D (sky130_fd_sc_hd__dfxtp_4)
                                  0.98   data arrival time

                          0.00    0.00   clock core_clock (rise edge)
                          0.00    0.00   clock source latency
     1    0.02    0.00    0.00    0.00 ^ clk (in)
                                         clk (net)
                  0.00    0.00    0.00 ^ clkbuf_0_clk/A (sky130_fd_sc_hd__clkbuf_16)
     4    0.05    0.07    0.13    0.13 ^ clkbuf_0_clk/X (sky130_fd_sc_hd__clkbuf_16)
                                         clknet_0_clk (net)
                  0.07    0.00    0.13 ^ clkbuf_2_2__f_clk/A (sky130_fd_sc_hd__clkbuf_16)
    10    0.03    0.05    0.14    0.28 ^ clkbuf_2_2__f_clk/X (sky130_fd_sc_hd__clkbuf_16)
                                         clknet_2_2__leaf_clk (net)
                  0.05    0.00    0.28 ^ _251_/CLK (sky130_fd_sc_hd__dfxtp_4)
                          0.00    0.28   clock reconvergence pessimism
                         -0.05    0.23   library hold time
                                  0.23   data required time
-----------------------------------------------------------------------------
                                  0.23   data required time
                                 -0.98   data arrival time
-----------------------------------------------------------------------------
                                  0.75   slack (MET)


Startpoint: _253_ (rising edge-triggered flip-flop clocked by core_clock)
Endpoint: _253_ (rising edge-triggered flip-flop clocked by core_clock)
Path Group: core_clock
Path Type: min

Fanout     Cap    Slew   Delay    Time   Description
-----------------------------------------------------------------------------
                          0.00    0.00   clock core_clock (rise edge)
                          0.00    0.00   clock source latency
     1    0.02    0.00    0.00    0.00 ^ clk (in)
                                         clk (net)
                  0.00    0.00    0.00 ^ clkbuf_0_clk/A (sky130_fd_sc_hd__clkbuf_16)
     4    0.05    0.07    0.13    0.13 ^ clkbuf_0_clk/X (sky130_fd_sc_hd__clkbuf_16)
                                         clknet_0_clk (net)
                  0.07    0.00    0.13 ^ clkbuf_2_3__f_clk/A (sky130_fd_sc_hd__clkbuf_16)
     9    0.03    0.05    0.15    0.28 ^ clkbuf_2_3__f_clk/X (sky130_fd_sc_hd__clkbuf_16)
                                         clknet_2_3__leaf_clk (net)
                  0.05    0.00    0.28 ^ _253_/CLK (sky130_fd_sc_hd__dfxtp_2)
     4    0.03    0.08    0.36    0.64 v _253_/Q (sky130_fd_sc_hd__dfxtp_2)
                                         a.count[3] (net)
                  0.08    0.00    0.64 v _159_/A (sky130_fd_sc_hd__nand2_1)
     1    0.01    0.07    0.09    0.74 ^ _159_/Y (sky130_fd_sc_hd__nand2_1)
                                         _036_ (net)
                  0.07    0.00    0.74 ^ _160_/C (sky130_fd_sc_hd__and3_1)
     1    0.01    0.10    0.20    0.94 ^ _160_/X (sky130_fd_sc_hd__and3_1)
                                         _037_ (net)
                  0.10    0.00    0.94 ^ _161_/A (sky130_fd_sc_hd__clkbuf_2)
     1    0.02    0.11    0.17    1.11 ^ _161_/X (sky130_fd_sc_hd__clkbuf_2)
                                         _003_ (net)
                  0.11    0.00    1.11 ^ _253_/D (sky130_fd_sc_hd__dfxtp_2)
                                  1.11   data arrival time

                          0.00    0.00   clock core_clock (rise edge)
                          0.00    0.00   clock source latency
     1    0.02    0.00    0.00    0.00 ^ clk (in)
                                         clk (net)
                  0.00    0.00    0.00 ^ clkbuf_0_clk/A (sky130_fd_sc_hd__clkbuf_16)
     4    0.05    0.07    0.13    0.13 ^ clkbuf_0_clk/X (sky130_fd_sc_hd__clkbuf_16)
                                         clknet_0_clk (net)
                  0.07    0.00    0.13 ^ clkbuf_2_3__f_clk/A (sky130_fd_sc_hd__clkbuf_16)
     9    0.03    0.05    0.15    0.28 ^ clkbuf_2_3__f_clk/X (sky130_fd_sc_hd__clkbuf_16)
                                         clknet_2_3__leaf_clk (net)
                  0.05    0.00    0.28 ^ _253_/CLK (sky130_fd_sc_hd__dfxtp_2)
                          0.00    0.28   clock reconvergence pessimism
                         -0.04    0.24   library hold time
                                  0.24   data required time
-----------------------------------------------------------------------------
                                  0.24   data required time
                                 -1.11   data arrival time
-----------------------------------------------------------------------------
                                  0.87   slack (MET)


Startpoint: _254_ (rising edge-triggered flip-flop clocked by core_clock)
Endpoint: _254_ (rising edge-triggered flip-flop clocked by core_clock)
Path Group: core_clock
Path Type: min

Fanout     Cap    Slew   Delay    Time   Description
-----------------------------------------------------------------------------
                          0.00    0.00   clock core_clock (rise edge)
                          0.00    0.00   clock source latency
     1    0.02    0.00    0.00    0.00 ^ clk (in)
                                         clk (net)
                  0.00    0.00    0.00 ^ clkbuf_0_clk/A (sky130_fd_sc_hd__clkbuf_16)
     4    0.05    0.07    0.13    0.13 ^ clkbuf_0_clk/X (sky130_fd_sc_hd__clkbuf_16)
                                         clknet_0_clk (net)
                  0.07    0.00    0.13 ^ clkbuf_2_1__f_clk/A (sky130_fd_sc_hd__clkbuf_16)
     8    0.03    0.05    0.14    0.28 ^ clkbuf_2_1__f_clk/X (sky130_fd_sc_hd__clkbuf_16)
                                         clknet_2_1__leaf_clk (net)
                  0.05    0.00    0.28 ^ _254_/CLK (sky130_fd_sc_hd__dfxtp_4)
     5    0.05    0.08    0.39    0.67 v _254_/Q (sky130_fd_sc_hd__dfxtp_4)
                                         a.one_second_counter[0] (net)
                  0.08    0.00    0.67 v _169_/A_N (sky130_fd_sc_hd__and2b_1)
     1    0.01    0.09    0.24    0.91 ^ _169_/X (sky130_fd_sc_hd__and2b_1)
                                         _045_ (net)
                  0.09    0.00    0.91 ^ _170_/A (sky130_fd_sc_hd__dlymetal6s2s_1)
     1    0.02    0.19    0.21    1.12 ^ _170_/X (sky130_fd_sc_hd__dlymetal6s2s_1)
                                         _004_ (net)
                  0.19    0.00    1.12 ^ _254_/D (sky130_fd_sc_hd__dfxtp_4)
                                  1.12   data arrival time

                          0.00    0.00   clock core_clock (rise edge)
                          0.00    0.00   clock source latency
     1    0.02    0.00    0.00    0.00 ^ clk (in)
                                         clk (net)
                  0.00    0.00    0.00 ^ clkbuf_0_clk/A (sky130_fd_sc_hd__clkbuf_16)
     4    0.05    0.07    0.13    0.13 ^ clkbuf_0_clk/X (sky130_fd_sc_hd__clkbuf_16)
                                         clknet_0_clk (net)
                  0.07    0.00    0.13 ^ clkbuf_2_1__f_clk/A (sky130_fd_sc_hd__clkbuf_16)
     8    0.03    0.05    0.14    0.28 ^ clkbuf_2_1__f_clk/X (sky130_fd_sc_hd__clkbuf_16)
                                         clknet_2_1__leaf_clk (net)
                  0.05    0.00    0.28 ^ _254_/CLK (sky130_fd_sc_hd__dfxtp_4)
                          0.00    0.28   clock reconvergence pessimism
                         -0.06    0.22   library hold time
                                  0.22   data required time
-----------------------------------------------------------------------------
                                  0.22   data required time
                                 -1.12   data arrival time
-----------------------------------------------------------------------------
                                  0.90   slack (MET)


Startpoint: _257_ (rising edge-triggered flip-flop clocked by core_clock)
Endpoint: _257_ (rising edge-triggered flip-flop clocked by core_clock)
Path Group: core_clock
Path Type: min

Fanout     Cap    Slew   Delay    Time   Description
-----------------------------------------------------------------------------
                          0.00    0.00   clock core_clock (rise edge)
                          0.00    0.00   clock source latency
     1    0.02    0.00    0.00    0.00 ^ clk (in)
                                         clk (net)
                  0.00    0.00    0.00 ^ clkbuf_0_clk/A (sky130_fd_sc_hd__clkbuf_16)
     4    0.05    0.07    0.13    0.13 ^ clkbuf_0_clk/X (sky130_fd_sc_hd__clkbuf_16)
                                         clknet_0_clk (net)
                  0.07    0.00    0.13 ^ clkbuf_2_2__f_clk/A (sky130_fd_sc_hd__clkbuf_16)
    10    0.03    0.05    0.14    0.28 ^ clkbuf_2_2__f_clk/X (sky130_fd_sc_hd__clkbuf_16)
                                         clknet_2_2__leaf_clk (net)
                  0.05    0.00    0.28 ^ _257_/CLK (sky130_fd_sc_hd__dfxtp_2)
     3    0.02    0.07    0.35    0.63 v _257_/Q (sky130_fd_sc_hd__dfxtp_2)
                                         a.one_second_counter[3] (net)
                  0.07    0.00    0.63 v _177_/A (sky130_fd_sc_hd__nand2_1)
     2    0.01    0.11    0.12    0.75 ^ _177_/Y (sky130_fd_sc_hd__nand2_1)
                                         _050_ (net)
                  0.11    0.00    0.75 ^ _178_/C (sky130_fd_sc_hd__and3_1)
     1    0.02    0.17    0.26    1.01 ^ _178_/X (sky130_fd_sc_hd__and3_1)
                                         _051_ (net)
                  0.17    0.00    1.01 ^ _179_/A (sky130_fd_sc_hd__clkbuf_1)
     1    0.01    0.08    0.13    1.14 ^ _179_/X (sky130_fd_sc_hd__clkbuf_1)
                                         _007_ (net)
                  0.08    0.00    1.14 ^ _257_/D (sky130_fd_sc_hd__dfxtp_2)
                                  1.14   data arrival time

                          0.00    0.00   clock core_clock (rise edge)
                          0.00    0.00   clock source latency
     1    0.02    0.00    0.00    0.00 ^ clk (in)
                                         clk (net)
                  0.00    0.00    0.00 ^ clkbuf_0_clk/A (sky130_fd_sc_hd__clkbuf_16)
     4    0.05    0.07    0.13    0.13 ^ clkbuf_0_clk/X (sky130_fd_sc_hd__clkbuf_16)
                                         clknet_0_clk (net)
                  0.07    0.00    0.13 ^ clkbuf_2_2__f_clk/A (sky130_fd_sc_hd__clkbuf_16)
    10    0.03    0.05    0.14    0.28 ^ clkbuf_2_2__f_clk/X (sky130_fd_sc_hd__clkbuf_16)
                                         clknet_2_2__leaf_clk (net)
                  0.05    0.00    0.28 ^ _257_/CLK (sky130_fd_sc_hd__dfxtp_2)
                          0.00    0.28   clock reconvergence pessimism
                         -0.04    0.24   library hold time
                                  0.24   data required time
-----------------------------------------------------------------------------
                                  0.24   data required time
                                 -1.14   data arrival time
-----------------------------------------------------------------------------
                                  0.90   slack (MET)


Startpoint: _266_ (rising edge-triggered flip-flop clocked by core_clock)
Endpoint: _266_ (rising edge-triggered flip-flop clocked by core_clock)
Path Group: core_clock
Path Type: min

Fanout     Cap    Slew   Delay    Time   Description
-----------------------------------------------------------------------------
                          0.00    0.00   clock core_clock (rise edge)
                          0.00    0.00   clock source latency
     1    0.02    0.00    0.00    0.00 ^ clk (in)
                                         clk (net)
                  0.00    0.00    0.00 ^ clkbuf_0_clk/A (sky130_fd_sc_hd__clkbuf_16)
     4    0.05    0.07    0.13    0.13 ^ clkbuf_0_clk/X (sky130_fd_sc_hd__clkbuf_16)
                                         clknet_0_clk (net)
                  0.07    0.00    0.13 ^ clkbuf_2_3__f_clk/A (sky130_fd_sc_hd__clkbuf_16)
     9    0.03    0.05    0.15    0.28 ^ clkbuf_2_3__f_clk/X (sky130_fd_sc_hd__clkbuf_16)
                                         clknet_2_3__leaf_clk (net)
                  0.05    0.00    0.28 ^ _266_/CLK (sky130_fd_sc_hd__dfxtp_2)
     5    0.02    0.06    0.35    0.63 v _266_/Q (sky130_fd_sc_hd__dfxtp_2)
                                         a.one_second_counter[12] (net)
                  0.06    0.00    0.63 v _205_/B1 (sky130_fd_sc_hd__a21o_1)
     1    0.02    0.08    0.21    0.84 v _205_/X (sky130_fd_sc_hd__a21o_1)
                                         _069_ (net)
                  0.08    0.00    0.84 v _206_/B (sky130_fd_sc_hd__and3b_1)
     1    0.01    0.06    0.21    1.05 v _206_/X (sky130_fd_sc_hd__and3b_1)
                                         _070_ (net)
                  0.06    0.00    1.05 v _207_/A (sky130_fd_sc_hd__clkbuf_1)
     1    0.00    0.04    0.10    1.15 v _207_/X (sky130_fd_sc_hd__clkbuf_1)
                                         _016_ (net)
                  0.04    0.00    1.15 v _266_/D (sky130_fd_sc_hd__dfxtp_2)
                                  1.15   data arrival time

                          0.00    0.00   clock core_clock (rise edge)
                          0.00    0.00   clock source latency
     1    0.02    0.00    0.00    0.00 ^ clk (in)
                                         clk (net)
                  0.00    0.00    0.00 ^ clkbuf_0_clk/A (sky130_fd_sc_hd__clkbuf_16)
     4    0.05    0.07    0.13    0.13 ^ clkbuf_0_clk/X (sky130_fd_sc_hd__clkbuf_16)
                                         clknet_0_clk (net)
                  0.07    0.00    0.13 ^ clkbuf_2_3__f_clk/A (sky130_fd_sc_hd__clkbuf_16)
     9    0.03    0.05    0.15    0.28 ^ clkbuf_2_3__f_clk/X (sky130_fd_sc_hd__clkbuf_16)
                                         clknet_2_3__leaf_clk (net)
                  0.05    0.00    0.28 ^ _266_/CLK (sky130_fd_sc_hd__dfxtp_2)
                          0.00    0.28   clock reconvergence pessimism
                         -0.04    0.24   library hold time
                                  0.24   data required time
-----------------------------------------------------------------------------
                                  0.24   data required time
                                 -1.15   data arrival time
-----------------------------------------------------------------------------
                                  0.91   slack (MET)


Startpoint: _278_ (rising edge-triggered flip-flop clocked by core_clock)
Endpoint: _279_ (rising edge-triggered flip-flop clocked by core_clock)
Path Group: core_clock
Path Type: min

Fanout     Cap    Slew   Delay    Time   Description
-----------------------------------------------------------------------------
                          0.00    0.00   clock core_clock (rise edge)
                          0.00    0.00   clock source latency
     1    0.02    0.00    0.00    0.00 ^ clk (in)
                                         clk (net)
                  0.00    0.00    0.00 ^ clkbuf_0_clk/A (sky130_fd_sc_hd__clkbuf_16)
     4    0.05    0.07    0.13    0.13 ^ clkbuf_0_clk/X (sky130_fd_sc_hd__clkbuf_16)
                                         clknet_0_clk (net)
                  0.07    0.00    0.13 ^ clkbuf_2_0__f_clk/A (sky130_fd_sc_hd__clkbuf_16)
     7    0.03    0.05    0.15    0.28 ^ clkbuf_2_0__f_clk/X (sky130_fd_sc_hd__clkbuf_16)
                                         clknet_2_0__leaf_clk (net)
                  0.05    0.00    0.28 ^ _278_/CLK (sky130_fd_sc_hd__dfxtp_4)
     6    0.04    0.07    0.38    0.66 v _278_/Q (sky130_fd_sc_hd__dfxtp_4)
                                         a.one_second_counter[24] (net)
                  0.07    0.00    0.66 v _245_/A (sky130_fd_sc_hd__nand3_4)
     2    0.02    0.08    0.10    0.76 ^ _245_/Y (sky130_fd_sc_hd__nand3_4)
                                         _096_ (net)
                  0.08    0.00    0.76 ^ _246_/C (sky130_fd_sc_hd__and3_2)
     1    0.02    0.11    0.24    1.00 ^ _246_/X (sky130_fd_sc_hd__and3_2)
                                         _097_ (net)
                  0.11    0.00    1.01 ^ _247_/A (sky130_fd_sc_hd__buf_1)
     1    0.01    0.12    0.16    1.16 ^ _247_/X (sky130_fd_sc_hd__buf_1)
                                         _029_ (net)
                  0.12    0.00    1.16 ^ _279_/D (sky130_fd_sc_hd__dfxtp_4)
                                  1.16   data arrival time

                          0.00    0.00   clock core_clock (rise edge)
                          0.00    0.00   clock source latency
     1    0.02    0.00    0.00    0.00 ^ clk (in)
                                         clk (net)
                  0.00    0.00    0.00 ^ clkbuf_0_clk/A (sky130_fd_sc_hd__clkbuf_16)
     4    0.05    0.07    0.13    0.13 ^ clkbuf_0_clk/X (sky130_fd_sc_hd__clkbuf_16)
                                         clknet_0_clk (net)
                  0.07    0.00    0.13 ^ clkbuf_2_3__f_clk/A (sky130_fd_sc_hd__clkbuf_16)
     9    0.03    0.05    0.15    0.28 ^ clkbuf_2_3__f_clk/X (sky130_fd_sc_hd__clkbuf_16)
                                         clknet_2_3__leaf_clk (net)
                  0.05    0.00    0.28 ^ _279_/CLK (sky130_fd_sc_hd__dfxtp_4)
                          0.00    0.28   clock reconvergence pessimism
                         -0.05    0.23   library hold time
                                  0.23   data required time
-----------------------------------------------------------------------------
                                  0.23   data required time
                                 -1.16   data arrival time
-----------------------------------------------------------------------------
                                  0.93   slack (MET)


Startpoint: _279_ (rising edge-triggered flip-flop clocked by core_clock)
Endpoint: _263_ (rising edge-triggered flip-flop clocked by core_clock)
Path Group: core_clock
Path Type: min

Fanout     Cap    Slew   Delay    Time   Description
-----------------------------------------------------------------------------
                          0.00    0.00   clock core_clock (rise edge)
                          0.00    0.00   clock source latency
     1    0.02    0.00    0.00    0.00 ^ clk (in)
                                         clk (net)
                  0.00    0.00    0.00 ^ clkbuf_0_clk/A (sky130_fd_sc_hd__clkbuf_16)
     4    0.05    0.07    0.13    0.13 ^ clkbuf_0_clk/X (sky130_fd_sc_hd__clkbuf_16)
                                         clknet_0_clk (net)
                  0.07    0.00    0.13 ^ clkbuf_2_3__f_clk/A (sky130_fd_sc_hd__clkbuf_16)
     9    0.03    0.05    0.15    0.28 ^ clkbuf_2_3__f_clk/X (sky130_fd_sc_hd__clkbuf_16)
                                         clknet_2_3__leaf_clk (net)
                  0.05    0.00    0.28 ^ _279_/CLK (sky130_fd_sc_hd__dfxtp_4)
     4    0.05    0.14    0.42    0.70 ^ _279_/Q (sky130_fd_sc_hd__dfxtp_4)
                                         a.one_second_counter[25] (net)
                  0.14    0.00    0.70 ^ _167_/A2 (sky130_fd_sc_hd__a221oi_4)
     9    0.05    0.08    0.15    0.85 v _167_/Y (sky130_fd_sc_hd__a221oi_4)
                                         _043_ (net)
                  0.08    0.00    0.85 v _197_/B (sky130_fd_sc_hd__and3b_1)
     1    0.01    0.07    0.21    1.07 v _197_/X (sky130_fd_sc_hd__and3b_1)
                                         _064_ (net)
                  0.07    0.00    1.07 v _198_/A (sky130_fd_sc_hd__buf_1)
     1    0.01    0.05    0.12    1.19 v _198_/X (sky130_fd_sc_hd__buf_1)
                                         _013_ (net)
                  0.05    0.00    1.19 v _263_/D (sky130_fd_sc_hd__dfxtp_2)
                                  1.19   data arrival time

                          0.00    0.00   clock core_clock (rise edge)
                          0.00    0.00   clock source latency
     1    0.02    0.00    0.00    0.00 ^ clk (in)
                                         clk (net)
                  0.00    0.00    0.00 ^ clkbuf_0_clk/A (sky130_fd_sc_hd__clkbuf_16)
     4    0.05    0.07    0.13    0.13 ^ clkbuf_0_clk/X (sky130_fd_sc_hd__clkbuf_16)
                                         clknet_0_clk (net)
                  0.07    0.00    0.13 ^ clkbuf_2_3__f_clk/A (sky130_fd_sc_hd__clkbuf_16)
     9    0.03    0.05    0.15    0.28 ^ clkbuf_2_3__f_clk/X (sky130_fd_sc_hd__clkbuf_16)
                                         clknet_2_3__leaf_clk (net)
                  0.05    0.00    0.28 ^ _263_/CLK (sky130_fd_sc_hd__dfxtp_2)
                          0.00    0.28   clock reconvergence pessimism
                         -0.05    0.23   library hold time
                                  0.23   data required time
-----------------------------------------------------------------------------
                                  0.23   data required time
                                 -1.19   data arrival time
-----------------------------------------------------------------------------
                                  0.95   slack (MET)


Startpoint: _256_ (rising edge-triggered flip-flop clocked by core_clock)
Endpoint: _256_ (rising edge-triggered flip-flop clocked by core_clock)
Path Group: core_clock
Path Type: min

Fanout     Cap    Slew   Delay    Time   Description
-----------------------------------------------------------------------------
                          0.00    0.00   clock core_clock (rise edge)
                          0.00    0.00   clock source latency
     1    0.02    0.00    0.00    0.00 ^ clk (in)
                                         clk (net)
                  0.00    0.00    0.00 ^ clkbuf_0_clk/A (sky130_fd_sc_hd__clkbuf_16)
     4    0.05    0.07    0.13    0.13 ^ clkbuf_0_clk/X (sky130_fd_sc_hd__clkbuf_16)
                                         clknet_0_clk (net)
                  0.07    0.00    0.13 ^ clkbuf_2_2__f_clk/A (sky130_fd_sc_hd__clkbuf_16)
    10    0.03    0.05    0.14    0.28 ^ clkbuf_2_2__f_clk/X (sky130_fd_sc_hd__clkbuf_16)
                                         clknet_2_2__leaf_clk (net)
                  0.05    0.00    0.28 ^ _256_/CLK (sky130_fd_sc_hd__dfxtp_2)
     2    0.02    0.06    0.35    0.62 v _256_/Q (sky130_fd_sc_hd__dfxtp_2)
                                         a.one_second_counter[2] (net)
                  0.06    0.00    0.63 v _173_/B1 (sky130_fd_sc_hd__a21o_1)
     1    0.01    0.05    0.18    0.80 v _173_/X (sky130_fd_sc_hd__a21o_1)
                                         _047_ (net)
                  0.05    0.00    0.80 v _174_/C (sky130_fd_sc_hd__and3b_1)
     1    0.01    0.08    0.22    1.03 v _174_/X (sky130_fd_sc_hd__and3b_1)
                                         _048_ (net)
                  0.08    0.00    1.03 v _175_/A (sky130_fd_sc_hd__buf_1)
     1    0.01    0.08    0.15    1.17 v _175_/X (sky130_fd_sc_hd__buf_1)
                                         _006_ (net)
                  0.08    0.00    1.17 v _256_/D (sky130_fd_sc_hd__dfxtp_2)
                                  1.17   data arrival time

                          0.00    0.00   clock core_clock (rise edge)
                          0.00    0.00   clock source latency
     1    0.02    0.00    0.00    0.00 ^ clk (in)
                                         clk (net)
                  0.00    0.00    0.00 ^ clkbuf_0_clk/A (sky130_fd_sc_hd__clkbuf_16)
     4    0.05    0.07    0.13    0.13 ^ clkbuf_0_clk/X (sky130_fd_sc_hd__clkbuf_16)
                                         clknet_0_clk (net)
                  0.07    0.00    0.13 ^ clkbuf_2_2__f_clk/A (sky130_fd_sc_hd__clkbuf_16)
    10    0.03    0.05    0.14    0.28 ^ clkbuf_2_2__f_clk/X (sky130_fd_sc_hd__clkbuf_16)
                                         clknet_2_2__leaf_clk (net)
                  0.05    0.00    0.28 ^ _256_/CLK (sky130_fd_sc_hd__dfxtp_2)
                          0.00    0.28   clock reconvergence pessimism
                         -0.06    0.22   library hold time
                                  0.22   data required time
-----------------------------------------------------------------------------
                                  0.22   data required time
                                 -1.17   data arrival time
-----------------------------------------------------------------------------
                                  0.96   slack (MET)


Startpoint: _252_ (rising edge-triggered flip-flop clocked by core_clock)
Endpoint: _252_ (rising edge-triggered flip-flop clocked by core_clock)
Path Group: core_clock
Path Type: min

Fanout     Cap    Slew   Delay    Time   Description
-----------------------------------------------------------------------------
                          0.00    0.00   clock core_clock (rise edge)
                          0.00    0.00   clock source latency
     1    0.02    0.00    0.00    0.00 ^ clk (in)
                                         clk (net)
                  0.00    0.00    0.00 ^ clkbuf_0_clk/A (sky130_fd_sc_hd__clkbuf_16)
     4    0.05    0.07    0.13    0.13 ^ clkbuf_0_clk/X (sky130_fd_sc_hd__clkbuf_16)
                                         clknet_0_clk (net)
                  0.07    0.00    0.13 ^ clkbuf_2_3__f_clk/A (sky130_fd_sc_hd__clkbuf_16)
     9    0.03    0.05    0.15    0.28 ^ clkbuf_2_3__f_clk/X (sky130_fd_sc_hd__clkbuf_16)
                                         clknet_2_3__leaf_clk (net)
                  0.05    0.00    0.28 ^ _252_/CLK (sky130_fd_sc_hd__dfxtp_2)
     4    0.03    0.09    0.37    0.65 v _252_/Q (sky130_fd_sc_hd__dfxtp_2)
                                         a.count[2] (net)
                  0.09    0.00    0.65 v _154_/A (sky130_fd_sc_hd__and2_1)
     3    0.02    0.09    0.20    0.86 v _154_/X (sky130_fd_sc_hd__and2_1)
                                         _032_ (net)
                  0.09    0.00    0.86 v _156_/A_N (sky130_fd_sc_hd__and2b_1)
     1    0.01    0.09    0.24    1.09 ^ _156_/X (sky130_fd_sc_hd__and2b_1)
                                         _034_ (net)
                  0.09    0.00    1.09 ^ _157_/A (sky130_fd_sc_hd__buf_1)
     1    0.01    0.12    0.14    1.24 ^ _157_/X (sky130_fd_sc_hd__buf_1)
                                         _002_ (net)
                  0.12    0.00    1.24 ^ _252_/D (sky130_fd_sc_hd__dfxtp_2)
                                  1.24   data arrival time

                          0.00    0.00   clock core_clock (rise edge)
                          0.00    0.00   clock source latency
     1    0.02    0.00    0.00    0.00 ^ clk (in)
                                         clk (net)
                  0.00    0.00    0.00 ^ clkbuf_0_clk/A (sky130_fd_sc_hd__clkbuf_16)
     4    0.05    0.07    0.13    0.13 ^ clkbuf_0_clk/X (sky130_fd_sc_hd__clkbuf_16)
                                         clknet_0_clk (net)
                  0.07    0.00    0.13 ^ clkbuf_2_3__f_clk/A (sky130_fd_sc_hd__clkbuf_16)
     9    0.03    0.05    0.15    0.28 ^ clkbuf_2_3__f_clk/X (sky130_fd_sc_hd__clkbuf_16)
                                         clknet_2_3__leaf_clk (net)
                  0.05    0.00    0.28 ^ _252_/CLK (sky130_fd_sc_hd__dfxtp_2)
                          0.00    0.28   clock reconvergence pessimism
                         -0.04    0.23   library hold time
                                  0.23   data required time
-----------------------------------------------------------------------------
                                  0.23   data required time
                                 -1.24   data arrival time
-----------------------------------------------------------------------------
                                  1.00   slack (MET)


Startpoint: _279_ (rising edge-triggered flip-flop clocked by core_clock)
Endpoint: _274_ (rising edge-triggered flip-flop clocked by core_clock)
Path Group: core_clock
Path Type: min

Fanout     Cap    Slew   Delay    Time   Description
-----------------------------------------------------------------------------
                          0.00    0.00   clock core_clock (rise edge)
                          0.00    0.00   clock source latency
     1    0.02    0.00    0.00    0.00 ^ clk (in)
                                         clk (net)
                  0.00    0.00    0.00 ^ clkbuf_0_clk/A (sky130_fd_sc_hd__clkbuf_16)
     4    0.05    0.07    0.13    0.13 ^ clkbuf_0_clk/X (sky130_fd_sc_hd__clkbuf_16)
                                         clknet_0_clk (net)
                  0.07    0.00    0.13 ^ clkbuf_2_3__f_clk/A (sky130_fd_sc_hd__clkbuf_16)
     9    0.03    0.05    0.15    0.28 ^ clkbuf_2_3__f_clk/X (sky130_fd_sc_hd__clkbuf_16)
                                         clknet_2_3__leaf_clk (net)
                  0.05    0.00    0.28 ^ _279_/CLK (sky130_fd_sc_hd__dfxtp_4)
     4    0.05    0.14    0.42    0.70 ^ _279_/Q (sky130_fd_sc_hd__dfxtp_4)
                                         a.one_second_counter[25] (net)
                  0.14    0.00    0.70 ^ _167_/A2 (sky130_fd_sc_hd__a221oi_4)
     9    0.05    0.08    0.15    0.85 v _167_/Y (sky130_fd_sc_hd__a221oi_4)
                                         _043_ (net)
                  0.08    0.00    0.86 v _231_/B (sky130_fd_sc_hd__and3b_2)
     1    0.02    0.07    0.26    1.11 v _231_/X (sky130_fd_sc_hd__and3b_2)
                                         _087_ (net)
                  0.07    0.00    1.11 v _232_/A (sky130_fd_sc_hd__buf_1)
     1    0.01    0.07    0.14    1.25 v _232_/X (sky130_fd_sc_hd__buf_1)
                                         _024_ (net)
                  0.07    0.00    1.25 v _274_/D (sky130_fd_sc_hd__dfxtp_2)
                                  1.25   data arrival time

                          0.00    0.00   clock core_clock (rise edge)
                          0.00    0.00   clock source latency
     1    0.02    0.00    0.00    0.00 ^ clk (in)
                                         clk (net)
                  0.00    0.00    0.00 ^ clkbuf_0_clk/A (sky130_fd_sc_hd__clkbuf_16)
     4    0.05    0.07    0.13    0.13 ^ clkbuf_0_clk/X (sky130_fd_sc_hd__clkbuf_16)
                                         clknet_0_clk (net)
                  0.07    0.00    0.13 ^ clkbuf_2_3__f_clk/A (sky130_fd_sc_hd__clkbuf_16)
     9    0.03    0.05    0.15    0.28 ^ clkbuf_2_3__f_clk/X (sky130_fd_sc_hd__clkbuf_16)
                                         clknet_2_3__leaf_clk (net)
                  0.05    0.00    0.28 ^ _274_/CLK (sky130_fd_sc_hd__dfxtp_2)
                          0.00    0.28   clock reconvergence pessimism
                         -0.05    0.22   library hold time
                                  0.22   data required time
-----------------------------------------------------------------------------
                                  0.22   data required time
                                 -1.25   data arrival time
-----------------------------------------------------------------------------
                                  1.03   slack (MET)


Startpoint: _279_ (rising edge-triggered flip-flop clocked by core_clock)
Endpoint: _259_ (rising edge-triggered flip-flop clocked by core_clock)
Path Group: core_clock
Path Type: min

Fanout     Cap    Slew   Delay    Time   Description
-----------------------------------------------------------------------------
                          0.00    0.00   clock core_clock (rise edge)
                          0.00    0.00   clock source latency
     1    0.02    0.00    0.00    0.00 ^ clk (in)
                                         clk (net)
                  0.00    0.00    0.00 ^ clkbuf_0_clk/A (sky130_fd_sc_hd__clkbuf_16)
     4    0.05    0.07    0.13    0.13 ^ clkbuf_0_clk/X (sky130_fd_sc_hd__clkbuf_16)
                                         clknet_0_clk (net)
                  0.07    0.00    0.13 ^ clkbuf_2_3__f_clk/A (sky130_fd_sc_hd__clkbuf_16)
     9    0.03    0.05    0.15    0.28 ^ clkbuf_2_3__f_clk/X (sky130_fd_sc_hd__clkbuf_16)
                                         clknet_2_3__leaf_clk (net)
                  0.05    0.00    0.28 ^ _279_/CLK (sky130_fd_sc_hd__dfxtp_4)
     4    0.05    0.14    0.42    0.70 ^ _279_/Q (sky130_fd_sc_hd__dfxtp_4)
                                         a.one_second_counter[25] (net)
                  0.14    0.00    0.70 ^ _167_/A2 (sky130_fd_sc_hd__a221oi_4)
     9    0.05    0.08    0.15    0.85 v _167_/Y (sky130_fd_sc_hd__a221oi_4)
                                         _043_ (net)
                  0.08    0.00    0.86 v _185_/B (sky130_fd_sc_hd__and3b_2)
     1    0.02    0.08    0.26    1.12 v _185_/X (sky130_fd_sc_hd__and3b_2)
                                         _056_ (net)
                  0.08    0.00    1.12 v _186_/A (sky130_fd_sc_hd__clkbuf_2)
     1    0.02    0.08    0.16    1.28 v _186_/X (sky130_fd_sc_hd__clkbuf_2)
                                         _009_ (net)
                  0.08    0.00    1.28 v _259_/D (sky130_fd_sc_hd__dfxtp_2)
                                  1.28   data arrival time

                          0.00    0.00   clock core_clock (rise edge)
                          0.00    0.00   clock source latency
     1    0.02    0.00    0.00    0.00 ^ clk (in)
                                         clk (net)
                  0.00    0.00    0.00 ^ clkbuf_0_clk/A (sky130_fd_sc_hd__clkbuf_16)
     4    0.05    0.07    0.13    0.13 ^ clkbuf_0_clk/X (sky130_fd_sc_hd__clkbuf_16)
                                         clknet_0_clk (net)
                  0.07    0.00    0.13 ^ clkbuf_2_1__f_clk/A (sky130_fd_sc_hd__clkbuf_16)
     8    0.03    0.05    0.14    0.28 ^ clkbuf_2_1__f_clk/X (sky130_fd_sc_hd__clkbuf_16)
                                         clknet_2_1__leaf_clk (net)
                  0.05    0.00    0.28 ^ _259_/CLK (sky130_fd_sc_hd__dfxtp_2)
                          0.00    0.28   clock reconvergence pessimism
                         -0.06    0.22   library hold time
                                  0.22   data required time
-----------------------------------------------------------------------------
                                  0.22   data required time
                                 -1.28   data arrival time
-----------------------------------------------------------------------------
                                  1.06   slack (MET)



worst slack corner Typical: 0.5606
