
===========================================================================
report_checks -path_delay max (Setup)
============================================================================
======================= Fastest Corner ===================================

Startpoint: B[0] (input port clocked by __VIRTUAL_CLK__)
Endpoint: out[7] (output port clocked by __VIRTUAL_CLK__)
Path Group: __VIRTUAL_CLK__
Path Type: max
Corner: Fastest

Fanout     Cap    Slew   Delay    Time   Description
-----------------------------------------------------------------------------
                  0.00    0.00    0.00   clock __VIRTUAL_CLK__ (rise edge)
                          0.00    0.00   clock network delay (ideal)
                          2.00    2.00 v input external delay
     1    0.00    0.00    0.00    2.00 v B[0] (in)
                                         B[0] (net)
                  0.00    0.00    2.00 v input9/A (sky130_fd_sc_hd__clkbuf_4)
     8    0.06    0.09    0.14    2.15 v input9/X (sky130_fd_sc_hd__clkbuf_4)
                                         net9 (net)
                  0.09    0.01    2.15 v _186_/A (sky130_fd_sc_hd__clkbuf_4)
    10    0.06    0.09    0.18    2.33 v _186_/X (sky130_fd_sc_hd__clkbuf_4)
                                         _114_ (net)
                  0.09    0.00    2.34 v _242_/A1 (sky130_fd_sc_hd__o31a_1)
     1    0.02    0.09    0.27    2.61 v _242_/X (sky130_fd_sc_hd__o31a_1)
                                         _009_ (net)
                  0.09    0.00    2.61 v _243_/B (sky130_fd_sc_hd__xnor2_1)
     2    0.02    0.38    0.34    2.95 ^ _243_/Y (sky130_fd_sc_hd__xnor2_1)
                                         _010_ (net)
                  0.38    0.00    2.96 ^ _244_/B (sky130_fd_sc_hd__nand2_1)
     3    0.02    0.15    0.15    3.11 v _244_/Y (sky130_fd_sc_hd__nand2_1)
                                         _011_ (net)
                  0.15    0.00    3.11 v _248_/A3 (sky130_fd_sc_hd__a311o_4)
     5    0.04    0.08    0.36    3.47 v _248_/X (sky130_fd_sc_hd__a311o_4)
                                         _015_ (net)
                  0.08    0.00    3.47 v _260_/A1 (sky130_fd_sc_hd__a311oi_4)
     3    0.03    0.32    0.29    3.76 ^ _260_/Y (sky130_fd_sc_hd__a311oi_4)
                                         _026_ (net)
                  0.32    0.00    3.76 ^ _280_/A2 (sky130_fd_sc_hd__o21ai_1)
     1    0.01    0.10    0.10    3.86 v _280_/Y (sky130_fd_sc_hd__o21ai_1)
                                         _045_ (net)
                  0.10    0.00    3.86 v _282_/B (sky130_fd_sc_hd__and3_1)
     1    0.01    0.05    0.16    4.02 v _282_/X (sky130_fd_sc_hd__and3_1)
                                         _047_ (net)
                  0.05    0.00    4.02 v _289_/A2 (sky130_fd_sc_hd__o31a_1)
     1    0.02    0.09    0.24    4.26 v _289_/X (sky130_fd_sc_hd__o31a_1)
                                         net27 (net)
                  0.09    0.00    4.26 v output27/A (sky130_fd_sc_hd__buf_2)
     1    0.03    0.06    0.15    4.41 v output27/X (sky130_fd_sc_hd__buf_2)
                                         out[7] (net)
                  0.06    0.00    4.41 v out[7] (out)
                                  4.41   data arrival time

                  0.00   10.00   10.00   clock __VIRTUAL_CLK__ (rise edge)
                          0.00   10.00   clock network delay (ideal)
                         -0.25    9.75   clock uncertainty
                          0.00    9.75   clock reconvergence pessimism
                         -2.00    7.75   output external delay
                                  7.75   data required time
-----------------------------------------------------------------------------
                                  7.75   data required time
                                 -4.41   data arrival time
-----------------------------------------------------------------------------
                                  3.34   slack (MET)


Startpoint: B[1] (input port clocked by __VIRTUAL_CLK__)
Endpoint: out[4] (output port clocked by __VIRTUAL_CLK__)
Path Group: __VIRTUAL_CLK__
Path Type: max
Corner: Fastest

Fanout     Cap    Slew   Delay    Time   Description
-----------------------------------------------------------------------------
                  0.00    0.00    0.00   clock __VIRTUAL_CLK__ (rise edge)
                          0.00    0.00   clock network delay (ideal)
                          2.00    2.00 ^ input external delay
     1    0.00    0.02    0.01    2.01 ^ B[1] (in)
                                         B[1] (net)
                  0.02    0.00    2.01 ^ input10/A (sky130_fd_sc_hd__buf_1)
     3    0.02    0.18    0.15    2.16 ^ input10/X (sky130_fd_sc_hd__buf_1)
                                         net10 (net)
                  0.18    0.00    2.16 ^ _169_/A (sky130_fd_sc_hd__clkbuf_4)
    10    0.07    0.16    0.22    2.39 ^ _169_/X (sky130_fd_sc_hd__clkbuf_4)
                                         _097_ (net)
                  0.16    0.01    2.39 ^ _170_/A1 (sky130_fd_sc_hd__a22oi_1)
     2    0.01    0.07    0.08    2.47 v _170_/Y (sky130_fd_sc_hd__a22oi_1)
                                         _098_ (net)
                  0.07    0.00    2.47 v _172_/B_N (sky130_fd_sc_hd__and4bb_2)
     3    0.03    0.15    0.29    2.77 ^ _172_/X (sky130_fd_sc_hd__and4bb_2)
                                         _100_ (net)
                  0.15    0.00    2.77 ^ _185_/A (sky130_fd_sc_hd__nor2_2)
     2    0.03    0.07    0.08    2.85 v _185_/Y (sky130_fd_sc_hd__nor2_2)
                                         _113_ (net)
                  0.07    0.00    2.85 v _191_/A (sky130_fd_sc_hd__xnor2_2)
     2    0.02    0.23    0.23    3.08 ^ _191_/Y (sky130_fd_sc_hd__xnor2_2)
                                         _119_ (net)
                  0.23    0.00    3.08 ^ _193_/A3 (sky130_fd_sc_hd__a31o_1)
     2    0.03    0.20    0.23    3.31 ^ _193_/X (sky130_fd_sc_hd__a31o_1)
                                         _121_ (net)
                  0.20    0.00    3.31 ^ _194_/B (sky130_fd_sc_hd__xor2_2)
     2    0.03    0.27    0.24    3.55 ^ _194_/X (sky130_fd_sc_hd__xor2_2)
                                         _122_ (net)
                  0.27    0.00    3.55 ^ _321_/A (sky130_fd_sc_hd__xor2_1)
     1    0.02    0.31    0.28    3.83 ^ _321_/X (sky130_fd_sc_hd__xor2_1)
                                         _081_ (net)
                  0.31    0.00    3.83 ^ _328_/A2 (sky130_fd_sc_hd__a21oi_1)
     1    0.02    0.12    0.14    3.98 v _328_/Y (sky130_fd_sc_hd__a21oi_1)
                                         _088_ (net)
                  0.12    0.00    3.98 v _329_/B1 (sky130_fd_sc_hd__a21oi_1)
     1    0.02    0.28    0.21    4.19 ^ _329_/Y (sky130_fd_sc_hd__a21oi_1)
                                         net24 (net)
                  0.28    0.00    4.19 ^ output24/A (sky130_fd_sc_hd__buf_2)
     1    0.03    0.13    0.19    4.38 ^ output24/X (sky130_fd_sc_hd__buf_2)
                                         out[4] (net)
                  0.13    0.00    4.38 ^ out[4] (out)
                                  4.38   data arrival time

                  0.00   10.00   10.00   clock __VIRTUAL_CLK__ (rise edge)
                          0.00   10.00   clock network delay (ideal)
                         -0.25    9.75   clock uncertainty
                          0.00    9.75   clock reconvergence pessimism
                         -2.00    7.75   output external delay
                                  7.75   data required time
-----------------------------------------------------------------------------
                                  7.75   data required time
                                 -4.38   data arrival time
-----------------------------------------------------------------------------
                                  3.37   slack (MET)


Startpoint: A[3] (input port clocked by __VIRTUAL_CLK__)
Endpoint: out[6] (output port clocked by __VIRTUAL_CLK__)
Path Group: __VIRTUAL_CLK__
Path Type: max
Corner: Fastest

Fanout     Cap    Slew   Delay    Time   Description
-----------------------------------------------------------------------------
                  0.00    0.00    0.00   clock __VIRTUAL_CLK__ (rise edge)
                          0.00    0.00   clock network delay (ideal)
                          2.00    2.00 ^ input external delay
     1    0.00    0.02    0.01    2.01 ^ A[3] (in)
                                         A[3] (net)
                  0.02    0.00    2.01 ^ input4/A (sky130_fd_sc_hd__clkbuf_2)
     4    0.03    0.15    0.15    2.16 ^ input4/X (sky130_fd_sc_hd__clkbuf_2)
                                         net4 (net)
                  0.15    0.00    2.16 ^ _175_/A (sky130_fd_sc_hd__clkbuf_4)
    10    0.05    0.12    0.19    2.35 ^ _175_/X (sky130_fd_sc_hd__clkbuf_4)
                                         _103_ (net)
                  0.12    0.00    2.35 ^ _176_/B (sky130_fd_sc_hd__nand2_1)
     2    0.04    0.17    0.17    2.52 v _176_/Y (sky130_fd_sc_hd__nand2_1)
                                         _104_ (net)
                  0.17    0.00    2.52 v _178_/A2 (sky130_fd_sc_hd__o21a_1)
     2    0.02    0.07    0.21    2.73 v _178_/X (sky130_fd_sc_hd__o21a_1)
                                         _106_ (net)
                  0.07    0.00    2.73 v _180_/A (sky130_fd_sc_hd__nor3_1)
     1    0.01    0.22    0.23    2.97 ^ _180_/Y (sky130_fd_sc_hd__nor3_1)
                                         _108_ (net)
                  0.22    0.00    2.97 ^ _181_/B (sky130_fd_sc_hd__nor2_2)
     2    0.03    0.09    0.08    3.05 v _181_/Y (sky130_fd_sc_hd__nor2_2)
                                         _109_ (net)
                  0.09    0.00    3.05 v _204_/C (sky130_fd_sc_hd__and3_1)
     2    0.02    0.09    0.20    3.26 v _204_/X (sky130_fd_sc_hd__and3_1)
                                         _132_ (net)
                  0.09    0.00    3.26 v _208_/B (sky130_fd_sc_hd__nor3_1)
     2    0.02    0.34    0.32    3.58 ^ _208_/Y (sky130_fd_sc_hd__nor3_1)
                                         _136_ (net)
                  0.34    0.00    3.58 ^ _268_/B1 (sky130_fd_sc_hd__a21o_1)
     2    0.02    0.11    0.11    3.68 ^ _268_/X (sky130_fd_sc_hd__a21o_1)
                                         _034_ (net)
                  0.11    0.00    3.68 ^ _269_/B (sky130_fd_sc_hd__xnor2_1)
     1    0.01    0.05    0.06    3.75 v _269_/Y (sky130_fd_sc_hd__xnor2_1)
                                         _035_ (net)
                  0.05    0.00    3.75 v _273_/A2 (sky130_fd_sc_hd__a21oi_1)
     1    0.02    0.34    0.31    4.06 ^ _273_/Y (sky130_fd_sc_hd__a21oi_1)
                                         _039_ (net)
                  0.34    0.00    4.06 ^ _274_/B2 (sky130_fd_sc_hd__a22oi_2)
     1    0.02    0.10    0.09    4.15 v _274_/Y (sky130_fd_sc_hd__a22oi_2)
                                         net26 (net)
                  0.10    0.00    4.15 v output26/A (sky130_fd_sc_hd__buf_2)
     1    0.03    0.06    0.15    4.30 v output26/X (sky130_fd_sc_hd__buf_2)
                                         out[6] (net)
                  0.06    0.00    4.30 v out[6] (out)
                                  4.30   data arrival time

                  0.00   10.00   10.00   clock __VIRTUAL_CLK__ (rise edge)
                          0.00   10.00   clock network delay (ideal)
                         -0.25    9.75   clock uncertainty
                          0.00    9.75   clock reconvergence pessimism
                         -2.00    7.75   output external delay
                                  7.75   data required time
-----------------------------------------------------------------------------
                                  7.75   data required time
                                 -4.30   data arrival time
-----------------------------------------------------------------------------
                                  3.45   slack (MET)


Startpoint: A[3] (input port clocked by __VIRTUAL_CLK__)
Endpoint: out[5] (output port clocked by __VIRTUAL_CLK__)
Path Group: __VIRTUAL_CLK__
Path Type: max
Corner: Fastest

Fanout     Cap    Slew   Delay    Time   Description
-----------------------------------------------------------------------------
                  0.00    0.00    0.00   clock __VIRTUAL_CLK__ (rise edge)
                          0.00    0.00   clock network delay (ideal)
                          2.00    2.00 ^ input external delay
     1    0.00    0.02    0.01    2.01 ^ A[3] (in)
                                         A[3] (net)
                  0.02    0.00    2.01 ^ input4/A (sky130_fd_sc_hd__clkbuf_2)
     4    0.03    0.15    0.15    2.16 ^ input4/X (sky130_fd_sc_hd__clkbuf_2)
                                         net4 (net)
                  0.15    0.00    2.16 ^ _175_/A (sky130_fd_sc_hd__clkbuf_4)
    10    0.05    0.12    0.19    2.35 ^ _175_/X (sky130_fd_sc_hd__clkbuf_4)
                                         _103_ (net)
                  0.12    0.00    2.35 ^ _176_/B (sky130_fd_sc_hd__nand2_1)
     2    0.04    0.17    0.17    2.52 v _176_/Y (sky130_fd_sc_hd__nand2_1)
                                         _104_ (net)
                  0.17    0.00    2.52 v _178_/A2 (sky130_fd_sc_hd__o21a_1)
     2    0.02    0.07    0.21    2.73 v _178_/X (sky130_fd_sc_hd__o21a_1)
                                         _106_ (net)
                  0.07    0.00    2.73 v _180_/A (sky130_fd_sc_hd__nor3_1)
     1    0.01    0.22    0.23    2.97 ^ _180_/Y (sky130_fd_sc_hd__nor3_1)
                                         _108_ (net)
                  0.22    0.00    2.97 ^ _181_/B (sky130_fd_sc_hd__nor2_2)
     2    0.03    0.09    0.08    3.05 v _181_/Y (sky130_fd_sc_hd__nor2_2)
                                         _109_ (net)
                  0.09    0.00    3.05 v _204_/C (sky130_fd_sc_hd__and3_1)
     2    0.02    0.09    0.20    3.26 v _204_/X (sky130_fd_sc_hd__and3_1)
                                         _132_ (net)
                  0.09    0.00    3.26 v _208_/B (sky130_fd_sc_hd__nor3_1)
     2    0.02    0.34    0.32    3.58 ^ _208_/Y (sky130_fd_sc_hd__nor3_1)
                                         _136_ (net)
                  0.34    0.00    3.58 ^ _210_/A_N (sky130_fd_sc_hd__and2b_1)
     1    0.01    0.05    0.15    3.73 v _210_/X (sky130_fd_sc_hd__and2b_1)
                                         _138_ (net)
                  0.05    0.00    3.73 v _211_/B (sky130_fd_sc_hd__xnor2_1)
     1    0.01    0.06    0.11    3.84 v _211_/Y (sky130_fd_sc_hd__xnor2_1)
                                         _139_ (net)
                  0.06    0.00    3.84 v _221_/A2 (sky130_fd_sc_hd__a21oi_1)
     1    0.01    0.22    0.22    4.06 ^ _221_/Y (sky130_fd_sc_hd__a21oi_1)
                                         _149_ (net)
                  0.22    0.00    4.06 ^ _254_/B1 (sky130_fd_sc_hd__a22oi_2)
     1    0.01    0.07    0.06    4.12 v _254_/Y (sky130_fd_sc_hd__a22oi_2)
                                         net25 (net)
                  0.07    0.00    4.12 v output25/A (sky130_fd_sc_hd__buf_4)
     1    0.03    0.04    0.13    4.25 v output25/X (sky130_fd_sc_hd__buf_4)
                                         out[5] (net)
                  0.04    0.00    4.25 v out[5] (out)
                                  4.25   data arrival time

                  0.00   10.00   10.00   clock __VIRTUAL_CLK__ (rise edge)
                          0.00   10.00   clock network delay (ideal)
                         -0.25    9.75   clock uncertainty
                          0.00    9.75   clock reconvergence pessimism
                         -2.00    7.75   output external delay
                                  7.75   data required time
-----------------------------------------------------------------------------
                                  7.75   data required time
                                 -4.25   data arrival time
-----------------------------------------------------------------------------
                                  3.50   slack (MET)


Startpoint: B[0] (input port clocked by __VIRTUAL_CLK__)
Endpoint: out[3] (output port clocked by __VIRTUAL_CLK__)
Path Group: __VIRTUAL_CLK__
Path Type: max
Corner: Fastest

Fanout     Cap    Slew   Delay    Time   Description
-----------------------------------------------------------------------------
                  0.00    0.00    0.00   clock __VIRTUAL_CLK__ (rise edge)
                          0.00    0.00   clock network delay (ideal)
                          2.00    2.00 v input external delay
     1    0.00    0.00    0.00    2.00 v B[0] (in)
                                         B[0] (net)
                  0.00    0.00    2.00 v input9/A (sky130_fd_sc_hd__clkbuf_4)
     8    0.06    0.09    0.14    2.15 v input9/X (sky130_fd_sc_hd__clkbuf_4)
                                         net9 (net)
                  0.09    0.01    2.15 v _186_/A (sky130_fd_sc_hd__clkbuf_4)
    10    0.06    0.09    0.18    2.33 v _186_/X (sky130_fd_sc_hd__clkbuf_4)
                                         _114_ (net)
                  0.09    0.00    2.34 v _242_/A1 (sky130_fd_sc_hd__o31a_1)
     1    0.02    0.09    0.27    2.61 v _242_/X (sky130_fd_sc_hd__o31a_1)
                                         _009_ (net)
                  0.09    0.00    2.61 v _243_/B (sky130_fd_sc_hd__xnor2_1)
     2    0.02    0.38    0.34    2.95 ^ _243_/Y (sky130_fd_sc_hd__xnor2_1)
                                         _010_ (net)
                  0.38    0.00    2.96 ^ _245_/B (sky130_fd_sc_hd__nor2_1)
     3    0.03    0.15    0.14    3.09 v _245_/Y (sky130_fd_sc_hd__nor2_1)
                                         _012_ (net)
                  0.15    0.00    3.09 v _312_/A (sky130_fd_sc_hd__or2b_1)
     2    0.02    0.10    0.24    3.34 v _312_/X (sky130_fd_sc_hd__or2b_1)
                                         _073_ (net)
                  0.10    0.00    3.34 v _314_/A3 (sky130_fd_sc_hd__a31o_1)
     1    0.01    0.06    0.21    3.54 v _314_/X (sky130_fd_sc_hd__a31o_1)
                                         _075_ (net)
                  0.06    0.00    3.54 v _318_/A2 (sky130_fd_sc_hd__o21bai_1)
     1    0.02    0.24    0.22    3.77 ^ _318_/Y (sky130_fd_sc_hd__o21bai_1)
                                         _079_ (net)
                  0.24    0.00    3.77 ^ _319_/B1_N (sky130_fd_sc_hd__o21ba_1)
     1    0.01    0.05    0.13    3.90 v _319_/X (sky130_fd_sc_hd__o21ba_1)
                                         _080_ (net)
                  0.05    0.00    3.90 v _320_/B1 (sky130_fd_sc_hd__a21oi_1)
     1    0.02    0.26    0.16    4.07 ^ _320_/Y (sky130_fd_sc_hd__a21oi_1)
                                         net23 (net)
                  0.26    0.00    4.07 ^ output23/A (sky130_fd_sc_hd__buf_2)
     1    0.03    0.13    0.18    4.25 ^ output23/X (sky130_fd_sc_hd__buf_2)
                                         out[3] (net)
                  0.13    0.00    4.25 ^ out[3] (out)
                                  4.25   data arrival time

                  0.00   10.00   10.00   clock __VIRTUAL_CLK__ (rise edge)
                          0.00   10.00   clock network delay (ideal)
                         -0.25    9.75   clock uncertainty
                          0.00    9.75   clock reconvergence pessimism
                         -2.00    7.75   output external delay
                                  7.75   data required time
-----------------------------------------------------------------------------
                                  7.75   data required time
                                 -4.25   data arrival time
-----------------------------------------------------------------------------
                                  3.50   slack (MET)


Startpoint: B[1] (input port clocked by __VIRTUAL_CLK__)
Endpoint: out[2] (output port clocked by __VIRTUAL_CLK__)
Path Group: __VIRTUAL_CLK__
Path Type: max
Corner: Fastest

Fanout     Cap    Slew   Delay    Time   Description
-----------------------------------------------------------------------------
                  0.00    0.00    0.00   clock __VIRTUAL_CLK__ (rise edge)
                          0.00    0.00   clock network delay (ideal)
                          2.00    2.00 ^ input external delay
     1    0.00    0.02    0.01    2.01 ^ B[1] (in)
                                         B[1] (net)
                  0.02    0.00    2.01 ^ input10/A (sky130_fd_sc_hd__buf_1)
     3    0.02    0.18    0.15    2.16 ^ input10/X (sky130_fd_sc_hd__buf_1)
                                         net10 (net)
                  0.18    0.00    2.16 ^ _169_/A (sky130_fd_sc_hd__clkbuf_4)
    10    0.07    0.16    0.22    2.39 ^ _169_/X (sky130_fd_sc_hd__clkbuf_4)
                                         _097_ (net)
                  0.16    0.01    2.39 ^ _234_/B (sky130_fd_sc_hd__and3_1)
     2    0.03    0.19    0.23    2.63 ^ _234_/X (sky130_fd_sc_hd__and3_1)
                                         _001_ (net)
                  0.19    0.00    2.63 ^ _236_/A1 (sky130_fd_sc_hd__o21a_2)
     4    0.05    0.20    0.24    2.86 ^ _236_/X (sky130_fd_sc_hd__o21a_2)
                                         _003_ (net)
                  0.20    0.00    2.87 ^ _239_/B1 (sky130_fd_sc_hd__a211oi_4)
     3    0.04    0.10    0.07    2.93 v _239_/Y (sky130_fd_sc_hd__a211oi_4)
                                         _006_ (net)
                  0.10    0.00    2.94 v rebuffer1/A (sky130_fd_sc_hd__dlygate4sd3_1)
     1    0.01    0.05    0.42    3.36 v rebuffer1/X (sky130_fd_sc_hd__dlygate4sd3_1)
                                         net28 (net)
                  0.05    0.00    3.36 v _305_/C (sky130_fd_sc_hd__or3_1)
     1    0.01    0.08    0.23    3.58 v _305_/X (sky130_fd_sc_hd__or3_1)
                                         _067_ (net)
                  0.08    0.00    3.59 v _309_/A3 (sky130_fd_sc_hd__a31o_1)
     1    0.01    0.04    0.18    3.76 v _309_/X (sky130_fd_sc_hd__a31o_1)
                                         _071_ (net)
                  0.04    0.00    3.76 v _310_/B2 (sky130_fd_sc_hd__o2bb2a_1)
     1    0.01    0.07    0.21    3.98 v _310_/X (sky130_fd_sc_hd__o2bb2a_1)
                                         net22 (net)
                  0.07    0.00    3.98 v output22/A (sky130_fd_sc_hd__buf_2)
     1    0.03    0.06    0.14    4.12 v output22/X (sky130_fd_sc_hd__buf_2)
                                         out[2] (net)
                  0.06    0.00    4.12 v out[2] (out)
                                  4.12   data arrival time

                  0.00   10.00   10.00   clock __VIRTUAL_CLK__ (rise edge)
                          0.00   10.00   clock network delay (ideal)
                         -0.25    9.75   clock uncertainty
                          0.00    9.75   clock reconvergence pessimism
                         -2.00    7.75   output external delay
                                  7.75   data required time
-----------------------------------------------------------------------------
                                  7.75   data required time
                                 -4.12   data arrival time
-----------------------------------------------------------------------------
                                  3.63   slack (MET)


Startpoint: opcode[0] (input port clocked by __VIRTUAL_CLK__)
Endpoint: out[1] (output port clocked by __VIRTUAL_CLK__)
Path Group: __VIRTUAL_CLK__
Path Type: max
Corner: Fastest

Fanout     Cap    Slew   Delay    Time   Description
-----------------------------------------------------------------------------
                  0.00    0.00    0.00   clock __VIRTUAL_CLK__ (rise edge)
                          0.00    0.00   clock network delay (ideal)
                          2.00    2.00 v input external delay
     1    0.00    0.01    0.00    2.00 v opcode[0] (in)
                                         opcode[0] (net)
                  0.01    0.00    2.00 v input17/A (sky130_fd_sc_hd__clkbuf_2)
     5    0.05    0.12    0.14    2.15 v input17/X (sky130_fd_sc_hd__clkbuf_2)
                                         net17 (net)
                  0.12    0.00    2.15 v _222_/A_N (sky130_fd_sc_hd__nand3b_4)
     5    0.03    0.09    0.18    2.33 v _222_/Y (sky130_fd_sc_hd__nand3b_4)
                                         _150_ (net)
                  0.09    0.00    2.33 v _234_/A (sky130_fd_sc_hd__and3_1)
     2    0.02    0.09    0.18    2.51 v _234_/X (sky130_fd_sc_hd__and3_1)
                                         _001_ (net)
                  0.09    0.00    2.51 v _236_/A1 (sky130_fd_sc_hd__o21a_2)
     4    0.05    0.09    0.23    2.74 v _236_/X (sky130_fd_sc_hd__o21a_2)
                                         _003_ (net)
                  0.09    0.00    2.75 v _239_/B1 (sky130_fd_sc_hd__a211oi_4)
     3    0.04    0.34    0.27    3.02 ^ _239_/Y (sky130_fd_sc_hd__a211oi_4)
                                         _006_ (net)
                  0.34    0.00    3.02 ^ _300_/A (sky130_fd_sc_hd__or3_1)
     2    0.03    0.18    0.21    3.23 ^ _300_/X (sky130_fd_sc_hd__or3_1)
                                         _063_ (net)
                  0.18    0.00    3.23 ^ _301_/C_N (sky130_fd_sc_hd__or3b_1)
     1    0.01    0.07    0.24    3.47 v _301_/X (sky130_fd_sc_hd__or3b_1)
                                         _064_ (net)
                  0.07    0.00    3.47 v _302_/B2 (sky130_fd_sc_hd__o2bb2a_1)
     2    0.03    0.12    0.28    3.75 v _302_/X (sky130_fd_sc_hd__o2bb2a_1)
                                         net21 (net)
                  0.12    0.00    3.76 v output21/A (sky130_fd_sc_hd__buf_2)
     1    0.04    0.06    0.16    3.92 v output21/X (sky130_fd_sc_hd__buf_2)
                                         out[1] (net)
                  0.06    0.00    3.92 v out[1] (out)
                                  3.92   data arrival time

                  0.00   10.00   10.00   clock __VIRTUAL_CLK__ (rise edge)
                          0.00   10.00   clock network delay (ideal)
                         -0.25    9.75   clock uncertainty
                          0.00    9.75   clock reconvergence pessimism
                         -2.00    7.75   output external delay
                                  7.75   data required time
-----------------------------------------------------------------------------
                                  7.75   data required time
                                 -3.92   data arrival time
-----------------------------------------------------------------------------
                                  3.83   slack (MET)


Startpoint: opcode[0] (input port clocked by __VIRTUAL_CLK__)
Endpoint: out[0] (output port clocked by __VIRTUAL_CLK__)
Path Group: __VIRTUAL_CLK__
Path Type: max
Corner: Fastest

Fanout     Cap    Slew   Delay    Time   Description
-----------------------------------------------------------------------------
                  0.00    0.00    0.00   clock __VIRTUAL_CLK__ (rise edge)
                          0.00    0.00   clock network delay (ideal)
                          2.00    2.00 v input external delay
     1    0.00    0.01    0.00    2.00 v opcode[0] (in)
                                         opcode[0] (net)
                  0.01    0.00    2.00 v input17/A (sky130_fd_sc_hd__clkbuf_2)
     5    0.05    0.12    0.14    2.15 v input17/X (sky130_fd_sc_hd__clkbuf_2)
                                         net17 (net)
                  0.12    0.00    2.15 v _161_/A (sky130_fd_sc_hd__or2_2)
     3    0.04    0.10    0.29    2.44 v _161_/X (sky130_fd_sc_hd__or2_2)
                                         _089_ (net)
                  0.10    0.00    2.44 v _250_/C (sky130_fd_sc_hd__and3_2)
     4    0.03    0.07    0.21    2.65 v _250_/X (sky130_fd_sc_hd__and3_2)
                                         _017_ (net)
                  0.07    0.00    2.65 v _251_/A (sky130_fd_sc_hd__inv_2)
     5    0.04    0.14    0.14    2.79 ^ _251_/Y (sky130_fd_sc_hd__inv_2)
                                         _018_ (net)
                  0.14    0.00    2.80 ^ _290_/B1 (sky130_fd_sc_hd__a22oi_1)
     1    0.01    0.07    0.07    2.87 v _290_/Y (sky130_fd_sc_hd__a22oi_1)
                                         _054_ (net)
                  0.07    0.00    2.87 v _292_/A2 (sky130_fd_sc_hd__o32a_1)
     1    0.01    0.05    0.22    3.09 v _292_/X (sky130_fd_sc_hd__o32a_1)
                                         _056_ (net)
                  0.05    0.00    3.09 v _293_/B1 (sky130_fd_sc_hd__a21o_1)
     1    0.01    0.04    0.10    3.19 v _293_/X (sky130_fd_sc_hd__a21o_1)
                                         net20 (net)
                  0.04    0.00    3.19 v output20/A (sky130_fd_sc_hd__buf_2)
     1    0.03    0.06    0.13    3.32 v output20/X (sky130_fd_sc_hd__buf_2)
                                         out[0] (net)
                  0.06    0.00    3.32 v out[0] (out)
                                  3.32   data arrival time

                  0.00   10.00   10.00   clock __VIRTUAL_CLK__ (rise edge)
                          0.00   10.00   clock network delay (ideal)
                         -0.25    9.75   clock uncertainty
                          0.00    9.75   clock reconvergence pessimism
                         -2.00    7.75   output external delay
                                  7.75   data required time
-----------------------------------------------------------------------------
                                  7.75   data required time
                                 -3.32   data arrival time
-----------------------------------------------------------------------------
                                  4.43   slack (MET)



worst slack corner Fastest: 3.3429
======================= Slowest Corner ===================================

Startpoint: B[1] (input port clocked by __VIRTUAL_CLK__)
Endpoint: out[4] (output port clocked by __VIRTUAL_CLK__)
Path Group: __VIRTUAL_CLK__
Path Type: max
Corner: Slowest

Fanout     Cap    Slew   Delay    Time   Description
-----------------------------------------------------------------------------
                  0.00    0.00    0.00   clock __VIRTUAL_CLK__ (rise edge)
                          0.00    0.00   clock network delay (ideal)
                          2.00    2.00 ^ input external delay
     1    0.00    0.03    0.02    2.02 ^ B[1] (in)
                                         B[1] (net)
                  0.03    0.00    2.02 ^ input10/A (sky130_fd_sc_hd__buf_1)
     3    0.02    0.37    0.37    2.39 ^ input10/X (sky130_fd_sc_hd__buf_1)
                                         net10 (net)
                  0.37    0.00    2.39 ^ _169_/A (sky130_fd_sc_hd__clkbuf_4)
    10    0.07    0.33    0.60    2.99 ^ _169_/X (sky130_fd_sc_hd__clkbuf_4)
                                         _097_ (net)
                  0.33    0.01    2.99 ^ _170_/A1 (sky130_fd_sc_hd__a22oi_1)
     2    0.01    0.21    0.34    3.33 v _170_/Y (sky130_fd_sc_hd__a22oi_1)
                                         _098_ (net)
                  0.21    0.00    3.33 v _172_/B_N (sky130_fd_sc_hd__and4bb_2)
     3    0.03    0.34    0.95    4.28 ^ _172_/X (sky130_fd_sc_hd__and4bb_2)
                                         _100_ (net)
                  0.34    0.00    4.29 ^ _185_/A (sky130_fd_sc_hd__nor2_2)
     2    0.03    0.15    0.26    4.55 v _185_/Y (sky130_fd_sc_hd__nor2_2)
                                         _113_ (net)
                  0.15    0.00    4.55 v _191_/A (sky130_fd_sc_hd__xnor2_2)
     2    0.02    0.47    0.52    5.07 ^ _191_/Y (sky130_fd_sc_hd__xnor2_2)
                                         _119_ (net)
                  0.47    0.00    5.07 ^ _193_/A3 (sky130_fd_sc_hd__a31o_1)
     2    0.03    0.45    0.74    5.81 ^ _193_/X (sky130_fd_sc_hd__a31o_1)
                                         _121_ (net)
                  0.45    0.00    5.82 ^ _194_/B (sky130_fd_sc_hd__xor2_2)
     2    0.03    0.57    0.68    6.49 ^ _194_/X (sky130_fd_sc_hd__xor2_2)
                                         _122_ (net)
                  0.57    0.00    6.49 ^ _321_/A (sky130_fd_sc_hd__xor2_1)
     1    0.02    0.71    0.82    7.31 ^ _321_/X (sky130_fd_sc_hd__xor2_1)
                                         _081_ (net)
                  0.71    0.00    7.32 ^ _328_/A2 (sky130_fd_sc_hd__a21oi_1)
     1    0.02    0.35    0.58    7.89 v _328_/Y (sky130_fd_sc_hd__a21oi_1)
                                         _088_ (net)
                  0.35    0.00    7.90 v _329_/B1 (sky130_fd_sc_hd__a21oi_1)
     1    0.02    0.62    0.67    8.57 ^ _329_/Y (sky130_fd_sc_hd__a21oi_1)
                                         net24 (net)
                  0.62    0.00    8.57 ^ output24/A (sky130_fd_sc_hd__buf_2)
     1    0.03    0.27    0.60    9.17 ^ output24/X (sky130_fd_sc_hd__buf_2)
                                         out[4] (net)
                  0.27    0.00    9.17 ^ out[4] (out)
                                  9.17   data arrival time

                  0.00   10.00   10.00   clock __VIRTUAL_CLK__ (rise edge)
                          0.00   10.00   clock network delay (ideal)
                         -0.25    9.75   clock uncertainty
                          0.00    9.75   clock reconvergence pessimism
                         -2.00    7.75   output external delay
                                  7.75   data required time
-----------------------------------------------------------------------------
                                  7.75   data required time
                                 -9.17   data arrival time
-----------------------------------------------------------------------------
                                 -1.42   slack (VIOLATED)


Startpoint: A[3] (input port clocked by __VIRTUAL_CLK__)
Endpoint: out[7] (output port clocked by __VIRTUAL_CLK__)
Path Group: __VIRTUAL_CLK__
Path Type: max
Corner: Slowest

Fanout     Cap    Slew   Delay    Time   Description
-----------------------------------------------------------------------------
                  0.00    0.00    0.00   clock __VIRTUAL_CLK__ (rise edge)
                          0.00    0.00   clock network delay (ideal)
                          2.00    2.00 ^ input external delay
     1    0.00    0.04    0.02    2.02 ^ A[3] (in)
                                         A[3] (net)
                  0.04    0.00    2.02 ^ input4/A (sky130_fd_sc_hd__clkbuf_2)
     4    0.03    0.29    0.35    2.37 ^ input4/X (sky130_fd_sc_hd__clkbuf_2)
                                         net4 (net)
                  0.29    0.00    2.38 ^ _175_/A (sky130_fd_sc_hd__clkbuf_4)
    10    0.05    0.25    0.51    2.88 ^ _175_/X (sky130_fd_sc_hd__clkbuf_4)
                                         _103_ (net)
                  0.25    0.00    2.89 ^ _176_/B (sky130_fd_sc_hd__nand2_1)
     2    0.04    0.62    0.62    3.50 v _176_/Y (sky130_fd_sc_hd__nand2_1)
                                         _104_ (net)
                  0.62    0.00    3.51 v _178_/A2 (sky130_fd_sc_hd__o21a_1)
     2    0.02    0.19    0.70    4.20 v _178_/X (sky130_fd_sc_hd__o21a_1)
                                         _106_ (net)
                  0.19    0.00    4.20 v _180_/A (sky130_fd_sc_hd__nor3_1)
     1    0.01    0.55    0.62    4.82 ^ _180_/Y (sky130_fd_sc_hd__nor3_1)
                                         _108_ (net)
                  0.55    0.00    4.82 ^ _181_/B (sky130_fd_sc_hd__nor2_2)
     2    0.03    0.20    0.35    5.17 v _181_/Y (sky130_fd_sc_hd__nor2_2)
                                         _109_ (net)
                  0.20    0.00    5.17 v _204_/C (sky130_fd_sc_hd__and3_1)
     2    0.02    0.24    0.62    5.79 v _204_/X (sky130_fd_sc_hd__and3_1)
                                         _132_ (net)
                  0.24    0.00    5.79 v _208_/B (sky130_fd_sc_hd__nor3_1)
     2    0.02    0.81    0.83    6.62 ^ _208_/Y (sky130_fd_sc_hd__nor3_1)
                                         _136_ (net)
                  0.81    0.00    6.62 ^ _268_/B1 (sky130_fd_sc_hd__a21o_1)
     2    0.02    0.22    0.49    7.11 ^ _268_/X (sky130_fd_sc_hd__a21o_1)
                                         _034_ (net)
                  0.22    0.00    7.11 ^ _283_/A2 (sky130_fd_sc_hd__o21bai_1)
     1    0.01    0.22    0.24    7.35 v _283_/Y (sky130_fd_sc_hd__o21bai_1)
                                         _048_ (net)
                  0.22    0.00    7.35 v _287_/A2 (sky130_fd_sc_hd__a211o_1)
     1    0.01    0.12    0.67    8.02 v _287_/X (sky130_fd_sc_hd__a211o_1)
                                         _052_ (net)
                  0.12    0.00    8.02 v _289_/A3 (sky130_fd_sc_hd__o31a_1)
     1    0.02    0.23    0.66    8.67 v _289_/X (sky130_fd_sc_hd__o31a_1)
                                         net27 (net)
                  0.23    0.00    8.67 v output27/A (sky130_fd_sc_hd__buf_2)
     1    0.03    0.17    0.44    9.11 v output27/X (sky130_fd_sc_hd__buf_2)
                                         out[7] (net)
                  0.17    0.00    9.12 v out[7] (out)
                                  9.12   data arrival time

                  0.00   10.00   10.00   clock __VIRTUAL_CLK__ (rise edge)
                          0.00   10.00   clock network delay (ideal)
                         -0.25    9.75   clock uncertainty
                          0.00    9.75   clock reconvergence pessimism
                         -2.00    7.75   output external delay
                                  7.75   data required time
-----------------------------------------------------------------------------
                                  7.75   data required time
                                 -9.12   data arrival time
-----------------------------------------------------------------------------
                                 -1.37   slack (VIOLATED)


Startpoint: A[3] (input port clocked by __VIRTUAL_CLK__)
Endpoint: out[6] (output port clocked by __VIRTUAL_CLK__)
Path Group: __VIRTUAL_CLK__
Path Type: max
Corner: Slowest

Fanout     Cap    Slew   Delay    Time   Description
-----------------------------------------------------------------------------
                  0.00    0.00    0.00   clock __VIRTUAL_CLK__ (rise edge)
                          0.00    0.00   clock network delay (ideal)
                          2.00    2.00 ^ input external delay
     1    0.00    0.04    0.02    2.02 ^ A[3] (in)
                                         A[3] (net)
                  0.04    0.00    2.02 ^ input4/A (sky130_fd_sc_hd__clkbuf_2)
     4    0.03    0.29    0.35    2.37 ^ input4/X (sky130_fd_sc_hd__clkbuf_2)
                                         net4 (net)
                  0.29    0.00    2.38 ^ _175_/A (sky130_fd_sc_hd__clkbuf_4)
    10    0.05    0.25    0.51    2.88 ^ _175_/X (sky130_fd_sc_hd__clkbuf_4)
                                         _103_ (net)
                  0.25    0.00    2.89 ^ _176_/B (sky130_fd_sc_hd__nand2_1)
     2    0.04    0.62    0.62    3.50 v _176_/Y (sky130_fd_sc_hd__nand2_1)
                                         _104_ (net)
                  0.62    0.00    3.51 v _178_/A2 (sky130_fd_sc_hd__o21a_1)
     2    0.02    0.19    0.70    4.20 v _178_/X (sky130_fd_sc_hd__o21a_1)
                                         _106_ (net)
                  0.19    0.00    4.20 v _180_/A (sky130_fd_sc_hd__nor3_1)
     1    0.01    0.55    0.62    4.82 ^ _180_/Y (sky130_fd_sc_hd__nor3_1)
                                         _108_ (net)
                  0.55    0.00    4.82 ^ _181_/B (sky130_fd_sc_hd__nor2_2)
     2    0.03    0.20    0.35    5.17 v _181_/Y (sky130_fd_sc_hd__nor2_2)
                                         _109_ (net)
                  0.20    0.00    5.17 v _204_/C (sky130_fd_sc_hd__and3_1)
     2    0.02    0.24    0.62    5.79 v _204_/X (sky130_fd_sc_hd__and3_1)
                                         _132_ (net)
                  0.24    0.00    5.79 v _208_/B (sky130_fd_sc_hd__nor3_1)
     2    0.02    0.81    0.83    6.62 ^ _208_/Y (sky130_fd_sc_hd__nor3_1)
                                         _136_ (net)
                  0.81    0.00    6.62 ^ _268_/B1 (sky130_fd_sc_hd__a21o_1)
     2    0.02    0.22    0.49    7.11 ^ _268_/X (sky130_fd_sc_hd__a21o_1)
                                         _034_ (net)
                  0.22    0.00    7.11 ^ _269_/B (sky130_fd_sc_hd__xnor2_1)
     1    0.01    0.31    0.31    7.42 ^ _269_/Y (sky130_fd_sc_hd__xnor2_1)
                                         _035_ (net)
                  0.31    0.00    7.42 ^ _273_/A2 (sky130_fd_sc_hd__a21oi_1)
     1    0.02    0.39    0.46    7.88 v _273_/Y (sky130_fd_sc_hd__a21oi_1)
                                         _039_ (net)
                  0.39    0.00    7.88 v _274_/B2 (sky130_fd_sc_hd__a22oi_2)
     1    0.02    0.45    0.58    8.47 ^ _274_/Y (sky130_fd_sc_hd__a22oi_2)
                                         net26 (net)
                  0.45    0.00    8.47 ^ output26/A (sky130_fd_sc_hd__buf_2)
     1    0.03    0.27    0.53    9.00 ^ output26/X (sky130_fd_sc_hd__buf_2)
                                         out[6] (net)
                  0.27    0.00    9.00 ^ out[6] (out)
                                  9.00   data arrival time

                  0.00   10.00   10.00   clock __VIRTUAL_CLK__ (rise edge)
                          0.00   10.00   clock network delay (ideal)
                         -0.25    9.75   clock uncertainty
                          0.00    9.75   clock reconvergence pessimism
                         -2.00    7.75   output external delay
                                  7.75   data required time
-----------------------------------------------------------------------------
                                  7.75   data required time
                                 -9.00   data arrival time
-----------------------------------------------------------------------------
                                 -1.25   slack (VIOLATED)


Startpoint: A[3] (input port clocked by __VIRTUAL_CLK__)
Endpoint: out[5] (output port clocked by __VIRTUAL_CLK__)
Path Group: __VIRTUAL_CLK__
Path Type: max
Corner: Slowest

Fanout     Cap    Slew   Delay    Time   Description
-----------------------------------------------------------------------------
                  0.00    0.00    0.00   clock __VIRTUAL_CLK__ (rise edge)
                          0.00    0.00   clock network delay (ideal)
                          2.00    2.00 ^ input external delay
     1    0.00    0.04    0.02    2.02 ^ A[3] (in)
                                         A[3] (net)
                  0.04    0.00    2.02 ^ input4/A (sky130_fd_sc_hd__clkbuf_2)
     4    0.03    0.29    0.35    2.37 ^ input4/X (sky130_fd_sc_hd__clkbuf_2)
                                         net4 (net)
                  0.29    0.00    2.38 ^ _175_/A (sky130_fd_sc_hd__clkbuf_4)
    10    0.05    0.25    0.51    2.88 ^ _175_/X (sky130_fd_sc_hd__clkbuf_4)
                                         _103_ (net)
                  0.25    0.00    2.89 ^ _176_/B (sky130_fd_sc_hd__nand2_1)
     2    0.04    0.62    0.62    3.50 v _176_/Y (sky130_fd_sc_hd__nand2_1)
                                         _104_ (net)
                  0.62    0.00    3.51 v _178_/A2 (sky130_fd_sc_hd__o21a_1)
     2    0.02    0.19    0.70    4.20 v _178_/X (sky130_fd_sc_hd__o21a_1)
                                         _106_ (net)
                  0.19    0.00    4.20 v _180_/A (sky130_fd_sc_hd__nor3_1)
     1    0.01    0.55    0.62    4.82 ^ _180_/Y (sky130_fd_sc_hd__nor3_1)
                                         _108_ (net)
                  0.55    0.00    4.82 ^ _181_/B (sky130_fd_sc_hd__nor2_2)
     2    0.03    0.20    0.35    5.17 v _181_/Y (sky130_fd_sc_hd__nor2_2)
                                         _109_ (net)
                  0.20    0.00    5.17 v _204_/C (sky130_fd_sc_hd__and3_1)
     2    0.02    0.24    0.62    5.79 v _204_/X (sky130_fd_sc_hd__and3_1)
                                         _132_ (net)
                  0.24    0.00    5.79 v _208_/B (sky130_fd_sc_hd__nor3_1)
     2    0.02    0.81    0.83    6.62 ^ _208_/Y (sky130_fd_sc_hd__nor3_1)
                                         _136_ (net)
                  0.81    0.00    6.62 ^ _210_/A_N (sky130_fd_sc_hd__and2b_1)
     1    0.01    0.13    0.68    7.30 v _210_/X (sky130_fd_sc_hd__and2b_1)
                                         _138_ (net)
                  0.13    0.00    7.30 v _211_/B (sky130_fd_sc_hd__xnor2_1)
     1    0.01    0.37    0.40    7.70 ^ _211_/Y (sky130_fd_sc_hd__xnor2_1)
                                         _139_ (net)
                  0.37    0.00    7.70 ^ _221_/A2 (sky130_fd_sc_hd__a21oi_1)
     1    0.01    0.28    0.39    8.09 v _221_/Y (sky130_fd_sc_hd__a21oi_1)
                                         _149_ (net)
                  0.28    0.00    8.09 v _254_/B1 (sky130_fd_sc_hd__a22oi_2)
     1    0.01    0.31    0.38    8.47 ^ _254_/Y (sky130_fd_sc_hd__a22oi_2)
                                         net25 (net)
                  0.31    0.00    8.47 ^ output25/A (sky130_fd_sc_hd__buf_4)
     1    0.03    0.17    0.41    8.87 ^ output25/X (sky130_fd_sc_hd__buf_4)
                                         out[5] (net)
                  0.17    0.00    8.87 ^ out[5] (out)
                                  8.87   data arrival time

                  0.00   10.00   10.00   clock __VIRTUAL_CLK__ (rise edge)
                          0.00   10.00   clock network delay (ideal)
                         -0.25    9.75   clock uncertainty
                          0.00    9.75   clock reconvergence pessimism
                         -2.00    7.75   output external delay
                                  7.75   data required time
-----------------------------------------------------------------------------
                                  7.75   data required time
                                 -8.87   data arrival time
-----------------------------------------------------------------------------
                                 -1.12   slack (VIOLATED)


Startpoint: B[0] (input port clocked by __VIRTUAL_CLK__)
Endpoint: out[3] (output port clocked by __VIRTUAL_CLK__)
Path Group: __VIRTUAL_CLK__
Path Type: max
Corner: Slowest

Fanout     Cap    Slew   Delay    Time   Description
-----------------------------------------------------------------------------
                  0.00    0.00    0.00   clock __VIRTUAL_CLK__ (rise edge)
                          0.00    0.00   clock network delay (ideal)
                          2.00    2.00 v input external delay
     1    0.00    0.02    0.01    2.01 v B[0] (in)
                                         B[0] (net)
                  0.02    0.00    2.01 v input9/A (sky130_fd_sc_hd__clkbuf_4)
     8    0.06    0.22    0.38    2.39 v input9/X (sky130_fd_sc_hd__clkbuf_4)
                                         net9 (net)
                  0.22    0.01    2.40 v _186_/A (sky130_fd_sc_hd__clkbuf_4)
    10    0.06    0.22    0.48    2.87 v _186_/X (sky130_fd_sc_hd__clkbuf_4)
                                         _114_ (net)
                  0.22    0.00    2.88 v _242_/A1 (sky130_fd_sc_hd__o31a_1)
     1    0.02    0.24    0.82    3.69 v _242_/X (sky130_fd_sc_hd__o31a_1)
                                         _009_ (net)
                  0.24    0.00    3.70 v _243_/B (sky130_fd_sc_hd__xnor2_1)
     2    0.02    0.88    0.85    4.55 ^ _243_/Y (sky130_fd_sc_hd__xnor2_1)
                                         _010_ (net)
                  0.88    0.00    4.55 ^ _245_/B (sky130_fd_sc_hd__nor2_1)
     3    0.03    0.32    0.59    5.14 v _245_/Y (sky130_fd_sc_hd__nor2_1)
                                         _012_ (net)
                  0.32    0.00    5.14 v _312_/A (sky130_fd_sc_hd__or2b_1)
     2    0.02    0.26    0.81    5.95 v _312_/X (sky130_fd_sc_hd__or2b_1)
                                         _073_ (net)
                  0.26    0.00    5.95 v _314_/A3 (sky130_fd_sc_hd__a31o_1)
     1    0.01    0.15    0.59    6.54 v _314_/X (sky130_fd_sc_hd__a31o_1)
                                         _075_ (net)
                  0.15    0.00    6.54 v _318_/A2 (sky130_fd_sc_hd__o21bai_1)
     1    0.02    0.56    0.56    7.10 ^ _318_/Y (sky130_fd_sc_hd__o21bai_1)
                                         _079_ (net)
                  0.56    0.00    7.10 ^ _319_/B1_N (sky130_fd_sc_hd__o21ba_1)
     1    0.01    0.14    0.53    7.63 v _319_/X (sky130_fd_sc_hd__o21ba_1)
                                         _080_ (net)
                  0.14    0.00    7.63 v _320_/B1 (sky130_fd_sc_hd__a21oi_1)
     1    0.02    0.56    0.54    8.17 ^ _320_/Y (sky130_fd_sc_hd__a21oi_1)
                                         net23 (net)
                  0.56    0.00    8.17 ^ output23/A (sky130_fd_sc_hd__buf_2)
     1    0.03    0.28    0.58    8.75 ^ output23/X (sky130_fd_sc_hd__buf_2)
                                         out[3] (net)
                  0.28    0.00    8.75 ^ out[3] (out)
                                  8.75   data arrival time

                  0.00   10.00   10.00   clock __VIRTUAL_CLK__ (rise edge)
                          0.00   10.00   clock network delay (ideal)
                         -0.25    9.75   clock uncertainty
                          0.00    9.75   clock reconvergence pessimism
                         -2.00    7.75   output external delay
                                  7.75   data required time
-----------------------------------------------------------------------------
                                  7.75   data required time
                                 -8.75   data arrival time
-----------------------------------------------------------------------------
                                 -1.00   slack (VIOLATED)


Startpoint: opcode[0] (input port clocked by __VIRTUAL_CLK__)
Endpoint: out[2] (output port clocked by __VIRTUAL_CLK__)
Path Group: __VIRTUAL_CLK__
Path Type: max
Corner: Slowest

Fanout     Cap    Slew   Delay    Time   Description
-----------------------------------------------------------------------------
                  0.00    0.00    0.00   clock __VIRTUAL_CLK__ (rise edge)
                          0.00    0.00   clock network delay (ideal)
                          2.00    2.00 v input external delay
     1    0.00    0.02    0.01    2.01 v opcode[0] (in)
                                         opcode[0] (net)
                  0.02    0.00    2.01 v input17/A (sky130_fd_sc_hd__clkbuf_2)
     5    0.05    0.32    0.39    2.40 v input17/X (sky130_fd_sc_hd__clkbuf_2)
                                         net17 (net)
                  0.32    0.00    2.40 v _222_/A_N (sky130_fd_sc_hd__nand3b_4)
     5    0.03    0.24    0.53    2.93 v _222_/Y (sky130_fd_sc_hd__nand3b_4)
                                         _150_ (net)
                  0.24    0.00    2.93 v _234_/A (sky130_fd_sc_hd__and3_1)
     2    0.02    0.25    0.57    3.50 v _234_/X (sky130_fd_sc_hd__and3_1)
                                         _001_ (net)
                  0.25    0.00    3.50 v _238_/B (sky130_fd_sc_hd__nor3_2)
     2    0.03    0.78    0.81    4.30 ^ _238_/Y (sky130_fd_sc_hd__nor3_2)
                                         _005_ (net)
                  0.78    0.00    4.30 ^ _239_/C1 (sky130_fd_sc_hd__a211oi_4)
     3    0.04    0.22    0.36    4.67 v _239_/Y (sky130_fd_sc_hd__a211oi_4)
                                         _006_ (net)
                  0.22    0.00    4.67 v rebuffer1/A (sky130_fd_sc_hd__dlygate4sd3_1)
     1    0.01    0.13    1.30    5.97 v rebuffer1/X (sky130_fd_sc_hd__dlygate4sd3_1)
                                         net28 (net)
                  0.13    0.00    5.97 v _305_/C (sky130_fd_sc_hd__or3_1)
     1    0.01    0.23    0.91    6.88 v _305_/X (sky130_fd_sc_hd__or3_1)
                                         _067_ (net)
                  0.23    0.00    6.88 v _309_/A3 (sky130_fd_sc_hd__a31o_1)
     1    0.01    0.10    0.52    7.40 v _309_/X (sky130_fd_sc_hd__a31o_1)
                                         _071_ (net)
                  0.10    0.00    7.40 v _310_/B2 (sky130_fd_sc_hd__o2bb2a_1)
     1    0.01    0.19    0.77    8.17 v _310_/X (sky130_fd_sc_hd__o2bb2a_1)
                                         net22 (net)
                  0.19    0.00    8.17 v output22/A (sky130_fd_sc_hd__buf_2)
     1    0.03    0.17    0.42    8.60 v output22/X (sky130_fd_sc_hd__buf_2)
                                         out[2] (net)
                  0.17    0.00    8.60 v out[2] (out)
                                  8.60   data arrival time

                  0.00   10.00   10.00   clock __VIRTUAL_CLK__ (rise edge)
                          0.00   10.00   clock network delay (ideal)
                         -0.25    9.75   clock uncertainty
                          0.00    9.75   clock reconvergence pessimism
                         -2.00    7.75   output external delay
                                  7.75   data required time
-----------------------------------------------------------------------------
                                  7.75   data required time
                                 -8.60   data arrival time
-----------------------------------------------------------------------------
                                 -0.85   slack (VIOLATED)


Startpoint: opcode[0] (input port clocked by __VIRTUAL_CLK__)
Endpoint: out[1] (output port clocked by __VIRTUAL_CLK__)
Path Group: __VIRTUAL_CLK__
Path Type: max
Corner: Slowest

Fanout     Cap    Slew   Delay    Time   Description
-----------------------------------------------------------------------------
                  0.00    0.00    0.00   clock __VIRTUAL_CLK__ (rise edge)
                          0.00    0.00   clock network delay (ideal)
                          2.00    2.00 v input external delay
     1    0.00    0.02    0.01    2.01 v opcode[0] (in)
                                         opcode[0] (net)
                  0.02    0.00    2.01 v input17/A (sky130_fd_sc_hd__clkbuf_2)
     5    0.05    0.32    0.39    2.40 v input17/X (sky130_fd_sc_hd__clkbuf_2)
                                         net17 (net)
                  0.32    0.00    2.40 v _222_/A_N (sky130_fd_sc_hd__nand3b_4)
     5    0.03    0.24    0.53    2.93 v _222_/Y (sky130_fd_sc_hd__nand3b_4)
                                         _150_ (net)
                  0.24    0.00    2.93 v _234_/A (sky130_fd_sc_hd__and3_1)
     2    0.02    0.25    0.57    3.50 v _234_/X (sky130_fd_sc_hd__and3_1)
                                         _001_ (net)
                  0.25    0.00    3.50 v _236_/A1 (sky130_fd_sc_hd__o21a_2)
     4    0.05    0.25    0.68    4.17 v _236_/X (sky130_fd_sc_hd__o21a_2)
                                         _003_ (net)
                  0.25    0.00    4.18 v _239_/B1 (sky130_fd_sc_hd__a211oi_4)
     3    0.04    0.74    0.84    5.01 ^ _239_/Y (sky130_fd_sc_hd__a211oi_4)
                                         _006_ (net)
                  0.74    0.00    5.02 ^ _300_/A (sky130_fd_sc_hd__or3_1)
     2    0.03    0.37    0.67    5.69 ^ _300_/X (sky130_fd_sc_hd__or3_1)
                                         _063_ (net)
                  0.37    0.00    5.69 ^ _301_/C_N (sky130_fd_sc_hd__or3b_1)
     1    0.01    0.20    1.02    6.71 v _301_/X (sky130_fd_sc_hd__or3b_1)
                                         _064_ (net)
                  0.20    0.00    6.71 v _302_/B2 (sky130_fd_sc_hd__o2bb2a_1)
     2    0.03    0.34    0.96    7.68 v _302_/X (sky130_fd_sc_hd__o2bb2a_1)
                                         net21 (net)
                  0.34    0.00    7.68 v output21/A (sky130_fd_sc_hd__buf_2)
     1    0.04    0.17    0.50    8.18 v output21/X (sky130_fd_sc_hd__buf_2)
                                         out[1] (net)
                  0.17    0.00    8.18 v out[1] (out)
                                  8.18   data arrival time

                  0.00   10.00   10.00   clock __VIRTUAL_CLK__ (rise edge)
                          0.00   10.00   clock network delay (ideal)
                         -0.25    9.75   clock uncertainty
                          0.00    9.75   clock reconvergence pessimism
                         -2.00    7.75   output external delay
                                  7.75   data required time
-----------------------------------------------------------------------------
                                  7.75   data required time
                                 -8.18   data arrival time
-----------------------------------------------------------------------------
                                 -0.43   slack (VIOLATED)


Startpoint: opcode[0] (input port clocked by __VIRTUAL_CLK__)
Endpoint: out[0] (output port clocked by __VIRTUAL_CLK__)
Path Group: __VIRTUAL_CLK__
Path Type: max
Corner: Slowest

Fanout     Cap    Slew   Delay    Time   Description
-----------------------------------------------------------------------------
                  0.00    0.00    0.00   clock __VIRTUAL_CLK__ (rise edge)
                          0.00    0.00   clock network delay (ideal)
                          2.00    2.00 v input external delay
     1    0.00    0.02    0.01    2.01 v opcode[0] (in)
                                         opcode[0] (net)
                  0.02    0.00    2.01 v input17/A (sky130_fd_sc_hd__clkbuf_2)
     5    0.05    0.32    0.39    2.40 v input17/X (sky130_fd_sc_hd__clkbuf_2)
                                         net17 (net)
                  0.32    0.00    2.40 v _161_/A (sky130_fd_sc_hd__or2_2)
     3    0.04    0.27    1.02    3.42 v _161_/X (sky130_fd_sc_hd__or2_2)
                                         _089_ (net)
                  0.27    0.00    3.42 v _250_/C (sky130_fd_sc_hd__and3_2)
     4    0.03    0.18    0.69    4.12 v _250_/X (sky130_fd_sc_hd__and3_2)
                                         _017_ (net)
                  0.18    0.00    4.12 v _251_/A (sky130_fd_sc_hd__inv_2)
     5    0.04    0.30    0.32    4.44 ^ _251_/Y (sky130_fd_sc_hd__inv_2)
                                         _018_ (net)
                  0.30    0.00    4.45 ^ _290_/B1 (sky130_fd_sc_hd__a22oi_1)
     1    0.01    0.21    0.29    4.74 v _290_/Y (sky130_fd_sc_hd__a22oi_1)
                                         _054_ (net)
                  0.21    0.00    4.74 v _292_/A2 (sky130_fd_sc_hd__o32a_1)
     1    0.01    0.14    0.73    5.46 v _292_/X (sky130_fd_sc_hd__o32a_1)
                                         _056_ (net)
                  0.14    0.00    5.46 v _293_/B1 (sky130_fd_sc_hd__a21o_1)
     1    0.01    0.11    0.38    5.84 v _293_/X (sky130_fd_sc_hd__a21o_1)
                                         net20 (net)
                  0.11    0.00    5.84 v output20/A (sky130_fd_sc_hd__buf_2)
     1    0.03    0.17    0.39    6.23 v output20/X (sky130_fd_sc_hd__buf_2)
                                         out[0] (net)
                  0.17    0.00    6.23 v out[0] (out)
                                  6.23   data arrival time

                  0.00   10.00   10.00   clock __VIRTUAL_CLK__ (rise edge)
                          0.00   10.00   clock network delay (ideal)
                         -0.25    9.75   clock uncertainty
                          0.00    9.75   clock reconvergence pessimism
                         -2.00    7.75   output external delay
                                  7.75   data required time
-----------------------------------------------------------------------------
                                  7.75   data required time
                                 -6.23   data arrival time
-----------------------------------------------------------------------------
                                  1.52   slack (MET)



worst slack corner Slowest: -1.4192
======================= Typical Corner ===================================

Startpoint: B[1] (input port clocked by __VIRTUAL_CLK__)
Endpoint: out[4] (output port clocked by __VIRTUAL_CLK__)
Path Group: __VIRTUAL_CLK__
Path Type: max
Corner: Typical

Fanout     Cap    Slew   Delay    Time   Description
-----------------------------------------------------------------------------
                  0.00    0.00    0.00   clock __VIRTUAL_CLK__ (rise edge)
                          0.00    0.00   clock network delay (ideal)
                          2.00    2.00 ^ input external delay
     1    0.00    0.02    0.01    2.01 ^ B[1] (in)
                                         B[1] (net)
                  0.02    0.00    2.01 ^ input10/A (sky130_fd_sc_hd__buf_1)
     3    0.02    0.23    0.21    2.23 ^ input10/X (sky130_fd_sc_hd__buf_1)
                                         net10 (net)
                  0.23    0.00    2.23 ^ _169_/A (sky130_fd_sc_hd__clkbuf_4)
    10    0.07    0.21    0.33    2.56 ^ _169_/X (sky130_fd_sc_hd__clkbuf_4)
                                         _097_ (net)
                  0.21    0.01    2.57 ^ _170_/A1 (sky130_fd_sc_hd__a22oi_1)
     2    0.01    0.10    0.16    2.73 v _170_/Y (sky130_fd_sc_hd__a22oi_1)
                                         _098_ (net)
                  0.10    0.00    2.73 v _172_/B_N (sky130_fd_sc_hd__and4bb_2)
     3    0.03    0.20    0.47    3.19 ^ _172_/X (sky130_fd_sc_hd__and4bb_2)
                                         _100_ (net)
                  0.20    0.00    3.19 ^ _185_/A (sky130_fd_sc_hd__nor2_2)
     2    0.03    0.09    0.13    3.32 v _185_/Y (sky130_fd_sc_hd__nor2_2)
                                         _113_ (net)
                  0.09    0.00    3.33 v _191_/A (sky130_fd_sc_hd__xnor2_2)
     2    0.02    0.30    0.32    3.65 ^ _191_/Y (sky130_fd_sc_hd__xnor2_2)
                                         _119_ (net)
                  0.30    0.00    3.65 ^ _193_/A3 (sky130_fd_sc_hd__a31o_1)
     2    0.03    0.27    0.37    4.02 ^ _193_/X (sky130_fd_sc_hd__a31o_1)
                                         _121_ (net)
                  0.27    0.00    4.02 ^ _194_/B (sky130_fd_sc_hd__xor2_2)
     2    0.03    0.36    0.37    4.39 ^ _194_/X (sky130_fd_sc_hd__xor2_2)
                                         _122_ (net)
                  0.36    0.00    4.40 ^ _321_/A (sky130_fd_sc_hd__xor2_1)
     1    0.02    0.43    0.44    4.84 ^ _321_/X (sky130_fd_sc_hd__xor2_1)
                                         _081_ (net)
                  0.43    0.00    4.84 ^ _328_/A2 (sky130_fd_sc_hd__a21oi_1)
     1    0.02    0.18    0.26    5.09 v _328_/Y (sky130_fd_sc_hd__a21oi_1)
                                         _088_ (net)
                  0.18    0.00    5.10 v _329_/B1 (sky130_fd_sc_hd__a21oi_1)
     1    0.02    0.38    0.39    5.49 ^ _329_/Y (sky130_fd_sc_hd__a21oi_1)
                                         net24 (net)
                  0.38    0.00    5.49 ^ output24/A (sky130_fd_sc_hd__buf_2)
     1    0.03    0.17    0.30    5.79 ^ output24/X (sky130_fd_sc_hd__buf_2)
                                         out[4] (net)
                  0.17    0.00    5.79 ^ out[4] (out)
                                  5.79   data arrival time

                  0.00   10.00   10.00   clock __VIRTUAL_CLK__ (rise edge)
                          0.00   10.00   clock network delay (ideal)
                         -0.25    9.75   clock uncertainty
                          0.00    9.75   clock reconvergence pessimism
                         -2.00    7.75   output external delay
                                  7.75   data required time
-----------------------------------------------------------------------------
                                  7.75   data required time
                                 -5.79   data arrival time
-----------------------------------------------------------------------------
                                  1.96   slack (MET)


Startpoint: B[0] (input port clocked by __VIRTUAL_CLK__)
Endpoint: out[7] (output port clocked by __VIRTUAL_CLK__)
Path Group: __VIRTUAL_CLK__
Path Type: max
Corner: Typical

Fanout     Cap    Slew   Delay    Time   Description
-----------------------------------------------------------------------------
                  0.00    0.00    0.00   clock __VIRTUAL_CLK__ (rise edge)
                          0.00    0.00   clock network delay (ideal)
                          2.00    2.00 v input external delay
     1    0.00    0.01    0.00    2.00 v B[0] (in)
                                         B[0] (net)
                  0.01    0.00    2.00 v input9/A (sky130_fd_sc_hd__clkbuf_4)
     8    0.06    0.12    0.21    2.22 v input9/X (sky130_fd_sc_hd__clkbuf_4)
                                         net9 (net)
                  0.12    0.01    2.22 v _186_/A (sky130_fd_sc_hd__clkbuf_4)
    10    0.06    0.12    0.27    2.49 v _186_/X (sky130_fd_sc_hd__clkbuf_4)
                                         _114_ (net)
                  0.12    0.00    2.49 v _242_/A1 (sky130_fd_sc_hd__o31a_1)
     1    0.02    0.13    0.43    2.92 v _242_/X (sky130_fd_sc_hd__o31a_1)
                                         _009_ (net)
                  0.13    0.00    2.92 v _243_/B (sky130_fd_sc_hd__xnor2_1)
     2    0.02    0.54    0.50    3.42 ^ _243_/Y (sky130_fd_sc_hd__xnor2_1)
                                         _010_ (net)
                  0.54    0.00    3.42 ^ _244_/B (sky130_fd_sc_hd__nand2_1)
     3    0.02    0.22    0.29    3.72 v _244_/Y (sky130_fd_sc_hd__nand2_1)
                                         _011_ (net)
                  0.22    0.00    3.72 v _248_/A3 (sky130_fd_sc_hd__a311o_4)
     5    0.04    0.10    0.56    4.28 v _248_/X (sky130_fd_sc_hd__a311o_4)
                                         _015_ (net)
                  0.10    0.00    4.28 v _260_/A1 (sky130_fd_sc_hd__a311oi_4)
     3    0.03    0.42    0.41    4.69 ^ _260_/Y (sky130_fd_sc_hd__a311oi_4)
                                         _026_ (net)
                  0.42    0.00    4.69 ^ _280_/A2 (sky130_fd_sc_hd__o21ai_1)
     1    0.01    0.14    0.19    4.88 v _280_/Y (sky130_fd_sc_hd__o21ai_1)
                                         _045_ (net)
                  0.14    0.00    4.88 v _282_/B (sky130_fd_sc_hd__and3_1)
     1    0.01    0.06    0.24    5.13 v _282_/X (sky130_fd_sc_hd__and3_1)
                                         _047_ (net)
                  0.06    0.00    5.13 v _289_/A2 (sky130_fd_sc_hd__o31a_1)
     1    0.02    0.13    0.38    5.51 v _289_/X (sky130_fd_sc_hd__o31a_1)
                                         net27 (net)
                  0.13    0.00    5.51 v output27/A (sky130_fd_sc_hd__buf_2)
     1    0.03    0.09    0.23    5.74 v output27/X (sky130_fd_sc_hd__buf_2)
                                         out[7] (net)
                  0.09    0.00    5.74 v out[7] (out)
                                  5.74   data arrival time

                  0.00   10.00   10.00   clock __VIRTUAL_CLK__ (rise edge)
                          0.00   10.00   clock network delay (ideal)
                         -0.25    9.75   clock uncertainty
                          0.00    9.75   clock reconvergence pessimism
                         -2.00    7.75   output external delay
                                  7.75   data required time
-----------------------------------------------------------------------------
                                  7.75   data required time
                                 -5.74   data arrival time
-----------------------------------------------------------------------------
                                  2.01   slack (MET)


Startpoint: B[0] (input port clocked by __VIRTUAL_CLK__)
Endpoint: out[6] (output port clocked by __VIRTUAL_CLK__)
Path Group: __VIRTUAL_CLK__
Path Type: max
Corner: Typical

Fanout     Cap    Slew   Delay    Time   Description
-----------------------------------------------------------------------------
                  0.00    0.00    0.00   clock __VIRTUAL_CLK__ (rise edge)
                          0.00    0.00   clock network delay (ideal)
                          2.00    2.00 v input external delay
     1    0.00    0.01    0.00    2.00 v B[0] (in)
                                         B[0] (net)
                  0.01    0.00    2.00 v input9/A (sky130_fd_sc_hd__clkbuf_4)
     8    0.06    0.12    0.21    2.22 v input9/X (sky130_fd_sc_hd__clkbuf_4)
                                         net9 (net)
                  0.12    0.01    2.22 v _186_/A (sky130_fd_sc_hd__clkbuf_4)
    10    0.06    0.12    0.27    2.49 v _186_/X (sky130_fd_sc_hd__clkbuf_4)
                                         _114_ (net)
                  0.12    0.00    2.49 v _242_/A1 (sky130_fd_sc_hd__o31a_1)
     1    0.02    0.13    0.43    2.92 v _242_/X (sky130_fd_sc_hd__o31a_1)
                                         _009_ (net)
                  0.13    0.00    2.92 v _243_/B (sky130_fd_sc_hd__xnor2_1)
     2    0.02    0.54    0.50    3.42 ^ _243_/Y (sky130_fd_sc_hd__xnor2_1)
                                         _010_ (net)
                  0.54    0.00    3.42 ^ _244_/B (sky130_fd_sc_hd__nand2_1)
     3    0.02    0.22    0.29    3.72 v _244_/Y (sky130_fd_sc_hd__nand2_1)
                                         _011_ (net)
                  0.22    0.00    3.72 v _248_/A3 (sky130_fd_sc_hd__a311o_4)
     5    0.04    0.10    0.56    4.28 v _248_/X (sky130_fd_sc_hd__a311o_4)
                                         _015_ (net)
                  0.10    0.00    4.28 v _261_/A3 (sky130_fd_sc_hd__a31o_1)
     1    0.02    0.10    0.31    4.59 v _261_/X (sky130_fd_sc_hd__a31o_1)
                                         _027_ (net)
                  0.10    0.00    4.59 v _262_/A2 (sky130_fd_sc_hd__a21o_1)
     1    0.01    0.06    0.23    4.82 v _262_/X (sky130_fd_sc_hd__a21o_1)
                                         _028_ (net)
                  0.06    0.00    4.82 v _263_/B (sky130_fd_sc_hd__or2_1)
     1    0.01    0.08    0.26    5.08 v _263_/X (sky130_fd_sc_hd__or2_1)
                                         _029_ (net)
                  0.08    0.00    5.08 v _274_/B1 (sky130_fd_sc_hd__a22oi_2)
     1    0.02    0.29    0.26    5.34 ^ _274_/Y (sky130_fd_sc_hd__a22oi_2)
                                         net26 (net)
                  0.29    0.00    5.34 ^ output26/A (sky130_fd_sc_hd__buf_2)
     1    0.03    0.17    0.28    5.63 ^ output26/X (sky130_fd_sc_hd__buf_2)
                                         out[6] (net)
                  0.17    0.00    5.63 ^ out[6] (out)
                                  5.63   data arrival time

                  0.00   10.00   10.00   clock __VIRTUAL_CLK__ (rise edge)
                          0.00   10.00   clock network delay (ideal)
                         -0.25    9.75   clock uncertainty
                          0.00    9.75   clock reconvergence pessimism
                         -2.00    7.75   output external delay
                                  7.75   data required time
-----------------------------------------------------------------------------
                                  7.75   data required time
                                 -5.63   data arrival time
-----------------------------------------------------------------------------
                                  2.12   slack (MET)


Startpoint: B[0] (input port clocked by __VIRTUAL_CLK__)
Endpoint: out[3] (output port clocked by __VIRTUAL_CLK__)
Path Group: __VIRTUAL_CLK__
Path Type: max
Corner: Typical

Fanout     Cap    Slew   Delay    Time   Description
-----------------------------------------------------------------------------
                  0.00    0.00    0.00   clock __VIRTUAL_CLK__ (rise edge)
                          0.00    0.00   clock network delay (ideal)
                          2.00    2.00 v input external delay
     1    0.00    0.01    0.00    2.00 v B[0] (in)
                                         B[0] (net)
                  0.01    0.00    2.00 v input9/A (sky130_fd_sc_hd__clkbuf_4)
     8    0.06    0.12    0.21    2.22 v input9/X (sky130_fd_sc_hd__clkbuf_4)
                                         net9 (net)
                  0.12    0.01    2.22 v _186_/A (sky130_fd_sc_hd__clkbuf_4)
    10    0.06    0.12    0.27    2.49 v _186_/X (sky130_fd_sc_hd__clkbuf_4)
                                         _114_ (net)
                  0.12    0.00    2.49 v _242_/A1 (sky130_fd_sc_hd__o31a_1)
     1    0.02    0.13    0.43    2.92 v _242_/X (sky130_fd_sc_hd__o31a_1)
                                         _009_ (net)
                  0.13    0.00    2.92 v _243_/B (sky130_fd_sc_hd__xnor2_1)
     2    0.02    0.54    0.50    3.42 ^ _243_/Y (sky130_fd_sc_hd__xnor2_1)
                                         _010_ (net)
                  0.54    0.00    3.42 ^ _245_/B (sky130_fd_sc_hd__nor2_1)
     3    0.03    0.20    0.26    3.69 v _245_/Y (sky130_fd_sc_hd__nor2_1)
                                         _012_ (net)
                  0.20    0.00    3.69 v _312_/A (sky130_fd_sc_hd__or2b_1)
     2    0.02    0.14    0.39    4.08 v _312_/X (sky130_fd_sc_hd__or2b_1)
                                         _073_ (net)
                  0.14    0.00    4.08 v _314_/A3 (sky130_fd_sc_hd__a31o_1)
     1    0.01    0.08    0.31    4.39 v _314_/X (sky130_fd_sc_hd__a31o_1)
                                         _075_ (net)
                  0.08    0.00    4.39 v _318_/A2 (sky130_fd_sc_hd__o21bai_1)
     1    0.02    0.34    0.32    4.72 ^ _318_/Y (sky130_fd_sc_hd__o21bai_1)
                                         _079_ (net)
                  0.34    0.00    4.72 ^ _319_/B1_N (sky130_fd_sc_hd__o21ba_1)
     1    0.01    0.07    0.25    4.96 v _319_/X (sky130_fd_sc_hd__o21ba_1)
                                         _080_ (net)
                  0.07    0.00    4.97 v _320_/B1 (sky130_fd_sc_hd__a21oi_1)
     1    0.02    0.35    0.32    5.28 ^ _320_/Y (sky130_fd_sc_hd__a21oi_1)
                                         net23 (net)
                  0.35    0.00    5.29 ^ output23/A (sky130_fd_sc_hd__buf_2)
     1    0.03    0.17    0.30    5.58 ^ output23/X (sky130_fd_sc_hd__buf_2)
                                         out[3] (net)
                  0.17    0.00    5.58 ^ out[3] (out)
                                  5.58   data arrival time

                  0.00   10.00   10.00   clock __VIRTUAL_CLK__ (rise edge)
                          0.00   10.00   clock network delay (ideal)
                         -0.25    9.75   clock uncertainty
                          0.00    9.75   clock reconvergence pessimism
                         -2.00    7.75   output external delay
                                  7.75   data required time
-----------------------------------------------------------------------------
                                  7.75   data required time
                                 -5.58   data arrival time
-----------------------------------------------------------------------------
                                  2.17   slack (MET)


Startpoint: A[3] (input port clocked by __VIRTUAL_CLK__)
Endpoint: out[5] (output port clocked by __VIRTUAL_CLK__)
Path Group: __VIRTUAL_CLK__
Path Type: max
Corner: Typical

Fanout     Cap    Slew   Delay    Time   Description
-----------------------------------------------------------------------------
                  0.00    0.00    0.00   clock __VIRTUAL_CLK__ (rise edge)
                          0.00    0.00   clock network delay (ideal)
                          2.00    2.00 ^ input external delay
     1    0.00    0.02    0.01    2.01 ^ A[3] (in)
                                         A[3] (net)
                  0.02    0.00    2.01 ^ input4/A (sky130_fd_sc_hd__clkbuf_2)
     4    0.03    0.19    0.21    2.22 ^ input4/X (sky130_fd_sc_hd__clkbuf_2)
                                         net4 (net)
                  0.19    0.00    2.22 ^ _175_/A (sky130_fd_sc_hd__clkbuf_4)
    10    0.05    0.16    0.28    2.51 ^ _175_/X (sky130_fd_sc_hd__clkbuf_4)
                                         _103_ (net)
                  0.16    0.00    2.51 ^ _176_/B (sky130_fd_sc_hd__nand2_1)
     2    0.04    0.27    0.28    2.79 v _176_/Y (sky130_fd_sc_hd__nand2_1)
                                         _104_ (net)
                  0.27    0.00    2.79 v _178_/A2 (sky130_fd_sc_hd__o21a_1)
     2    0.02    0.10    0.34    3.12 v _178_/X (sky130_fd_sc_hd__o21a_1)
                                         _106_ (net)
                  0.10    0.00    3.12 v _180_/A (sky130_fd_sc_hd__nor3_1)
     1    0.01    0.32    0.35    3.47 ^ _180_/Y (sky130_fd_sc_hd__nor3_1)
                                         _108_ (net)
                  0.32    0.00    3.47 ^ _181_/B (sky130_fd_sc_hd__nor2_2)
     2    0.03    0.12    0.16    3.63 v _181_/Y (sky130_fd_sc_hd__nor2_2)
                                         _109_ (net)
                  0.12    0.00    3.63 v _204_/C (sky130_fd_sc_hd__and3_1)
     2    0.02    0.12    0.31    3.94 v _204_/X (sky130_fd_sc_hd__and3_1)
                                         _132_ (net)
                  0.12    0.00    3.94 v _208_/B (sky130_fd_sc_hd__nor3_1)
     2    0.02    0.48    0.47    4.41 ^ _208_/Y (sky130_fd_sc_hd__nor3_1)
                                         _136_ (net)
                  0.48    0.00    4.41 ^ _210_/A_N (sky130_fd_sc_hd__and2b_1)
     1    0.01    0.07    0.29    4.70 v _210_/X (sky130_fd_sc_hd__and2b_1)
                                         _138_ (net)
                  0.07    0.00    4.70 v _211_/B (sky130_fd_sc_hd__xnor2_1)
     1    0.01    0.23    0.23    4.93 ^ _211_/Y (sky130_fd_sc_hd__xnor2_1)
                                         _139_ (net)
                  0.23    0.00    4.93 ^ _221_/A2 (sky130_fd_sc_hd__a21oi_1)
     1    0.01    0.15    0.18    5.11 v _221_/Y (sky130_fd_sc_hd__a21oi_1)
                                         _149_ (net)
                  0.15    0.00    5.11 v _254_/B1 (sky130_fd_sc_hd__a22oi_2)
     1    0.01    0.20    0.22    5.32 ^ _254_/Y (sky130_fd_sc_hd__a22oi_2)
                                         net25 (net)
                  0.20    0.00    5.33 ^ output25/A (sky130_fd_sc_hd__buf_4)
     1    0.03    0.10    0.22    5.54 ^ output25/X (sky130_fd_sc_hd__buf_4)
                                         out[5] (net)
                  0.10    0.00    5.54 ^ out[5] (out)
                                  5.54   data arrival time

                  0.00   10.00   10.00   clock __VIRTUAL_CLK__ (rise edge)
                          0.00   10.00   clock network delay (ideal)
                         -0.25    9.75   clock uncertainty
                          0.00    9.75   clock reconvergence pessimism
                         -2.00    7.75   output external delay
                                  7.75   data required time
-----------------------------------------------------------------------------
                                  7.75   data required time
                                 -5.54   data arrival time
-----------------------------------------------------------------------------
                                  2.21   slack (MET)


Startpoint: B[1] (input port clocked by __VIRTUAL_CLK__)
Endpoint: out[2] (output port clocked by __VIRTUAL_CLK__)
Path Group: __VIRTUAL_CLK__
Path Type: max
Corner: Typical

Fanout     Cap    Slew   Delay    Time   Description
-----------------------------------------------------------------------------
                  0.00    0.00    0.00   clock __VIRTUAL_CLK__ (rise edge)
                          0.00    0.00   clock network delay (ideal)
                          2.00    2.00 ^ input external delay
     1    0.00    0.02    0.01    2.01 ^ B[1] (in)
                                         B[1] (net)
                  0.02    0.00    2.01 ^ input10/A (sky130_fd_sc_hd__buf_1)
     3    0.02    0.23    0.21    2.23 ^ input10/X (sky130_fd_sc_hd__buf_1)
                                         net10 (net)
                  0.23    0.00    2.23 ^ _169_/A (sky130_fd_sc_hd__clkbuf_4)
    10    0.07    0.21    0.33    2.56 ^ _169_/X (sky130_fd_sc_hd__clkbuf_4)
                                         _097_ (net)
                  0.21    0.01    2.57 ^ _234_/B (sky130_fd_sc_hd__and3_1)
     2    0.03    0.25    0.36    2.92 ^ _234_/X (sky130_fd_sc_hd__and3_1)
                                         _001_ (net)
                  0.25    0.00    2.93 ^ _236_/A1 (sky130_fd_sc_hd__o21a_2)
     4    0.05    0.26    0.36    3.29 ^ _236_/X (sky130_fd_sc_hd__o21a_2)
                                         _003_ (net)
                  0.26    0.00    3.29 ^ _239_/B1 (sky130_fd_sc_hd__a211oi_4)
     3    0.04    0.14    0.13    3.42 v _239_/Y (sky130_fd_sc_hd__a211oi_4)
                                         _006_ (net)
                  0.14    0.00    3.43 v rebuffer1/A (sky130_fd_sc_hd__dlygate4sd3_1)
     1    0.01    0.07    0.64    4.07 v rebuffer1/X (sky130_fd_sc_hd__dlygate4sd3_1)
                                         net28 (net)
                  0.07    0.00    4.07 v _305_/C (sky130_fd_sc_hd__or3_1)
     1    0.01    0.11    0.39    4.46 v _305_/X (sky130_fd_sc_hd__or3_1)
                                         _067_ (net)
                  0.11    0.00    4.46 v _309_/A3 (sky130_fd_sc_hd__a31o_1)
     1    0.01    0.06    0.27    4.73 v _309_/X (sky130_fd_sc_hd__a31o_1)
                                         _071_ (net)
                  0.06    0.00    4.73 v _310_/B2 (sky130_fd_sc_hd__o2bb2a_1)
     1    0.01    0.10    0.35    5.08 v _310_/X (sky130_fd_sc_hd__o2bb2a_1)
                                         net22 (net)
                  0.10    0.00    5.08 v output22/A (sky130_fd_sc_hd__buf_2)
     1    0.03    0.09    0.21    5.30 v output22/X (sky130_fd_sc_hd__buf_2)
                                         out[2] (net)
                  0.09    0.00    5.30 v out[2] (out)
                                  5.30   data arrival time

                  0.00   10.00   10.00   clock __VIRTUAL_CLK__ (rise edge)
                          0.00   10.00   clock network delay (ideal)
                         -0.25    9.75   clock uncertainty
                          0.00    9.75   clock reconvergence pessimism
                         -2.00    7.75   output external delay
                                  7.75   data required time
-----------------------------------------------------------------------------
                                  7.75   data required time
                                 -5.30   data arrival time
-----------------------------------------------------------------------------
                                  2.45   slack (MET)


Startpoint: opcode[0] (input port clocked by __VIRTUAL_CLK__)
Endpoint: out[1] (output port clocked by __VIRTUAL_CLK__)
Path Group: __VIRTUAL_CLK__
Path Type: max
Corner: Typical

Fanout     Cap    Slew   Delay    Time   Description
-----------------------------------------------------------------------------
                  0.00    0.00    0.00   clock __VIRTUAL_CLK__ (rise edge)
                          0.00    0.00   clock network delay (ideal)
                          2.00    2.00 v input external delay
     1    0.00    0.01    0.01    2.01 v opcode[0] (in)
                                         opcode[0] (net)
                  0.01    0.00    2.01 v input17/A (sky130_fd_sc_hd__clkbuf_2)
     5    0.05    0.18    0.21    2.22 v input17/X (sky130_fd_sc_hd__clkbuf_2)
                                         net17 (net)
                  0.18    0.00    2.22 v _222_/A_N (sky130_fd_sc_hd__nand3b_4)
     5    0.03    0.13    0.27    2.49 v _222_/Y (sky130_fd_sc_hd__nand3b_4)
                                         _150_ (net)
                  0.13    0.00    2.49 v _234_/A (sky130_fd_sc_hd__and3_1)
     2    0.02    0.13    0.27    2.77 v _234_/X (sky130_fd_sc_hd__and3_1)
                                         _001_ (net)
                  0.13    0.00    2.77 v _236_/A1 (sky130_fd_sc_hd__o21a_2)
     4    0.05    0.13    0.35    3.13 v _236_/X (sky130_fd_sc_hd__o21a_2)
                                         _003_ (net)
                  0.13    0.00    3.13 v _239_/B1 (sky130_fd_sc_hd__a211oi_4)
     3    0.04    0.46    0.49    3.62 ^ _239_/Y (sky130_fd_sc_hd__a211oi_4)
                                         _006_ (net)
                  0.46    0.00    3.62 ^ _300_/A (sky130_fd_sc_hd__or3_1)
     2    0.03    0.23    0.34    3.96 ^ _300_/X (sky130_fd_sc_hd__or3_1)
                                         _063_ (net)
                  0.23    0.00    3.96 ^ _301_/C_N (sky130_fd_sc_hd__or3b_1)
     1    0.01    0.10    0.44    4.40 v _301_/X (sky130_fd_sc_hd__or3b_1)
                                         _064_ (net)
                  0.10    0.00    4.40 v _302_/B2 (sky130_fd_sc_hd__o2bb2a_1)
     2    0.03    0.17    0.45    4.85 v _302_/X (sky130_fd_sc_hd__o2bb2a_1)
                                         net21 (net)
                  0.17    0.00    4.85 v output21/A (sky130_fd_sc_hd__buf_2)
     1    0.04    0.09    0.25    5.11 v output21/X (sky130_fd_sc_hd__buf_2)
                                         out[1] (net)
                  0.09    0.00    5.11 v out[1] (out)
                                  5.11   data arrival time

                  0.00   10.00   10.00   clock __VIRTUAL_CLK__ (rise edge)
                          0.00   10.00   clock network delay (ideal)
                         -0.25    9.75   clock uncertainty
                          0.00    9.75   clock reconvergence pessimism
                         -2.00    7.75   output external delay
                                  7.75   data required time
-----------------------------------------------------------------------------
                                  7.75   data required time
                                 -5.11   data arrival time
-----------------------------------------------------------------------------
                                  2.64   slack (MET)


Startpoint: opcode[0] (input port clocked by __VIRTUAL_CLK__)
Endpoint: out[0] (output port clocked by __VIRTUAL_CLK__)
Path Group: __VIRTUAL_CLK__
Path Type: max
Corner: Typical

Fanout     Cap    Slew   Delay    Time   Description
-----------------------------------------------------------------------------
                  0.00    0.00    0.00   clock __VIRTUAL_CLK__ (rise edge)
                          0.00    0.00   clock network delay (ideal)
                          2.00    2.00 v input external delay
     1    0.00    0.01    0.01    2.01 v opcode[0] (in)
                                         opcode[0] (net)
                  0.01    0.00    2.01 v input17/A (sky130_fd_sc_hd__clkbuf_2)
     5    0.05    0.18    0.21    2.22 v input17/X (sky130_fd_sc_hd__clkbuf_2)
                                         net17 (net)
                  0.18    0.00    2.22 v _161_/A (sky130_fd_sc_hd__or2_2)
     3    0.04    0.14    0.47    2.69 v _161_/X (sky130_fd_sc_hd__or2_2)
                                         _089_ (net)
                  0.14    0.00    2.69 v _250_/C (sky130_fd_sc_hd__and3_2)
     4    0.03    0.10    0.33    3.02 v _250_/X (sky130_fd_sc_hd__and3_2)
                                         _017_ (net)
                  0.10    0.00    3.03 v _251_/A (sky130_fd_sc_hd__inv_2)
     5    0.04    0.19    0.19    3.22 ^ _251_/Y (sky130_fd_sc_hd__inv_2)
                                         _018_ (net)
                  0.19    0.00    3.22 ^ _290_/B1 (sky130_fd_sc_hd__a22oi_1)
     1    0.01    0.10    0.13    3.35 v _290_/Y (sky130_fd_sc_hd__a22oi_1)
                                         _054_ (net)
                  0.10    0.00    3.35 v _292_/A2 (sky130_fd_sc_hd__o32a_1)
     1    0.01    0.06    0.38    3.73 v _292_/X (sky130_fd_sc_hd__o32a_1)
                                         _056_ (net)
                  0.06    0.00    3.73 v _293_/B1 (sky130_fd_sc_hd__a21o_1)
     1    0.01    0.06    0.20    3.93 v _293_/X (sky130_fd_sc_hd__a21o_1)
                                         net20 (net)
                  0.06    0.00    3.93 v output20/A (sky130_fd_sc_hd__buf_2)
     1    0.03    0.09    0.20    4.12 v output20/X (sky130_fd_sc_hd__buf_2)
                                         out[0] (net)
                  0.09    0.00    4.12 v out[0] (out)
                                  4.12   data arrival time

                  0.00   10.00   10.00   clock __VIRTUAL_CLK__ (rise edge)
                          0.00   10.00   clock network delay (ideal)
                         -0.25    9.75   clock uncertainty
                          0.00    9.75   clock reconvergence pessimism
                         -2.00    7.75   output external delay
                                  7.75   data required time
-----------------------------------------------------------------------------
                                  7.75   data required time
                                 -4.12   data arrival time
-----------------------------------------------------------------------------
                                  3.63   slack (MET)



worst slack corner Typical: 1.9619
