
===========================================================================
 report_power
============================================================================
======================= Fastest Corner ===================================

Group                  Internal  Switching    Leakage      Total
                          Power      Power      Power      Power (Watts)
----------------------------------------------------------------
Sequential             0.00e+00   0.00e+00   0.00e+00   0.00e+00   0.0%
Combinational          5.09e-05   1.40e-04   1.66e-09   1.91e-04 100.0%
Clock                 -1.14e-10   0.00e+00   5.40e-10   4.26e-10   0.0%
Macro                  0.00e+00   0.00e+00   0.00e+00   0.00e+00   0.0%
Pad                    0.00e+00   0.00e+00   0.00e+00   0.00e+00   0.0%
----------------------------------------------------------------
Total                  5.09e-05   1.40e-04   2.20e-09   1.91e-04 100.0%
                          26.6%      73.4%       0.0%

======================= Slowest Corner ===================================

Group                  Internal  Switching    Leakage      Total
                          Power      Power      Power      Power (Watts)
----------------------------------------------------------------
Sequential             0.00e+00   0.00e+00   0.00e+00   0.00e+00   0.0%
Combinational          3.81e-05   9.39e-05   9.69e-07   1.33e-04 100.0%
Clock                 -3.73e-11   0.00e+00   5.44e-10   5.07e-10   0.0%
Macro                  0.00e+00   0.00e+00   0.00e+00   0.00e+00   0.0%
Pad                    0.00e+00   0.00e+00   0.00e+00   0.00e+00   0.0%
----------------------------------------------------------------
Total                  3.81e-05   9.39e-05   9.70e-07   1.33e-04 100.0%
                          28.6%      70.6%       0.7%

======================= Typical Corner ===================================

Group                  Internal  Switching    Leakage      Total
                          Power      Power      Power      Power (Watts)
----------------------------------------------------------------
Sequential             0.00e+00   0.00e+00   0.00e+00   0.00e+00   0.0%
Combinational          4.67e-05   1.19e-04   7.69e-10   1.66e-04 100.0%
Clock                 -1.70e-11   0.00e+00   5.40e-10   5.23e-10   0.0%
Macro                  0.00e+00   0.00e+00   0.00e+00   0.00e+00   0.0%
Pad                    0.00e+00   0.00e+00   0.00e+00   0.00e+00   0.0%
----------------------------------------------------------------
Total                  4.67e-05   1.19e-04   1.31e-09   1.66e-04 100.0%
                          28.1%      71.9%       0.0%

