
===========================================================================
 report_power
============================================================================
======================= Fastest Corner ===================================

Group                  Internal  Switching    Leakage      Total
                          Power      Power      Power      Power (Watts)
----------------------------------------------------------------
Sequential             1.67e-04   8.78e-05   7.11e-10   2.55e-04  37.5%
Combinational          3.75e-05   1.56e-04   1.11e-09   1.94e-04  28.5%
Clock                  1.33e-04   9.85e-05   2.65e-09   2.32e-04  34.1%
Macro                  0.00e+00   0.00e+00   0.00e+00   0.00e+00   0.0%
Pad                    0.00e+00   0.00e+00   0.00e+00   0.00e+00   0.0%
----------------------------------------------------------------
Total                  3.38e-04   3.42e-04   4.47e-09   6.80e-04 100.0%
                          49.7%      50.3%       0.0%

======================= Slowest Corner ===================================

Group                  Internal  Switching    Leakage      Total
                          Power      Power      Power      Power (Watts)
----------------------------------------------------------------
Sequential             1.13e-04   5.90e-05   4.75e-07   1.72e-04  37.0%
Combinational          2.72e-05   1.05e-04   6.90e-07   1.33e-04  28.5%
Clock                  9.59e-05   6.44e-05   1.27e-07   1.60e-04  34.5%
Macro                  0.00e+00   0.00e+00   0.00e+00   0.00e+00   0.0%
Pad                    0.00e+00   0.00e+00   0.00e+00   0.00e+00   0.0%
----------------------------------------------------------------
Total                  2.36e-04   2.28e-04   1.29e-06   4.65e-04 100.0%
                          50.7%      49.0%       0.3%

======================= Typical Corner ===================================

Group                  Internal  Switching    Leakage      Total
                          Power      Power      Power      Power (Watts)
----------------------------------------------------------------
Sequential             1.44e-04   7.47e-05   2.66e-10   2.19e-04  37.5%
Combinational          3.33e-05   1.33e-04   5.30e-10   1.66e-04  28.4%
Clock                  1.17e-04   8.30e-05   2.33e-09   2.00e-04  34.1%
Macro                  0.00e+00   0.00e+00   0.00e+00   0.00e+00   0.0%
Pad                    0.00e+00   0.00e+00   0.00e+00   0.00e+00   0.0%
----------------------------------------------------------------
Total                  2.94e-04   2.90e-04   3.12e-09   5.85e-04 100.0%
                          50.3%      49.7%       0.0%

