
===========================================================================
report_checks -unconstrained
===========================================================================
======================= Fastest Corner ===================================

Startpoint: _254_ (rising edge-triggered flip-flop clocked by core_clock)
Endpoint: _279_ (rising edge-triggered flip-flop clocked by core_clock)
Path Group: core_clock
Path Type: max
Corner: Fastest

Fanout     Cap    Slew   Delay    Time   Description
-----------------------------------------------------------------------------
                          0.00    0.00   clock core_clock (rise edge)
                          0.00    0.00   clock source latency
     1    0.02    0.00    0.00    0.00 ^ clk (in)
                                         clk (net)
                  0.00    0.00    0.00 ^ clkbuf_0_clk/A (sky130_fd_sc_hd__clkbuf_16)
     4    0.07    0.07    0.10    0.10 ^ clkbuf_0_clk/X (sky130_fd_sc_hd__clkbuf_16)
                                         clknet_0_clk (net)
                  0.07    0.00    0.11 ^ clkbuf_2_1__f_clk/A (sky130_fd_sc_hd__clkbuf_16)
     8    0.05    0.05    0.11    0.22 ^ clkbuf_2_1__f_clk/X (sky130_fd_sc_hd__clkbuf_16)
                                         clknet_2_1__leaf_clk (net)
                  0.05    0.00    0.22 ^ _254_/CLK (sky130_fd_sc_hd__dfxtp_4)
     7    0.09    0.19    0.32    0.54 ^ _254_/Q (sky130_fd_sc_hd__dfxtp_4)
                                         a.one_second_counter[0] (net)
                  0.20    0.02    0.56 ^ _142_/C (sky130_fd_sc_hd__and3_4)
     8    0.09    0.20    0.25    0.81 ^ _142_/X (sky130_fd_sc_hd__and3_4)
                                         _113_ (net)
                  0.20    0.01    0.82 ^ _144_/C (sky130_fd_sc_hd__and4_4)
     6    0.08    0.18    0.26    1.08 ^ _144_/X (sky130_fd_sc_hd__and4_4)
                                         _115_ (net)
                  0.19    0.01    1.09 ^ _199_/C (sky130_fd_sc_hd__and4_4)
     6    0.06    0.14    0.22    1.31 ^ _199_/X (sky130_fd_sc_hd__and4_4)
                                         _065_ (net)
                  0.14    0.01    1.32 ^ _211_/D (sky130_fd_sc_hd__and4_2)
     5    0.06    0.21    0.28    1.60 ^ _211_/X (sky130_fd_sc_hd__and4_2)
                                         _073_ (net)
                  0.21    0.01    1.60 ^ _223_/D (sky130_fd_sc_hd__and4_1)
     1    0.01    0.11    0.18    1.79 ^ _223_/X (sky130_fd_sc_hd__and4_1)
                                         _081_ (net)
                  0.11    0.00    1.79 ^ _224_/A (sky130_fd_sc_hd__buf_4)
     7    0.09    0.19    0.19    1.98 ^ _224_/X (sky130_fd_sc_hd__buf_4)
                                         _082_ (net)
                  0.19    0.01    1.99 ^ _239_/C (sky130_fd_sc_hd__and3_1)
     1    0.02    0.14    0.18    2.17 ^ _239_/X (sky130_fd_sc_hd__and3_1)
                                         _092_ (net)
                  0.14    0.00    2.18 ^ _240_/A (sky130_fd_sc_hd__buf_4)
     5    0.07    0.15    0.17    2.35 ^ _240_/X (sky130_fd_sc_hd__buf_4)
                                         _093_ (net)
                  0.16    0.02    2.37 ^ _244_/A2 (sky130_fd_sc_hd__a21o_1)
     2    0.03    0.23    0.22    2.59 ^ _244_/X (sky130_fd_sc_hd__a21o_1)
                                         _095_ (net)
                  0.23    0.01    2.59 ^ _246_/B (sky130_fd_sc_hd__and3_2)
     1    0.04    0.15    0.22    2.81 ^ _246_/X (sky130_fd_sc_hd__and3_2)
                                         _097_ (net)
                  0.15    0.01    2.82 ^ _247_/A (sky130_fd_sc_hd__buf_1)
     1    0.02    0.21    0.19    3.01 ^ _247_/X (sky130_fd_sc_hd__buf_1)
                                         _029_ (net)
                  0.21    0.00    3.01 ^ _279_/D (sky130_fd_sc_hd__dfxtp_4)
                                  3.01   data arrival time

                         10.00   10.00   clock core_clock (rise edge)
                          0.00   10.00   clock source latency
     1    0.02    0.00    0.00   10.00 ^ clk (in)
                                         clk (net)
                  0.00    0.00   10.00 ^ clkbuf_0_clk/A (sky130_fd_sc_hd__clkbuf_16)
     4    0.07    0.07    0.10   10.10 ^ clkbuf_0_clk/X (sky130_fd_sc_hd__clkbuf_16)
                                         clknet_0_clk (net)
                  0.07    0.00   10.11 ^ clkbuf_2_3__f_clk/A (sky130_fd_sc_hd__clkbuf_16)
     9    0.05    0.05    0.11   10.22 ^ clkbuf_2_3__f_clk/X (sky130_fd_sc_hd__clkbuf_16)
                                         clknet_2_3__leaf_clk (net)
                  0.05    0.00   10.22 ^ _279_/CLK (sky130_fd_sc_hd__dfxtp_4)
                          0.00   10.22   clock reconvergence pessimism
                         -0.05   10.17   library setup time
                                 10.17   data required time
-----------------------------------------------------------------------------
                                 10.17   data required time
                                 -3.01   data arrival time
-----------------------------------------------------------------------------
                                  7.16   slack (MET)



======================= Slowest Corner ===================================

Startpoint: _254_ (rising edge-triggered flip-flop clocked by core_clock)
Endpoint: _279_ (rising edge-triggered flip-flop clocked by core_clock)
Path Group: core_clock
Path Type: max
Corner: Slowest

Fanout     Cap    Slew   Delay    Time   Description
-----------------------------------------------------------------------------
                          0.00    0.00   clock core_clock (rise edge)
                          0.00    0.00   clock source latency
     1    0.02    0.00    0.00    0.00 ^ clk (in)
                                         clk (net)
                  0.00    0.00    0.00 ^ clkbuf_0_clk/A (sky130_fd_sc_hd__clkbuf_16)
     4    0.07    0.13    0.25    0.25 ^ clkbuf_0_clk/X (sky130_fd_sc_hd__clkbuf_16)
                                         clknet_0_clk (net)
                  0.13    0.00    0.26 ^ clkbuf_2_1__f_clk/A (sky130_fd_sc_hd__clkbuf_16)
     8    0.04    0.10    0.28    0.54 ^ clkbuf_2_1__f_clk/X (sky130_fd_sc_hd__clkbuf_16)
                                         clknet_2_1__leaf_clk (net)
                  0.10    0.00    0.54 ^ _254_/CLK (sky130_fd_sc_hd__dfxtp_4)
     7    0.09    0.41    0.96    1.50 ^ _254_/Q (sky130_fd_sc_hd__dfxtp_4)
                                         a.one_second_counter[0] (net)
                  0.41    0.02    1.53 ^ _142_/C (sky130_fd_sc_hd__and3_4)
     8    0.09    0.43    0.82    2.34 ^ _142_/X (sky130_fd_sc_hd__and3_4)
                                         _113_ (net)
                  0.43    0.01    2.35 ^ _144_/C (sky130_fd_sc_hd__and4_4)
     6    0.08    0.43    0.92    3.27 ^ _144_/X (sky130_fd_sc_hd__and4_4)
                                         _115_ (net)
                  0.43    0.01    3.28 ^ _199_/C (sky130_fd_sc_hd__and4_4)
     6    0.06    0.32    0.83    4.11 ^ _199_/X (sky130_fd_sc_hd__and4_4)
                                         _065_ (net)
                  0.32    0.01    4.11 ^ _211_/D (sky130_fd_sc_hd__and4_2)
     5    0.05    0.48    0.91    5.02 ^ _211_/X (sky130_fd_sc_hd__and4_2)
                                         _073_ (net)
                  0.48    0.01    5.02 ^ _223_/D (sky130_fd_sc_hd__and4_1)
     1    0.01    0.24    0.65    5.68 ^ _223_/X (sky130_fd_sc_hd__and4_1)
                                         _081_ (net)
                  0.24    0.00    5.68 ^ _224_/A (sky130_fd_sc_hd__buf_4)
     7    0.09    0.39    0.52    6.19 ^ _224_/X (sky130_fd_sc_hd__buf_4)
                                         _082_ (net)
                  0.39    0.01    6.20 ^ _239_/C (sky130_fd_sc_hd__and3_1)
     1    0.02    0.29    0.57    6.78 ^ _239_/X (sky130_fd_sc_hd__and3_1)
                                         _092_ (net)
                  0.29    0.00    6.78 ^ _240_/A (sky130_fd_sc_hd__buf_4)
     5    0.07    0.33    0.49    7.27 ^ _240_/X (sky130_fd_sc_hd__buf_4)
                                         _093_ (net)
                  0.33    0.02    7.28 ^ _244_/A2 (sky130_fd_sc_hd__a21o_1)
     2    0.03    0.47    0.60    7.89 ^ _244_/X (sky130_fd_sc_hd__a21o_1)
                                         _095_ (net)
                  0.47    0.01    7.89 ^ _246_/B (sky130_fd_sc_hd__and3_2)
     1    0.04    0.33    0.71    8.60 ^ _246_/X (sky130_fd_sc_hd__and3_2)
                                         _097_ (net)
                  0.33    0.01    8.60 ^ _247_/A (sky130_fd_sc_hd__buf_1)
     1    0.02    0.46    0.52    9.12 ^ _247_/X (sky130_fd_sc_hd__buf_1)
                                         _029_ (net)
                  0.46    0.00    9.13 ^ _279_/D (sky130_fd_sc_hd__dfxtp_4)
                                  9.13   data arrival time

                         10.00   10.00   clock core_clock (rise edge)
                          0.00   10.00   clock source latency
     1    0.02    0.00    0.00   10.00 ^ clk (in)
                                         clk (net)
                  0.00    0.00   10.00 ^ clkbuf_0_clk/A (sky130_fd_sc_hd__clkbuf_16)
     4    0.07    0.13    0.25   10.25 ^ clkbuf_0_clk/X (sky130_fd_sc_hd__clkbuf_16)
                                         clknet_0_clk (net)
                  0.13    0.00   10.25 ^ clkbuf_2_3__f_clk/A (sky130_fd_sc_hd__clkbuf_16)
     9    0.04    0.10    0.28   10.54 ^ clkbuf_2_3__f_clk/X (sky130_fd_sc_hd__clkbuf_16)
                                         clknet_2_3__leaf_clk (net)
                  0.10    0.00   10.54 ^ _279_/CLK (sky130_fd_sc_hd__dfxtp_4)
                          0.00   10.54   clock reconvergence pessimism
                         -0.24   10.30   library setup time
                                 10.30   data required time
-----------------------------------------------------------------------------
                                 10.30   data required time
                                 -9.13   data arrival time
-----------------------------------------------------------------------------
                                  1.18   slack (MET)



======================= Typical Corner ===================================

Startpoint: _254_ (rising edge-triggered flip-flop clocked by core_clock)
Endpoint: _279_ (rising edge-triggered flip-flop clocked by core_clock)
Path Group: core_clock
Path Type: max
Corner: Typical

Fanout     Cap    Slew   Delay    Time   Description
-----------------------------------------------------------------------------
                          0.00    0.00   clock core_clock (rise edge)
                          0.00    0.00   clock source latency
     1    0.02    0.00    0.00    0.00 ^ clk (in)
                                         clk (net)
                  0.00    0.00    0.00 ^ clkbuf_0_clk/A (sky130_fd_sc_hd__clkbuf_16)
     4    0.07    0.09    0.15    0.15 ^ clkbuf_0_clk/X (sky130_fd_sc_hd__clkbuf_16)
                                         clknet_0_clk (net)
                  0.09    0.00    0.15 ^ clkbuf_2_1__f_clk/A (sky130_fd_sc_hd__clkbuf_16)
     8    0.05    0.07    0.16    0.31 ^ clkbuf_2_1__f_clk/X (sky130_fd_sc_hd__clkbuf_16)
                                         clknet_2_1__leaf_clk (net)
                  0.07    0.00    0.31 ^ _254_/CLK (sky130_fd_sc_hd__dfxtp_4)
     7    0.09    0.25    0.50    0.81 ^ _254_/Q (sky130_fd_sc_hd__dfxtp_4)
                                         a.one_second_counter[0] (net)
                  0.26    0.02    0.83 ^ _142_/C (sky130_fd_sc_hd__and3_4)
     8    0.09    0.27    0.40    1.23 ^ _142_/X (sky130_fd_sc_hd__and3_4)
                                         _113_ (net)
                  0.27    0.01    1.24 ^ _144_/C (sky130_fd_sc_hd__and4_4)
     6    0.08    0.25    0.43    1.67 ^ _144_/X (sky130_fd_sc_hd__and4_4)
                                         _115_ (net)
                  0.25    0.01    1.68 ^ _199_/C (sky130_fd_sc_hd__and4_4)
     6    0.06    0.18    0.38    2.06 ^ _199_/X (sky130_fd_sc_hd__and4_4)
                                         _065_ (net)
                  0.18    0.01    2.06 ^ _211_/D (sky130_fd_sc_hd__and4_2)
     5    0.05    0.29    0.45    2.51 ^ _211_/X (sky130_fd_sc_hd__and4_2)
                                         _073_ (net)
                  0.29    0.01    2.52 ^ _223_/D (sky130_fd_sc_hd__and4_1)
     1    0.01    0.15    0.31    2.82 ^ _223_/X (sky130_fd_sc_hd__and4_1)
                                         _081_ (net)
                  0.15    0.00    2.83 ^ _224_/A (sky130_fd_sc_hd__buf_4)
     7    0.09    0.25    0.28    3.11 ^ _224_/X (sky130_fd_sc_hd__buf_4)
                                         _082_ (net)
                  0.25    0.01    3.12 ^ _239_/C (sky130_fd_sc_hd__and3_1)
     1    0.02    0.18    0.29    3.41 ^ _239_/X (sky130_fd_sc_hd__and3_1)
                                         _092_ (net)
                  0.18    0.00    3.42 ^ _240_/A (sky130_fd_sc_hd__buf_4)
     5    0.07    0.21    0.26    3.68 ^ _240_/X (sky130_fd_sc_hd__buf_4)
                                         _093_ (net)
                  0.21    0.02    3.70 ^ _244_/A2 (sky130_fd_sc_hd__a21o_1)
     2    0.03    0.30    0.33    4.03 ^ _244_/X (sky130_fd_sc_hd__a21o_1)
                                         _095_ (net)
                  0.30    0.01    4.03 ^ _246_/B (sky130_fd_sc_hd__and3_2)
     1    0.04    0.20    0.36    4.39 ^ _246_/X (sky130_fd_sc_hd__and3_2)
                                         _097_ (net)
                  0.20    0.01    4.40 ^ _247_/A (sky130_fd_sc_hd__buf_1)
     1    0.02    0.29    0.28    4.68 ^ _247_/X (sky130_fd_sc_hd__buf_1)
                                         _029_ (net)
                  0.29    0.00    4.68 ^ _279_/D (sky130_fd_sc_hd__dfxtp_4)
                                  4.68   data arrival time

                         10.00   10.00   clock core_clock (rise edge)
                          0.00   10.00   clock source latency
     1    0.02    0.00    0.00   10.00 ^ clk (in)
                                         clk (net)
                  0.00    0.00   10.00 ^ clkbuf_0_clk/A (sky130_fd_sc_hd__clkbuf_16)
     4    0.07    0.09    0.15   10.15 ^ clkbuf_0_clk/X (sky130_fd_sc_hd__clkbuf_16)
                                         clknet_0_clk (net)
                  0.09    0.00   10.15 ^ clkbuf_2_3__f_clk/A (sky130_fd_sc_hd__clkbuf_16)
     9    0.05    0.07    0.16   10.31 ^ clkbuf_2_3__f_clk/X (sky130_fd_sc_hd__clkbuf_16)
                                         clknet_2_3__leaf_clk (net)
                  0.07    0.00   10.31 ^ _279_/CLK (sky130_fd_sc_hd__dfxtp_4)
                          0.00   10.31   clock reconvergence pessimism
                         -0.11   10.20   library setup time
                                 10.20   data required time
-----------------------------------------------------------------------------
                                 10.20   data required time
                                 -4.68   data arrival time
-----------------------------------------------------------------------------
                                  5.52   slack (MET)




===========================================================================
report_checks --slack_max -0.01
============================================================================
======================= Fastest Corner ===================================

No paths found.

======================= Slowest Corner ===================================

No paths found.

======================= Typical Corner ===================================

No paths found.


===========================================================================
 report_check_types -max_slew -max_cap -max_fanout -violators
============================================================================
======================= Fastest Corner ===================================


max slew violations count Fastest: 0
max fanout violations count Fastest: 0
max cap violations count Fastest: 0
======================= Slowest Corner ===================================

max slew

Pin                                    Limit    Slew   Slack
------------------------------------------------------------
_185_/B                                 1.50    1.50   -0.00 (VIOLATED)
_231_/B                                 1.50    1.50   -0.00 (VIOLATED)
_181_/B1_N                              1.50    1.50   -0.00 (VIOLATED)
ANTENNA_12/DIODE                        1.50    1.50   -0.00 (VIOLATED)
_174_/B                                 1.50    1.50   -0.00 (VIOLATED)
_168_/A                                 1.50    1.50   -0.00 (VIOLATED)
_246_/A                                 1.50    1.50   -0.00 (VIOLATED)
_197_/B                                 1.50    1.50   -0.00 (VIOLATED)
_206_/C                                 1.50    1.50   -0.00 (VIOLATED)
_187_/A                                 1.50    1.50   -0.00 (VIOLATED)


max slew violations count Slowest: 10
max fanout violations count Slowest: 0
max cap violations count Slowest: 0
======================= Typical Corner ===================================


max slew violations count Typical: 0
max fanout violations count Typical: 0
max cap violations count Typical: 0

===========================================================================
report_parasitic_annotation -report_unannotated
============================================================================
Found 4 unannotated drivers.
 clkload0/Y
 clkload1/Y
 clkload2/Y
 ztfc_9/HI
Found 0 partially unannotated drivers.

===========================================================================
max slew violation count 10
max fanout violation count 0
max cap violation count 0
============================================================================

===========================================================================
check_setup -verbose -unconstrained_endpoints -multiple_clock -no_clock -no_input_delay -loops -generated_clocks
===========================================================================
Warning: There is 1 input port missing set_input_delay.
  rst
Warning: There are 8 unconstrained endpoints.
  an0
  seg_out[0]
  seg_out[1]
  seg_out[2]
  seg_out[3]
  seg_out[4]
  seg_out[5]
  seg_out[6]
