
===========================================================================
report_checks -path_delay max (Setup)
============================================================================
======================= Fastest Corner ===================================

Startpoint: in[7] (input port clocked by __VIRTUAL_CLK__)
Endpoint: out[0] (output port clocked by __VIRTUAL_CLK__)
Path Group: __VIRTUAL_CLK__
Path Type: max
Corner: Fastest

Fanout     Cap    Slew   Delay    Time   Description
-----------------------------------------------------------------------------
                  0.00    0.00    0.00   clock __VIRTUAL_CLK__ (rise edge)
                          0.00    0.00   clock network delay (ideal)
                          2.00    2.00 v input external delay
     1    0.00    0.00    0.00    2.00 v in[7] (in)
                                         in[7] (net)
                  0.00    0.00    2.00 v input8/A (sky130_fd_sc_hd__dlymetal6s2s_1)
     5    0.02    0.07    0.12    2.12 v input8/X (sky130_fd_sc_hd__dlymetal6s2s_1)
                                         net8 (net)
                  0.07    0.00    2.12 v _13_/B (sky130_fd_sc_hd__or4_2)
     5    0.02    0.10    0.44    2.56 v _13_/X (sky130_fd_sc_hd__or4_2)
                                         _02_ (net)
                  0.10    0.00    2.56 v _20_/D (sky130_fd_sc_hd__or4_1)
     2    0.01    0.09    0.30    2.86 v _20_/X (sky130_fd_sc_hd__or4_1)
                                         _06_ (net)
                  0.09    0.00    2.86 v _24_/B (sky130_fd_sc_hd__xor2_1)
     1    0.01    0.15    0.17    3.03 ^ _24_/X (sky130_fd_sc_hd__xor2_1)
                                         net9 (net)
                  0.15    0.00    3.03 ^ output9/A (sky130_fd_sc_hd__buf_2)
     1    0.03    0.13    0.17    3.20 ^ output9/X (sky130_fd_sc_hd__buf_2)
                                         out[0] (net)
                  0.13    0.00    3.20 ^ out[0] (out)
                                  3.20   data arrival time

                  0.00   10.00   10.00   clock __VIRTUAL_CLK__ (rise edge)
                          0.00   10.00   clock network delay (ideal)
                         -0.25    9.75   clock uncertainty
                          0.00    9.75   clock reconvergence pessimism
                         -2.00    7.75   output external delay
                                  7.75   data required time
-----------------------------------------------------------------------------
                                  7.75   data required time
                                 -3.20   data arrival time
-----------------------------------------------------------------------------
                                  4.55   slack (MET)


Startpoint: in[7] (input port clocked by __VIRTUAL_CLK__)
Endpoint: out[1] (output port clocked by __VIRTUAL_CLK__)
Path Group: __VIRTUAL_CLK__
Path Type: max
Corner: Fastest

Fanout     Cap    Slew   Delay    Time   Description
-----------------------------------------------------------------------------
                  0.00    0.00    0.00   clock __VIRTUAL_CLK__ (rise edge)
                          0.00    0.00   clock network delay (ideal)
                          2.00    2.00 v input external delay
     1    0.00    0.00    0.00    2.00 v in[7] (in)
                                         in[7] (net)
                  0.00    0.00    2.00 v input8/A (sky130_fd_sc_hd__dlymetal6s2s_1)
     5    0.02    0.07    0.12    2.12 v input8/X (sky130_fd_sc_hd__dlymetal6s2s_1)
                                         net8 (net)
                  0.07    0.00    2.12 v _13_/B (sky130_fd_sc_hd__or4_2)
     5    0.02    0.10    0.44    2.56 v _13_/X (sky130_fd_sc_hd__or4_2)
                                         _02_ (net)
                  0.10    0.00    2.56 v _20_/D (sky130_fd_sc_hd__or4_1)
     2    0.01    0.09    0.30    2.86 v _20_/X (sky130_fd_sc_hd__or4_1)
                                         _06_ (net)
                  0.09    0.00    2.86 v _22_/A (sky130_fd_sc_hd__and2_1)
     1    0.00    0.03    0.12    2.98 v _22_/X (sky130_fd_sc_hd__and2_1)
                                         _08_ (net)
                  0.03    0.00    2.98 v _23_/A (sky130_fd_sc_hd__clkbuf_1)
     1    0.01    0.03    0.07    3.05 v _23_/X (sky130_fd_sc_hd__clkbuf_1)
                                         net10 (net)
                  0.03    0.00    3.05 v output10/A (sky130_fd_sc_hd__buf_2)
     1    0.03    0.06    0.12    3.18 v output10/X (sky130_fd_sc_hd__buf_2)
                                         out[1] (net)
                  0.06    0.00    3.18 v out[1] (out)
                                  3.18   data arrival time

                  0.00   10.00   10.00   clock __VIRTUAL_CLK__ (rise edge)
                          0.00   10.00   clock network delay (ideal)
                         -0.25    9.75   clock uncertainty
                          0.00    9.75   clock reconvergence pessimism
                         -2.00    7.75   output external delay
                                  7.75   data required time
-----------------------------------------------------------------------------
                                  7.75   data required time
                                 -3.18   data arrival time
-----------------------------------------------------------------------------
                                  4.57   slack (MET)


Startpoint: in[7] (input port clocked by __VIRTUAL_CLK__)
Endpoint: out[2] (output port clocked by __VIRTUAL_CLK__)
Path Group: __VIRTUAL_CLK__
Path Type: max
Corner: Fastest

Fanout     Cap    Slew   Delay    Time   Description
-----------------------------------------------------------------------------
                  0.00    0.00    0.00   clock __VIRTUAL_CLK__ (rise edge)
                          0.00    0.00   clock network delay (ideal)
                          2.00    2.00 v input external delay
     1    0.00    0.00    0.00    2.00 v in[7] (in)
                                         in[7] (net)
                  0.00    0.00    2.00 v input8/A (sky130_fd_sc_hd__dlymetal6s2s_1)
     5    0.02    0.07    0.12    2.12 v input8/X (sky130_fd_sc_hd__dlymetal6s2s_1)
                                         net8 (net)
                  0.07    0.00    2.12 v _13_/B (sky130_fd_sc_hd__or4_2)
     5    0.02    0.10    0.44    2.56 v _13_/X (sky130_fd_sc_hd__or4_2)
                                         _02_ (net)
                  0.10    0.00    2.56 v _16_/B (sky130_fd_sc_hd__nor2_1)
     2    0.01    0.18    0.18    2.74 ^ _16_/Y (sky130_fd_sc_hd__nor2_1)
                                         _04_ (net)
                  0.18    0.00    2.74 ^ _19_/B (sky130_fd_sc_hd__xnor2_1)
     1    0.01    0.13    0.10    2.84 ^ _19_/Y (sky130_fd_sc_hd__xnor2_1)
                                         net11 (net)
                  0.13    0.00    2.84 ^ output11/A (sky130_fd_sc_hd__buf_2)
     1    0.03    0.13    0.17    3.01 ^ output11/X (sky130_fd_sc_hd__buf_2)
                                         out[2] (net)
                  0.13    0.00    3.01 ^ out[2] (out)
                                  3.01   data arrival time

                  0.00   10.00   10.00   clock __VIRTUAL_CLK__ (rise edge)
                          0.00   10.00   clock network delay (ideal)
                         -0.25    9.75   clock uncertainty
                          0.00    9.75   clock reconvergence pessimism
                         -2.00    7.75   output external delay
                                  7.75   data required time
-----------------------------------------------------------------------------
                                  7.75   data required time
                                 -3.01   data arrival time
-----------------------------------------------------------------------------
                                  4.74   slack (MET)


Startpoint: in[7] (input port clocked by __VIRTUAL_CLK__)
Endpoint: out[3] (output port clocked by __VIRTUAL_CLK__)
Path Group: __VIRTUAL_CLK__
Path Type: max
Corner: Fastest

Fanout     Cap    Slew   Delay    Time   Description
-----------------------------------------------------------------------------
                  0.00    0.00    0.00   clock __VIRTUAL_CLK__ (rise edge)
                          0.00    0.00   clock network delay (ideal)
                          2.00    2.00 v input external delay
     1    0.00    0.00    0.00    2.00 v in[7] (in)
                                         in[7] (net)
                  0.00    0.00    2.00 v input8/A (sky130_fd_sc_hd__dlymetal6s2s_1)
     5    0.02    0.07    0.12    2.12 v input8/X (sky130_fd_sc_hd__dlymetal6s2s_1)
                                         net8 (net)
                  0.07    0.00    2.12 v _13_/B (sky130_fd_sc_hd__or4_2)
     5    0.02    0.10    0.44    2.56 v _13_/X (sky130_fd_sc_hd__or4_2)
                                         _02_ (net)
                  0.10    0.00    2.56 v _16_/B (sky130_fd_sc_hd__nor2_1)
     2    0.01    0.18    0.18    2.74 ^ _16_/Y (sky130_fd_sc_hd__nor2_1)
                                         _04_ (net)
                  0.18    0.00    2.74 ^ _18_/A (sky130_fd_sc_hd__nor2_1)
     1    0.00    0.04    0.03    2.77 v _18_/Y (sky130_fd_sc_hd__nor2_1)
                                         net12 (net)
                  0.04    0.00    2.77 v output12/A (sky130_fd_sc_hd__buf_2)
     1    0.03    0.06    0.13    2.89 v output12/X (sky130_fd_sc_hd__buf_2)
                                         out[3] (net)
                  0.06    0.00    2.89 v out[3] (out)
                                  2.89   data arrival time

                  0.00   10.00   10.00   clock __VIRTUAL_CLK__ (rise edge)
                          0.00   10.00   clock network delay (ideal)
                         -0.25    9.75   clock uncertainty
                          0.00    9.75   clock reconvergence pessimism
                         -2.00    7.75   output external delay
                                  7.75   data required time
-----------------------------------------------------------------------------
                                  7.75   data required time
                                 -2.89   data arrival time
-----------------------------------------------------------------------------
                                  4.86   slack (MET)


Startpoint: in[7] (input port clocked by __VIRTUAL_CLK__)
Endpoint: out[4] (output port clocked by __VIRTUAL_CLK__)
Path Group: __VIRTUAL_CLK__
Path Type: max
Corner: Fastest

Fanout     Cap    Slew   Delay    Time   Description
-----------------------------------------------------------------------------
                  0.00    0.00    0.00   clock __VIRTUAL_CLK__ (rise edge)
                          0.00    0.00   clock network delay (ideal)
                          2.00    2.00 v input external delay
     1    0.00    0.00    0.00    2.00 v in[7] (in)
                                         in[7] (net)
                  0.00    0.00    2.00 v input8/A (sky130_fd_sc_hd__dlymetal6s2s_1)
     5    0.02    0.07    0.12    2.12 v input8/X (sky130_fd_sc_hd__dlymetal6s2s_1)
                                         net8 (net)
                  0.07    0.00    2.12 v _13_/B (sky130_fd_sc_hd__or4_2)
     5    0.02    0.10    0.44    2.56 v _13_/X (sky130_fd_sc_hd__or4_2)
                                         _02_ (net)
                  0.10    0.00    2.56 v _14_/B (sky130_fd_sc_hd__and2b_1)
     1    0.00    0.02    0.13    2.68 v _14_/X (sky130_fd_sc_hd__and2b_1)
                                         _03_ (net)
                  0.02    0.00    2.68 v _15_/A (sky130_fd_sc_hd__clkbuf_1)
     1    0.00    0.02    0.06    2.74 v _15_/X (sky130_fd_sc_hd__clkbuf_1)
                                         net13 (net)
                  0.02    0.00    2.74 v output13/A (sky130_fd_sc_hd__buf_2)
     1    0.03    0.06    0.12    2.86 v output13/X (sky130_fd_sc_hd__buf_2)
                                         out[4] (net)
                  0.06    0.00    2.86 v out[4] (out)
                                  2.86   data arrival time

                  0.00   10.00   10.00   clock __VIRTUAL_CLK__ (rise edge)
                          0.00   10.00   clock network delay (ideal)
                         -0.25    9.75   clock uncertainty
                          0.00    9.75   clock reconvergence pessimism
                         -2.00    7.75   output external delay
                                  7.75   data required time
-----------------------------------------------------------------------------
                                  7.75   data required time
                                 -2.86   data arrival time
-----------------------------------------------------------------------------
                                  4.89   slack (MET)


Startpoint: in[7] (input port clocked by __VIRTUAL_CLK__)
Endpoint: out[5] (output port clocked by __VIRTUAL_CLK__)
Path Group: __VIRTUAL_CLK__
Path Type: max
Corner: Fastest

Fanout     Cap    Slew   Delay    Time   Description
-----------------------------------------------------------------------------
                  0.00    0.00    0.00   clock __VIRTUAL_CLK__ (rise edge)
                          0.00    0.00   clock network delay (ideal)
                          2.00    2.00 v input external delay
     1    0.00    0.00    0.00    2.00 v in[7] (in)
                                         in[7] (net)
                  0.00    0.00    2.00 v input8/A (sky130_fd_sc_hd__dlymetal6s2s_1)
     5    0.02    0.07    0.12    2.12 v input8/X (sky130_fd_sc_hd__dlymetal6s2s_1)
                                         net8 (net)
                  0.07    0.00    2.12 v _10_/B (sky130_fd_sc_hd__nor2_1)
     2    0.01    0.16    0.15    2.27 ^ _10_/Y (sky130_fd_sc_hd__nor2_1)
                                         _00_ (net)
                  0.16    0.00    2.27 ^ _11_/B (sky130_fd_sc_hd__xnor2_1)
     1    0.01    0.11    0.10    2.37 ^ _11_/Y (sky130_fd_sc_hd__xnor2_1)
                                         net14 (net)
                  0.11    0.00    2.37 ^ output14/A (sky130_fd_sc_hd__buf_2)
     1    0.03    0.13    0.17    2.53 ^ output14/X (sky130_fd_sc_hd__buf_2)
                                         out[5] (net)
                  0.13    0.00    2.53 ^ out[5] (out)
                                  2.53   data arrival time

                  0.00   10.00   10.00   clock __VIRTUAL_CLK__ (rise edge)
                          0.00   10.00   clock network delay (ideal)
                         -0.25    9.75   clock uncertainty
                          0.00    9.75   clock reconvergence pessimism
                         -2.00    7.75   output external delay
                                  7.75   data required time
-----------------------------------------------------------------------------
                                  7.75   data required time
                                 -2.53   data arrival time
-----------------------------------------------------------------------------
                                  5.22   slack (MET)


Startpoint: in[7] (input port clocked by __VIRTUAL_CLK__)
Endpoint: out[6] (output port clocked by __VIRTUAL_CLK__)
Path Group: __VIRTUAL_CLK__
Path Type: max
Corner: Fastest

Fanout     Cap    Slew   Delay    Time   Description
-----------------------------------------------------------------------------
                  0.00    0.00    0.00   clock __VIRTUAL_CLK__ (rise edge)
                          0.00    0.00   clock network delay (ideal)
                          2.00    2.00 ^ input external delay
     1    0.00    0.01    0.01    2.01 ^ in[7] (in)
                                         in[7] (net)
                  0.01    0.00    2.01 ^ input8/A (sky130_fd_sc_hd__dlymetal6s2s_1)
     5    0.02    0.15    0.14    2.15 ^ input8/X (sky130_fd_sc_hd__dlymetal6s2s_1)
                                         net8 (net)
                  0.15    0.00    2.15 ^ _10_/B (sky130_fd_sc_hd__nor2_1)
     2    0.01    0.06    0.06    2.21 v _10_/Y (sky130_fd_sc_hd__nor2_1)
                                         _00_ (net)
                  0.06    0.00    2.21 v _26_/A (sky130_fd_sc_hd__nor2_1)
     1    0.00    0.05    0.07    2.29 ^ _26_/Y (sky130_fd_sc_hd__nor2_1)
                                         net15 (net)
                  0.05    0.00    2.29 ^ output15/A (sky130_fd_sc_hd__buf_2)
     1    0.03    0.13    0.15    2.44 ^ output15/X (sky130_fd_sc_hd__buf_2)
                                         out[6] (net)
                  0.13    0.00    2.44 ^ out[6] (out)
                                  2.44   data arrival time

                  0.00   10.00   10.00   clock __VIRTUAL_CLK__ (rise edge)
                          0.00   10.00   clock network delay (ideal)
                         -0.25    9.75   clock uncertainty
                          0.00    9.75   clock reconvergence pessimism
                         -2.00    7.75   output external delay
                                  7.75   data required time
-----------------------------------------------------------------------------
                                  7.75   data required time
                                 -2.44   data arrival time
-----------------------------------------------------------------------------
                                  5.31   slack (MET)


Startpoint: in[7] (input port clocked by __VIRTUAL_CLK__)
Endpoint: out[7] (output port clocked by __VIRTUAL_CLK__)
Path Group: __VIRTUAL_CLK__
Path Type: max
Corner: Fastest

Fanout     Cap    Slew   Delay    Time   Description
-----------------------------------------------------------------------------
                  0.00    0.00    0.00   clock __VIRTUAL_CLK__ (rise edge)
                          0.00    0.00   clock network delay (ideal)
                          2.00    2.00 ^ input external delay
     1    0.00    0.01    0.01    2.01 ^ in[7] (in)
                                         in[7] (net)
                  0.01    0.00    2.01 ^ input8/A (sky130_fd_sc_hd__dlymetal6s2s_1)
     5    0.02    0.15    0.14    2.15 ^ input8/X (sky130_fd_sc_hd__dlymetal6s2s_1)
                                         net8 (net)
                  0.15    0.00    2.15 ^ _27_/A (sky130_fd_sc_hd__clkbuf_1)
     1    0.00    0.04    0.07    2.22 ^ _27_/X (sky130_fd_sc_hd__clkbuf_1)
                                         net16 (net)
                  0.04    0.00    2.22 ^ output16/A (sky130_fd_sc_hd__clkbuf_4)
     1    0.03    0.09    0.13    2.35 ^ output16/X (sky130_fd_sc_hd__clkbuf_4)
                                         out[7] (net)
                  0.09    0.00    2.35 ^ out[7] (out)
                                  2.35   data arrival time

                  0.00   10.00   10.00   clock __VIRTUAL_CLK__ (rise edge)
                          0.00   10.00   clock network delay (ideal)
                         -0.25    9.75   clock uncertainty
                          0.00    9.75   clock reconvergence pessimism
                         -2.00    7.75   output external delay
                                  7.75   data required time
-----------------------------------------------------------------------------
                                  7.75   data required time
                                 -2.35   data arrival time
-----------------------------------------------------------------------------
                                  5.40   slack (MET)



worst slack corner Fastest: 4.5514
======================= Slowest Corner ===================================

Startpoint: in[7] (input port clocked by __VIRTUAL_CLK__)
Endpoint: out[1] (output port clocked by __VIRTUAL_CLK__)
Path Group: __VIRTUAL_CLK__
Path Type: max
Corner: Slowest

Fanout     Cap    Slew   Delay    Time   Description
-----------------------------------------------------------------------------
                  0.00    0.00    0.00   clock __VIRTUAL_CLK__ (rise edge)
                          0.00    0.00   clock network delay (ideal)
                          2.00    2.00 v input external delay
     1    0.00    0.02    0.01    2.01 v in[7] (in)
                                         in[7] (net)
                  0.02    0.00    2.01 v input8/A (sky130_fd_sc_hd__dlymetal6s2s_1)
     5    0.02    0.18    0.38    2.38 v input8/X (sky130_fd_sc_hd__dlymetal6s2s_1)
                                         net8 (net)
                  0.18    0.00    2.38 v _13_/B (sky130_fd_sc_hd__or4_2)
     5    0.02    0.31    1.81    4.19 v _13_/X (sky130_fd_sc_hd__or4_2)
                                         _02_ (net)
                  0.31    0.00    4.19 v _20_/D (sky130_fd_sc_hd__or4_1)
     2    0.01    0.29    1.26    5.45 v _20_/X (sky130_fd_sc_hd__or4_1)
                                         _06_ (net)
                  0.29    0.00    5.45 v _22_/A (sky130_fd_sc_hd__and2_1)
     1    0.00    0.08    0.41    5.87 v _22_/X (sky130_fd_sc_hd__and2_1)
                                         _08_ (net)
                  0.08    0.00    5.87 v _23_/A (sky130_fd_sc_hd__clkbuf_1)
     1    0.01    0.09    0.21    6.08 v _23_/X (sky130_fd_sc_hd__clkbuf_1)
                                         net10 (net)
                  0.09    0.00    6.08 v output10/A (sky130_fd_sc_hd__buf_2)
     1    0.03    0.16    0.37    6.45 v output10/X (sky130_fd_sc_hd__buf_2)
                                         out[1] (net)
                  0.16    0.00    6.45 v out[1] (out)
                                  6.45   data arrival time

                  0.00   10.00   10.00   clock __VIRTUAL_CLK__ (rise edge)
                          0.00   10.00   clock network delay (ideal)
                         -0.25    9.75   clock uncertainty
                          0.00    9.75   clock reconvergence pessimism
                         -2.00    7.75   output external delay
                                  7.75   data required time
-----------------------------------------------------------------------------
                                  7.75   data required time
                                 -6.45   data arrival time
-----------------------------------------------------------------------------
                                  1.30   slack (MET)


Startpoint: in[7] (input port clocked by __VIRTUAL_CLK__)
Endpoint: out[0] (output port clocked by __VIRTUAL_CLK__)
Path Group: __VIRTUAL_CLK__
Path Type: max
Corner: Slowest

Fanout     Cap    Slew   Delay    Time   Description
-----------------------------------------------------------------------------
                  0.00    0.00    0.00   clock __VIRTUAL_CLK__ (rise edge)
                          0.00    0.00   clock network delay (ideal)
                          2.00    2.00 v input external delay
     1    0.00    0.02    0.01    2.01 v in[7] (in)
                                         in[7] (net)
                  0.02    0.00    2.01 v input8/A (sky130_fd_sc_hd__dlymetal6s2s_1)
     5    0.02    0.18    0.38    2.38 v input8/X (sky130_fd_sc_hd__dlymetal6s2s_1)
                                         net8 (net)
                  0.18    0.00    2.38 v _13_/B (sky130_fd_sc_hd__or4_2)
     5    0.02    0.31    1.81    4.19 v _13_/X (sky130_fd_sc_hd__or4_2)
                                         _02_ (net)
                  0.31    0.00    4.19 v _20_/D (sky130_fd_sc_hd__or4_1)
     2    0.01    0.29    1.26    5.45 v _20_/X (sky130_fd_sc_hd__or4_1)
                                         _06_ (net)
                  0.29    0.00    5.45 v _24_/B (sky130_fd_sc_hd__xor2_1)
     1    0.01    0.34    0.44    5.89 ^ _24_/X (sky130_fd_sc_hd__xor2_1)
                                         net9 (net)
                  0.34    0.00    5.89 ^ output9/A (sky130_fd_sc_hd__buf_2)
     1    0.03    0.27    0.48    6.38 ^ output9/X (sky130_fd_sc_hd__buf_2)
                                         out[0] (net)
                  0.27    0.00    6.38 ^ out[0] (out)
                                  6.38   data arrival time

                  0.00   10.00   10.00   clock __VIRTUAL_CLK__ (rise edge)
                          0.00   10.00   clock network delay (ideal)
                         -0.25    9.75   clock uncertainty
                          0.00    9.75   clock reconvergence pessimism
                         -2.00    7.75   output external delay
                                  7.75   data required time
-----------------------------------------------------------------------------
                                  7.75   data required time
                                 -6.38   data arrival time
-----------------------------------------------------------------------------
                                  1.37   slack (MET)


Startpoint: in[7] (input port clocked by __VIRTUAL_CLK__)
Endpoint: out[2] (output port clocked by __VIRTUAL_CLK__)
Path Group: __VIRTUAL_CLK__
Path Type: max
Corner: Slowest

Fanout     Cap    Slew   Delay    Time   Description
-----------------------------------------------------------------------------
                  0.00    0.00    0.00   clock __VIRTUAL_CLK__ (rise edge)
                          0.00    0.00   clock network delay (ideal)
                          2.00    2.00 v input external delay
     1    0.00    0.02    0.01    2.01 v in[7] (in)
                                         in[7] (net)
                  0.02    0.00    2.01 v input8/A (sky130_fd_sc_hd__dlymetal6s2s_1)
     5    0.02    0.18    0.38    2.38 v input8/X (sky130_fd_sc_hd__dlymetal6s2s_1)
                                         net8 (net)
                  0.18    0.00    2.38 v _13_/B (sky130_fd_sc_hd__or4_2)
     5    0.02    0.31    1.81    4.19 v _13_/X (sky130_fd_sc_hd__or4_2)
                                         _02_ (net)
                  0.31    0.00    4.19 v _16_/B (sky130_fd_sc_hd__nor2_1)
     2    0.01    0.43    0.47    4.67 ^ _16_/Y (sky130_fd_sc_hd__nor2_1)
                                         _04_ (net)
                  0.43    0.00    4.67 ^ _19_/B (sky130_fd_sc_hd__xnor2_1)
     1    0.01    0.29    0.37    5.04 ^ _19_/Y (sky130_fd_sc_hd__xnor2_1)
                                         net11 (net)
                  0.29    0.00    5.04 ^ output11/A (sky130_fd_sc_hd__buf_2)
     1    0.03    0.27    0.46    5.50 ^ output11/X (sky130_fd_sc_hd__buf_2)
                                         out[2] (net)
                  0.27    0.00    5.50 ^ out[2] (out)
                                  5.50   data arrival time

                  0.00   10.00   10.00   clock __VIRTUAL_CLK__ (rise edge)
                          0.00   10.00   clock network delay (ideal)
                         -0.25    9.75   clock uncertainty
                          0.00    9.75   clock reconvergence pessimism
                         -2.00    7.75   output external delay
                                  7.75   data required time
-----------------------------------------------------------------------------
                                  7.75   data required time
                                 -5.50   data arrival time
-----------------------------------------------------------------------------
                                  2.25   slack (MET)


Startpoint: in[7] (input port clocked by __VIRTUAL_CLK__)
Endpoint: out[3] (output port clocked by __VIRTUAL_CLK__)
Path Group: __VIRTUAL_CLK__
Path Type: max
Corner: Slowest

Fanout     Cap    Slew   Delay    Time   Description
-----------------------------------------------------------------------------
                  0.00    0.00    0.00   clock __VIRTUAL_CLK__ (rise edge)
                          0.00    0.00   clock network delay (ideal)
                          2.00    2.00 v input external delay
     1    0.00    0.02    0.01    2.01 v in[7] (in)
                                         in[7] (net)
                  0.02    0.00    2.01 v input8/A (sky130_fd_sc_hd__dlymetal6s2s_1)
     5    0.02    0.18    0.38    2.38 v input8/X (sky130_fd_sc_hd__dlymetal6s2s_1)
                                         net8 (net)
                  0.18    0.00    2.38 v _13_/B (sky130_fd_sc_hd__or4_2)
     5    0.02    0.31    1.81    4.19 v _13_/X (sky130_fd_sc_hd__or4_2)
                                         _02_ (net)
                  0.31    0.00    4.19 v _16_/B (sky130_fd_sc_hd__nor2_1)
     2    0.01    0.43    0.47    4.67 ^ _16_/Y (sky130_fd_sc_hd__nor2_1)
                                         _04_ (net)
                  0.43    0.00    4.67 ^ _18_/A (sky130_fd_sc_hd__nor2_1)
     1    0.00    0.09    0.20    4.87 v _18_/Y (sky130_fd_sc_hd__nor2_1)
                                         net12 (net)
                  0.09    0.00    4.87 v output12/A (sky130_fd_sc_hd__buf_2)
     1    0.03    0.16    0.37    5.24 v output12/X (sky130_fd_sc_hd__buf_2)
                                         out[3] (net)
                  0.16    0.00    5.24 v out[3] (out)
                                  5.24   data arrival time

                  0.00   10.00   10.00   clock __VIRTUAL_CLK__ (rise edge)
                          0.00   10.00   clock network delay (ideal)
                         -0.25    9.75   clock uncertainty
                          0.00    9.75   clock reconvergence pessimism
                         -2.00    7.75   output external delay
                                  7.75   data required time
-----------------------------------------------------------------------------
                                  7.75   data required time
                                 -5.24   data arrival time
-----------------------------------------------------------------------------
                                  2.51   slack (MET)


Startpoint: in[7] (input port clocked by __VIRTUAL_CLK__)
Endpoint: out[4] (output port clocked by __VIRTUAL_CLK__)
Path Group: __VIRTUAL_CLK__
Path Type: max
Corner: Slowest

Fanout     Cap    Slew   Delay    Time   Description
-----------------------------------------------------------------------------
                  0.00    0.00    0.00   clock __VIRTUAL_CLK__ (rise edge)
                          0.00    0.00   clock network delay (ideal)
                          2.00    2.00 v input external delay
     1    0.00    0.02    0.01    2.01 v in[7] (in)
                                         in[7] (net)
                  0.02    0.00    2.01 v input8/A (sky130_fd_sc_hd__dlymetal6s2s_1)
     5    0.02    0.18    0.38    2.38 v input8/X (sky130_fd_sc_hd__dlymetal6s2s_1)
                                         net8 (net)
                  0.18    0.00    2.38 v _13_/B (sky130_fd_sc_hd__or4_2)
     5    0.02    0.31    1.81    4.19 v _13_/X (sky130_fd_sc_hd__or4_2)
                                         _02_ (net)
                  0.31    0.00    4.19 v _14_/B (sky130_fd_sc_hd__and2b_1)
     1    0.00    0.06    0.45    4.64 v _14_/X (sky130_fd_sc_hd__and2b_1)
                                         _03_ (net)
                  0.06    0.00    4.64 v _15_/A (sky130_fd_sc_hd__clkbuf_1)
     1    0.00    0.06    0.17    4.82 v _15_/X (sky130_fd_sc_hd__clkbuf_1)
                                         net13 (net)
                  0.06    0.00    4.82 v output13/A (sky130_fd_sc_hd__buf_2)
     1    0.03    0.16    0.36    5.17 v output13/X (sky130_fd_sc_hd__buf_2)
                                         out[4] (net)
                  0.16    0.00    5.17 v out[4] (out)
                                  5.17   data arrival time

                  0.00   10.00   10.00   clock __VIRTUAL_CLK__ (rise edge)
                          0.00   10.00   clock network delay (ideal)
                         -0.25    9.75   clock uncertainty
                          0.00    9.75   clock reconvergence pessimism
                         -2.00    7.75   output external delay
                                  7.75   data required time
-----------------------------------------------------------------------------
                                  7.75   data required time
                                 -5.17   data arrival time
-----------------------------------------------------------------------------
                                  2.58   slack (MET)


Startpoint: in[7] (input port clocked by __VIRTUAL_CLK__)
Endpoint: out[5] (output port clocked by __VIRTUAL_CLK__)
Path Group: __VIRTUAL_CLK__
Path Type: max
Corner: Slowest

Fanout     Cap    Slew   Delay    Time   Description
-----------------------------------------------------------------------------
                  0.00    0.00    0.00   clock __VIRTUAL_CLK__ (rise edge)
                          0.00    0.00   clock network delay (ideal)
                          2.00    2.00 v input external delay
     1    0.00    0.02    0.01    2.01 v in[7] (in)
                                         in[7] (net)
                  0.02    0.00    2.01 v input8/A (sky130_fd_sc_hd__dlymetal6s2s_1)
     5    0.02    0.18    0.38    2.38 v input8/X (sky130_fd_sc_hd__dlymetal6s2s_1)
                                         net8 (net)
                  0.18    0.00    2.38 v _10_/B (sky130_fd_sc_hd__nor2_1)
     2    0.01    0.37    0.38    2.77 ^ _10_/Y (sky130_fd_sc_hd__nor2_1)
                                         _00_ (net)
                  0.37    0.00    2.77 ^ _11_/B (sky130_fd_sc_hd__xnor2_1)
     1    0.01    0.26    0.34    3.11 ^ _11_/Y (sky130_fd_sc_hd__xnor2_1)
                                         net14 (net)
                  0.26    0.00    3.11 ^ output14/A (sky130_fd_sc_hd__buf_2)
     1    0.03    0.27    0.45    3.56 ^ output14/X (sky130_fd_sc_hd__buf_2)
                                         out[5] (net)
                  0.27    0.00    3.56 ^ out[5] (out)
                                  3.56   data arrival time

                  0.00   10.00   10.00   clock __VIRTUAL_CLK__ (rise edge)
                          0.00   10.00   clock network delay (ideal)
                         -0.25    9.75   clock uncertainty
                          0.00    9.75   clock reconvergence pessimism
                         -2.00    7.75   output external delay
                                  7.75   data required time
-----------------------------------------------------------------------------
                                  7.75   data required time
                                 -3.56   data arrival time
-----------------------------------------------------------------------------
                                  4.19   slack (MET)


Startpoint: in[7] (input port clocked by __VIRTUAL_CLK__)
Endpoint: out[6] (output port clocked by __VIRTUAL_CLK__)
Path Group: __VIRTUAL_CLK__
Path Type: max
Corner: Slowest

Fanout     Cap    Slew   Delay    Time   Description
-----------------------------------------------------------------------------
                  0.00    0.00    0.00   clock __VIRTUAL_CLK__ (rise edge)
                          0.00    0.00   clock network delay (ideal)
                          2.00    2.00 v input external delay
     1    0.00    0.02    0.01    2.01 v in[7] (in)
                                         in[7] (net)
                  0.02    0.00    2.01 v input8/A (sky130_fd_sc_hd__dlymetal6s2s_1)
     5    0.02    0.18    0.38    2.38 v input8/X (sky130_fd_sc_hd__dlymetal6s2s_1)
                                         net8 (net)
                  0.18    0.00    2.38 v _10_/B (sky130_fd_sc_hd__nor2_1)
     2    0.01    0.37    0.38    2.77 ^ _10_/Y (sky130_fd_sc_hd__nor2_1)
                                         _00_ (net)
                  0.37    0.00    2.77 ^ _26_/A (sky130_fd_sc_hd__nor2_1)
     1    0.00    0.08    0.19    2.95 v _26_/Y (sky130_fd_sc_hd__nor2_1)
                                         net15 (net)
                  0.08    0.00    2.95 v output15/A (sky130_fd_sc_hd__buf_2)
     1    0.03    0.17    0.37    3.32 v output15/X (sky130_fd_sc_hd__buf_2)
                                         out[6] (net)
                  0.17    0.00    3.32 v out[6] (out)
                                  3.32   data arrival time

                  0.00   10.00   10.00   clock __VIRTUAL_CLK__ (rise edge)
                          0.00   10.00   clock network delay (ideal)
                         -0.25    9.75   clock uncertainty
                          0.00    9.75   clock reconvergence pessimism
                         -2.00    7.75   output external delay
                                  7.75   data required time
-----------------------------------------------------------------------------
                                  7.75   data required time
                                 -3.32   data arrival time
-----------------------------------------------------------------------------
                                  4.43   slack (MET)


Startpoint: in[7] (input port clocked by __VIRTUAL_CLK__)
Endpoint: out[7] (output port clocked by __VIRTUAL_CLK__)
Path Group: __VIRTUAL_CLK__
Path Type: max
Corner: Slowest

Fanout     Cap    Slew   Delay    Time   Description
-----------------------------------------------------------------------------
                  0.00    0.00    0.00   clock __VIRTUAL_CLK__ (rise edge)
                          0.00    0.00   clock network delay (ideal)
                          2.00    2.00 v input external delay
     1    0.00    0.02    0.01    2.01 v in[7] (in)
                                         in[7] (net)
                  0.02    0.00    2.01 v input8/A (sky130_fd_sc_hd__dlymetal6s2s_1)
     5    0.02    0.18    0.38    2.38 v input8/X (sky130_fd_sc_hd__dlymetal6s2s_1)
                                         net8 (net)
                  0.18    0.00    2.38 v _27_/A (sky130_fd_sc_hd__clkbuf_1)
     1    0.00    0.05    0.23    2.61 v _27_/X (sky130_fd_sc_hd__clkbuf_1)
                                         net16 (net)
                  0.05    0.00    2.61 v output16/A (sky130_fd_sc_hd__clkbuf_4)
     1    0.03    0.14    0.33    2.95 v output16/X (sky130_fd_sc_hd__clkbuf_4)
                                         out[7] (net)
                  0.14    0.00    2.95 v out[7] (out)
                                  2.95   data arrival time

                  0.00   10.00   10.00   clock __VIRTUAL_CLK__ (rise edge)
                          0.00   10.00   clock network delay (ideal)
                         -0.25    9.75   clock uncertainty
                          0.00    9.75   clock reconvergence pessimism
                         -2.00    7.75   output external delay
                                  7.75   data required time
-----------------------------------------------------------------------------
                                  7.75   data required time
                                 -2.95   data arrival time
-----------------------------------------------------------------------------
                                  4.80   slack (MET)



worst slack corner Slowest: 1.2955
======================= Typical Corner ===================================

Startpoint: in[7] (input port clocked by __VIRTUAL_CLK__)
Endpoint: out[0] (output port clocked by __VIRTUAL_CLK__)
Path Group: __VIRTUAL_CLK__
Path Type: max
Corner: Typical

Fanout     Cap    Slew   Delay    Time   Description
-----------------------------------------------------------------------------
                  0.00    0.00    0.00   clock __VIRTUAL_CLK__ (rise edge)
                          0.00    0.00   clock network delay (ideal)
                          2.00    2.00 v input external delay
     1    0.00    0.01    0.00    2.00 v in[7] (in)
                                         in[7] (net)
                  0.01    0.00    2.00 v input8/A (sky130_fd_sc_hd__dlymetal6s2s_1)
     5    0.02    0.09    0.18    2.19 v input8/X (sky130_fd_sc_hd__dlymetal6s2s_1)
                                         net8 (net)
                  0.09    0.00    2.19 v _13_/B (sky130_fd_sc_hd__or4_2)
     5    0.02    0.15    0.76    2.95 v _13_/X (sky130_fd_sc_hd__or4_2)
                                         _02_ (net)
                  0.15    0.00    2.95 v _20_/D (sky130_fd_sc_hd__or4_1)
     2    0.01    0.14    0.53    3.48 v _20_/X (sky130_fd_sc_hd__or4_1)
                                         _06_ (net)
                  0.14    0.00    3.48 v _24_/B (sky130_fd_sc_hd__xor2_1)
     1    0.01    0.21    0.24    3.72 ^ _24_/X (sky130_fd_sc_hd__xor2_1)
                                         net9 (net)
                  0.21    0.00    3.72 ^ output9/A (sky130_fd_sc_hd__buf_2)
     1    0.03    0.17    0.26    3.99 ^ output9/X (sky130_fd_sc_hd__buf_2)
                                         out[0] (net)
                  0.17    0.00    3.99 ^ out[0] (out)
                                  3.99   data arrival time

                  0.00   10.00   10.00   clock __VIRTUAL_CLK__ (rise edge)
                          0.00   10.00   clock network delay (ideal)
                         -0.25    9.75   clock uncertainty
                          0.00    9.75   clock reconvergence pessimism
                         -2.00    7.75   output external delay
                                  7.75   data required time
-----------------------------------------------------------------------------
                                  7.75   data required time
                                 -3.99   data arrival time
-----------------------------------------------------------------------------
                                  3.76   slack (MET)


Startpoint: in[7] (input port clocked by __VIRTUAL_CLK__)
Endpoint: out[1] (output port clocked by __VIRTUAL_CLK__)
Path Group: __VIRTUAL_CLK__
Path Type: max
Corner: Typical

Fanout     Cap    Slew   Delay    Time   Description
-----------------------------------------------------------------------------
                  0.00    0.00    0.00   clock __VIRTUAL_CLK__ (rise edge)
                          0.00    0.00   clock network delay (ideal)
                          2.00    2.00 v input external delay
     1    0.00    0.01    0.00    2.00 v in[7] (in)
                                         in[7] (net)
                  0.01    0.00    2.00 v input8/A (sky130_fd_sc_hd__dlymetal6s2s_1)
     5    0.02    0.09    0.18    2.19 v input8/X (sky130_fd_sc_hd__dlymetal6s2s_1)
                                         net8 (net)
                  0.09    0.00    2.19 v _13_/B (sky130_fd_sc_hd__or4_2)
     5    0.02    0.15    0.76    2.95 v _13_/X (sky130_fd_sc_hd__or4_2)
                                         _02_ (net)
                  0.15    0.00    2.95 v _20_/D (sky130_fd_sc_hd__or4_1)
     2    0.01    0.14    0.53    3.48 v _20_/X (sky130_fd_sc_hd__or4_1)
                                         _06_ (net)
                  0.14    0.00    3.48 v _22_/A (sky130_fd_sc_hd__and2_1)
     1    0.00    0.04    0.19    3.67 v _22_/X (sky130_fd_sc_hd__and2_1)
                                         _08_ (net)
                  0.04    0.00    3.67 v _23_/A (sky130_fd_sc_hd__clkbuf_1)
     1    0.01    0.05    0.11    3.78 v _23_/X (sky130_fd_sc_hd__clkbuf_1)
                                         net10 (net)
                  0.05    0.00    3.78 v output10/A (sky130_fd_sc_hd__buf_2)
     1    0.03    0.09    0.19    3.97 v output10/X (sky130_fd_sc_hd__buf_2)
                                         out[1] (net)
                  0.09    0.00    3.97 v out[1] (out)
                                  3.97   data arrival time

                  0.00   10.00   10.00   clock __VIRTUAL_CLK__ (rise edge)
                          0.00   10.00   clock network delay (ideal)
                         -0.25    9.75   clock uncertainty
                          0.00    9.75   clock reconvergence pessimism
                         -2.00    7.75   output external delay
                                  7.75   data required time
-----------------------------------------------------------------------------
                                  7.75   data required time
                                 -3.97   data arrival time
-----------------------------------------------------------------------------
                                  3.78   slack (MET)


Startpoint: in[7] (input port clocked by __VIRTUAL_CLK__)
Endpoint: out[2] (output port clocked by __VIRTUAL_CLK__)
Path Group: __VIRTUAL_CLK__
Path Type: max
Corner: Typical

Fanout     Cap    Slew   Delay    Time   Description
-----------------------------------------------------------------------------
                  0.00    0.00    0.00   clock __VIRTUAL_CLK__ (rise edge)
                          0.00    0.00   clock network delay (ideal)
                          2.00    2.00 v input external delay
     1    0.00    0.01    0.00    2.00 v in[7] (in)
                                         in[7] (net)
                  0.01    0.00    2.00 v input8/A (sky130_fd_sc_hd__dlymetal6s2s_1)
     5    0.02    0.09    0.18    2.19 v input8/X (sky130_fd_sc_hd__dlymetal6s2s_1)
                                         net8 (net)
                  0.09    0.00    2.19 v _13_/B (sky130_fd_sc_hd__or4_2)
     5    0.02    0.15    0.76    2.95 v _13_/X (sky130_fd_sc_hd__or4_2)
                                         _02_ (net)
                  0.15    0.00    2.95 v _16_/B (sky130_fd_sc_hd__nor2_1)
     2    0.01    0.25    0.26    3.21 ^ _16_/Y (sky130_fd_sc_hd__nor2_1)
                                         _04_ (net)
                  0.25    0.00    3.21 ^ _19_/B (sky130_fd_sc_hd__xnor2_1)
     1    0.01    0.18    0.18    3.40 ^ _19_/Y (sky130_fd_sc_hd__xnor2_1)
                                         net11 (net)
                  0.18    0.00    3.40 ^ output11/A (sky130_fd_sc_hd__buf_2)
     1    0.03    0.17    0.25    3.65 ^ output11/X (sky130_fd_sc_hd__buf_2)
                                         out[2] (net)
                  0.17    0.00    3.65 ^ out[2] (out)
                                  3.65   data arrival time

                  0.00   10.00   10.00   clock __VIRTUAL_CLK__ (rise edge)
                          0.00   10.00   clock network delay (ideal)
                         -0.25    9.75   clock uncertainty
                          0.00    9.75   clock reconvergence pessimism
                         -2.00    7.75   output external delay
                                  7.75   data required time
-----------------------------------------------------------------------------
                                  7.75   data required time
                                 -3.65   data arrival time
-----------------------------------------------------------------------------
                                  4.10   slack (MET)


Startpoint: in[7] (input port clocked by __VIRTUAL_CLK__)
Endpoint: out[3] (output port clocked by __VIRTUAL_CLK__)
Path Group: __VIRTUAL_CLK__
Path Type: max
Corner: Typical

Fanout     Cap    Slew   Delay    Time   Description
-----------------------------------------------------------------------------
                  0.00    0.00    0.00   clock __VIRTUAL_CLK__ (rise edge)
                          0.00    0.00   clock network delay (ideal)
                          2.00    2.00 v input external delay
     1    0.00    0.01    0.00    2.00 v in[7] (in)
                                         in[7] (net)
                  0.01    0.00    2.00 v input8/A (sky130_fd_sc_hd__dlymetal6s2s_1)
     5    0.02    0.09    0.18    2.19 v input8/X (sky130_fd_sc_hd__dlymetal6s2s_1)
                                         net8 (net)
                  0.09    0.00    2.19 v _13_/B (sky130_fd_sc_hd__or4_2)
     5    0.02    0.15    0.76    2.95 v _13_/X (sky130_fd_sc_hd__or4_2)
                                         _02_ (net)
                  0.15    0.00    2.95 v _16_/B (sky130_fd_sc_hd__nor2_1)
     2    0.01    0.25    0.26    3.21 ^ _16_/Y (sky130_fd_sc_hd__nor2_1)
                                         _04_ (net)
                  0.25    0.00    3.21 ^ _18_/A (sky130_fd_sc_hd__nor2_1)
     1    0.00    0.06    0.08    3.29 v _18_/Y (sky130_fd_sc_hd__nor2_1)
                                         net12 (net)
                  0.06    0.00    3.29 v output12/A (sky130_fd_sc_hd__buf_2)
     1    0.03    0.09    0.19    3.49 v output12/X (sky130_fd_sc_hd__buf_2)
                                         out[3] (net)
                  0.09    0.00    3.49 v out[3] (out)
                                  3.49   data arrival time

                  0.00   10.00   10.00   clock __VIRTUAL_CLK__ (rise edge)
                          0.00   10.00   clock network delay (ideal)
                         -0.25    9.75   clock uncertainty
                          0.00    9.75   clock reconvergence pessimism
                         -2.00    7.75   output external delay
                                  7.75   data required time
-----------------------------------------------------------------------------
                                  7.75   data required time
                                 -3.49   data arrival time
-----------------------------------------------------------------------------
                                  4.26   slack (MET)


Startpoint: in[7] (input port clocked by __VIRTUAL_CLK__)
Endpoint: out[4] (output port clocked by __VIRTUAL_CLK__)
Path Group: __VIRTUAL_CLK__
Path Type: max
Corner: Typical

Fanout     Cap    Slew   Delay    Time   Description
-----------------------------------------------------------------------------
                  0.00    0.00    0.00   clock __VIRTUAL_CLK__ (rise edge)
                          0.00    0.00   clock network delay (ideal)
                          2.00    2.00 v input external delay
     1    0.00    0.01    0.00    2.00 v in[7] (in)
                                         in[7] (net)
                  0.01    0.00    2.00 v input8/A (sky130_fd_sc_hd__dlymetal6s2s_1)
     5    0.02    0.09    0.18    2.19 v input8/X (sky130_fd_sc_hd__dlymetal6s2s_1)
                                         net8 (net)
                  0.09    0.00    2.19 v _13_/B (sky130_fd_sc_hd__or4_2)
     5    0.02    0.15    0.76    2.95 v _13_/X (sky130_fd_sc_hd__or4_2)
                                         _02_ (net)
                  0.15    0.00    2.95 v _14_/B (sky130_fd_sc_hd__and2b_1)
     1    0.00    0.03    0.20    3.15 v _14_/X (sky130_fd_sc_hd__and2b_1)
                                         _03_ (net)
                  0.03    0.00    3.15 v _15_/A (sky130_fd_sc_hd__clkbuf_1)
     1    0.00    0.03    0.09    3.25 v _15_/X (sky130_fd_sc_hd__clkbuf_1)
                                         net13 (net)
                  0.03    0.00    3.25 v output13/A (sky130_fd_sc_hd__buf_2)
     1    0.03    0.09    0.18    3.43 v output13/X (sky130_fd_sc_hd__buf_2)
                                         out[4] (net)
                  0.09    0.00    3.43 v out[4] (out)
                                  3.43   data arrival time

                  0.00   10.00   10.00   clock __VIRTUAL_CLK__ (rise edge)
                          0.00   10.00   clock network delay (ideal)
                         -0.25    9.75   clock uncertainty
                          0.00    9.75   clock reconvergence pessimism
                         -2.00    7.75   output external delay
                                  7.75   data required time
-----------------------------------------------------------------------------
                                  7.75   data required time
                                 -3.43   data arrival time
-----------------------------------------------------------------------------
                                  4.32   slack (MET)


Startpoint: in[7] (input port clocked by __VIRTUAL_CLK__)
Endpoint: out[5] (output port clocked by __VIRTUAL_CLK__)
Path Group: __VIRTUAL_CLK__
Path Type: max
Corner: Typical

Fanout     Cap    Slew   Delay    Time   Description
-----------------------------------------------------------------------------
                  0.00    0.00    0.00   clock __VIRTUAL_CLK__ (rise edge)
                          0.00    0.00   clock network delay (ideal)
                          2.00    2.00 v input external delay
     1    0.00    0.01    0.00    2.00 v in[7] (in)
                                         in[7] (net)
                  0.01    0.00    2.00 v input8/A (sky130_fd_sc_hd__dlymetal6s2s_1)
     5    0.02    0.09    0.18    2.19 v input8/X (sky130_fd_sc_hd__dlymetal6s2s_1)
                                         net8 (net)
                  0.09    0.00    2.19 v _10_/B (sky130_fd_sc_hd__nor2_1)
     2    0.01    0.22    0.22    2.40 ^ _10_/Y (sky130_fd_sc_hd__nor2_1)
                                         _00_ (net)
                  0.22    0.00    2.41 ^ _11_/B (sky130_fd_sc_hd__xnor2_1)
     1    0.01    0.16    0.17    2.58 ^ _11_/Y (sky130_fd_sc_hd__xnor2_1)
                                         net14 (net)
                  0.16    0.00    2.58 ^ output14/A (sky130_fd_sc_hd__buf_2)
     1    0.03    0.17    0.25    2.82 ^ output14/X (sky130_fd_sc_hd__buf_2)
                                         out[5] (net)
                  0.17    0.00    2.82 ^ out[5] (out)
                                  2.82   data arrival time

                  0.00   10.00   10.00   clock __VIRTUAL_CLK__ (rise edge)
                          0.00   10.00   clock network delay (ideal)
                         -0.25    9.75   clock uncertainty
                          0.00    9.75   clock reconvergence pessimism
                         -2.00    7.75   output external delay
                                  7.75   data required time
-----------------------------------------------------------------------------
                                  7.75   data required time
                                 -2.82   data arrival time
-----------------------------------------------------------------------------
                                  4.93   slack (MET)


Startpoint: in[7] (input port clocked by __VIRTUAL_CLK__)
Endpoint: out[6] (output port clocked by __VIRTUAL_CLK__)
Path Group: __VIRTUAL_CLK__
Path Type: max
Corner: Typical

Fanout     Cap    Slew   Delay    Time   Description
-----------------------------------------------------------------------------
                  0.00    0.00    0.00   clock __VIRTUAL_CLK__ (rise edge)
                          0.00    0.00   clock network delay (ideal)
                          2.00    2.00 v input external delay
     1    0.00    0.01    0.00    2.00 v in[7] (in)
                                         in[7] (net)
                  0.01    0.00    2.00 v input8/A (sky130_fd_sc_hd__dlymetal6s2s_1)
     5    0.02    0.09    0.18    2.19 v input8/X (sky130_fd_sc_hd__dlymetal6s2s_1)
                                         net8 (net)
                  0.09    0.00    2.19 v _10_/B (sky130_fd_sc_hd__nor2_1)
     2    0.01    0.22    0.22    2.40 ^ _10_/Y (sky130_fd_sc_hd__nor2_1)
                                         _00_ (net)
                  0.22    0.00    2.41 ^ _26_/A (sky130_fd_sc_hd__nor2_1)
     1    0.00    0.05    0.07    2.48 v _26_/Y (sky130_fd_sc_hd__nor2_1)
                                         net15 (net)
                  0.05    0.00    2.48 v output15/A (sky130_fd_sc_hd__buf_2)
     1    0.03    0.09    0.19    2.67 v output15/X (sky130_fd_sc_hd__buf_2)
                                         out[6] (net)
                  0.09    0.00    2.67 v out[6] (out)
                                  2.67   data arrival time

                  0.00   10.00   10.00   clock __VIRTUAL_CLK__ (rise edge)
                          0.00   10.00   clock network delay (ideal)
                         -0.25    9.75   clock uncertainty
                          0.00    9.75   clock reconvergence pessimism
                         -2.00    7.75   output external delay
                                  7.75   data required time
-----------------------------------------------------------------------------
                                  7.75   data required time
                                 -2.67   data arrival time
-----------------------------------------------------------------------------
                                  5.08   slack (MET)


Startpoint: in[7] (input port clocked by __VIRTUAL_CLK__)
Endpoint: out[7] (output port clocked by __VIRTUAL_CLK__)
Path Group: __VIRTUAL_CLK__
Path Type: max
Corner: Typical

Fanout     Cap    Slew   Delay    Time   Description
-----------------------------------------------------------------------------
                  0.00    0.00    0.00   clock __VIRTUAL_CLK__ (rise edge)
                          0.00    0.00   clock network delay (ideal)
                          2.00    2.00 ^ input external delay
     1    0.00    0.02    0.01    2.01 ^ in[7] (in)
                                         in[7] (net)
                  0.02    0.00    2.01 ^ input8/A (sky130_fd_sc_hd__dlymetal6s2s_1)
     5    0.02    0.19    0.19    2.20 ^ input8/X (sky130_fd_sc_hd__dlymetal6s2s_1)
                                         net8 (net)
                  0.19    0.00    2.20 ^ _27_/A (sky130_fd_sc_hd__clkbuf_1)
     1    0.00    0.05    0.12    2.33 ^ _27_/X (sky130_fd_sc_hd__clkbuf_1)
                                         net16 (net)
                  0.05    0.00    2.33 ^ output16/A (sky130_fd_sc_hd__clkbuf_4)
     1    0.03    0.11    0.20    2.52 ^ output16/X (sky130_fd_sc_hd__clkbuf_4)
                                         out[7] (net)
                  0.11    0.00    2.52 ^ out[7] (out)
                                  2.52   data arrival time

                  0.00   10.00   10.00   clock __VIRTUAL_CLK__ (rise edge)
                          0.00   10.00   clock network delay (ideal)
                         -0.25    9.75   clock uncertainty
                          0.00    9.75   clock reconvergence pessimism
                         -2.00    7.75   output external delay
                                  7.75   data required time
-----------------------------------------------------------------------------
                                  7.75   data required time
                                 -2.52   data arrival time
-----------------------------------------------------------------------------
                                  5.23   slack (MET)



worst slack corner Typical: 3.7635
