OpenROAD b16bda7e82721d10566ff7e2b68f1ff0be9f9e38 
Features included (+) or not (-): +Charts +GPU +GUI +Python
This program is licensed under the BSD-3 license. See the LICENSE file for details.
Components of this program may be licensed under more restrictive licenses which must be honored.
define_corners Typical
read_liberty -corner Typical /root/.volare/sky130A/libs.ref/sky130_fd_sc_hd/lib/sky130_fd_sc_hd__tt_025C_1v80.lib
Using 1e-12 for capacitance...
Using 1e+03 for resistance...
Using 1e-09 for time...
Using 1e+00 for voltage...
Using 1e-03 for current...
Using 1e-09 for power...
Using 1e-06 for distance...
[INFO ODB-0227] LEF file: /openlane/designs/ZeroToFive/runs/RUN_2025.05.24_11.53.31/tmp/merged.nom.lef, created 13 layers, 25 vias, 441 library cells
[INFO ODB-0127] Reading DEF file: /openlane/designs/ZeroToFive/runs/RUN_2025.05.24_11.53.31/tmp/signoff/34-ztfc.p.def
[INFO ODB-0128] Design: ztfc
[INFO ODB-0130]     Created 12 pins.
[INFO ODB-0131]     Created 3588 components and 14029 component-terminals.
[INFO ODB-0132]     Created 2 special nets and 13414 connections.
[INFO ODB-0133]     Created 176 nets and 611 connections.
[INFO ODB-0134] Finished DEF file: /openlane/designs/ZeroToFive/runs/RUN_2025.05.24_11.53.31/tmp/signoff/34-ztfc.p.def
Reading design constraints file at '/openlane/designs/ZeroToFive/src/ztfc.sdc'…
[WARNING] Did not save OpenROAD database!
Writing netlist to '/openlane/designs/ZeroToFive/runs/RUN_2025.05.24_11.53.31/tmp/signoff/34-ztfc.nl.v'…
Writing powered netlist to '/openlane/designs/ZeroToFive/runs/RUN_2025.05.24_11.53.31/tmp/signoff/34-ztfc.pnl.v'…
