
===========================================================================
report_checks -path_delay max (Setup)
============================================================================
======================= Typical Corner ===================================

Startpoint: in[7] (input port clocked by __VIRTUAL_CLK__)
Endpoint: out[1] (output port clocked by __VIRTUAL_CLK__)
Path Group: __VIRTUAL_CLK__
Path Type: max

Fanout     Cap    Slew   Delay    Time   Description
-----------------------------------------------------------------------------
                  0.00    0.00    0.00   clock __VIRTUAL_CLK__ (rise edge)
                          0.00    0.00   clock network delay (ideal)
                          2.00    2.00 v input external delay
     1    0.00    0.01    0.00    2.00 v in[7] (in)
                                         in[7] (net)
                  0.01    0.00    2.00 v input8/A (sky130_fd_sc_hd__dlymetal6s2s_1)
     5    0.02    0.09    0.18    2.18 v input8/X (sky130_fd_sc_hd__dlymetal6s2s_1)
                                         net8 (net)
                  0.09    0.00    2.18 v _13_/B (sky130_fd_sc_hd__or4_2)
     5    0.01    0.14    0.76    2.94 v _13_/X (sky130_fd_sc_hd__or4_2)
                                         _02_ (net)
                  0.14    0.00    2.94 v _20_/D (sky130_fd_sc_hd__or4_1)
     2    0.01    0.12    0.50    3.44 v _20_/X (sky130_fd_sc_hd__or4_1)
                                         _06_ (net)
                  0.12    0.00    3.44 v _22_/A (sky130_fd_sc_hd__and2_1)
     1    0.00    0.03    0.17    3.61 v _22_/X (sky130_fd_sc_hd__and2_1)
                                         _08_ (net)
                  0.03    0.00    3.61 v _23_/A (sky130_fd_sc_hd__clkbuf_1)
     1    0.00    0.03    0.09    3.70 v _23_/X (sky130_fd_sc_hd__clkbuf_1)
                                         net10 (net)
                  0.03    0.00    3.70 v output10/A (sky130_fd_sc_hd__buf_2)
     1    0.03    0.09    0.18    3.88 v output10/X (sky130_fd_sc_hd__buf_2)
                                         out[1] (net)
                  0.09    0.00    3.88 v out[1] (out)
                                  3.88   data arrival time

                  0.00   10.00   10.00   clock __VIRTUAL_CLK__ (rise edge)
                          0.00   10.00   clock network delay (ideal)
                         -0.25    9.75   clock uncertainty
                          0.00    9.75   clock reconvergence pessimism
                         -2.00    7.75   output external delay
                                  7.75   data required time
-----------------------------------------------------------------------------
                                  7.75   data required time
                                 -3.88   data arrival time
-----------------------------------------------------------------------------
                                  3.87   slack (MET)


Startpoint: in[7] (input port clocked by __VIRTUAL_CLK__)
Endpoint: out[0] (output port clocked by __VIRTUAL_CLK__)
Path Group: __VIRTUAL_CLK__
Path Type: max

Fanout     Cap    Slew   Delay    Time   Description
-----------------------------------------------------------------------------
                  0.00    0.00    0.00   clock __VIRTUAL_CLK__ (rise edge)
                          0.00    0.00   clock network delay (ideal)
                          2.00    2.00 v input external delay
     1    0.00    0.01    0.00    2.00 v in[7] (in)
                                         in[7] (net)
                  0.01    0.00    2.00 v input8/A (sky130_fd_sc_hd__dlymetal6s2s_1)
     5    0.02    0.09    0.18    2.18 v input8/X (sky130_fd_sc_hd__dlymetal6s2s_1)
                                         net8 (net)
                  0.09    0.00    2.18 v _13_/B (sky130_fd_sc_hd__or4_2)
     5    0.01    0.14    0.76    2.94 v _13_/X (sky130_fd_sc_hd__or4_2)
                                         _02_ (net)
                  0.14    0.00    2.94 v _20_/D (sky130_fd_sc_hd__or4_1)
     2    0.01    0.12    0.50    3.44 v _20_/X (sky130_fd_sc_hd__or4_1)
                                         _06_ (net)
                  0.12    0.00    3.44 v _24_/B (sky130_fd_sc_hd__xor2_1)
     1    0.00    0.12    0.16    3.60 ^ _24_/X (sky130_fd_sc_hd__xor2_1)
                                         net9 (net)
                  0.12    0.00    3.60 ^ output9/A (sky130_fd_sc_hd__buf_2)
     1    0.04    0.18    0.24    3.84 ^ output9/X (sky130_fd_sc_hd__buf_2)
                                         out[0] (net)
                  0.18    0.00    3.84 ^ out[0] (out)
                                  3.84   data arrival time

                  0.00   10.00   10.00   clock __VIRTUAL_CLK__ (rise edge)
                          0.00   10.00   clock network delay (ideal)
                         -0.25    9.75   clock uncertainty
                          0.00    9.75   clock reconvergence pessimism
                         -2.00    7.75   output external delay
                                  7.75   data required time
-----------------------------------------------------------------------------
                                  7.75   data required time
                                 -3.84   data arrival time
-----------------------------------------------------------------------------
                                  3.91   slack (MET)


Startpoint: in[7] (input port clocked by __VIRTUAL_CLK__)
Endpoint: out[2] (output port clocked by __VIRTUAL_CLK__)
Path Group: __VIRTUAL_CLK__
Path Type: max

Fanout     Cap    Slew   Delay    Time   Description
-----------------------------------------------------------------------------
                  0.00    0.00    0.00   clock __VIRTUAL_CLK__ (rise edge)
                          0.00    0.00   clock network delay (ideal)
                          2.00    2.00 v input external delay
     1    0.00    0.01    0.00    2.00 v in[7] (in)
                                         in[7] (net)
                  0.01    0.00    2.00 v input8/A (sky130_fd_sc_hd__dlymetal6s2s_1)
     5    0.02    0.09    0.18    2.18 v input8/X (sky130_fd_sc_hd__dlymetal6s2s_1)
                                         net8 (net)
                  0.09    0.00    2.18 v _13_/B (sky130_fd_sc_hd__or4_2)
     5    0.01    0.14    0.76    2.94 v _13_/X (sky130_fd_sc_hd__or4_2)
                                         _02_ (net)
                  0.14    0.00    2.94 v _16_/B (sky130_fd_sc_hd__nor2_1)
     2    0.01    0.20    0.22    3.16 ^ _16_/Y (sky130_fd_sc_hd__nor2_1)
                                         _04_ (net)
                  0.20    0.00    3.16 ^ _19_/B (sky130_fd_sc_hd__xnor2_1)
     1    0.01    0.16    0.17    3.33 ^ _19_/Y (sky130_fd_sc_hd__xnor2_1)
                                         net11 (net)
                  0.16    0.00    3.33 ^ output11/A (sky130_fd_sc_hd__buf_2)
     1    0.03    0.17    0.25    3.58 ^ output11/X (sky130_fd_sc_hd__buf_2)
                                         out[2] (net)
                  0.17    0.00    3.58 ^ out[2] (out)
                                  3.58   data arrival time

                  0.00   10.00   10.00   clock __VIRTUAL_CLK__ (rise edge)
                          0.00   10.00   clock network delay (ideal)
                         -0.25    9.75   clock uncertainty
                          0.00    9.75   clock reconvergence pessimism
                         -2.00    7.75   output external delay
                                  7.75   data required time
-----------------------------------------------------------------------------
                                  7.75   data required time
                                 -3.58   data arrival time
-----------------------------------------------------------------------------
                                  4.17   slack (MET)


Startpoint: in[7] (input port clocked by __VIRTUAL_CLK__)
Endpoint: out[3] (output port clocked by __VIRTUAL_CLK__)
Path Group: __VIRTUAL_CLK__
Path Type: max

Fanout     Cap    Slew   Delay    Time   Description
-----------------------------------------------------------------------------
                  0.00    0.00    0.00   clock __VIRTUAL_CLK__ (rise edge)
                          0.00    0.00   clock network delay (ideal)
                          2.00    2.00 v input external delay
     1    0.00    0.01    0.00    2.00 v in[7] (in)
                                         in[7] (net)
                  0.01    0.00    2.00 v input8/A (sky130_fd_sc_hd__dlymetal6s2s_1)
     5    0.02    0.09    0.18    2.18 v input8/X (sky130_fd_sc_hd__dlymetal6s2s_1)
                                         net8 (net)
                  0.09    0.00    2.18 v _13_/B (sky130_fd_sc_hd__or4_2)
     5    0.01    0.14    0.76    2.94 v _13_/X (sky130_fd_sc_hd__or4_2)
                                         _02_ (net)
                  0.14    0.00    2.94 v _17_/B (sky130_fd_sc_hd__and2_1)
     1    0.00    0.04    0.21    3.14 v _17_/X (sky130_fd_sc_hd__and2_1)
                                         _05_ (net)
                  0.04    0.00    3.14 v _18_/B (sky130_fd_sc_hd__nor2_1)
     1    0.00    0.07    0.08    3.22 ^ _18_/Y (sky130_fd_sc_hd__nor2_1)
                                         net12 (net)
                  0.07    0.00    3.22 ^ output12/A (sky130_fd_sc_hd__buf_2)
     1    0.03    0.17    0.22    3.44 ^ output12/X (sky130_fd_sc_hd__buf_2)
                                         out[3] (net)
                  0.17    0.00    3.44 ^ out[3] (out)
                                  3.44   data arrival time

                  0.00   10.00   10.00   clock __VIRTUAL_CLK__ (rise edge)
                          0.00   10.00   clock network delay (ideal)
                         -0.25    9.75   clock uncertainty
                          0.00    9.75   clock reconvergence pessimism
                         -2.00    7.75   output external delay
                                  7.75   data required time
-----------------------------------------------------------------------------
                                  7.75   data required time
                                 -3.44   data arrival time
-----------------------------------------------------------------------------
                                  4.31   slack (MET)


Startpoint: in[7] (input port clocked by __VIRTUAL_CLK__)
Endpoint: out[4] (output port clocked by __VIRTUAL_CLK__)
Path Group: __VIRTUAL_CLK__
Path Type: max

Fanout     Cap    Slew   Delay    Time   Description
-----------------------------------------------------------------------------
                  0.00    0.00    0.00   clock __VIRTUAL_CLK__ (rise edge)
                          0.00    0.00   clock network delay (ideal)
                          2.00    2.00 v input external delay
     1    0.00    0.01    0.00    2.00 v in[7] (in)
                                         in[7] (net)
                  0.01    0.00    2.00 v input8/A (sky130_fd_sc_hd__dlymetal6s2s_1)
     5    0.02    0.09    0.18    2.18 v input8/X (sky130_fd_sc_hd__dlymetal6s2s_1)
                                         net8 (net)
                  0.09    0.00    2.18 v _13_/B (sky130_fd_sc_hd__or4_2)
     5    0.01    0.14    0.76    2.94 v _13_/X (sky130_fd_sc_hd__or4_2)
                                         _02_ (net)
                  0.14    0.00    2.94 v _14_/B (sky130_fd_sc_hd__and2b_1)
     1    0.00    0.04    0.21    3.14 v _14_/X (sky130_fd_sc_hd__and2b_1)
                                         _03_ (net)
                  0.04    0.00    3.14 v _15_/A (sky130_fd_sc_hd__clkbuf_1)
     1    0.00    0.02    0.08    3.23 v _15_/X (sky130_fd_sc_hd__clkbuf_1)
                                         net13 (net)
                  0.02    0.00    3.23 v output13/A (sky130_fd_sc_hd__buf_2)
     1    0.03    0.09    0.18    3.40 v output13/X (sky130_fd_sc_hd__buf_2)
                                         out[4] (net)
                  0.09    0.00    3.41 v out[4] (out)
                                  3.41   data arrival time

                  0.00   10.00   10.00   clock __VIRTUAL_CLK__ (rise edge)
                          0.00   10.00   clock network delay (ideal)
                         -0.25    9.75   clock uncertainty
                          0.00    9.75   clock reconvergence pessimism
                         -2.00    7.75   output external delay
                                  7.75   data required time
-----------------------------------------------------------------------------
                                  7.75   data required time
                                 -3.41   data arrival time
-----------------------------------------------------------------------------
                                  4.34   slack (MET)


Startpoint: in[7] (input port clocked by __VIRTUAL_CLK__)
Endpoint: out[5] (output port clocked by __VIRTUAL_CLK__)
Path Group: __VIRTUAL_CLK__
Path Type: max

Fanout     Cap    Slew   Delay    Time   Description
-----------------------------------------------------------------------------
                  0.00    0.00    0.00   clock __VIRTUAL_CLK__ (rise edge)
                          0.00    0.00   clock network delay (ideal)
                          2.00    2.00 v input external delay
     1    0.00    0.01    0.00    2.00 v in[7] (in)
                                         in[7] (net)
                  0.01    0.00    2.00 v input8/A (sky130_fd_sc_hd__dlymetal6s2s_1)
     5    0.02    0.09    0.18    2.18 v input8/X (sky130_fd_sc_hd__dlymetal6s2s_1)
                                         net8 (net)
                  0.09    0.00    2.18 v _10_/B (sky130_fd_sc_hd__nor2_1)
     2    0.01    0.15    0.16    2.34 ^ _10_/Y (sky130_fd_sc_hd__nor2_1)
                                         _00_ (net)
                  0.15    0.00    2.34 ^ _11_/B (sky130_fd_sc_hd__xnor2_1)
     1    0.00    0.10    0.13    2.47 ^ _11_/Y (sky130_fd_sc_hd__xnor2_1)
                                         net14 (net)
                  0.10    0.00    2.47 ^ output14/A (sky130_fd_sc_hd__buf_2)
     1    0.03    0.17    0.23    2.70 ^ output14/X (sky130_fd_sc_hd__buf_2)
                                         out[5] (net)
                  0.17    0.00    2.70 ^ out[5] (out)
                                  2.70   data arrival time

                  0.00   10.00   10.00   clock __VIRTUAL_CLK__ (rise edge)
                          0.00   10.00   clock network delay (ideal)
                         -0.25    9.75   clock uncertainty
                          0.00    9.75   clock reconvergence pessimism
                         -2.00    7.75   output external delay
                                  7.75   data required time
-----------------------------------------------------------------------------
                                  7.75   data required time
                                 -2.70   data arrival time
-----------------------------------------------------------------------------
                                  5.05   slack (MET)


Startpoint: in[7] (input port clocked by __VIRTUAL_CLK__)
Endpoint: out[6] (output port clocked by __VIRTUAL_CLK__)
Path Group: __VIRTUAL_CLK__
Path Type: max

Fanout     Cap    Slew   Delay    Time   Description
-----------------------------------------------------------------------------
                  0.00    0.00    0.00   clock __VIRTUAL_CLK__ (rise edge)
                          0.00    0.00   clock network delay (ideal)
                          2.00    2.00 v input external delay
     1    0.00    0.01    0.00    2.00 v in[7] (in)
                                         in[7] (net)
                  0.01    0.00    2.00 v input8/A (sky130_fd_sc_hd__dlymetal6s2s_1)
     5    0.02    0.09    0.18    2.18 v input8/X (sky130_fd_sc_hd__dlymetal6s2s_1)
                                         net8 (net)
                  0.09    0.00    2.18 v _25_/B (sky130_fd_sc_hd__and2_1)
     1    0.00    0.04    0.18    2.36 v _25_/X (sky130_fd_sc_hd__and2_1)
                                         _09_ (net)
                  0.04    0.00    2.36 v _26_/B (sky130_fd_sc_hd__nor2_1)
     1    0.00    0.07    0.07    2.43 ^ _26_/Y (sky130_fd_sc_hd__nor2_1)
                                         net15 (net)
                  0.07    0.00    2.43 ^ output15/A (sky130_fd_sc_hd__buf_2)
     1    0.04    0.18    0.22    2.66 ^ output15/X (sky130_fd_sc_hd__buf_2)
                                         out[6] (net)
                  0.18    0.00    2.66 ^ out[6] (out)
                                  2.66   data arrival time

                  0.00   10.00   10.00   clock __VIRTUAL_CLK__ (rise edge)
                          0.00   10.00   clock network delay (ideal)
                         -0.25    9.75   clock uncertainty
                          0.00    9.75   clock reconvergence pessimism
                         -2.00    7.75   output external delay
                                  7.75   data required time
-----------------------------------------------------------------------------
                                  7.75   data required time
                                 -2.66   data arrival time
-----------------------------------------------------------------------------
                                  5.09   slack (MET)


Startpoint: in[7] (input port clocked by __VIRTUAL_CLK__)
Endpoint: out[7] (output port clocked by __VIRTUAL_CLK__)
Path Group: __VIRTUAL_CLK__
Path Type: max

Fanout     Cap    Slew   Delay    Time   Description
-----------------------------------------------------------------------------
                  0.00    0.00    0.00   clock __VIRTUAL_CLK__ (rise edge)
                          0.00    0.00   clock network delay (ideal)
                          2.00    2.00 ^ input external delay
     1    0.00    0.02    0.01    2.01 ^ in[7] (in)
                                         in[7] (net)
                  0.02    0.00    2.01 ^ input8/A (sky130_fd_sc_hd__dlymetal6s2s_1)
     5    0.02    0.18    0.18    2.19 ^ input8/X (sky130_fd_sc_hd__dlymetal6s2s_1)
                                         net8 (net)
                  0.18    0.00    2.19 ^ _27_/A (sky130_fd_sc_hd__clkbuf_1)
     1    0.00    0.06    0.13    2.32 ^ _27_/X (sky130_fd_sc_hd__clkbuf_1)
                                         net16 (net)
                  0.06    0.00    2.32 ^ output16/A (sky130_fd_sc_hd__clkbuf_4)
     1    0.04    0.12    0.20    2.52 ^ output16/X (sky130_fd_sc_hd__clkbuf_4)
                                         out[7] (net)
                  0.12    0.00    2.52 ^ out[7] (out)
                                  2.52   data arrival time

                  0.00   10.00   10.00   clock __VIRTUAL_CLK__ (rise edge)
                          0.00   10.00   clock network delay (ideal)
                         -0.25    9.75   clock uncertainty
                          0.00    9.75   clock reconvergence pessimism
                         -2.00    7.75   output external delay
                                  7.75   data required time
-----------------------------------------------------------------------------
                                  7.75   data required time
                                 -2.52   data arrival time
-----------------------------------------------------------------------------
                                  5.23   slack (MET)



worst slack corner Typical: 3.8723
