
===========================================================================
report_checks -unconstrained
===========================================================================
======================= Typical Corner ===================================

Startpoint: _254_ (rising edge-triggered flip-flop clocked by core_clock)
Endpoint: _279_ (rising edge-triggered flip-flop clocked by core_clock)
Path Group: core_clock
Path Type: max

Fanout     Cap    Slew   Delay    Time   Description
-----------------------------------------------------------------------------
                          0.00    0.00   clock core_clock (rise edge)
                          0.00    0.00   clock source latency
     1    0.01    0.00    0.00    0.00 ^ clk (in)
                                         clk (net)
                  0.00    0.00    0.00 ^ clkbuf_0_clk/A (sky130_fd_sc_hd__clkbuf_16)
     4    0.03    0.05    0.12    0.12 ^ clkbuf_0_clk/X (sky130_fd_sc_hd__clkbuf_16)
                                         clknet_0_clk (net)
                  0.05    0.00    0.12 ^ clkbuf_2_1__f_clk/A (sky130_fd_sc_hd__clkbuf_16)
     8    0.02    0.04    0.13    0.25 ^ clkbuf_2_1__f_clk/X (sky130_fd_sc_hd__clkbuf_16)
                                         clknet_2_1__leaf_clk (net)
                  0.04    0.00    0.25 ^ _254_/CLK (sky130_fd_sc_hd__dfxtp_4)
     7    0.02    0.08    0.37    0.62 ^ _254_/Q (sky130_fd_sc_hd__dfxtp_4)
                                         a.one_second_counter[0] (net)
                  0.08    0.00    0.62 ^ _142_/C (sky130_fd_sc_hd__and3_4)
     8    0.02    0.08    0.22    0.83 ^ _142_/X (sky130_fd_sc_hd__and3_4)
                                         _113_ (net)
                  0.08    0.00    0.83 ^ _144_/C (sky130_fd_sc_hd__and4_4)
     6    0.01    0.08    0.25    1.08 ^ _144_/X (sky130_fd_sc_hd__and4_4)
                                         _115_ (net)
                  0.08    0.00    1.08 ^ _199_/C (sky130_fd_sc_hd__and4_4)
     6    0.02    0.10    0.27    1.35 ^ _199_/X (sky130_fd_sc_hd__and4_4)
                                         _065_ (net)
                  0.10    0.00    1.35 ^ _211_/D (sky130_fd_sc_hd__and4_2)
     5    0.01    0.09    0.26    1.61 ^ _211_/X (sky130_fd_sc_hd__and4_2)
                                         _073_ (net)
                  0.09    0.00    1.61 ^ _223_/D (sky130_fd_sc_hd__and4_1)
     1    0.00    0.05    0.19    1.80 ^ _223_/X (sky130_fd_sc_hd__and4_1)
                                         _081_ (net)
                  0.05    0.00    1.80 ^ _224_/A (sky130_fd_sc_hd__buf_4)
     7    0.02    0.08    0.14    1.94 ^ _224_/X (sky130_fd_sc_hd__buf_4)
                                         _082_ (net)
                  0.08    0.00    1.94 ^ _239_/C (sky130_fd_sc_hd__and3_1)
     1    0.00    0.05    0.15    2.09 ^ _239_/X (sky130_fd_sc_hd__and3_1)
                                         _092_ (net)
                  0.05    0.00    2.09 ^ _240_/A (sky130_fd_sc_hd__buf_4)
     5    0.02    0.07    0.13    2.23 ^ _240_/X (sky130_fd_sc_hd__buf_4)
                                         _093_ (net)
                  0.07    0.00    2.23 ^ _245_/C (sky130_fd_sc_hd__nand3_4)
     3    0.01    0.05    0.07    2.30 v _245_/Y (sky130_fd_sc_hd__nand3_4)
                                         _096_ (net)
                  0.05    0.00    2.30 v _246_/C (sky130_fd_sc_hd__and3_2)
     1    0.00    0.04    0.20    2.50 v _246_/X (sky130_fd_sc_hd__and3_2)
                                         _097_ (net)
                  0.04    0.00    2.50 v _247_/A (sky130_fd_sc_hd__buf_1)
     1    0.00    0.02    0.08    2.58 v _247_/X (sky130_fd_sc_hd__buf_1)
                                         _029_ (net)
                  0.02    0.00    2.58 v _279_/D (sky130_fd_sc_hd__dfxtp_4)
                                  2.58   data arrival time

                         10.00   10.00   clock core_clock (rise edge)
                          0.00   10.00   clock source latency
     1    0.01    0.00    0.00   10.00 ^ clk (in)
                                         clk (net)
                  0.00    0.00   10.00 ^ clkbuf_0_clk/A (sky130_fd_sc_hd__clkbuf_16)
     4    0.03    0.05    0.12   10.12 ^ clkbuf_0_clk/X (sky130_fd_sc_hd__clkbuf_16)
                                         clknet_0_clk (net)
                  0.05    0.00   10.12 ^ clkbuf_2_3__f_clk/A (sky130_fd_sc_hd__clkbuf_16)
     9    0.02    0.04    0.13   10.25 ^ clkbuf_2_3__f_clk/X (sky130_fd_sc_hd__clkbuf_16)
                                         clknet_2_3__leaf_clk (net)
                  0.04    0.00   10.25 ^ _279_/CLK (sky130_fd_sc_hd__dfxtp_4)
                          0.00   10.25   clock reconvergence pessimism
                         -0.10   10.15   library setup time
                                 10.15   data required time
-----------------------------------------------------------------------------
                                 10.15   data required time
                                 -2.58   data arrival time
-----------------------------------------------------------------------------
                                  7.57   slack (MET)




===========================================================================
report_checks --slack_max -0.01
============================================================================
======================= Typical Corner ===================================

No paths found.


===========================================================================
 report_check_types -max_slew -max_cap -max_fanout -violators
============================================================================
======================= Typical Corner ===================================


max slew violations count Typical: 0
max fanout violations count Typical: 0
max cap violations count Typical: 0

===========================================================================
report_parasitic_annotation -report_unannotated
============================================================================
Found 180 unannotated drivers.
 clk
 rst
 _122_/X
 _123_/X
 _124_/X
 _125_/X
 _126_/Y
 _127_/X
 _128_/X
 _129_/X
 _130_/X
 _131_/Y
 _132_/X
 _133_/X
 _134_/X
 _135_/X
 _136_/X
 _137_/X
 _138_/X
 _139_/X
 _140_/X
 _141_/X
 _142_/X
 _143_/X
 _144_/X
 _145_/X
 _146_/X
 _147_/Y
 _148_/X
 _149_/Y
 _150_/X
 _151_/Y
 _152_/X
 _153_/Y
 _154_/X
 _155_/X
 _156_/X
 _157_/X
 _158_/X
 _159_/Y
 _160_/X
 _161_/X
 _162_/X
 _163_/X
 _164_/X
 _165_/X
 _166_/X
 _167_/Y
 _168_/X
 _169_/X
 _170_/X
 _171_/Y
 _172_/Y
 _173_/X
 _174_/X
 _175_/X
 _176_/X
 _177_/Y
 _178_/X
 _179_/X
 _180_/Y
 _181_/X
 _182_/Y
 _183_/X
 _184_/X
 _185_/X
 _186_/X
 _187_/X
 _188_/Y
 _189_/Y
 _190_/Y
 _191_/Y
 _192_/Y
 _193_/X
 _194_/X
 _195_/X
 _196_/X
 _197_/X
 _198_/X
 _199_/X
 _200_/Y
 _201_/Y
 _202_/Y
 _203_/Y
 _204_/X
 _205_/X
 _206_/X
 _207_/X
 _208_/X
 _209_/Y
 _210_/Y
 _211_/X
 _212_/Y
 _213_/Y
 _214_/X
 _215_/Y
 _216_/Y
 _217_/X
 _218_/Y
 _219_/Y
 _220_/X
 _221_/Y
 _222_/Y
 _223_/X
 _224_/X
 _225_/Y
 _226_/Y
 _227_/Y
 _228_/Y
 _229_/X
 _230_/X
 _231_/X
 _232_/X
 _233_/X
 _234_/Y
 _235_/Y
 _236_/Y
 _237_/Y
 _238_/Y
 _239_/X
 _240_/X
 _241_/Y
 _242_/Y
 _243_/X
 _244_/X
 _245_/Y
 _246_/X
 _247_/X
 _248_/Y
 _249_/Y
 _250_/Q
 _251_/Q
 _252_/Q
 _253_/Q
 _254_/Q
 _255_/Q
 _256_/Q
 _257_/Q
 _258_/Q
 _259_/Q
 _260_/Q
 _261_/Q
 _262_/Q
 _263_/Q
 _264_/Q
 _265_/Q
 _266_/Q
 _267_/Q
 _268_/Q
 _269_/Q
 _270_/Q
 _271_/Q
 _272_/Q
 _273_/Q
 _274_/Q
 _275_/Q
 _276_/Q
 _277_/Q
 _278_/Q
 _279_/Q
 _280_/Q
 _282_/X
 clkbuf_0_clk/X
 clkbuf_2_0__f_clk/X
 clkbuf_2_1__f_clk/X
 clkbuf_2_2__f_clk/X
 clkbuf_2_3__f_clk/X
 clkload0/Y
 clkload1/Y
 clkload2/Y
 input1/X
 output2/X
 output3/X
 output4/X
 output5/X
 output6/X
 output7/X
 output8/X
 ztfc_9/HI
 ztfc_9/LO
Found 0 partially unannotated drivers.

===========================================================================
max slew violation count 0
max fanout violation count 0
max cap violation count 0
============================================================================

===========================================================================
check_setup -verbose -unconstrained_endpoints -multiple_clock -no_clock -no_input_delay -loops -generated_clocks
===========================================================================
Warning: There is 1 input port missing set_input_delay.
  rst
Warning: There are 8 unconstrained endpoints.
  an0
  seg_out[0]
  seg_out[1]
  seg_out[2]
  seg_out[3]
  seg_out[4]
  seg_out[5]
  seg_out[6]
