
===========================================================================
report_checks -path_delay min (Hold)
============================================================================
======================= Fastest Corner ===================================

Startpoint: in[0] (input port clocked by __VIRTUAL_CLK__)
Endpoint: out[0] (output port clocked by __VIRTUAL_CLK__)
Path Group: __VIRTUAL_CLK__
Path Type: min
Corner: Fastest

Fanout     Cap    Slew   Delay    Time   Description
-----------------------------------------------------------------------------
                  0.00    0.00    0.00   clock __VIRTUAL_CLK__ (rise edge)
                          0.00    0.00   clock network delay (ideal)
                          2.00    2.00 ^ input external delay
     1    0.00    0.02    0.01    2.01 ^ in[0] (in)
                                         in[0] (net)
                  0.02    0.00    2.01 ^ input1/A (sky130_fd_sc_hd__buf_1)
     1    0.01    0.10    0.09    2.10 ^ input1/X (sky130_fd_sc_hd__buf_1)
                                         net1 (net)
                  0.10    0.00    2.10 ^ _24_/A (sky130_fd_sc_hd__xor2_1)
     1    0.01    0.04    0.06    2.16 v _24_/X (sky130_fd_sc_hd__xor2_1)
                                         net9 (net)
                  0.04    0.00    2.16 v output9/A (sky130_fd_sc_hd__buf_2)
     1    0.03    0.06    0.12    2.28 v output9/X (sky130_fd_sc_hd__buf_2)
                                         out[0] (net)
                  0.06    0.00    2.28 v out[0] (out)
                                  2.28   data arrival time

                  0.00    0.00    0.00   clock __VIRTUAL_CLK__ (rise edge)
                          0.00    0.00   clock network delay (ideal)
                          0.25    0.25   clock uncertainty
                          0.00    0.25   clock reconvergence pessimism
                         -2.00   -1.75   output external delay
                                 -1.75   data required time
-----------------------------------------------------------------------------
                                 -1.75   data required time
                                 -2.28   data arrival time
-----------------------------------------------------------------------------
                                  4.03   slack (MET)


Startpoint: in[7] (input port clocked by __VIRTUAL_CLK__)
Endpoint: out[7] (output port clocked by __VIRTUAL_CLK__)
Path Group: __VIRTUAL_CLK__
Path Type: min
Corner: Fastest

Fanout     Cap    Slew   Delay    Time   Description
-----------------------------------------------------------------------------
                  0.00    0.00    0.00   clock __VIRTUAL_CLK__ (rise edge)
                          0.00    0.00   clock network delay (ideal)
                          2.00    2.00 v input external delay
     1    0.00    0.00    0.00    2.00 v in[7] (in)
                                         in[7] (net)
                  0.00    0.00    2.00 v input8/A (sky130_fd_sc_hd__dlymetal6s2s_1)
     5    0.02    0.07    0.11    2.11 v input8/X (sky130_fd_sc_hd__dlymetal6s2s_1)
                                         net8 (net)
                  0.07    0.00    2.11 v _27_/A (sky130_fd_sc_hd__clkbuf_1)
     1    0.00    0.02    0.07    2.18 v _27_/X (sky130_fd_sc_hd__clkbuf_1)
                                         net16 (net)
                  0.02    0.00    2.18 v output16/A (sky130_fd_sc_hd__clkbuf_4)
     1    0.03    0.06    0.11    2.29 v output16/X (sky130_fd_sc_hd__clkbuf_4)
                                         out[7] (net)
                  0.06    0.00    2.30 v out[7] (out)
                                  2.30   data arrival time

                  0.00    0.00    0.00   clock __VIRTUAL_CLK__ (rise edge)
                          0.00    0.00   clock network delay (ideal)
                          0.25    0.25   clock uncertainty
                          0.00    0.25   clock reconvergence pessimism
                         -2.00   -1.75   output external delay
                                 -1.75   data required time
-----------------------------------------------------------------------------
                                 -1.75   data required time
                                 -2.30   data arrival time
-----------------------------------------------------------------------------
                                  4.05   slack (MET)


Startpoint: in[5] (input port clocked by __VIRTUAL_CLK__)
Endpoint: out[5] (output port clocked by __VIRTUAL_CLK__)
Path Group: __VIRTUAL_CLK__
Path Type: min
Corner: Fastest

Fanout     Cap    Slew   Delay    Time   Description
-----------------------------------------------------------------------------
                  0.00    0.00    0.00   clock __VIRTUAL_CLK__ (rise edge)
                          0.00    0.00   clock network delay (ideal)
                          2.00    2.00 v input external delay
     1    0.00    0.00    0.00    2.00 v in[5] (in)
                                         in[5] (net)
                  0.00    0.00    2.00 v input6/A (sky130_fd_sc_hd__buf_1)
     3    0.02    0.07    0.08    2.09 v input6/X (sky130_fd_sc_hd__buf_1)
                                         net6 (net)
                  0.07    0.00    2.09 v _11_/A (sky130_fd_sc_hd__xnor2_1)
     1    0.01    0.03    0.10    2.18 v _11_/Y (sky130_fd_sc_hd__xnor2_1)
                                         net14 (net)
                  0.03    0.00    2.18 v output14/A (sky130_fd_sc_hd__buf_2)
     1    0.03    0.06    0.11    2.30 v output14/X (sky130_fd_sc_hd__buf_2)
                                         out[5] (net)
                  0.06    0.00    2.30 v out[5] (out)
                                  2.30   data arrival time

                  0.00    0.00    0.00   clock __VIRTUAL_CLK__ (rise edge)
                          0.00    0.00   clock network delay (ideal)
                          0.25    0.25   clock uncertainty
                          0.00    0.25   clock reconvergence pessimism
                         -2.00   -1.75   output external delay
                                 -1.75   data required time
-----------------------------------------------------------------------------
                                 -1.75   data required time
                                 -2.30   data arrival time
-----------------------------------------------------------------------------
                                  4.05   slack (MET)


Startpoint: in[2] (input port clocked by __VIRTUAL_CLK__)
Endpoint: out[2] (output port clocked by __VIRTUAL_CLK__)
Path Group: __VIRTUAL_CLK__
Path Type: min
Corner: Fastest

Fanout     Cap    Slew   Delay    Time   Description
-----------------------------------------------------------------------------
                  0.00    0.00    0.00   clock __VIRTUAL_CLK__ (rise edge)
                          0.00    0.00   clock network delay (ideal)
                          2.00    2.00 v input external delay
     1    0.00    0.00    0.00    2.00 v in[2] (in)
                                         in[2] (net)
                  0.00    0.00    2.00 v input3/A (sky130_fd_sc_hd__buf_1)
     3    0.02    0.07    0.08    2.08 v input3/X (sky130_fd_sc_hd__buf_1)
                                         net3 (net)
                  0.07    0.00    2.09 v _19_/A (sky130_fd_sc_hd__xnor2_1)
     1    0.01    0.04    0.10    2.18 v _19_/Y (sky130_fd_sc_hd__xnor2_1)
                                         net11 (net)
                  0.04    0.00    2.19 v output11/A (sky130_fd_sc_hd__buf_2)
     1    0.03    0.06    0.11    2.30 v output11/X (sky130_fd_sc_hd__buf_2)
                                         out[2] (net)
                  0.06    0.00    2.30 v out[2] (out)
                                  2.30   data arrival time

                  0.00    0.00    0.00   clock __VIRTUAL_CLK__ (rise edge)
                          0.00    0.00   clock network delay (ideal)
                          0.25    0.25   clock uncertainty
                          0.00    0.25   clock reconvergence pessimism
                         -2.00   -1.75   output external delay
                                 -1.75   data required time
-----------------------------------------------------------------------------
                                 -1.75   data required time
                                 -2.30   data arrival time
-----------------------------------------------------------------------------
                                  4.05   slack (MET)


Startpoint: in[3] (input port clocked by __VIRTUAL_CLK__)
Endpoint: out[3] (output port clocked by __VIRTUAL_CLK__)
Path Group: __VIRTUAL_CLK__
Path Type: min
Corner: Fastest

Fanout     Cap    Slew   Delay    Time   Description
-----------------------------------------------------------------------------
                  0.00    0.00    0.00   clock __VIRTUAL_CLK__ (rise edge)
                          0.00    0.00   clock network delay (ideal)
                          2.00    2.00 ^ input external delay
     1    0.00    0.01    0.01    2.01 ^ in[3] (in)
                                         in[3] (net)
                  0.01    0.00    2.01 ^ input4/A (sky130_fd_sc_hd__buf_1)
     4    0.02    0.15    0.12    2.13 ^ input4/X (sky130_fd_sc_hd__buf_1)
                                         net4 (net)
                  0.15    0.00    2.13 ^ _17_/A (sky130_fd_sc_hd__and2_1)
     1    0.00    0.03    0.08    2.21 ^ _17_/X (sky130_fd_sc_hd__and2_1)
                                         _05_ (net)
                  0.03    0.00    2.21 ^ _18_/B (sky130_fd_sc_hd__nor2_1)
     1    0.00    0.01    0.02    2.23 v _18_/Y (sky130_fd_sc_hd__nor2_1)
                                         net12 (net)
                  0.01    0.00    2.23 v output12/A (sky130_fd_sc_hd__buf_2)
     1    0.03    0.06    0.11    2.34 v output12/X (sky130_fd_sc_hd__buf_2)
                                         out[3] (net)
                  0.06    0.00    2.34 v out[3] (out)
                                  2.34   data arrival time

                  0.00    0.00    0.00   clock __VIRTUAL_CLK__ (rise edge)
                          0.00    0.00   clock network delay (ideal)
                          0.25    0.25   clock uncertainty
                          0.00    0.25   clock reconvergence pessimism
                         -2.00   -1.75   output external delay
                                 -1.75   data required time
-----------------------------------------------------------------------------
                                 -1.75   data required time
                                 -2.34   data arrival time
-----------------------------------------------------------------------------
                                  4.09   slack (MET)


Startpoint: in[6] (input port clocked by __VIRTUAL_CLK__)
Endpoint: out[6] (output port clocked by __VIRTUAL_CLK__)
Path Group: __VIRTUAL_CLK__
Path Type: min
Corner: Fastest

Fanout     Cap    Slew   Delay    Time   Description
-----------------------------------------------------------------------------
                  0.00    0.00    0.00   clock __VIRTUAL_CLK__ (rise edge)
                          0.00    0.00   clock network delay (ideal)
                          2.00    2.00 ^ input external delay
     1    0.00    0.02    0.01    2.01 ^ in[6] (in)
                                         in[6] (net)
                  0.02    0.00    2.01 ^ input7/A (sky130_fd_sc_hd__buf_1)
     4    0.02    0.15    0.12    2.13 ^ input7/X (sky130_fd_sc_hd__buf_1)
                                         net7 (net)
                  0.15    0.00    2.13 ^ _25_/A (sky130_fd_sc_hd__and2_1)
     1    0.00    0.04    0.09    2.22 ^ _25_/X (sky130_fd_sc_hd__and2_1)
                                         _09_ (net)
                  0.04    0.00    2.22 ^ _26_/B (sky130_fd_sc_hd__nor2_1)
     1    0.00    0.01    0.02    2.24 v _26_/Y (sky130_fd_sc_hd__nor2_1)
                                         net15 (net)
                  0.01    0.00    2.24 v output15/A (sky130_fd_sc_hd__buf_2)
     1    0.03    0.06    0.11    2.34 v output15/X (sky130_fd_sc_hd__buf_2)
                                         out[6] (net)
                  0.06    0.00    2.35 v out[6] (out)
                                  2.35   data arrival time

                  0.00    0.00    0.00   clock __VIRTUAL_CLK__ (rise edge)
                          0.00    0.00   clock network delay (ideal)
                          0.25    0.25   clock uncertainty
                          0.00    0.25   clock reconvergence pessimism
                         -2.00   -1.75   output external delay
                                 -1.75   data required time
-----------------------------------------------------------------------------
                                 -1.75   data required time
                                 -2.35   data arrival time
-----------------------------------------------------------------------------
                                  4.10   slack (MET)


Startpoint: in[1] (input port clocked by __VIRTUAL_CLK__)
Endpoint: out[1] (output port clocked by __VIRTUAL_CLK__)
Path Group: __VIRTUAL_CLK__
Path Type: min
Corner: Fastest

Fanout     Cap    Slew   Delay    Time   Description
-----------------------------------------------------------------------------
                  0.00    0.00    0.00   clock __VIRTUAL_CLK__ (rise edge)
                          0.00    0.00   clock network delay (ideal)
                          2.00    2.00 ^ input external delay
     1    0.00    0.01    0.01    2.01 ^ in[1] (in)
                                         in[1] (net)
                  0.01    0.00    2.01 ^ input2/A (sky130_fd_sc_hd__buf_1)
     2    0.01    0.10    0.09    2.10 ^ input2/X (sky130_fd_sc_hd__buf_1)
                                         net2 (net)
                  0.10    0.00    2.10 ^ _21_/B1 (sky130_fd_sc_hd__o31ai_1)
     1    0.01    0.04    0.04    2.14 v _21_/Y (sky130_fd_sc_hd__o31ai_1)
                                         _07_ (net)
                  0.04    0.00    2.14 v _22_/B (sky130_fd_sc_hd__and2_1)
     1    0.00    0.03    0.10    2.24 v _22_/X (sky130_fd_sc_hd__and2_1)
                                         _08_ (net)
                  0.03    0.00    2.24 v _23_/A (sky130_fd_sc_hd__clkbuf_1)
     1    0.01    0.04    0.07    2.31 v _23_/X (sky130_fd_sc_hd__clkbuf_1)
                                         net10 (net)
                  0.04    0.00    2.31 v output10/A (sky130_fd_sc_hd__buf_2)
     1    0.03    0.06    0.11    2.42 v output10/X (sky130_fd_sc_hd__buf_2)
                                         out[1] (net)
                  0.06    0.00    2.42 v out[1] (out)
                                  2.42   data arrival time

                  0.00    0.00    0.00   clock __VIRTUAL_CLK__ (rise edge)
                          0.00    0.00   clock network delay (ideal)
                          0.25    0.25   clock uncertainty
                          0.00    0.25   clock reconvergence pessimism
                         -2.00   -1.75   output external delay
                                 -1.75   data required time
-----------------------------------------------------------------------------
                                 -1.75   data required time
                                 -2.42   data arrival time
-----------------------------------------------------------------------------
                                  4.17   slack (MET)


Startpoint: in[4] (input port clocked by __VIRTUAL_CLK__)
Endpoint: out[4] (output port clocked by __VIRTUAL_CLK__)
Path Group: __VIRTUAL_CLK__
Path Type: min
Corner: Fastest

Fanout     Cap    Slew   Delay    Time   Description
-----------------------------------------------------------------------------
                  0.00    0.00    0.00   clock __VIRTUAL_CLK__ (rise edge)
                          0.00    0.00   clock network delay (ideal)
                          2.00    2.00 ^ input external delay
     1    0.00    0.02    0.01    2.01 ^ in[4] (in)
                                         in[4] (net)
                  0.02    0.00    2.01 ^ input5/A (sky130_fd_sc_hd__buf_1)
     2    0.01    0.11    0.09    2.10 ^ input5/X (sky130_fd_sc_hd__buf_1)
                                         net5 (net)
                  0.11    0.00    2.10 ^ _12_/B1 (sky130_fd_sc_hd__o31a_1)
     1    0.00    0.03    0.06    2.17 ^ _12_/X (sky130_fd_sc_hd__o31a_1)
                                         _01_ (net)
                  0.03    0.00    2.17 ^ _14_/A_N (sky130_fd_sc_hd__and2b_1)
     1    0.00    0.02    0.10    2.27 v _14_/X (sky130_fd_sc_hd__and2b_1)
                                         _03_ (net)
                  0.02    0.00    2.27 v _15_/A (sky130_fd_sc_hd__clkbuf_1)
     1    0.00    0.02    0.05    2.32 v _15_/X (sky130_fd_sc_hd__clkbuf_1)
                                         net13 (net)
                  0.02    0.00    2.32 v output13/A (sky130_fd_sc_hd__buf_2)
     1    0.03    0.06    0.11    2.43 v output13/X (sky130_fd_sc_hd__buf_2)
                                         out[4] (net)
                  0.06    0.00    2.43 v out[4] (out)
                                  2.43   data arrival time

                  0.00    0.00    0.00   clock __VIRTUAL_CLK__ (rise edge)
                          0.00    0.00   clock network delay (ideal)
                          0.25    0.25   clock uncertainty
                          0.00    0.25   clock reconvergence pessimism
                         -2.00   -1.75   output external delay
                                 -1.75   data required time
-----------------------------------------------------------------------------
                                 -1.75   data required time
                                 -2.43   data arrival time
-----------------------------------------------------------------------------
                                  4.18   slack (MET)



worst slack corner Fastest: 4.0268
======================= Slowest Corner ===================================

Startpoint: in[0] (input port clocked by __VIRTUAL_CLK__)
Endpoint: out[0] (output port clocked by __VIRTUAL_CLK__)
Path Group: __VIRTUAL_CLK__
Path Type: min
Corner: Slowest

Fanout     Cap    Slew   Delay    Time   Description
-----------------------------------------------------------------------------
                  0.00    0.00    0.00   clock __VIRTUAL_CLK__ (rise edge)
                          0.00    0.00   clock network delay (ideal)
                          2.00    2.00 ^ input external delay
     1    0.00    0.03    0.02    2.02 ^ in[0] (in)
                                         in[0] (net)
                  0.03    0.00    2.02 ^ input1/A (sky130_fd_sc_hd__buf_1)
     1    0.01    0.21    0.22    2.24 ^ input1/X (sky130_fd_sc_hd__buf_1)
                                         net1 (net)
                  0.21    0.00    2.24 ^ _24_/A (sky130_fd_sc_hd__xor2_1)
     1    0.01    0.11    0.23    2.47 v _24_/X (sky130_fd_sc_hd__xor2_1)
                                         net9 (net)
                  0.11    0.00    2.47 v output9/A (sky130_fd_sc_hd__buf_2)
     1    0.03    0.17    0.35    2.81 v output9/X (sky130_fd_sc_hd__buf_2)
                                         out[0] (net)
                  0.17    0.00    2.82 v out[0] (out)
                                  2.82   data arrival time

                  0.00    0.00    0.00   clock __VIRTUAL_CLK__ (rise edge)
                          0.00    0.00   clock network delay (ideal)
                          0.25    0.25   clock uncertainty
                          0.00    0.25   clock reconvergence pessimism
                         -2.00   -1.75   output external delay
                                 -1.75   data required time
-----------------------------------------------------------------------------
                                 -1.75   data required time
                                 -2.82   data arrival time
-----------------------------------------------------------------------------
                                  4.57   slack (MET)


Startpoint: in[7] (input port clocked by __VIRTUAL_CLK__)
Endpoint: out[7] (output port clocked by __VIRTUAL_CLK__)
Path Group: __VIRTUAL_CLK__
Path Type: min
Corner: Slowest

Fanout     Cap    Slew   Delay    Time   Description
-----------------------------------------------------------------------------
                  0.00    0.00    0.00   clock __VIRTUAL_CLK__ (rise edge)
                          0.00    0.00   clock network delay (ideal)
                          2.00    2.00 ^ input external delay
     1    0.00    0.03    0.01    2.01 ^ in[7] (in)
                                         in[7] (net)
                  0.03    0.00    2.01 ^ input8/A (sky130_fd_sc_hd__dlymetal6s2s_1)
     5    0.02    0.30    0.30    2.31 ^ input8/X (sky130_fd_sc_hd__dlymetal6s2s_1)
                                         net8 (net)
                  0.30    0.00    2.31 ^ _27_/A (sky130_fd_sc_hd__clkbuf_1)
     1    0.00    0.09    0.23    2.54 ^ _27_/X (sky130_fd_sc_hd__clkbuf_1)
                                         net16 (net)
                  0.09    0.00    2.54 ^ output16/A (sky130_fd_sc_hd__clkbuf_4)
     1    0.03    0.18    0.32    2.86 ^ output16/X (sky130_fd_sc_hd__clkbuf_4)
                                         out[7] (net)
                  0.18    0.00    2.86 ^ out[7] (out)
                                  2.86   data arrival time

                  0.00    0.00    0.00   clock __VIRTUAL_CLK__ (rise edge)
                          0.00    0.00   clock network delay (ideal)
                          0.25    0.25   clock uncertainty
                          0.00    0.25   clock reconvergence pessimism
                         -2.00   -1.75   output external delay
                                 -1.75   data required time
-----------------------------------------------------------------------------
                                 -1.75   data required time
                                 -2.86   data arrival time
-----------------------------------------------------------------------------
                                  4.61   slack (MET)


Startpoint: in[5] (input port clocked by __VIRTUAL_CLK__)
Endpoint: out[5] (output port clocked by __VIRTUAL_CLK__)
Path Group: __VIRTUAL_CLK__
Path Type: min
Corner: Slowest

Fanout     Cap    Slew   Delay    Time   Description
-----------------------------------------------------------------------------
                  0.00    0.00    0.00   clock __VIRTUAL_CLK__ (rise edge)
                          0.00    0.00   clock network delay (ideal)
                          2.00    2.00 v input external delay
     1    0.00    0.02    0.01    2.01 v in[5] (in)
                                         in[5] (net)
                  0.02    0.00    2.01 v input6/A (sky130_fd_sc_hd__buf_1)
     3    0.02    0.19    0.24    2.25 v input6/X (sky130_fd_sc_hd__buf_1)
                                         net6 (net)
                  0.19    0.00    2.25 v _11_/A (sky130_fd_sc_hd__xnor2_1)
     1    0.01    0.11    0.29    2.53 v _11_/Y (sky130_fd_sc_hd__xnor2_1)
                                         net14 (net)
                  0.11    0.00    2.53 v output14/A (sky130_fd_sc_hd__buf_2)
     1    0.03    0.17    0.34    2.88 v output14/X (sky130_fd_sc_hd__buf_2)
                                         out[5] (net)
                  0.17    0.00    2.88 v out[5] (out)
                                  2.88   data arrival time

                  0.00    0.00    0.00   clock __VIRTUAL_CLK__ (rise edge)
                          0.00    0.00   clock network delay (ideal)
                          0.25    0.25   clock uncertainty
                          0.00    0.25   clock reconvergence pessimism
                         -2.00   -1.75   output external delay
                                 -1.75   data required time
-----------------------------------------------------------------------------
                                 -1.75   data required time
                                 -2.88   data arrival time
-----------------------------------------------------------------------------
                                  4.63   slack (MET)


Startpoint: in[2] (input port clocked by __VIRTUAL_CLK__)
Endpoint: out[2] (output port clocked by __VIRTUAL_CLK__)
Path Group: __VIRTUAL_CLK__
Path Type: min
Corner: Slowest

Fanout     Cap    Slew   Delay    Time   Description
-----------------------------------------------------------------------------
                  0.00    0.00    0.00   clock __VIRTUAL_CLK__ (rise edge)
                          0.00    0.00   clock network delay (ideal)
                          2.00    2.00 v input external delay
     1    0.00    0.02    0.01    2.01 v in[2] (in)
                                         in[2] (net)
                  0.02    0.00    2.01 v input3/A (sky130_fd_sc_hd__buf_1)
     3    0.02    0.19    0.24    2.24 v input3/X (sky130_fd_sc_hd__buf_1)
                                         net3 (net)
                  0.19    0.00    2.24 v _19_/A (sky130_fd_sc_hd__xnor2_1)
     1    0.01    0.12    0.30    2.54 v _19_/Y (sky130_fd_sc_hd__xnor2_1)
                                         net11 (net)
                  0.12    0.00    2.54 v output11/A (sky130_fd_sc_hd__buf_2)
     1    0.03    0.17    0.35    2.89 v output11/X (sky130_fd_sc_hd__buf_2)
                                         out[2] (net)
                  0.17    0.00    2.89 v out[2] (out)
                                  2.89   data arrival time

                  0.00    0.00    0.00   clock __VIRTUAL_CLK__ (rise edge)
                          0.00    0.00   clock network delay (ideal)
                          0.25    0.25   clock uncertainty
                          0.00    0.25   clock reconvergence pessimism
                         -2.00   -1.75   output external delay
                                 -1.75   data required time
-----------------------------------------------------------------------------
                                 -1.75   data required time
                                 -2.89   data arrival time
-----------------------------------------------------------------------------
                                  4.64   slack (MET)


Startpoint: in[3] (input port clocked by __VIRTUAL_CLK__)
Endpoint: out[3] (output port clocked by __VIRTUAL_CLK__)
Path Group: __VIRTUAL_CLK__
Path Type: min
Corner: Slowest

Fanout     Cap    Slew   Delay    Time   Description
-----------------------------------------------------------------------------
                  0.00    0.00    0.00   clock __VIRTUAL_CLK__ (rise edge)
                          0.00    0.00   clock network delay (ideal)
                          2.00    2.00 ^ input external delay
     1    0.00    0.03    0.02    2.02 ^ in[3] (in)
                                         in[3] (net)
                  0.03    0.00    2.02 ^ input4/A (sky130_fd_sc_hd__buf_1)
     4    0.02    0.32    0.30    2.31 ^ input4/X (sky130_fd_sc_hd__buf_1)
                                         net4 (net)
                  0.32    0.00    2.31 ^ _17_/A (sky130_fd_sc_hd__and2_1)
     1    0.00    0.08    0.30    2.61 ^ _17_/X (sky130_fd_sc_hd__and2_1)
                                         _05_ (net)
                  0.08    0.00    2.61 ^ _18_/B (sky130_fd_sc_hd__nor2_1)
     1    0.00    0.03    0.06    2.67 v _18_/Y (sky130_fd_sc_hd__nor2_1)
                                         net12 (net)
                  0.03    0.00    2.67 v output12/A (sky130_fd_sc_hd__buf_2)
     1    0.03    0.16    0.31    2.98 v output12/X (sky130_fd_sc_hd__buf_2)
                                         out[3] (net)
                  0.16    0.00    2.98 v out[3] (out)
                                  2.98   data arrival time

                  0.00    0.00    0.00   clock __VIRTUAL_CLK__ (rise edge)
                          0.00    0.00   clock network delay (ideal)
                          0.25    0.25   clock uncertainty
                          0.00    0.25   clock reconvergence pessimism
                         -2.00   -1.75   output external delay
                                 -1.75   data required time
-----------------------------------------------------------------------------
                                 -1.75   data required time
                                 -2.98   data arrival time
-----------------------------------------------------------------------------
                                  4.73   slack (MET)


Startpoint: in[7] (input port clocked by __VIRTUAL_CLK__)
Endpoint: out[6] (output port clocked by __VIRTUAL_CLK__)
Path Group: __VIRTUAL_CLK__
Path Type: min
Corner: Slowest

Fanout     Cap    Slew   Delay    Time   Description
-----------------------------------------------------------------------------
                  0.00    0.00    0.00   clock __VIRTUAL_CLK__ (rise edge)
                          0.00    0.00   clock network delay (ideal)
                          2.00    2.00 ^ input external delay
     1    0.00    0.03    0.01    2.01 ^ in[7] (in)
                                         in[7] (net)
                  0.03    0.00    2.01 ^ input8/A (sky130_fd_sc_hd__dlymetal6s2s_1)
     5    0.02    0.30    0.30    2.31 ^ input8/X (sky130_fd_sc_hd__dlymetal6s2s_1)
                                         net8 (net)
                  0.30    0.00    2.31 ^ _25_/B (sky130_fd_sc_hd__and2_1)
     1    0.00    0.08    0.29    2.61 ^ _25_/X (sky130_fd_sc_hd__and2_1)
                                         _09_ (net)
                  0.08    0.00    2.61 ^ _26_/B (sky130_fd_sc_hd__nor2_1)
     1    0.00    0.03    0.07    2.67 v _26_/Y (sky130_fd_sc_hd__nor2_1)
                                         net15 (net)
                  0.03    0.00    2.67 v output15/A (sky130_fd_sc_hd__buf_2)
     1    0.03    0.17    0.31    2.99 v output15/X (sky130_fd_sc_hd__buf_2)
                                         out[6] (net)
                  0.17    0.00    2.99 v out[6] (out)
                                  2.99   data arrival time

                  0.00    0.00    0.00   clock __VIRTUAL_CLK__ (rise edge)
                          0.00    0.00   clock network delay (ideal)
                          0.25    0.25   clock uncertainty
                          0.00    0.25   clock reconvergence pessimism
                         -2.00   -1.75   output external delay
                                 -1.75   data required time
-----------------------------------------------------------------------------
                                 -1.75   data required time
                                 -2.99   data arrival time
-----------------------------------------------------------------------------
                                  4.74   slack (MET)


Startpoint: in[1] (input port clocked by __VIRTUAL_CLK__)
Endpoint: out[1] (output port clocked by __VIRTUAL_CLK__)
Path Group: __VIRTUAL_CLK__
Path Type: min
Corner: Slowest

Fanout     Cap    Slew   Delay    Time   Description
-----------------------------------------------------------------------------
                  0.00    0.00    0.00   clock __VIRTUAL_CLK__ (rise edge)
                          0.00    0.00   clock network delay (ideal)
                          2.00    2.00 v input external delay
     1    0.00    0.02    0.01    2.01 v in[1] (in)
                                         in[1] (net)
                  0.02    0.00    2.01 v input2/A (sky130_fd_sc_hd__buf_1)
     2    0.01    0.13    0.19    2.20 v input2/X (sky130_fd_sc_hd__buf_1)
                                         net2 (net)
                  0.13    0.00    2.20 v _21_/B1 (sky130_fd_sc_hd__o31ai_1)
     1    0.01    0.14    0.16    2.36 ^ _21_/Y (sky130_fd_sc_hd__o31ai_1)
                                         _07_ (net)
                  0.14    0.00    2.37 ^ _22_/B (sky130_fd_sc_hd__and2_1)
     1    0.00    0.10    0.26    2.63 ^ _22_/X (sky130_fd_sc_hd__and2_1)
                                         _08_ (net)
                  0.10    0.00    2.63 ^ _23_/A (sky130_fd_sc_hd__clkbuf_1)
     1    0.01    0.16    0.22    2.84 ^ _23_/X (sky130_fd_sc_hd__clkbuf_1)
                                         net10 (net)
                  0.16    0.00    2.84 ^ output10/A (sky130_fd_sc_hd__buf_2)
     1    0.03    0.27    0.36    3.21 ^ output10/X (sky130_fd_sc_hd__buf_2)
                                         out[1] (net)
                  0.27    0.00    3.21 ^ out[1] (out)
                                  3.21   data arrival time

                  0.00    0.00    0.00   clock __VIRTUAL_CLK__ (rise edge)
                          0.00    0.00   clock network delay (ideal)
                          0.25    0.25   clock uncertainty
                          0.00    0.25   clock reconvergence pessimism
                         -2.00   -1.75   output external delay
                                 -1.75   data required time
-----------------------------------------------------------------------------
                                 -1.75   data required time
                                 -3.21   data arrival time
-----------------------------------------------------------------------------
                                  4.96   slack (MET)


Startpoint: in[4] (input port clocked by __VIRTUAL_CLK__)
Endpoint: out[4] (output port clocked by __VIRTUAL_CLK__)
Path Group: __VIRTUAL_CLK__
Path Type: min
Corner: Slowest

Fanout     Cap    Slew   Delay    Time   Description
-----------------------------------------------------------------------------
                  0.00    0.00    0.00   clock __VIRTUAL_CLK__ (rise edge)
                          0.00    0.00   clock network delay (ideal)
                          2.00    2.00 v input external delay
     1    0.00    0.02    0.01    2.01 v in[4] (in)
                                         in[4] (net)
                  0.02    0.00    2.01 v input5/A (sky130_fd_sc_hd__buf_1)
     2    0.01    0.14    0.20    2.21 v input5/X (sky130_fd_sc_hd__buf_1)
                                         net5 (net)
                  0.14    0.00    2.21 v _12_/B1 (sky130_fd_sc_hd__o31a_1)
     1    0.00    0.06    0.20    2.41 v _12_/X (sky130_fd_sc_hd__o31a_1)
                                         _01_ (net)
                  0.06    0.00    2.41 v _14_/A_N (sky130_fd_sc_hd__and2b_1)
     1    0.00    0.07    0.33    2.74 ^ _14_/X (sky130_fd_sc_hd__and2b_1)
                                         _03_ (net)
                  0.07    0.00    2.74 ^ _15_/A (sky130_fd_sc_hd__clkbuf_1)
     1    0.00    0.10    0.16    2.90 ^ _15_/X (sky130_fd_sc_hd__clkbuf_1)
                                         net13 (net)
                  0.10    0.00    2.90 ^ output13/A (sky130_fd_sc_hd__buf_2)
     1    0.03    0.27    0.34    3.24 ^ output13/X (sky130_fd_sc_hd__buf_2)
                                         out[4] (net)
                  0.27    0.00    3.24 ^ out[4] (out)
                                  3.24   data arrival time

                  0.00    0.00    0.00   clock __VIRTUAL_CLK__ (rise edge)
                          0.00    0.00   clock network delay (ideal)
                          0.25    0.25   clock uncertainty
                          0.00    0.25   clock reconvergence pessimism
                         -2.00   -1.75   output external delay
                                 -1.75   data required time
-----------------------------------------------------------------------------
                                 -1.75   data required time
                                 -3.24   data arrival time
-----------------------------------------------------------------------------
                                  4.99   slack (MET)



worst slack corner Slowest: 4.5653
======================= Typical Corner ===================================

Startpoint: in[0] (input port clocked by __VIRTUAL_CLK__)
Endpoint: out[0] (output port clocked by __VIRTUAL_CLK__)
Path Group: __VIRTUAL_CLK__
Path Type: min
Corner: Typical

Fanout     Cap    Slew   Delay    Time   Description
-----------------------------------------------------------------------------
                  0.00    0.00    0.00   clock __VIRTUAL_CLK__ (rise edge)
                          0.00    0.00   clock network delay (ideal)
                          2.00    2.00 ^ input external delay
     1    0.00    0.02    0.01    2.01 ^ in[0] (in)
                                         in[0] (net)
                  0.02    0.00    2.01 ^ input1/A (sky130_fd_sc_hd__buf_1)
     1    0.01    0.13    0.13    2.14 ^ input1/X (sky130_fd_sc_hd__buf_1)
                                         net1 (net)
                  0.13    0.00    2.14 ^ _24_/A (sky130_fd_sc_hd__xor2_1)
     1    0.01    0.06    0.11    2.24 v _24_/X (sky130_fd_sc_hd__xor2_1)
                                         net9 (net)
                  0.06    0.00    2.24 v output9/A (sky130_fd_sc_hd__buf_2)
     1    0.03    0.09    0.18    2.42 v output9/X (sky130_fd_sc_hd__buf_2)
                                         out[0] (net)
                  0.09    0.00    2.42 v out[0] (out)
                                  2.42   data arrival time

                  0.00    0.00    0.00   clock __VIRTUAL_CLK__ (rise edge)
                          0.00    0.00   clock network delay (ideal)
                          0.25    0.25   clock uncertainty
                          0.00    0.25   clock reconvergence pessimism
                         -2.00   -1.75   output external delay
                                 -1.75   data required time
-----------------------------------------------------------------------------
                                 -1.75   data required time
                                 -2.42   data arrival time
-----------------------------------------------------------------------------
                                  4.17   slack (MET)


Startpoint: in[7] (input port clocked by __VIRTUAL_CLK__)
Endpoint: out[7] (output port clocked by __VIRTUAL_CLK__)
Path Group: __VIRTUAL_CLK__
Path Type: min
Corner: Typical

Fanout     Cap    Slew   Delay    Time   Description
-----------------------------------------------------------------------------
                  0.00    0.00    0.00   clock __VIRTUAL_CLK__ (rise edge)
                          0.00    0.00   clock network delay (ideal)
                          2.00    2.00 v input external delay
     1    0.00    0.01    0.00    2.00 v in[7] (in)
                                         in[7] (net)
                  0.01    0.00    2.00 v input8/A (sky130_fd_sc_hd__dlymetal6s2s_1)
     5    0.02    0.10    0.17    2.17 v input8/X (sky130_fd_sc_hd__dlymetal6s2s_1)
                                         net8 (net)
                  0.10    0.00    2.17 v _27_/A (sky130_fd_sc_hd__clkbuf_1)
     1    0.00    0.03    0.11    2.28 v _27_/X (sky130_fd_sc_hd__clkbuf_1)
                                         net16 (net)
                  0.03    0.00    2.28 v output16/A (sky130_fd_sc_hd__clkbuf_4)
     1    0.03    0.08    0.17    2.45 v output16/X (sky130_fd_sc_hd__clkbuf_4)
                                         out[7] (net)
                  0.08    0.00    2.45 v out[7] (out)
                                  2.45   data arrival time

                  0.00    0.00    0.00   clock __VIRTUAL_CLK__ (rise edge)
                          0.00    0.00   clock network delay (ideal)
                          0.25    0.25   clock uncertainty
                          0.00    0.25   clock reconvergence pessimism
                         -2.00   -1.75   output external delay
                                 -1.75   data required time
-----------------------------------------------------------------------------
                                 -1.75   data required time
                                 -2.45   data arrival time
-----------------------------------------------------------------------------
                                  4.20   slack (MET)


Startpoint: in[5] (input port clocked by __VIRTUAL_CLK__)
Endpoint: out[5] (output port clocked by __VIRTUAL_CLK__)
Path Group: __VIRTUAL_CLK__
Path Type: min
Corner: Typical

Fanout     Cap    Slew   Delay    Time   Description
-----------------------------------------------------------------------------
                  0.00    0.00    0.00   clock __VIRTUAL_CLK__ (rise edge)
                          0.00    0.00   clock network delay (ideal)
                          2.00    2.00 v input external delay
     1    0.00    0.01    0.00    2.00 v in[5] (in)
                                         in[5] (net)
                  0.01    0.00    2.00 v input6/A (sky130_fd_sc_hd__buf_1)
     3    0.02    0.10    0.13    2.13 v input6/X (sky130_fd_sc_hd__buf_1)
                                         net6 (net)
                  0.10    0.00    2.13 v _11_/A (sky130_fd_sc_hd__xnor2_1)
     1    0.01    0.05    0.15    2.28 v _11_/Y (sky130_fd_sc_hd__xnor2_1)
                                         net14 (net)
                  0.05    0.00    2.28 v output14/A (sky130_fd_sc_hd__buf_2)
     1    0.03    0.09    0.17    2.46 v output14/X (sky130_fd_sc_hd__buf_2)
                                         out[5] (net)
                  0.09    0.00    2.46 v out[5] (out)
                                  2.46   data arrival time

                  0.00    0.00    0.00   clock __VIRTUAL_CLK__ (rise edge)
                          0.00    0.00   clock network delay (ideal)
                          0.25    0.25   clock uncertainty
                          0.00    0.25   clock reconvergence pessimism
                         -2.00   -1.75   output external delay
                                 -1.75   data required time
-----------------------------------------------------------------------------
                                 -1.75   data required time
                                 -2.46   data arrival time
-----------------------------------------------------------------------------
                                  4.21   slack (MET)


Startpoint: in[2] (input port clocked by __VIRTUAL_CLK__)
Endpoint: out[2] (output port clocked by __VIRTUAL_CLK__)
Path Group: __VIRTUAL_CLK__
Path Type: min
Corner: Typical

Fanout     Cap    Slew   Delay    Time   Description
-----------------------------------------------------------------------------
                  0.00    0.00    0.00   clock __VIRTUAL_CLK__ (rise edge)
                          0.00    0.00   clock network delay (ideal)
                          2.00    2.00 v input external delay
     1    0.00    0.01    0.00    2.00 v in[2] (in)
                                         in[2] (net)
                  0.01    0.00    2.00 v input3/A (sky130_fd_sc_hd__buf_1)
     3    0.02    0.10    0.12    2.13 v input3/X (sky130_fd_sc_hd__buf_1)
                                         net3 (net)
                  0.10    0.00    2.13 v _19_/A (sky130_fd_sc_hd__xnor2_1)
     1    0.01    0.06    0.16    2.28 v _19_/Y (sky130_fd_sc_hd__xnor2_1)
                                         net11 (net)
                  0.06    0.00    2.28 v output11/A (sky130_fd_sc_hd__buf_2)
     1    0.03    0.09    0.18    2.46 v output11/X (sky130_fd_sc_hd__buf_2)
                                         out[2] (net)
                  0.09    0.00    2.46 v out[2] (out)
                                  2.46   data arrival time

                  0.00    0.00    0.00   clock __VIRTUAL_CLK__ (rise edge)
                          0.00    0.00   clock network delay (ideal)
                          0.25    0.25   clock uncertainty
                          0.00    0.25   clock reconvergence pessimism
                         -2.00   -1.75   output external delay
                                 -1.75   data required time
-----------------------------------------------------------------------------
                                 -1.75   data required time
                                 -2.46   data arrival time
-----------------------------------------------------------------------------
                                  4.21   slack (MET)


Startpoint: in[3] (input port clocked by __VIRTUAL_CLK__)
Endpoint: out[3] (output port clocked by __VIRTUAL_CLK__)
Path Group: __VIRTUAL_CLK__
Path Type: min
Corner: Typical

Fanout     Cap    Slew   Delay    Time   Description
-----------------------------------------------------------------------------
                  0.00    0.00    0.00   clock __VIRTUAL_CLK__ (rise edge)
                          0.00    0.00   clock network delay (ideal)
                          2.00    2.00 ^ input external delay
     1    0.00    0.02    0.01    2.01 ^ in[3] (in)
                                         in[3] (net)
                  0.02    0.00    2.01 ^ input4/A (sky130_fd_sc_hd__buf_1)
     4    0.02    0.20    0.17    2.18 ^ input4/X (sky130_fd_sc_hd__buf_1)
                                         net4 (net)
                  0.20    0.00    2.18 ^ _17_/A (sky130_fd_sc_hd__and2_1)
     1    0.00    0.04    0.14    2.33 ^ _17_/X (sky130_fd_sc_hd__and2_1)
                                         _05_ (net)
                  0.04    0.00    2.33 ^ _18_/B (sky130_fd_sc_hd__nor2_1)
     1    0.00    0.02    0.03    2.36 v _18_/Y (sky130_fd_sc_hd__nor2_1)
                                         net12 (net)
                  0.02    0.00    2.36 v output12/A (sky130_fd_sc_hd__buf_2)
     1    0.03    0.09    0.16    2.52 v output12/X (sky130_fd_sc_hd__buf_2)
                                         out[3] (net)
                  0.09    0.00    2.52 v out[3] (out)
                                  2.52   data arrival time

                  0.00    0.00    0.00   clock __VIRTUAL_CLK__ (rise edge)
                          0.00    0.00   clock network delay (ideal)
                          0.25    0.25   clock uncertainty
                          0.00    0.25   clock reconvergence pessimism
                         -2.00   -1.75   output external delay
                                 -1.75   data required time
-----------------------------------------------------------------------------
                                 -1.75   data required time
                                 -2.52   data arrival time
-----------------------------------------------------------------------------
                                  4.27   slack (MET)


Startpoint: in[6] (input port clocked by __VIRTUAL_CLK__)
Endpoint: out[6] (output port clocked by __VIRTUAL_CLK__)
Path Group: __VIRTUAL_CLK__
Path Type: min
Corner: Typical

Fanout     Cap    Slew   Delay    Time   Description
-----------------------------------------------------------------------------
                  0.00    0.00    0.00   clock __VIRTUAL_CLK__ (rise edge)
                          0.00    0.00   clock network delay (ideal)
                          2.00    2.00 ^ input external delay
     1    0.00    0.02    0.01    2.01 ^ in[6] (in)
                                         in[6] (net)
                  0.02    0.00    2.01 ^ input7/A (sky130_fd_sc_hd__buf_1)
     4    0.02    0.20    0.17    2.19 ^ input7/X (sky130_fd_sc_hd__buf_1)
                                         net7 (net)
                  0.20    0.00    2.19 ^ _25_/A (sky130_fd_sc_hd__and2_1)
     1    0.00    0.05    0.15    2.33 ^ _25_/X (sky130_fd_sc_hd__and2_1)
                                         _09_ (net)
                  0.05    0.00    2.33 ^ _26_/B (sky130_fd_sc_hd__nor2_1)
     1    0.00    0.02    0.03    2.37 v _26_/Y (sky130_fd_sc_hd__nor2_1)
                                         net15 (net)
                  0.02    0.00    2.37 v output15/A (sky130_fd_sc_hd__buf_2)
     1    0.03    0.09    0.16    2.53 v output15/X (sky130_fd_sc_hd__buf_2)
                                         out[6] (net)
                  0.09    0.00    2.53 v out[6] (out)
                                  2.53   data arrival time

                  0.00    0.00    0.00   clock __VIRTUAL_CLK__ (rise edge)
                          0.00    0.00   clock network delay (ideal)
                          0.25    0.25   clock uncertainty
                          0.00    0.25   clock reconvergence pessimism
                         -2.00   -1.75   output external delay
                                 -1.75   data required time
-----------------------------------------------------------------------------
                                 -1.75   data required time
                                 -2.53   data arrival time
-----------------------------------------------------------------------------
                                  4.28   slack (MET)


Startpoint: in[4] (input port clocked by __VIRTUAL_CLK__)
Endpoint: out[4] (output port clocked by __VIRTUAL_CLK__)
Path Group: __VIRTUAL_CLK__
Path Type: min
Corner: Typical

Fanout     Cap    Slew   Delay    Time   Description
-----------------------------------------------------------------------------
                  0.00    0.00    0.00   clock __VIRTUAL_CLK__ (rise edge)
                          0.00    0.00   clock network delay (ideal)
                          2.00    2.00 v input external delay
     1    0.00    0.01    0.00    2.00 v in[4] (in)
                                         in[4] (net)
                  0.01    0.00    2.00 v input5/A (sky130_fd_sc_hd__buf_1)
     2    0.01    0.07    0.10    2.11 v input5/X (sky130_fd_sc_hd__buf_1)
                                         net5 (net)
                  0.07    0.00    2.11 v _12_/B1 (sky130_fd_sc_hd__o31a_1)
     1    0.00    0.03    0.10    2.21 v _12_/X (sky130_fd_sc_hd__o31a_1)
                                         _01_ (net)
                  0.03    0.00    2.21 v _14_/A_N (sky130_fd_sc_hd__and2b_1)
     1    0.00    0.04    0.16    2.38 ^ _14_/X (sky130_fd_sc_hd__and2b_1)
                                         _03_ (net)
                  0.04    0.00    2.38 ^ _15_/A (sky130_fd_sc_hd__clkbuf_1)
     1    0.00    0.06    0.09    2.46 ^ _15_/X (sky130_fd_sc_hd__clkbuf_1)
                                         net13 (net)
                  0.06    0.00    2.46 ^ output13/A (sky130_fd_sc_hd__buf_2)
     1    0.03    0.17    0.19    2.65 ^ output13/X (sky130_fd_sc_hd__buf_2)
                                         out[4] (net)
                  0.17    0.00    2.65 ^ out[4] (out)
                                  2.65   data arrival time

                  0.00    0.00    0.00   clock __VIRTUAL_CLK__ (rise edge)
                          0.00    0.00   clock network delay (ideal)
                          0.25    0.25   clock uncertainty
                          0.00    0.25   clock reconvergence pessimism
                         -2.00   -1.75   output external delay
                                 -1.75   data required time
-----------------------------------------------------------------------------
                                 -1.75   data required time
                                 -2.65   data arrival time
-----------------------------------------------------------------------------
                                  4.40   slack (MET)


Startpoint: in[1] (input port clocked by __VIRTUAL_CLK__)
Endpoint: out[1] (output port clocked by __VIRTUAL_CLK__)
Path Group: __VIRTUAL_CLK__
Path Type: min
Corner: Typical

Fanout     Cap    Slew   Delay    Time   Description
-----------------------------------------------------------------------------
                  0.00    0.00    0.00   clock __VIRTUAL_CLK__ (rise edge)
                          0.00    0.00   clock network delay (ideal)
                          2.00    2.00 v input external delay
     1    0.00    0.01    0.00    2.00 v in[1] (in)
                                         in[1] (net)
                  0.01    0.00    2.00 v input2/A (sky130_fd_sc_hd__buf_1)
     2    0.01    0.07    0.10    2.11 v input2/X (sky130_fd_sc_hd__buf_1)
                                         net2 (net)
                  0.07    0.00    2.11 v _21_/B1 (sky130_fd_sc_hd__o31ai_1)
     1    0.01    0.09    0.09    2.20 ^ _21_/Y (sky130_fd_sc_hd__o31ai_1)
                                         _07_ (net)
                  0.09    0.00    2.20 ^ _22_/B (sky130_fd_sc_hd__and2_1)
     1    0.00    0.06    0.13    2.33 ^ _22_/X (sky130_fd_sc_hd__and2_1)
                                         _08_ (net)
                  0.06    0.00    2.33 ^ _23_/A (sky130_fd_sc_hd__clkbuf_1)
     1    0.01    0.10    0.12    2.45 ^ _23_/X (sky130_fd_sc_hd__clkbuf_1)
                                         net10 (net)
                  0.10    0.00    2.45 ^ output10/A (sky130_fd_sc_hd__buf_2)
     1    0.03    0.17    0.21    2.66 ^ output10/X (sky130_fd_sc_hd__buf_2)
                                         out[1] (net)
                  0.17    0.00    2.66 ^ out[1] (out)
                                  2.66   data arrival time

                  0.00    0.00    0.00   clock __VIRTUAL_CLK__ (rise edge)
                          0.00    0.00   clock network delay (ideal)
                          0.25    0.25   clock uncertainty
                          0.00    0.25   clock reconvergence pessimism
                         -2.00   -1.75   output external delay
                                 -1.75   data required time
-----------------------------------------------------------------------------
                                 -1.75   data required time
                                 -2.66   data arrival time
-----------------------------------------------------------------------------
                                  4.41   slack (MET)



worst slack corner Typical: 4.1720
