
===========================================================================
 report_power
============================================================================
======================= Fastest Corner ===================================

Group                  Internal  Switching    Leakage      Total
                          Power      Power      Power      Power (Watts)
----------------------------------------------------------------
Sequential             1.67e-04   7.49e-05   7.11e-10   2.42e-04  38.1%
Combinational          3.74e-05   1.34e-04   1.11e-09   1.71e-04  26.9%
Clock                  1.33e-04   8.92e-05   2.65e-09   2.22e-04  35.0%
Macro                  0.00e+00   0.00e+00   0.00e+00   0.00e+00   0.0%
Pad                    0.00e+00   0.00e+00   0.00e+00   0.00e+00   0.0%
----------------------------------------------------------------
Total                  3.38e-04   2.98e-04   4.47e-09   6.36e-04 100.0%
                          53.2%      46.8%       0.0%

======================= Slowest Corner ===================================

Group                  Internal  Switching    Leakage      Total
                          Power      Power      Power      Power (Watts)
----------------------------------------------------------------
Sequential             1.13e-04   5.03e-05   4.75e-07   1.64e-04  37.6%
Combinational          2.72e-05   8.95e-05   6.90e-07   1.17e-04  27.0%
Clock                  9.57e-05   5.81e-05   1.27e-07   1.54e-04  35.4%
Macro                  0.00e+00   0.00e+00   0.00e+00   0.00e+00   0.0%
Pad                    0.00e+00   0.00e+00   0.00e+00   0.00e+00   0.0%
----------------------------------------------------------------
Total                  2.36e-04   1.98e-04   1.29e-06   4.35e-04 100.0%
                          54.2%      45.5%       0.3%

======================= Typical Corner ===================================

Group                  Internal  Switching    Leakage      Total
                          Power      Power      Power      Power (Watts)
----------------------------------------------------------------
Sequential             1.44e-04   6.37e-05   2.66e-10   2.08e-04  38.1%
Combinational          3.34e-05   1.14e-04   5.30e-10   1.47e-04  26.9%
Clock                  1.16e-04   7.51e-05   2.33e-09   1.92e-04  35.0%
Macro                  0.00e+00   0.00e+00   0.00e+00   0.00e+00   0.0%
Pad                    0.00e+00   0.00e+00   0.00e+00   0.00e+00   0.0%
----------------------------------------------------------------
Total                  2.94e-04   2.52e-04   3.12e-09   5.47e-04 100.0%
                          53.8%      46.2%       0.0%

