Instance,Terminal,Layer,X location,Y location,Voltage
FILLER_0_27_113,VGND,li1,59.3400,87.0400,0.000003
FILLER_0_27_109,VGND,li1,56.3500,87.0400,0.000003
FILLER_0_27_97,VGND,li1,52.9000,87.0400,0.000003
FILLER_0_27_85,VGND,li1,47.3800,87.0400,0.000003
FILLER_0_27_83,VGND,li1,43.9300,87.0400,0.000003
FILLER_0_27_75,VGND,li1,41.8600,87.0400,0.000003
FILLER_0_27_61,VGND,li1,33.8100,87.0400,0.000003
FILLER_0_27_57,VGND,li1,32.6600,87.0400,0.000003
FILLER_0_27_53,VGND,li1,30.5900,87.0400,0.000003
FILLER_0_27_45,VGND,li1,28.0600,87.0400,0.000003
FILLER_0_27_37,VGND,li1,23.2300,87.0400,0.000003
FILLER_0_27_29,VGND,li1,20.7000,87.0400,0.000003
FILLER_0_27_24,VGND,li1,17.4800,87.0400,0.000003
FILLER_0_27_12,VGND,li1,13.8000,87.0400,0.000003
FILLER_0_26_124,VGND,li1,62.7900,81.6000,0.000006
FILLER_0_26_112,VGND,li1,57.5000,81.6000,0.000008
FILLER_0_26_108,VGND,li1,55.6600,81.6000,0.000008
FILLER_0_26_97,VGND,li1,51.9800,81.6000,0.000008
FILLER_0_26_85,VGND,li1,47.3800,81.6000,0.000008
FILLER_0_26_76,VGND,li1,42.3200,81.6000,0.000007
FILLER_0_26_71,VGND,li1,38.4100,81.6000,0.000008
FILLER_0_26_67,VGND,li1,37.2600,81.6000,0.000008
FILLER_0_26_52,VGND,li1,31.2800,81.6000,0.000009
FILLER_0_26_44,VGND,li1,25.9900,81.6000,0.000009
FILLER_0_26_40,VGND,li1,24.8400,81.6000,0.000009
FILLER_0_26_27,VGND,li1,18.1700,81.6000,0.000007
FILLER_0_26_19,VGND,li1,16.1000,81.6000,0.000007
FILLER_0_26_9,VGND,li1,9.8900,81.6000,0.000006
FILLER_0_26_3,VGND,li1,8.2800,81.6000,0.000006
FILLER_0_25_124,VGND,li1,62.7900,81.6000,0.000006
FILLER_0_25_120,VGND,li1,60.9500,81.6000,0.000007
FILLER_0_25_111,VGND,li1,56.8100,81.6000,0.000008
FILLER_0_25_105,VGND,li1,55.2000,81.6000,0.000008
FILLER_0_25_91,VGND,li1,47.6100,81.6000,0.000008
FILLER_0_25_83,VGND,li1,45.5400,81.6000,0.000008
FILLER_0_25_70,VGND,li1,39.1000,81.6000,0.000007
FILLER_0_25_57,VGND,li1,32.4300,81.6000,0.000009
FILLER_0_25_54,VGND,li1,30.8200,81.6000,0.000009
FILLER_0_25_46,VGND,li1,28.5200,81.6000,0.000009
FILLER_0_25_34,VGND,li1,23.9200,81.6000,0.000009
FILLER_0_25_27,VGND,li1,18.6300,81.6000,0.000007
FILLER_0_25_19,VGND,li1,16.1000,81.6000,0.000007
FILLER_0_25_7,VGND,li1,11.5000,81.6000,0.000006
FILLER_0_24_124,VGND,li1,62.7900,76.1600,0.000007
FILLER_0_24_80,VGND,li1,42.5500,76.1600,0.000009
FILLER_0_24_76,VGND,li1,41.4000,76.1600,0.000009
FILLER_0_24_68,VGND,li1,37.0300,76.1600,0.000008
FILLER_0_24_64,VGND,li1,35.8800,76.1600,0.000009
FILLER_0_24_57,VGND,li1,32.4300,76.1600,0.000009
FILLER_0_24_47,VGND,li1,27.8300,76.1600,0.000010
FILLER_0_24_35,VGND,li1,21.8500,76.1600,0.000010
FILLER_0_24_29,VGND,li1,20.2400,76.1600,0.000009
FILLER_0_24_20,VGND,li1,16.5600,76.1600,0.000008
FILLER_0_24_15,VGND,li1,12.6500,76.1600,0.000007
FILLER_0_24_3,VGND,li1,9.6600,76.1600,0.000007
FILLER_0_23_123,VGND,li1,62.5600,76.1600,0.000007
FILLER_0_23_109,VGND,li1,56.3500,76.1600,0.000011
FILLER_0_23_102,VGND,li1,52.6700,76.1600,0.000012
FILLER_0_23_85,VGND,li1,44.8500,76.1600,0.000010
FILLER_0_23_81,VGND,li1,43.7000,76.1600,0.000010
FILLER_0_23_69,VGND,li1,40.0200,76.1600,0.000008
FILLER_0_23_57,VGND,li1,34.5000,76.1600,0.000009
FILLER_0_23_54,VGND,li1,30.8200,76.1600,0.000009
FILLER_0_23_48,VGND,li1,28.0600,76.1600,0.000010
FILLER_0_23_32,VGND,li1,20.4700,76.1600,0.000009
FILLER_0_23_28,VGND,li1,19.3200,76.1600,0.000009
FILLER_0_22_105,VGND,li1,54.5100,70.7200,0.000006
FILLER_0_22_97,VGND,li1,51.9800,70.7200,0.000006
FILLER_0_22_85,VGND,li1,47.3800,70.7200,0.000006
FILLER_0_22_83,VGND,li1,43.9300,70.7200,0.000006
FILLER_0_22_70,VGND,li1,38.4100,70.7200,0.000005
FILLER_0_22_58,VGND,li1,34.9600,70.7200,0.000005
FILLER_0_22_49,VGND,li1,28.5200,70.7200,0.000005
FILLER_0_22_41,VGND,li1,26.2200,70.7200,0.000005
FILLER_0_22_29,VGND,li1,21.6200,70.7200,0.000005
FILLER_0_22_26,VGND,li1,17.9400,70.7200,0.000004
FILLER_0_22_14,VGND,li1,14.7200,70.7200,0.000004
FILLER_0_22_7,VGND,li1,8.9700,70.7200,0.000005
FILLER_0_22_3,VGND,li1,7.8200,70.7200,0.000005
FILLER_0_21_113,VGND,li1,58.8800,70.7200,0.000006
FILLER_0_21_104,VGND,li1,55.2000,70.7200,0.000006
FILLER_0_21_95,VGND,li1,49.6800,70.7200,0.000006
FILLER_0_21_83,VGND,li1,46.4600,70.7200,0.000006
FILLER_0_21_75,VGND,li1,40.2500,70.7200,0.000006
FILLER_0_21_69,VGND,li1,38.6400,70.7200,0.000005
FILLER_0_21_57,VGND,li1,34.5000,70.7200,0.000005
FILLER_0_21_55,VGND,li1,31.0500,70.7200,0.000006
FILLER_0_21_43,VGND,li1,28.0600,70.7200,0.000005
FILLER_0_21_31,VGND,li1,22.5400,70.7200,0.000005
FILLER_0_21_19,VGND,li1,17.0200,70.7200,0.000004
FILLER_0_21_7,VGND,li1,10.5800,70.7200,0.000005
FILLER_0_20_118,VGND,li1,60.4900,65.2800,0.000009
FILLER_0_20_112,VGND,li1,57.2700,65.2800,0.000010
FILLER_0_20_108,VGND,li1,56.1200,65.2800,0.000010
FILLER_0_20_89,VGND,li1,46.6900,65.2800,0.000009
FILLER_0_20_85,VGND,li1,45.5400,65.2800,0.000009
FILLER_0_20_81,VGND,li1,43.4700,65.2800,0.000008
FILLER_0_20_71,VGND,li1,38.6400,65.2800,0.000007
FILLER_0_20_62,VGND,li1,34.5000,65.2800,0.000007
FILLER_0_20_44,VGND,li1,28.5200,65.2800,0.000007
FILLER_0_20_32,VGND,li1,23.0000,65.2800,0.000006
FILLER_0_20_27,VGND,li1,18.1700,65.2800,0.000006
FILLER_0_20_15,VGND,li1,15.1800,65.2800,0.000005
FILLER_0_20_3,VGND,li1,9.6600,65.2800,0.000005
FILLER_0_19_122,VGND,li1,62.3300,65.2800,0.000009
FILLER_0_19_107,VGND,li1,54.9700,65.2800,0.000010
FILLER_0_19_103,VGND,li1,53.8200,65.2800,0.000010
FILLER_0_19_91,VGND,li1,50.1400,65.2800,0.000009
FILLER_0_19_81,VGND,li1,43.2400,65.2800,0.000008
FILLER_0_19_69,VGND,li1,40.0200,65.2800,0.000007
FILLER_0_19_57,VGND,li1,34.5000,65.2800,0.000007
FILLER_0_19_53,VGND,li1,30.5900,65.2800,0.000007
FILLER_0_19_39,VGND,li1,24.8400,65.2800,0.000007
FILLER_0_19_27,VGND,li1,20.7000,65.2800,0.000006
FILLER_0_19_15,VGND,li1,15.1800,65.2800,0.000005
FILLER_0_19_7,VGND,li1,8.9700,65.2800,0.000005
FILLER_0_18_119,VGND,li1,60.4900,59.8400,0.000010
FILLER_0_18_115,VGND,li1,59.3400,59.8400,0.000010
FILLER_0_18_102,VGND,li1,54.2800,59.8400,0.000011
FILLER_0_18_90,VGND,li1,49.6800,59.8400,0.000011
FILLER_0_18_70,VGND,li1,39.1000,59.8400,0.000008
FILLER_0_18_65,VGND,li1,35.8800,59.8400,0.000010
FILLER_0_18_53,VGND,li1,31.7400,59.8400,0.000010
FILLER_0_18_41,VGND,li1,27.1400,59.8400,0.000010
FILLER_0_18_29,VGND,li1,21.6200,59.8400,0.000009
FILLER_0_18_27,VGND,li1,18.1700,59.8400,0.000008
FILLER_0_18_15,VGND,li1,15.1800,59.8400,0.000007
FILLER_0_18_3,VGND,li1,9.6600,59.8400,0.000009
FILLER_0_17_119,VGND,li1,60.7200,59.8400,0.000010
FILLER_0_17_113,VGND,li1,57.7300,59.8400,0.000011
FILLER_0_17_108,VGND,li1,56.1200,59.8400,0.000011
FILLER_0_17_96,VGND,li1,52.4400,59.8400,0.000011
FILLER_0_17_70,VGND,li1,38.6400,59.8400,0.000008
FILLER_0_17_64,VGND,li1,35.1900,59.8400,0.000010
FILLER_0_17_42,VGND,li1,26.6800,59.8400,0.000010
FILLER_0_17_33,VGND,li1,21.3900,59.8400,0.000009
FILLER_0_17_21,VGND,li1,17.0200,59.8400,0.000008
FILLER_0_17_7,VGND,li1,9.2000,59.8400,0.000009
FILLER_0_16_124,VGND,li1,62.7900,54.4000,0.000002
FILLER_0_16_120,VGND,li1,61.6400,54.4000,0.000002
FILLER_0_16_105,VGND,li1,56.5800,54.4000,0.000003
FILLER_0_16_85,VGND,li1,44.8500,54.4000,0.000003
FILLER_0_16_83,VGND,li1,43.9300,54.4000,0.000003
FILLER_0_16_71,VGND,li1,40.9400,54.4000,0.000003
FILLER_0_16_50,VGND,li1,30.3600,54.4000,0.000005
FILLER_0_16_38,VGND,li1,25.7600,54.4000,0.000005
FILLER_0_16_29,VGND,li1,19.3200,54.4000,0.000005
FILLER_0_16_22,VGND,li1,17.0200,54.4000,0.000004
FILLER_0_16_10,VGND,li1,12.8800,54.4000,0.000005
FILLER_0_15_113,VGND,li1,60.2600,54.4000,0.000002
FILLER_0_15_111,VGND,li1,56.8100,54.4000,0.000003
FILLER_0_15_105,VGND,li1,55.2000,54.4000,0.000003
FILLER_0_15_93,VGND,li1,51.0600,54.4000,0.000003
FILLER_0_15_81,VGND,li1,45.5400,54.4000,0.000003
FILLER_0_15_69,VGND,li1,40.0200,54.4000,0.000003
FILLER_0_15_61,VGND,li1,33.8100,54.4000,0.000005
FILLER_0_15_57,VGND,li1,32.6600,54.4000,0.000005
FILLER_0_15_55,VGND,li1,31.0500,54.4000,0.000005
FILLER_0_15_43,VGND,li1,28.0600,54.4000,0.000005
FILLER_0_15_31,VGND,li1,22.5400,54.4000,0.000005
FILLER_0_15_19,VGND,li1,17.0200,54.4000,0.000004
FILLER_0_15_13,VGND,li1,11.7300,54.4000,0.000005
FILLER_0_14_117,VGND,li1,61.1800,48.9600,0.000004
FILLER_0_14_110,VGND,li1,56.3500,48.9600,0.000005
FILLER_0_14_104,VGND,li1,54.7400,48.9600,0.000005
FILLER_0_14_92,VGND,li1,50.6000,48.9600,0.000005
FILLER_0_14_81,VGND,li1,43.4700,48.9600,0.000005
FILLER_0_14_69,VGND,li1,40.0200,48.9600,0.000005
FILLER_0_14_57,VGND,li1,33.1200,48.9600,0.000007
FILLER_0_14_45,VGND,li1,28.9800,48.9600,0.000008
FILLER_0_14_20,VGND,li1,16.5600,48.9600,0.000007
FILLER_0_14_3,VGND,li1,7.3600,48.9600,0.000007
FILLER_0_13_121,VGND,li1,61.4100,48.9600,0.000004
FILLER_0_13_113,VGND,li1,59.3400,48.9600,0.000004
FILLER_0_13_110,VGND,li1,56.5800,48.9600,0.000005
FILLER_0_13_98,VGND,li1,53.3600,48.9600,0.000005
FILLER_0_13_86,VGND,li1,47.8400,48.9600,0.000005
FILLER_0_13_74,VGND,li1,42.3200,48.9600,0.000005
FILLER_0_13_69,VGND,li1,37.7200,48.9600,0.000004
FILLER_0_13_57,VGND,li1,34.5000,48.9600,0.000006
FILLER_0_13_53,VGND,li1,30.5900,48.9600,0.000007
FILLER_0_13_44,VGND,li1,25.9900,48.9600,0.000008
FILLER_0_13_40,VGND,li1,24.8400,48.9600,0.000008
FILLER_0_13_28,VGND,li1,21.1600,48.9600,0.000008
FILLER_0_13_16,VGND,li1,15.6400,48.9600,0.000007
FILLER_0_12_117,VGND,li1,60.2600,43.5200,0.000008
FILLER_0_12_103,VGND,li1,54.7400,43.5200,0.000008
FILLER_0_12_93,VGND,li1,48.9900,43.5200,0.000008
FILLER_0_12_85,VGND,li1,46.4600,43.5200,0.000008
FILLER_0_12_83,VGND,li1,43.9300,43.5200,0.000007
FILLER_0_12_56,VGND,li1,32.2000,43.5200,0.000006
FILLER_0_12_44,VGND,li1,28.5200,43.5200,0.000006
FILLER_0_12_29,VGND,li1,19.0900,43.5200,0.000006
FILLER_0_12_26,VGND,li1,17.9400,43.5200,0.000006
FILLER_0_12_18,VGND,li1,15.6400,43.5200,0.000005
FILLER_0_12_6,VGND,li1,11.0400,43.5200,0.000005
FILLER_0_11_119,VGND,li1,61.6400,43.5200,0.000008
FILLER_0_11_113,VGND,li1,57.7300,43.5200,0.000008
FILLER_0_11_111,VGND,li1,56.8100,43.5200,0.000008
FILLER_0_11_99,VGND,li1,53.8200,43.5200,0.000008
FILLER_0_11_87,VGND,li1,48.3000,43.5200,0.000008
FILLER_0_11_80,VGND,li1,42.7800,43.5200,0.000007
FILLER_0_11_73,VGND,li1,39.3300,43.5200,0.000007
FILLER_0_11_69,VGND,li1,38.1800,43.5200,0.000006
FILLER_0_11_57,VGND,li1,34.5000,43.5200,0.000006
FILLER_0_11_55,VGND,li1,31.0500,43.5200,0.000006
FILLER_0_11_51,VGND,li1,29.9000,43.5200,0.000006
FILLER_0_11_39,VGND,li1,26.2200,43.5200,0.000006
FILLER_0_11_21,VGND,li1,17.9400,43.5200,0.000006
FILLER_0_11_9,VGND,li1,12.4200,43.5200,0.000005
FILLER_0_10_123,VGND,li1,62.5600,38.0800,0.000004
FILLER_0_10_113,VGND,li1,58.4200,38.0800,0.000005
FILLER_0_10_101,VGND,li1,54.7400,38.0800,0.000005
FILLER_0_10_89,VGND,li1,49.2200,38.0800,0.000006
FILLER_0_10_82,VGND,li1,43.7000,38.0800,0.000006
FILLER_0_10_70,VGND,li1,40.4800,38.0800,0.000005
FILLER_0_10_57,VGND,li1,32.2000,38.0800,0.000007
FILLER_0_10_45,VGND,li1,28.9800,38.0800,0.000007
FILLER_0_10_35,VGND,li1,21.8500,38.0800,0.000005
FILLER_0_10_29,VGND,li1,20.2400,38.0800,0.000005
FILLER_0_10_27,VGND,li1,18.1700,38.0800,0.000005
FILLER_0_10_15,VGND,li1,15.1800,38.0800,0.000004
FILLER_0_10_3,VGND,li1,9.6600,38.0800,0.000005
FILLER_0_9_119,VGND,li1,61.6400,38.0800,0.000004
FILLER_0_9_111,VGND,li1,56.8100,38.0800,0.000005
FILLER_0_9_107,VGND,li1,55.6600,38.0800,0.000005
FILLER_0_9_95,VGND,li1,49.4500,38.0800,0.000006
FILLER_0_9_91,VGND,li1,48.3000,38.0800,0.000006
FILLER_0_9_79,VGND,li1,44.6200,38.0800,0.000006
FILLER_0_9_67,VGND,li1,39.1000,38.0800,0.000005
FILLER_0_9_57,VGND,li1,32.2000,38.0800,0.000007
FILLER_0_9_48,VGND,li1,27.8300,38.0800,0.000007
FILLER_0_9_36,VGND,li1,24.8400,38.0800,0.000006
FILLER_0_9_24,VGND,li1,19.3200,38.0800,0.000005
FILLER_0_9_12,VGND,li1,13.8000,38.0800,0.000004
FILLER_0_9_3,VGND,li1,7.5900,38.0800,0.000005
FILLER_0_8_116,VGND,li1,59.5700,32.6400,0.000008
FILLER_0_8_104,VGND,li1,56.1200,32.6400,0.000009
FILLER_0_8_92,VGND,li1,48.3000,32.6400,0.000008
FILLER_0_8_81,VGND,li1,43.4700,32.6400,0.000007
FILLER_0_8_48,VGND,li1,28.2900,32.6400,0.000006
FILLER_0_8_36,VGND,li1,24.8400,32.6400,0.000006
FILLER_0_8_29,VGND,li1,19.0900,32.6400,0.000005
FILLER_0_8_27,VGND,li1,18.1700,32.6400,0.000005
FILLER_0_8_19,VGND,li1,16.1000,32.6400,0.000005
FILLER_0_8_7,VGND,li1,11.5000,32.6400,0.000006
FILLER_0_7_122,VGND,li1,62.3300,32.6400,0.000008
FILLER_0_7_103,VGND,li1,53.3600,32.6400,0.000008
FILLER_0_7_95,VGND,li1,51.0600,32.6400,0.000008
FILLER_0_7_76,VGND,li1,41.8600,32.6400,0.000007
FILLER_0_7_57,VGND,li1,32.2000,32.6400,0.000006
FILLER_0_7_48,VGND,li1,29.4400,32.6400,0.000006
FILLER_0_7_36,VGND,li1,24.8400,32.6400,0.000006
FILLER_0_7_24,VGND,li1,19.3200,32.6400,0.000005
FILLER_0_7_12,VGND,li1,11.9600,32.6400,0.000006
FILLER_0_7_3,VGND,li1,7.3600,32.6400,0.000006
FILLER_0_6_121,VGND,li1,62.1000,27.2000,0.000002
FILLER_0_6_109,VGND,li1,58.4200,27.2000,0.000002
FILLER_0_6_97,VGND,li1,52.9000,27.2000,0.000003
FILLER_0_6_85,VGND,li1,47.3800,27.2000,0.000003
FILLER_0_6_83,VGND,li1,43.9300,27.2000,0.000003
FILLER_0_6_69,VGND,li1,37.4900,27.2000,0.000002
FILLER_0_6_65,VGND,li1,36.3400,27.2000,0.000002
FILLER_0_6_53,VGND,li1,32.6600,27.2000,0.000003
FILLER_0_6_41,VGND,li1,27.1400,27.2000,0.000003
FILLER_0_6_33,VGND,li1,20.9300,27.2000,0.000004
FILLER_0_6_27,VGND,li1,18.1700,27.2000,0.000004
FILLER_0_6_15,VGND,li1,15.1800,27.2000,0.000004
FILLER_0_6_7,VGND,li1,8.9700,27.2000,0.000005
FILLER_0_5_111,VGND,li1,56.8100,27.2000,0.000002
FILLER_0_5_99,VGND,li1,53.8200,27.2000,0.000003
FILLER_0_5_87,VGND,li1,48.3000,27.2000,0.000003
FILLER_0_5_81,VGND,li1,43.4700,27.2000,0.000003
FILLER_0_5_69,VGND,li1,40.0200,27.2000,0.000002
FILLER_0_5_57,VGND,li1,34.5000,27.2000,0.000003
FILLER_0_5_55,VGND,li1,31.0500,27.2000,0.000003
FILLER_0_5_49,VGND,li1,29.4400,27.2000,0.000003
FILLER_0_5_37,VGND,li1,25.3000,27.2000,0.000003
FILLER_0_5_25,VGND,li1,19.7800,27.2000,0.000004
FILLER_0_5_13,VGND,li1,14.2600,27.2000,0.000004
FILLER_0_5_3,VGND,li1,7.1300,27.2000,0.000005
FILLER_0_4_124,VGND,li1,62.7900,21.7600,0.000007
FILLER_0_4_111,VGND,li1,57.9600,21.7600,0.000008
FILLER_0_4_95,VGND,li1,51.9800,21.7600,0.000008
FILLER_0_4_82,VGND,li1,43.7000,21.7600,0.000006
FILLER_0_4_70,VGND,li1,40.4800,21.7600,0.000006
FILLER_0_4_58,VGND,li1,34.9600,21.7600,0.000006
FILLER_0_4_46,VGND,li1,29.4400,21.7600,0.000007
FILLER_0_4_34,VGND,li1,23.9200,21.7600,0.000008
FILLER_0_4_27,VGND,li1,18.1700,21.7600,0.000006
FILLER_0_4_15,VGND,li1,15.1800,21.7600,0.000005
FILLER_0_4_3,VGND,li1,9.6600,21.7600,0.000005
FILLER_0_3_100,VGND,li1,54.2800,21.7600,0.000008
FILLER_0_3_91,VGND,li1,47.8400,21.7600,0.000007
FILLER_0_3_88,VGND,li1,46.2300,21.7600,0.000007
FILLER_0_3_76,VGND,li1,43.2400,21.7600,0.000006
FILLER_0_3_64,VGND,li1,37.7200,21.7600,0.000005
FILLER_0_3_55,VGND,li1,31.0500,21.7600,0.000007
FILLER_0_3_47,VGND,li1,28.9800,21.7600,0.000007
FILLER_0_3_19,VGND,li1,17.0200,21.7600,0.000006
FILLER_0_3_7,VGND,li1,11.5000,21.7600,0.000005
FILLER_0_2_102,VGND,li1,52.6700,16.3200,0.000009
FILLER_0_2_98,VGND,li1,51.5200,16.3200,0.000010
FILLER_0_2_82,VGND,li1,43.7000,16.3200,0.000009
FILLER_0_2_70,VGND,li1,40.4800,16.3200,0.000007
FILLER_0_2_58,VGND,li1,34.9600,16.3200,0.000009
FILLER_0_2_41,VGND,li1,24.6100,16.3200,0.000011
FILLER_0_2_29,VGND,li1,21.6200,16.3200,0.000011
FILLER_0_2_24,VGND,li1,17.4800,16.3200,0.000009
FILLER_0_2_17,VGND,li1,13.5700,16.3200,0.000008
FILLER_0_2_9,VGND,li1,11.5000,16.3200,0.000009
FILLER_0_2_3,VGND,li1,7.5900,16.3200,0.000010
FILLER_0_1_113,VGND,li1,60.2600,16.3200,0.000007
FILLER_0_1_102,VGND,li1,53.1300,16.3200,0.000009
FILLER_0_1_94,VGND,li1,50.6000,16.3200,0.000010
FILLER_0_1_82,VGND,li1,46.0000,16.3200,0.000009
FILLER_0_1_73,VGND,li1,39.3300,16.3200,0.000007
FILLER_0_1_61,VGND,li1,36.3400,16.3200,0.000009
FILLER_0_1_55,VGND,li1,31.0500,16.3200,0.000010
FILLER_0_1_50,VGND,li1,28.7500,16.3200,0.000011
FILLER_0_1_42,VGND,li1,26.6800,16.3200,0.000011
FILLER_0_1_19,VGND,li1,16.1000,16.3200,0.000009
FILLER_0_1_7,VGND,li1,11.5000,16.3200,0.000009
FILLER_0_0_118,VGND,li1,60.4900,10.8800,0.000005
FILLER_0_0_113,VGND,li1,57.7300,10.8800,0.000005
FILLER_0_0_109,VGND,li1,56.3500,10.8800,0.000005
FILLER_0_0_97,VGND,li1,52.9000,10.8800,0.000005
FILLER_0_0_85,VGND,li1,47.3800,10.8800,0.000005
FILLER_0_0_83,VGND,li1,43.9300,10.8800,0.000005
FILLER_0_0_71,VGND,li1,40.9400,10.8800,0.000005
FILLER_0_0_62,VGND,li1,34.5000,10.8800,0.000006
FILLER_0_0_55,VGND,li1,31.0500,10.8800,0.000007
FILLER_0_0_49,VGND,li1,29.4400,10.8800,0.000007
FILLER_0_0_29,VGND,li1,19.7800,10.8800,0.000006
FILLER_0_0_27,VGND,li1,18.1700,10.8800,0.000006
FILLER_0_0_23,VGND,li1,17.0200,10.8800,0.000006
FILLER_0_0_13,VGND,li1,11.7300,10.8800,0.000005
FILLER_0_0_7,VGND,li1,10.1200,10.8800,0.000005
ANTENNA_2,VGND,li1,56.5800,81.6000,0.000008
ANTENNA_1,VGND,li1,46.9200,21.7600,0.000007
rebuffer3,VGND,li1,34.9600,32.6400,0.000006
rebuffer2,VGND,li1,51.0600,32.6400,0.000008
rebuffer1,VGND,li1,37.2600,43.5200,0.000006
output27,VGND,li1,62.1000,10.8800,0.000005
output26,VGND,li1,62.1000,21.7600,0.000007
output25,VGND,li1,61.6400,32.6400,0.000008
output24,VGND,li1,62.1000,43.5200,0.000008
output23,VGND,li1,62.1000,59.8400,0.000009
output22,VGND,li1,62.1000,65.2800,0.000009
output21,VGND,li1,58.8800,81.6000,0.000008
output20,VGND,li1,62.1000,87.0400,0.000003
input19,VGND,li1,13.3400,10.8800,0.000005
input18,VGND,li1,35.8800,10.8800,0.000006
input17,VGND,li1,58.8800,10.8800,0.000005
input16,VGND,li1,9.2000,54.4000,0.000005
input15,VGND,li1,7.8200,59.8400,0.000009
input14,VGND,li1,7.8200,65.2800,0.000006
input13,VGND,li1,7.8200,70.7200,0.000005
input12,VGND,li1,9.2000,76.1600,0.000007
input11,VGND,li1,7.8200,81.6000,0.000006
input10,VGND,li1,10.3500,87.0400,0.000004
input9,VGND,li1,8.2800,87.0400,0.000004
input8,VGND,li1,7.8200,10.8800,0.000006
input7,VGND,li1,7.8200,16.3200,0.000010
input6,VGND,li1,7.8200,21.7600,0.000006
input5,VGND,li1,10.5800,27.2000,0.000005
input4,VGND,li1,7.8200,27.2000,0.000005
input3,VGND,li1,7.8200,32.6400,0.000006
input2,VGND,li1,8.2800,43.5200,0.000006
input1,VGND,li1,7.5900,43.5200,0.000006
TAP_TAPCELL_ROW_27_115,VGND,li1,57.2700,86.7480,0.000003
TAP_TAPCELL_ROW_27_114,VGND,li1,44.3900,86.7480,0.000003
TAP_TAPCELL_ROW_27_113,VGND,li1,31.5100,86.7480,0.000003
TAP_TAPCELL_ROW_27_112,VGND,li1,18.6300,86.7480,0.000003
TAP_TAPCELL_ROW_26_111,VGND,li1,44.3900,81.8910,0.000008
TAP_TAPCELL_ROW_26_110,VGND,li1,18.6300,81.8910,0.000007
TAP_TAPCELL_ROW_25_109,VGND,li1,57.2700,81.3080,0.000008
TAP_TAPCELL_ROW_25_108,VGND,li1,31.5100,81.3080,0.000009
TAP_TAPCELL_ROW_24_107,VGND,li1,44.3900,76.4510,0.000010
TAP_TAPCELL_ROW_24_106,VGND,li1,18.6300,76.4510,0.000009
TAP_TAPCELL_ROW_23_105,VGND,li1,57.2700,75.8680,0.000011
TAP_TAPCELL_ROW_23_104,VGND,li1,31.5100,75.8680,0.000009
TAP_TAPCELL_ROW_22_103,VGND,li1,44.3900,71.0110,0.000006
TAP_TAPCELL_ROW_22_102,VGND,li1,18.6300,71.0110,0.000004
TAP_TAPCELL_ROW_21_101,VGND,li1,57.2700,70.4280,0.000006
TAP_TAPCELL_ROW_21_100,VGND,li1,31.5100,70.4280,0.000006
TAP_TAPCELL_ROW_20_99,VGND,li1,44.3900,65.5710,0.000008
TAP_TAPCELL_ROW_20_98,VGND,li1,18.6300,65.5710,0.000006
TAP_TAPCELL_ROW_19_97,VGND,li1,57.2700,64.9880,0.000010
TAP_TAPCELL_ROW_19_96,VGND,li1,31.5100,64.9880,0.000007
TAP_TAPCELL_ROW_18_95,VGND,li1,44.3900,60.1310,0.000010
TAP_TAPCELL_ROW_18_94,VGND,li1,18.6300,60.1310,0.000008
TAP_TAPCELL_ROW_17_93,VGND,li1,57.2700,59.5480,0.000011
TAP_TAPCELL_ROW_17_92,VGND,li1,31.5100,59.5480,0.000010
TAP_TAPCELL_ROW_16_91,VGND,li1,44.3900,54.6910,0.000003
TAP_TAPCELL_ROW_16_90,VGND,li1,18.6300,54.6910,0.000004
TAP_TAPCELL_ROW_15_89,VGND,li1,57.2700,54.1080,0.000002
TAP_TAPCELL_ROW_15_88,VGND,li1,31.5100,54.1080,0.000005
TAP_TAPCELL_ROW_14_87,VGND,li1,44.3900,49.2510,0.000005
TAP_TAPCELL_ROW_14_86,VGND,li1,18.6300,49.2510,0.000008
TAP_TAPCELL_ROW_13_85,VGND,li1,57.2700,48.6680,0.000005
TAP_TAPCELL_ROW_13_84,VGND,li1,31.5100,48.6680,0.000007
TAP_TAPCELL_ROW_12_83,VGND,li1,44.3900,43.8110,0.000007
TAP_TAPCELL_ROW_12_82,VGND,li1,18.6300,43.8110,0.000006
TAP_TAPCELL_ROW_11_81,VGND,li1,57.2700,43.2280,0.000008
TAP_TAPCELL_ROW_11_80,VGND,li1,31.5100,43.2280,0.000006
TAP_TAPCELL_ROW_10_79,VGND,li1,44.3900,38.3710,0.000006
TAP_TAPCELL_ROW_10_78,VGND,li1,18.6300,38.3710,0.000005
TAP_TAPCELL_ROW_9_77,VGND,li1,57.2700,37.7880,0.000005
TAP_TAPCELL_ROW_9_76,VGND,li1,31.5100,37.7880,0.000007
TAP_TAPCELL_ROW_8_75,VGND,li1,44.3900,32.9310,0.000007
TAP_TAPCELL_ROW_8_74,VGND,li1,18.6300,32.9310,0.000005
TAP_TAPCELL_ROW_7_73,VGND,li1,57.2700,32.3480,0.000009
TAP_TAPCELL_ROW_7_72,VGND,li1,31.5100,32.3480,0.000006
TAP_TAPCELL_ROW_6_71,VGND,li1,44.3900,27.4910,0.000003
TAP_TAPCELL_ROW_6_70,VGND,li1,18.6300,27.4910,0.000004
TAP_TAPCELL_ROW_5_69,VGND,li1,57.2700,26.9080,0.000002
TAP_TAPCELL_ROW_5_68,VGND,li1,31.5100,26.9080,0.000003
TAP_TAPCELL_ROW_4_67,VGND,li1,44.3900,22.0510,0.000006
TAP_TAPCELL_ROW_4_66,VGND,li1,18.6300,22.0510,0.000006
TAP_TAPCELL_ROW_3_65,VGND,li1,57.2700,21.4680,0.000008
TAP_TAPCELL_ROW_3_64,VGND,li1,31.5100,21.4680,0.000007
TAP_TAPCELL_ROW_2_63,VGND,li1,44.3900,16.6110,0.000009
TAP_TAPCELL_ROW_2_62,VGND,li1,18.6300,16.6110,0.000010
TAP_TAPCELL_ROW_1_61,VGND,li1,57.2700,16.0280,0.000008
TAP_TAPCELL_ROW_1_60,VGND,li1,31.5100,16.0280,0.000010
TAP_TAPCELL_ROW_0_59,VGND,li1,57.2700,11.1710,0.000005
TAP_TAPCELL_ROW_0_58,VGND,li1,44.3900,11.1710,0.000005
TAP_TAPCELL_ROW_0_57,VGND,li1,31.5100,11.1710,0.000006
TAP_TAPCELL_ROW_0_56,VGND,li1,18.6300,11.1710,0.000006
PHY_EDGE_ROW_27_Left_55,VGND,li1,6.2100,87.0400,0.000004
PHY_EDGE_ROW_26_Left_54,VGND,li1,6.2100,81.6000,0.000006
PHY_EDGE_ROW_25_Left_53,VGND,li1,6.2100,81.6000,0.000006
PHY_EDGE_ROW_24_Left_52,VGND,li1,6.2100,76.1600,0.000007
PHY_EDGE_ROW_23_Left_51,VGND,li1,6.2100,76.1600,0.000007
PHY_EDGE_ROW_22_Left_50,VGND,li1,6.2100,70.7200,0.000005
PHY_EDGE_ROW_21_Left_49,VGND,li1,6.2100,70.7200,0.000005
PHY_EDGE_ROW_20_Left_48,VGND,li1,6.2100,65.2800,0.000006
PHY_EDGE_ROW_19_Left_47,VGND,li1,6.2100,65.2800,0.000006
PHY_EDGE_ROW_18_Left_46,VGND,li1,6.2100,59.8400,0.000009
PHY_EDGE_ROW_17_Left_45,VGND,li1,6.2100,59.8400,0.000009
PHY_EDGE_ROW_16_Left_44,VGND,li1,6.2100,54.4000,0.000005
PHY_EDGE_ROW_15_Left_43,VGND,li1,6.2100,54.4000,0.000005
PHY_EDGE_ROW_14_Left_42,VGND,li1,6.2100,48.9600,0.000007
PHY_EDGE_ROW_13_Left_41,VGND,li1,6.2100,48.9600,0.000007
PHY_EDGE_ROW_12_Left_40,VGND,li1,6.2100,43.5200,0.000006
PHY_EDGE_ROW_11_Left_39,VGND,li1,6.2100,43.5200,0.000006
PHY_EDGE_ROW_10_Left_38,VGND,li1,6.2100,38.0800,0.000005
PHY_EDGE_ROW_9_Left_37,VGND,li1,6.2100,38.0800,0.000005
PHY_EDGE_ROW_8_Left_36,VGND,li1,6.2100,32.6400,0.000006
PHY_EDGE_ROW_7_Left_35,VGND,li1,6.2100,32.6400,0.000006
PHY_EDGE_ROW_6_Left_34,VGND,li1,6.2100,27.2000,0.000005
PHY_EDGE_ROW_5_Left_33,VGND,li1,6.2100,27.2000,0.000005
PHY_EDGE_ROW_4_Left_32,VGND,li1,6.2100,21.7600,0.000006
PHY_EDGE_ROW_3_Left_31,VGND,li1,6.2100,21.7600,0.000006
PHY_EDGE_ROW_2_Left_30,VGND,li1,6.2100,16.3200,0.000010
PHY_EDGE_ROW_1_Left_29,VGND,li1,6.2100,16.3200,0.000010
PHY_EDGE_ROW_0_Left_28,VGND,li1,6.2100,10.8800,0.000006
PHY_EDGE_ROW_27_Right_27,VGND,li1,63.7100,87.0400,0.000003
PHY_EDGE_ROW_26_Right_26,VGND,li1,63.7100,81.6000,0.000006
PHY_EDGE_ROW_25_Right_25,VGND,li1,63.7100,81.6000,0.000006
PHY_EDGE_ROW_24_Right_24,VGND,li1,63.7100,76.1600,0.000007
PHY_EDGE_ROW_23_Right_23,VGND,li1,63.7100,76.1600,0.000007
PHY_EDGE_ROW_22_Right_22,VGND,li1,63.7100,70.7200,0.000004
PHY_EDGE_ROW_21_Right_21,VGND,li1,63.7100,70.7200,0.000004
PHY_EDGE_ROW_20_Right_20,VGND,li1,63.7100,65.2800,0.000009
PHY_EDGE_ROW_19_Right_19,VGND,li1,63.7100,65.2800,0.000009
PHY_EDGE_ROW_18_Right_18,VGND,li1,63.7100,59.8400,0.000008
PHY_EDGE_ROW_17_Right_17,VGND,li1,63.7100,59.8400,0.000008
PHY_EDGE_ROW_16_Right_16,VGND,li1,63.7100,54.4000,0.000002
PHY_EDGE_ROW_15_Right_15,VGND,li1,63.7100,54.4000,0.000002
PHY_EDGE_ROW_14_Right_14,VGND,li1,63.7100,48.9600,0.000003
PHY_EDGE_ROW_13_Right_13,VGND,li1,63.7100,48.9600,0.000003
PHY_EDGE_ROW_12_Right_12,VGND,li1,63.7100,43.5200,0.000006
PHY_EDGE_ROW_11_Right_11,VGND,li1,63.7100,43.5200,0.000006
PHY_EDGE_ROW_10_Right_10,VGND,li1,63.7100,38.0800,0.000004
PHY_EDGE_ROW_9_Right_9,VGND,li1,63.7100,38.0800,0.000004
PHY_EDGE_ROW_8_Right_8,VGND,li1,63.7100,32.6400,0.000007
PHY_EDGE_ROW_7_Right_7,VGND,li1,63.7100,32.6400,0.000007
PHY_EDGE_ROW_6_Right_6,VGND,li1,63.7100,27.2000,0.000002
PHY_EDGE_ROW_5_Right_5,VGND,li1,63.7100,27.2000,0.000002
PHY_EDGE_ROW_4_Right_4,VGND,li1,63.7100,21.7600,0.000007
PHY_EDGE_ROW_3_Right_3,VGND,li1,63.7100,21.7600,0.000007
PHY_EDGE_ROW_2_Right_2,VGND,li1,63.7100,16.3200,0.000005
PHY_EDGE_ROW_1_Right_1,VGND,li1,63.7100,16.3200,0.000005
PHY_EDGE_ROW_0_Right_0,VGND,li1,63.7100,10.8800,0.000005
_329_,VGND,li1,20.2400,81.6000,0.000008
_328_,VGND,li1,26.2200,21.7600,0.000008
_327_,VGND,li1,42.0900,70.7200,0.000006
_326_,VGND,li1,28.0600,65.2800,0.000007
_325_,VGND,li1,40.7100,43.5200,0.000007
_324_,VGND,li1,60.7200,32.6400,0.000008
_323_,VGND,li1,8.9700,16.3200,0.000009
_322_,VGND,li1,30.5900,70.7200,0.000006
_321_,VGND,li1,36.5700,65.2800,0.000007
_320_,VGND,li1,13.3400,70.7200,0.000004
_319_,VGND,li1,14.7200,32.6400,0.000005
_318_,VGND,li1,57.9600,48.9600,0.000005
_317_,VGND,li1,45.5400,65.2800,0.000009
_316_,VGND,li1,38.8700,76.1600,0.000008
_315_,VGND,li1,54.7400,16.3200,0.000009
_314_,VGND,li1,8.5100,54.4000,0.000005
_313_,VGND,li1,36.8000,81.6000,0.000008
_312_,VGND,li1,21.1600,21.7600,0.000007
_311_,VGND,li1,29.4400,76.1600,0.000010
_310_,VGND,li1,34.5000,38.0800,0.000007
_309_,VGND,li1,21.3900,54.4000,0.000005
_308_,VGND,li1,22.5400,76.1600,0.000010
_307_,VGND,li1,33.3500,21.7600,0.000006
_306_,VGND,li1,32.6600,16.3200,0.000010
_305_,VGND,li1,59.1100,43.5200,0.000008
_304_,VGND,li1,59.1100,81.6000,0.000008
_303_,VGND,li1,40.9400,43.5200,0.000007
_302_,VGND,li1,19.7800,16.3200,0.000010
_301_,VGND,li1,49.9100,21.7600,0.000007
_300_,VGND,li1,22.7700,81.6000,0.000009
_299_,VGND,li1,42.3200,59.8400,0.000009
_298_,VGND,li1,9.6600,48.9600,0.000007
_297_,VGND,li1,59.1100,27.2000,0.000002
_296_,VGND,li1,52.9000,54.4000,0.000003
_295_,VGND,li1,10.8100,27.2000,0.000005
_294_,VGND,li1,43.4700,76.1600,0.000010
_293_,VGND,li1,32.6600,65.2800,0.000007
_292_,VGND,li1,48.7600,65.2800,0.000009
_291_,VGND,li1,50.1400,54.4000,0.000003
_290_,VGND,li1,57.9600,43.5200,0.000008
_289_,VGND,li1,11.2700,59.8400,0.000008
_288_,VGND,li1,43.0100,43.5200,0.000007
_287_,VGND,li1,20.9300,43.5200,0.000006
_286_,VGND,li1,23.2300,16.3200,0.000011
_285_,VGND,li1,54.0500,38.0800,0.000005
_284_,VGND,li1,35.8800,48.9600,0.000006
_283_,VGND,li1,29.9000,59.8400,0.000010
_282_,VGND,li1,8.5100,27.2000,0.000005
_281_,VGND,li1,40.7100,16.3200,0.000008
_280_,VGND,li1,45.5400,38.0800,0.000006
_279_,VGND,li1,29.6700,38.0800,0.000007
_278_,VGND,li1,20.7000,32.6400,0.000006
_277_,VGND,li1,46.2300,32.6400,0.000008
_276_,VGND,li1,60.0300,54.4000,0.000002
_275_,VGND,li1,44.8500,27.2000,0.000003
_274_,VGND,li1,46.9200,76.1600,0.000012
_273_,VGND,li1,29.9000,16.3200,0.000011
_272_,VGND,li1,59.3400,21.7600,0.000008
_271_,VGND,li1,35.6500,54.4000,0.000005
_270_,VGND,li1,56.1200,65.2800,0.000010
_269_,VGND,li1,38.8700,32.6400,0.000006
_268_,VGND,li1,22.0800,43.5200,0.000006
_267_,VGND,li1,25.5300,16.3200,0.000011
_266_,VGND,li1,13.8000,76.1600,0.000007
_265_,VGND,li1,20.0100,21.7600,0.000007
_264_,VGND,li1,34.0400,76.1600,0.000009
_263_,VGND,li1,25.0700,87.0400,0.000003
_262_,VGND,li1,61.1800,81.6000,0.000007
_261_,VGND,li1,34.2700,38.0800,0.000007
_260_,VGND,li1,54.0500,76.1600,0.000012
_259_,VGND,li1,56.3500,16.3200,0.000009
_258_,VGND,li1,37.0300,59.8400,0.000009
_257_,VGND,li1,46.6900,54.4000,0.000003
_256_,VGND,li1,50.8300,81.6000,0.000008
_255_,VGND,li1,60.7200,76.1600,0.000009
_254_,VGND,li1,59.8000,76.1600,0.000009
_253_,VGND,li1,13.1100,54.4000,0.000005
_252_,VGND,li1,19.7800,27.2000,0.000004
_251_,VGND,li1,29.2100,48.9600,0.000007
_250_,VGND,li1,40.9400,59.8400,0.000009
_249_,VGND,li1,27.3700,48.9600,0.000008
_248_,VGND,li1,22.5400,48.9600,0.000008
_247_,VGND,li1,61.8700,59.8400,0.000009
_246_,VGND,li1,45.7700,59.8400,0.000010
_245_,VGND,li1,48.9900,59.8400,0.000011
_244_,VGND,li1,15.4100,10.8800,0.000006
_243_,VGND,li1,9.4300,32.6400,0.000006
_242_,VGND,li1,52.2100,65.2800,0.000010
_241_,VGND,li1,35.1900,54.4000,0.000005
_240_,VGND,li1,29.2100,16.3200,0.000011
_239_,VGND,li1,24.3800,10.8800,0.000007
_238_,VGND,li1,40.9400,65.2800,0.000008
_237_,VGND,li1,62.3300,48.9600,0.000004
_236_,VGND,li1,27.8300,81.6000,0.000009
_235_,VGND,li1,39.5600,81.6000,0.000007
_234_,VGND,li1,61.8700,27.2000,0.000002
_233_,VGND,li1,41.1700,32.6400,0.000007
_232_,VGND,li1,60.0300,16.3200,0.000007
_231_,VGND,li1,13.1100,48.9600,0.000006
_230_,VGND,li1,44.3900,43.5200,0.000007
_229_,VGND,li1,40.7100,27.2000,0.000002
_228_,VGND,li1,54.5100,65.2800,0.000010
_227_,VGND,li1,38.8700,87.0400,0.000003
_226_,VGND,li1,36.5700,59.8400,0.000009
_225_,VGND,li1,46.2300,48.9600,0.000005
_224_,VGND,li1,30.3600,32.6400,0.000006
_223_,VGND,li1,35.6500,32.6400,0.000006
_222_,VGND,li1,48.7600,76.1600,0.000012
_221_,VGND,li1,17.4800,76.1600,0.000009
_220_,VGND,li1,35.8800,87.0400,0.000003
_219_,VGND,li1,42.0900,81.6000,0.000007
_218_,VGND,li1,42.7800,70.7200,0.000006
_217_,VGND,li1,19.7800,59.8400,0.000009
_216_,VGND,li1,30.1300,76.1600,0.000009
_215_,VGND,li1,55.6600,21.7600,0.000008
_214_,VGND,li1,51.2900,43.5200,0.000008
_213_,VGND,li1,59.5700,65.2800,0.000009
_212_,VGND,li1,25.5300,38.0800,0.000006
_211_,VGND,li1,24.1500,43.5200,0.000006
_210_,VGND,li1,25.7600,76.1600,0.000010
_209_,VGND,li1,55.4300,32.6400,0.000009
_208_,VGND,li1,36.8000,38.0800,0.000006
_207_,VGND,li1,45.3100,59.8400,0.000010
_206_,VGND,li1,58.6500,32.6400,0.000009
_205_,VGND,li1,23.2300,76.1600,0.000010
_204_,VGND,li1,15.4100,76.1600,0.000008
_203_,VGND,li1,23.4600,38.0800,0.000006
_202_,VGND,li1,42.5500,16.3200,0.000009
_201_,VGND,li1,34.2700,43.5200,0.000006
_200_,VGND,li1,51.7500,70.7200,0.000006
_199_,VGND,li1,61.8700,81.6000,0.000007
_198_,VGND,li1,25.9900,76.1600,0.000010
_197_,VGND,li1,34.7300,81.6000,0.000009
_196_,VGND,li1,20.2400,81.6000,0.000008
_195_,VGND,li1,38.8700,48.9600,0.000004
_194_,VGND,li1,47.6100,16.3200,0.000010
_193_,VGND,li1,33.3500,59.8400,0.000010
_192_,VGND,li1,12.8800,76.1600,0.000007
_191_,VGND,li1,9.8900,48.9600,0.000007
_190_,VGND,li1,59.1100,70.7200,0.000005
_189_,VGND,li1,59.1100,59.8400,0.000010
_188_,VGND,li1,23.4600,59.8400,0.000010
_187_,VGND,li1,12.8800,81.6000,0.000006
_186_,VGND,li1,60.7200,38.0800,0.000004
_185_,VGND,li1,58.6500,65.2800,0.000010
_184_,VGND,li1,51.5200,38.0800,0.000006
_183_,VGND,li1,54.2800,76.1600,0.000012
_182_,VGND,li1,46.2300,32.6400,0.000008
_181_,VGND,li1,57.2700,59.8400,0.000011
_180_,VGND,li1,34.5000,59.8400,0.000010
_179_,VGND,li1,10.8100,65.2800,0.000005
_178_,VGND,li1,61.6400,70.7200,0.000005
_177_,VGND,li1,60.9500,21.7600,0.000008
_176_,VGND,li1,37.4900,10.8800,0.000005
_175_,VGND,li1,40.4800,70.7200,0.000006
_174_,VGND,li1,10.8100,81.6000,0.000006
_173_,VGND,li1,34.5000,81.6000,0.000009
_172_,VGND,li1,46.9200,21.7600,0.000007
_171_,VGND,li1,9.6600,38.0800,0.000005
_170_,VGND,li1,58.8800,38.0800,0.000005
_169_,VGND,li1,10.5800,70.7200,0.000005
_168_,VGND,li1,22.7700,27.2000,0.000004
_167_,VGND,li1,54.5100,81.6000,0.000008
_166_,VGND,li1,23.9200,21.7600,0.000008
_165_,VGND,li1,54.9700,16.3200,0.000009
_164_,VGND,li1,19.5500,65.2800,0.000006
_163_,VGND,li1,15.1800,16.3200,0.000008
_162_,VGND,li1,32.8900,10.8800,0.000006
_161_,VGND,li1,14.0300,59.8400,0.000007
