Instance,Terminal,Layer,X location,Y location,Voltage
FILLER_0_27_113,VPWR,li1,59.3400,84.3200,1.799992
FILLER_0_27_109,VPWR,li1,56.3500,84.3200,1.799992
FILLER_0_27_97,VPWR,li1,52.9000,84.3200,1.799992
FILLER_0_27_85,VPWR,li1,47.3800,84.3200,1.799993
FILLER_0_27_83,VPWR,li1,43.9300,84.3200,1.799993
FILLER_0_27_75,VPWR,li1,41.8600,84.3200,1.799993
FILLER_0_27_61,VPWR,li1,33.8100,84.3200,1.799993
FILLER_0_27_57,VPWR,li1,32.6600,84.3200,1.799993
FILLER_0_27_53,VPWR,li1,30.5900,84.3200,1.799993
FILLER_0_27_45,VPWR,li1,28.0600,84.3200,1.799992
FILLER_0_27_37,VPWR,li1,23.2300,84.3200,1.799992
FILLER_0_27_29,VPWR,li1,20.7000,84.3200,1.799993
FILLER_0_27_24,VPWR,li1,17.4800,84.3200,1.799994
FILLER_0_27_12,VPWR,li1,13.8000,84.3200,1.799995
FILLER_0_26_124,VPWR,li1,62.7900,84.3200,1.799992
FILLER_0_26_112,VPWR,li1,57.5000,84.3200,1.799992
FILLER_0_26_108,VPWR,li1,55.6600,84.3200,1.799992
FILLER_0_26_97,VPWR,li1,51.9800,84.3200,1.799992
FILLER_0_26_85,VPWR,li1,47.3800,84.3200,1.799993
FILLER_0_26_76,VPWR,li1,42.3200,84.3200,1.799993
FILLER_0_26_71,VPWR,li1,38.4100,84.3200,1.799993
FILLER_0_26_67,VPWR,li1,37.2600,84.3200,1.799993
FILLER_0_26_52,VPWR,li1,31.2800,84.3200,1.799993
FILLER_0_26_44,VPWR,li1,25.9900,84.3200,1.799992
FILLER_0_26_40,VPWR,li1,24.8400,84.3200,1.799992
FILLER_0_26_27,VPWR,li1,18.1700,84.3200,1.799993
FILLER_0_26_19,VPWR,li1,16.1000,84.3200,1.799994
FILLER_0_26_9,VPWR,li1,9.8900,84.3200,1.799995
FILLER_0_26_3,VPWR,li1,8.2800,84.3200,1.799995
FILLER_0_25_124,VPWR,li1,62.7900,78.8800,1.799993
FILLER_0_25_120,VPWR,li1,60.9500,78.8800,1.799993
FILLER_0_25_111,VPWR,li1,56.8100,78.8800,1.799992
FILLER_0_25_105,VPWR,li1,55.2000,78.8800,1.799991
FILLER_0_25_91,VPWR,li1,47.6100,78.8800,1.799989
FILLER_0_25_83,VPWR,li1,45.5400,78.8800,1.799989
FILLER_0_25_70,VPWR,li1,39.1000,78.8800,1.799991
FILLER_0_25_57,VPWR,li1,32.4300,78.8800,1.799992
FILLER_0_25_54,VPWR,li1,30.8200,78.8800,1.799992
FILLER_0_25_46,VPWR,li1,28.5200,78.8800,1.799992
FILLER_0_25_34,VPWR,li1,23.9200,78.8800,1.799993
FILLER_0_25_27,VPWR,li1,18.6300,78.8800,1.799994
FILLER_0_25_19,VPWR,li1,16.1000,78.8800,1.799994
FILLER_0_25_7,VPWR,li1,11.5000,78.8800,1.799995
FILLER_0_24_124,VPWR,li1,62.7900,78.8800,1.799993
FILLER_0_24_80,VPWR,li1,42.5500,78.8800,1.799990
FILLER_0_24_76,VPWR,li1,41.4000,78.8800,1.799990
FILLER_0_24_68,VPWR,li1,37.0300,78.8800,1.799992
FILLER_0_24_64,VPWR,li1,35.8800,78.8800,1.799993
FILLER_0_24_57,VPWR,li1,32.4300,78.8800,1.799992
FILLER_0_24_47,VPWR,li1,27.8300,78.8800,1.799992
FILLER_0_24_35,VPWR,li1,21.8500,78.8800,1.799993
FILLER_0_24_29,VPWR,li1,20.2400,78.8800,1.799994
FILLER_0_24_20,VPWR,li1,16.5600,78.8800,1.799994
FILLER_0_24_15,VPWR,li1,12.6500,78.8800,1.799995
FILLER_0_24_3,VPWR,li1,9.6600,78.8800,1.799996
FILLER_0_23_123,VPWR,li1,62.5600,73.4400,1.799994
FILLER_0_23_109,VPWR,li1,56.3500,73.4400,1.799994
FILLER_0_23_102,VPWR,li1,52.6700,73.4400,1.799993
FILLER_0_23_85,VPWR,li1,44.8500,73.4400,1.799993
FILLER_0_23_81,VPWR,li1,43.7000,73.4400,1.799993
FILLER_0_23_69,VPWR,li1,40.0200,73.4400,1.799994
FILLER_0_23_57,VPWR,li1,34.5000,73.4400,1.799995
FILLER_0_23_54,VPWR,li1,30.8200,73.4400,1.799993
FILLER_0_23_48,VPWR,li1,28.0600,73.4400,1.799993
FILLER_0_23_32,VPWR,li1,20.4700,73.4400,1.799993
FILLER_0_23_28,VPWR,li1,19.3200,73.4400,1.799993
FILLER_0_22_105,VPWR,li1,54.5100,73.4400,1.799993
FILLER_0_22_97,VPWR,li1,51.9800,73.4400,1.799993
FILLER_0_22_85,VPWR,li1,47.3800,73.4400,1.799993
FILLER_0_22_83,VPWR,li1,43.9300,73.4400,1.799993
FILLER_0_22_70,VPWR,li1,38.4100,73.4400,1.799994
FILLER_0_22_58,VPWR,li1,34.9600,73.4400,1.799995
FILLER_0_22_49,VPWR,li1,28.5200,73.4400,1.799993
FILLER_0_22_41,VPWR,li1,26.2200,73.4400,1.799993
FILLER_0_22_29,VPWR,li1,21.6200,73.4400,1.799993
FILLER_0_22_26,VPWR,li1,17.9400,73.4400,1.799993
FILLER_0_22_14,VPWR,li1,14.7200,73.4400,1.799993
FILLER_0_22_7,VPWR,li1,8.9700,73.4400,1.799994
FILLER_0_22_3,VPWR,li1,7.8200,73.4400,1.799994
FILLER_0_21_113,VPWR,li1,58.8800,68.0000,1.799989
FILLER_0_21_104,VPWR,li1,55.2000,68.0000,1.799988
FILLER_0_21_95,VPWR,li1,49.6800,68.0000,1.799987
FILLER_0_21_83,VPWR,li1,46.4600,68.0000,1.799988
FILLER_0_21_75,VPWR,li1,40.2500,68.0000,1.799990
FILLER_0_21_69,VPWR,li1,38.6400,68.0000,1.799990
FILLER_0_21_57,VPWR,li1,34.5000,68.0000,1.799992
FILLER_0_21_55,VPWR,li1,31.0500,68.0000,1.799992
FILLER_0_21_43,VPWR,li1,28.0600,68.0000,1.799992
FILLER_0_21_31,VPWR,li1,22.5400,68.0000,1.799993
FILLER_0_21_19,VPWR,li1,17.0200,68.0000,1.799993
FILLER_0_21_7,VPWR,li1,10.5800,68.0000,1.799995
FILLER_0_20_118,VPWR,li1,60.4900,68.0000,1.799990
FILLER_0_20_112,VPWR,li1,57.2700,68.0000,1.799989
FILLER_0_20_108,VPWR,li1,56.1200,68.0000,1.799988
FILLER_0_20_89,VPWR,li1,46.6900,68.0000,1.799988
FILLER_0_20_85,VPWR,li1,45.5400,68.0000,1.799988
FILLER_0_20_81,VPWR,li1,43.4700,68.0000,1.799988
FILLER_0_20_71,VPWR,li1,38.6400,68.0000,1.799990
FILLER_0_20_62,VPWR,li1,34.5000,68.0000,1.799992
FILLER_0_20_44,VPWR,li1,28.5200,68.0000,1.799992
FILLER_0_20_32,VPWR,li1,23.0000,68.0000,1.799993
FILLER_0_20_27,VPWR,li1,18.1700,68.0000,1.799993
FILLER_0_20_15,VPWR,li1,15.1800,68.0000,1.799994
FILLER_0_20_3,VPWR,li1,9.6600,68.0000,1.799995
FILLER_0_19_122,VPWR,li1,62.3300,62.5600,1.799995
FILLER_0_19_107,VPWR,li1,54.9700,62.5600,1.799994
FILLER_0_19_103,VPWR,li1,53.8200,62.5600,1.799994
FILLER_0_19_91,VPWR,li1,50.1400,62.5600,1.799994
FILLER_0_19_81,VPWR,li1,43.2400,62.5600,1.799995
FILLER_0_19_69,VPWR,li1,40.0200,62.5600,1.799995
FILLER_0_19_57,VPWR,li1,34.5000,62.5600,1.799997
FILLER_0_19_53,VPWR,li1,30.5900,62.5600,1.799996
FILLER_0_19_39,VPWR,li1,24.8400,62.5600,1.799996
FILLER_0_19_27,VPWR,li1,20.7000,62.5600,1.799997
FILLER_0_19_15,VPWR,li1,15.1800,62.5600,1.799997
FILLER_0_19_7,VPWR,li1,8.9700,62.5600,1.799997
FILLER_0_18_119,VPWR,li1,60.4900,62.5600,1.799995
FILLER_0_18_115,VPWR,li1,59.3400,62.5600,1.799995
FILLER_0_18_102,VPWR,li1,54.2800,62.5600,1.799994
FILLER_0_18_90,VPWR,li1,49.6800,62.5600,1.799994
FILLER_0_18_70,VPWR,li1,39.1000,62.5600,1.799995
FILLER_0_18_65,VPWR,li1,35.8800,62.5600,1.799997
FILLER_0_18_53,VPWR,li1,31.7400,62.5600,1.799996
FILLER_0_18_41,VPWR,li1,27.1400,62.5600,1.799996
FILLER_0_18_29,VPWR,li1,21.6200,62.5600,1.799997
FILLER_0_18_27,VPWR,li1,18.1700,62.5600,1.799997
FILLER_0_18_15,VPWR,li1,15.1800,62.5600,1.799997
FILLER_0_18_3,VPWR,li1,9.6600,62.5600,1.799997
FILLER_0_17_119,VPWR,li1,60.7200,57.1200,1.799994
FILLER_0_17_113,VPWR,li1,57.7300,57.1200,1.799993
FILLER_0_17_108,VPWR,li1,56.1200,57.1200,1.799993
FILLER_0_17_96,VPWR,li1,52.4400,57.1200,1.799993
FILLER_0_17_70,VPWR,li1,38.6400,57.1200,1.799994
FILLER_0_17_64,VPWR,li1,35.1900,57.1200,1.799994
FILLER_0_17_42,VPWR,li1,26.6800,57.1200,1.799993
FILLER_0_17_33,VPWR,li1,21.3900,57.1200,1.799992
FILLER_0_17_21,VPWR,li1,17.0200,57.1200,1.799992
FILLER_0_17_7,VPWR,li1,9.2000,57.1200,1.799993
FILLER_0_16_124,VPWR,li1,62.7900,57.1200,1.799993
FILLER_0_16_120,VPWR,li1,61.6400,57.1200,1.799993
FILLER_0_16_105,VPWR,li1,56.5800,57.1200,1.799993
FILLER_0_16_85,VPWR,li1,44.8500,57.1200,1.799993
FILLER_0_16_83,VPWR,li1,43.9300,57.1200,1.799993
FILLER_0_16_71,VPWR,li1,40.9400,57.1200,1.799993
FILLER_0_16_50,VPWR,li1,30.3600,57.1200,1.799993
FILLER_0_16_38,VPWR,li1,25.7600,57.1200,1.799993
FILLER_0_16_29,VPWR,li1,19.3200,57.1200,1.799992
FILLER_0_16_22,VPWR,li1,17.0200,57.1200,1.799992
FILLER_0_16_10,VPWR,li1,12.8800,57.1200,1.799993
FILLER_0_15_113,VPWR,li1,60.2600,51.6800,1.799998
FILLER_0_15_111,VPWR,li1,56.8100,51.6800,1.799997
FILLER_0_15_105,VPWR,li1,55.2000,51.6800,1.799997
FILLER_0_15_93,VPWR,li1,51.0600,51.6800,1.799997
FILLER_0_15_81,VPWR,li1,45.5400,51.6800,1.799997
FILLER_0_15_69,VPWR,li1,40.0200,51.6800,1.799998
FILLER_0_15_61,VPWR,li1,33.8100,51.6800,1.799998
FILLER_0_15_57,VPWR,li1,32.6600,51.6800,1.799998
FILLER_0_15_55,VPWR,li1,31.0500,51.6800,1.799998
FILLER_0_15_43,VPWR,li1,28.0600,51.6800,1.799998
FILLER_0_15_31,VPWR,li1,22.5400,51.6800,1.799998
FILLER_0_15_19,VPWR,li1,17.0200,51.6800,1.799997
FILLER_0_15_13,VPWR,li1,11.7300,51.6800,1.799997
FILLER_0_14_117,VPWR,li1,61.1800,51.6800,1.799998
FILLER_0_14_110,VPWR,li1,56.3500,51.6800,1.799997
FILLER_0_14_104,VPWR,li1,54.7400,51.6800,1.799997
FILLER_0_14_92,VPWR,li1,50.6000,51.6800,1.799997
FILLER_0_14_81,VPWR,li1,43.4700,51.6800,1.799997
FILLER_0_14_69,VPWR,li1,40.0200,51.6800,1.799998
FILLER_0_14_57,VPWR,li1,33.1200,51.6800,1.799998
FILLER_0_14_45,VPWR,li1,28.9800,51.6800,1.799998
FILLER_0_14_20,VPWR,li1,16.5600,51.6800,1.799997
FILLER_0_14_3,VPWR,li1,7.3600,51.6800,1.799998
FILLER_0_13_121,VPWR,li1,61.4100,46.2400,1.799992
FILLER_0_13_113,VPWR,li1,59.3400,46.2400,1.799993
FILLER_0_13_110,VPWR,li1,56.5800,46.2400,1.799993
FILLER_0_13_98,VPWR,li1,53.3600,46.2400,1.799993
FILLER_0_13_86,VPWR,li1,47.8400,46.2400,1.799993
FILLER_0_13_74,VPWR,li1,42.3200,46.2400,1.799993
FILLER_0_13_69,VPWR,li1,37.7200,46.2400,1.799994
FILLER_0_13_57,VPWR,li1,34.5000,46.2400,1.799995
FILLER_0_13_53,VPWR,li1,30.5900,46.2400,1.799994
FILLER_0_13_44,VPWR,li1,25.9900,46.2400,1.799993
FILLER_0_13_40,VPWR,li1,24.8400,46.2400,1.799993
FILLER_0_13_28,VPWR,li1,21.1600,46.2400,1.799993
FILLER_0_13_16,VPWR,li1,15.6400,46.2400,1.799994
FILLER_0_12_117,VPWR,li1,60.2600,46.2400,1.799993
FILLER_0_12_103,VPWR,li1,54.7400,46.2400,1.799993
FILLER_0_12_93,VPWR,li1,48.9900,46.2400,1.799993
FILLER_0_12_85,VPWR,li1,46.4600,46.2400,1.799993
FILLER_0_12_83,VPWR,li1,43.9300,46.2400,1.799993
FILLER_0_12_56,VPWR,li1,32.2000,46.2400,1.799994
FILLER_0_12_44,VPWR,li1,28.5200,46.2400,1.799993
FILLER_0_12_29,VPWR,li1,19.0900,46.2400,1.799994
FILLER_0_12_26,VPWR,li1,17.9400,46.2400,1.799994
FILLER_0_12_18,VPWR,li1,15.6400,46.2400,1.799994
FILLER_0_12_6,VPWR,li1,11.0400,46.2400,1.799995
FILLER_0_11_119,VPWR,li1,61.6400,40.8000,1.799996
FILLER_0_11_113,VPWR,li1,57.7300,40.8000,1.799995
FILLER_0_11_111,VPWR,li1,56.8100,40.8000,1.799995
FILLER_0_11_99,VPWR,li1,53.8200,40.8000,1.799995
FILLER_0_11_87,VPWR,li1,48.3000,40.8000,1.799994
FILLER_0_11_80,VPWR,li1,42.7800,40.8000,1.799994
FILLER_0_11_73,VPWR,li1,39.3300,40.8000,1.799994
FILLER_0_11_69,VPWR,li1,38.1800,40.8000,1.799994
FILLER_0_11_57,VPWR,li1,34.5000,40.8000,1.799995
FILLER_0_11_55,VPWR,li1,31.0500,40.8000,1.799995
FILLER_0_11_51,VPWR,li1,29.9000,40.8000,1.799995
FILLER_0_11_39,VPWR,li1,26.2200,40.8000,1.799995
FILLER_0_11_21,VPWR,li1,17.9400,40.8000,1.799996
FILLER_0_11_9,VPWR,li1,12.4200,40.8000,1.799996
FILLER_0_10_123,VPWR,li1,62.5600,40.8000,1.799996
FILLER_0_10_113,VPWR,li1,58.4200,40.8000,1.799995
FILLER_0_10_101,VPWR,li1,54.7400,40.8000,1.799995
FILLER_0_10_89,VPWR,li1,49.2200,40.8000,1.799994
FILLER_0_10_82,VPWR,li1,43.7000,40.8000,1.799994
FILLER_0_10_70,VPWR,li1,40.4800,40.8000,1.799994
FILLER_0_10_57,VPWR,li1,32.2000,40.8000,1.799995
FILLER_0_10_45,VPWR,li1,28.9800,40.8000,1.799995
FILLER_0_10_35,VPWR,li1,21.8500,40.8000,1.799995
FILLER_0_10_29,VPWR,li1,20.2400,40.8000,1.799995
FILLER_0_10_27,VPWR,li1,18.1700,40.8000,1.799996
FILLER_0_10_15,VPWR,li1,15.1800,40.8000,1.799996
FILLER_0_10_3,VPWR,li1,9.6600,40.8000,1.799996
FILLER_0_9_119,VPWR,li1,61.6400,35.3600,1.799997
FILLER_0_9_111,VPWR,li1,56.8100,35.3600,1.799996
FILLER_0_9_107,VPWR,li1,55.6600,35.3600,1.799995
FILLER_0_9_95,VPWR,li1,49.4500,35.3600,1.799994
FILLER_0_9_91,VPWR,li1,48.3000,35.3600,1.799994
FILLER_0_9_79,VPWR,li1,44.6200,35.3600,1.799994
FILLER_0_9_67,VPWR,li1,39.1000,35.3600,1.799994
FILLER_0_9_57,VPWR,li1,32.2000,35.3600,1.799995
FILLER_0_9_48,VPWR,li1,27.8300,35.3600,1.799995
FILLER_0_9_36,VPWR,li1,24.8400,35.3600,1.799995
FILLER_0_9_24,VPWR,li1,19.3200,35.3600,1.799995
FILLER_0_9_12,VPWR,li1,13.8000,35.3600,1.799996
FILLER_0_9_3,VPWR,li1,7.5900,35.3600,1.799996
FILLER_0_8_116,VPWR,li1,59.5700,35.3600,1.799997
FILLER_0_8_104,VPWR,li1,56.1200,35.3600,1.799996
FILLER_0_8_92,VPWR,li1,48.3000,35.3600,1.799994
FILLER_0_8_81,VPWR,li1,43.4700,35.3600,1.799994
FILLER_0_8_48,VPWR,li1,28.2900,35.3600,1.799995
FILLER_0_8_36,VPWR,li1,24.8400,35.3600,1.799995
FILLER_0_8_29,VPWR,li1,19.0900,35.3600,1.799995
FILLER_0_8_27,VPWR,li1,18.1700,35.3600,1.799995
FILLER_0_8_19,VPWR,li1,16.1000,35.3600,1.799995
FILLER_0_8_7,VPWR,li1,11.5000,35.3600,1.799996
FILLER_0_7_122,VPWR,li1,62.3300,29.9200,1.799997
FILLER_0_7_103,VPWR,li1,53.3600,29.9200,1.799995
FILLER_0_7_95,VPWR,li1,51.0600,29.9200,1.799995
FILLER_0_7_76,VPWR,li1,41.8600,29.9200,1.799995
FILLER_0_7_57,VPWR,li1,32.2000,29.9200,1.799996
FILLER_0_7_48,VPWR,li1,29.4400,29.9200,1.799995
FILLER_0_7_36,VPWR,li1,24.8400,29.9200,1.799995
FILLER_0_7_24,VPWR,li1,19.3200,29.9200,1.799994
FILLER_0_7_12,VPWR,li1,11.9600,29.9200,1.799995
FILLER_0_7_3,VPWR,li1,7.3600,29.9200,1.799995
FILLER_0_6_121,VPWR,li1,62.1000,29.9200,1.799997
FILLER_0_6_109,VPWR,li1,58.4200,29.9200,1.799996
FILLER_0_6_97,VPWR,li1,52.9000,29.9200,1.799995
FILLER_0_6_85,VPWR,li1,47.3800,29.9200,1.799994
FILLER_0_6_83,VPWR,li1,43.9300,29.9200,1.799994
FILLER_0_6_69,VPWR,li1,37.4900,29.9200,1.799995
FILLER_0_6_65,VPWR,li1,36.3400,29.9200,1.799996
FILLER_0_6_53,VPWR,li1,32.6600,29.9200,1.799996
FILLER_0_6_41,VPWR,li1,27.1400,29.9200,1.799995
FILLER_0_6_33,VPWR,li1,20.9300,29.9200,1.799994
FILLER_0_6_27,VPWR,li1,18.1700,29.9200,1.799994
FILLER_0_6_15,VPWR,li1,15.1800,29.9200,1.799994
FILLER_0_6_7,VPWR,li1,8.9700,29.9200,1.799995
FILLER_0_5_111,VPWR,li1,56.8100,24.4800,1.799996
FILLER_0_5_99,VPWR,li1,53.8200,24.4800,1.799996
FILLER_0_5_87,VPWR,li1,48.3000,24.4800,1.799996
FILLER_0_5_81,VPWR,li1,43.4700,24.4800,1.799997
FILLER_0_5_69,VPWR,li1,40.0200,24.4800,1.799997
FILLER_0_5_57,VPWR,li1,34.5000,24.4800,1.799998
FILLER_0_5_55,VPWR,li1,31.0500,24.4800,1.799998
FILLER_0_5_49,VPWR,li1,29.4400,24.4800,1.799998
FILLER_0_5_37,VPWR,li1,25.3000,24.4800,1.799998
FILLER_0_5_25,VPWR,li1,19.7800,24.4800,1.799998
FILLER_0_5_13,VPWR,li1,14.2600,24.4800,1.799998
FILLER_0_5_3,VPWR,li1,7.1300,24.4800,1.799998
FILLER_0_4_124,VPWR,li1,62.7900,24.4800,1.799997
FILLER_0_4_111,VPWR,li1,57.9600,24.4800,1.799996
FILLER_0_4_95,VPWR,li1,51.9800,24.4800,1.799996
FILLER_0_4_82,VPWR,li1,43.7000,24.4800,1.799997
FILLER_0_4_70,VPWR,li1,40.4800,24.4800,1.799997
FILLER_0_4_58,VPWR,li1,34.9600,24.4800,1.799998
FILLER_0_4_46,VPWR,li1,29.4400,24.4800,1.799998
FILLER_0_4_34,VPWR,li1,23.9200,24.4800,1.799998
FILLER_0_4_27,VPWR,li1,18.1700,24.4800,1.799998
FILLER_0_4_15,VPWR,li1,15.1800,24.4800,1.799998
FILLER_0_4_3,VPWR,li1,9.6600,24.4800,1.799998
FILLER_0_3_100,VPWR,li1,54.2800,19.0400,1.799989
FILLER_0_3_91,VPWR,li1,47.8400,19.0400,1.799988
FILLER_0_3_88,VPWR,li1,46.2300,19.0400,1.799988
FILLER_0_3_76,VPWR,li1,43.2400,19.0400,1.799989
FILLER_0_3_64,VPWR,li1,37.7200,19.0400,1.799991
FILLER_0_3_55,VPWR,li1,31.0500,19.0400,1.799989
FILLER_0_3_47,VPWR,li1,28.9800,19.0400,1.799988
FILLER_0_3_19,VPWR,li1,17.0200,19.0400,1.799989
FILLER_0_3_7,VPWR,li1,11.5000,19.0400,1.799991
FILLER_0_2_102,VPWR,li1,52.6700,19.0400,1.799989
FILLER_0_2_98,VPWR,li1,51.5200,19.0400,1.799989
FILLER_0_2_82,VPWR,li1,43.7000,19.0400,1.799989
FILLER_0_2_70,VPWR,li1,40.4800,19.0400,1.799990
FILLER_0_2_58,VPWR,li1,34.9600,19.0400,1.799990
FILLER_0_2_41,VPWR,li1,24.6100,19.0400,1.799987
FILLER_0_2_29,VPWR,li1,21.6200,19.0400,1.799988
FILLER_0_2_24,VPWR,li1,17.4800,19.0400,1.799989
FILLER_0_2_17,VPWR,li1,13.5700,19.0400,1.799990
FILLER_0_2_9,VPWR,li1,11.5000,19.0400,1.799991
FILLER_0_2_3,VPWR,li1,7.5900,19.0400,1.799992
FILLER_0_1_113,VPWR,li1,60.2600,13.6000,1.799994
FILLER_0_1_102,VPWR,li1,53.1300,13.6000,1.799992
FILLER_0_1_94,VPWR,li1,50.6000,13.6000,1.799992
FILLER_0_1_82,VPWR,li1,46.0000,13.6000,1.799992
FILLER_0_1_73,VPWR,li1,39.3300,13.6000,1.799992
FILLER_0_1_61,VPWR,li1,36.3400,13.6000,1.799993
FILLER_0_1_55,VPWR,li1,31.0500,13.6000,1.799991
FILLER_0_1_50,VPWR,li1,28.7500,13.6000,1.799991
FILLER_0_1_42,VPWR,li1,26.6800,13.6000,1.799991
FILLER_0_1_19,VPWR,li1,16.1000,13.6000,1.799992
FILLER_0_1_7,VPWR,li1,11.5000,13.6000,1.799994
FILLER_0_0_118,VPWR,li1,60.4900,13.6000,1.799994
FILLER_0_0_113,VPWR,li1,57.7300,13.6000,1.799993
FILLER_0_0_109,VPWR,li1,56.3500,13.6000,1.799992
FILLER_0_0_97,VPWR,li1,52.9000,13.6000,1.799992
FILLER_0_0_85,VPWR,li1,47.3800,13.6000,1.799992
FILLER_0_0_83,VPWR,li1,43.9300,13.6000,1.799992
FILLER_0_0_71,VPWR,li1,40.9400,13.6000,1.799992
FILLER_0_0_62,VPWR,li1,34.5000,13.6000,1.799992
FILLER_0_0_55,VPWR,li1,31.0500,13.6000,1.799991
FILLER_0_0_49,VPWR,li1,29.4400,13.6000,1.799991
FILLER_0_0_29,VPWR,li1,19.7800,13.6000,1.799991
FILLER_0_0_27,VPWR,li1,18.1700,13.6000,1.799991
FILLER_0_0_23,VPWR,li1,17.0200,13.6000,1.799992
FILLER_0_0_13,VPWR,li1,11.7300,13.6000,1.799994
FILLER_0_0_7,VPWR,li1,10.1200,13.6000,1.799994
ANTENNA_2,VPWR,li1,56.5800,84.3200,1.799992
ANTENNA_1,VPWR,li1,46.9200,19.0400,1.799988
rebuffer3,VPWR,li1,34.9600,29.9200,1.799996
rebuffer2,VPWR,li1,51.0600,35.3600,1.799995
rebuffer1,VPWR,li1,37.2600,46.2400,1.799994
output27,VPWR,li1,62.1000,13.6000,1.799993
output26,VPWR,li1,62.1000,19.0400,1.799989
output25,VPWR,li1,61.6400,35.3600,1.799997
output24,VPWR,li1,62.1000,46.2400,1.799992
output23,VPWR,li1,62.1000,57.1200,1.799993
output22,VPWR,li1,62.1000,68.0000,1.799990
output21,VPWR,li1,58.8800,84.3200,1.799992
output20,VPWR,li1,62.1000,84.3200,1.799992
input19,VPWR,li1,13.3400,13.6000,1.799993
input18,VPWR,li1,35.8800,13.6000,1.799993
input17,VPWR,li1,58.8800,13.6000,1.799993
input16,VPWR,li1,9.2000,51.6800,1.799998
input15,VPWR,li1,7.8200,57.1200,1.799993
input14,VPWR,li1,7.8200,62.5600,1.799997
input13,VPWR,li1,7.8200,68.0000,1.799995
input12,VPWR,li1,9.2000,73.4400,1.799994
input11,VPWR,li1,7.8200,78.8800,1.799996
input10,VPWR,li1,10.3500,84.3200,1.799995
input9,VPWR,li1,8.2800,84.3200,1.799995
input8,VPWR,li1,7.8200,13.6000,1.799994
input7,VPWR,li1,7.8200,13.6000,1.799994
input6,VPWR,li1,7.8200,19.0400,1.799992
input5,VPWR,li1,10.5800,24.4800,1.799998
input4,VPWR,li1,7.8200,29.9200,1.799995
input3,VPWR,li1,7.8200,35.3600,1.799996
input2,VPWR,li1,8.2800,40.8000,1.799996
input1,VPWR,li1,7.5900,46.2400,1.799995
TAP_TAPCELL_ROW_27_115,VPWR,li1,57.2700,84.6260,1.799992
TAP_TAPCELL_ROW_27_114,VPWR,li1,44.3900,84.6260,1.799993
TAP_TAPCELL_ROW_27_113,VPWR,li1,31.5100,84.6260,1.799993
TAP_TAPCELL_ROW_27_112,VPWR,li1,18.6300,84.6260,1.799993
TAP_TAPCELL_ROW_26_111,VPWR,li1,44.3900,84.0130,1.799993
TAP_TAPCELL_ROW_26_110,VPWR,li1,18.6300,84.0130,1.799993
TAP_TAPCELL_ROW_25_109,VPWR,li1,57.2700,79.1860,1.799992
TAP_TAPCELL_ROW_25_108,VPWR,li1,31.5100,79.1860,1.799992
TAP_TAPCELL_ROW_24_107,VPWR,li1,44.3900,78.5730,1.799990
TAP_TAPCELL_ROW_24_106,VPWR,li1,18.6300,78.5730,1.799994
TAP_TAPCELL_ROW_23_105,VPWR,li1,57.2700,73.7460,1.799994
TAP_TAPCELL_ROW_23_104,VPWR,li1,31.5100,73.7460,1.799993
TAP_TAPCELL_ROW_22_103,VPWR,li1,44.3900,73.1330,1.799993
TAP_TAPCELL_ROW_22_102,VPWR,li1,18.6300,73.1330,1.799993
TAP_TAPCELL_ROW_21_101,VPWR,li1,57.2700,68.3060,1.799989
TAP_TAPCELL_ROW_21_100,VPWR,li1,31.5100,68.3060,1.799992
TAP_TAPCELL_ROW_20_99,VPWR,li1,44.3900,67.6930,1.799988
TAP_TAPCELL_ROW_20_98,VPWR,li1,18.6300,67.6930,1.799993
TAP_TAPCELL_ROW_19_97,VPWR,li1,57.2700,62.8660,1.799994
TAP_TAPCELL_ROW_19_96,VPWR,li1,31.5100,62.8660,1.799996
TAP_TAPCELL_ROW_18_95,VPWR,li1,44.3900,62.2530,1.799994
TAP_TAPCELL_ROW_18_94,VPWR,li1,18.6300,62.2530,1.799997
TAP_TAPCELL_ROW_17_93,VPWR,li1,57.2700,57.4260,1.799993
TAP_TAPCELL_ROW_17_92,VPWR,li1,31.5100,57.4260,1.799993
TAP_TAPCELL_ROW_16_91,VPWR,li1,44.3900,56.8130,1.799993
TAP_TAPCELL_ROW_16_90,VPWR,li1,18.6300,56.8130,1.799992
TAP_TAPCELL_ROW_15_89,VPWR,li1,57.2700,51.9860,1.799997
TAP_TAPCELL_ROW_15_88,VPWR,li1,31.5100,51.9860,1.799998
TAP_TAPCELL_ROW_14_87,VPWR,li1,44.3900,51.3730,1.799997
TAP_TAPCELL_ROW_14_86,VPWR,li1,18.6300,51.3730,1.799997
TAP_TAPCELL_ROW_13_85,VPWR,li1,57.2700,46.5460,1.799993
TAP_TAPCELL_ROW_13_84,VPWR,li1,31.5100,46.5460,1.799994
TAP_TAPCELL_ROW_12_83,VPWR,li1,44.3900,45.9330,1.799993
TAP_TAPCELL_ROW_12_82,VPWR,li1,18.6300,45.9330,1.799994
TAP_TAPCELL_ROW_11_81,VPWR,li1,57.2700,41.1060,1.799995
TAP_TAPCELL_ROW_11_80,VPWR,li1,31.5100,41.1060,1.799995
TAP_TAPCELL_ROW_10_79,VPWR,li1,44.3900,40.4930,1.799994
TAP_TAPCELL_ROW_10_78,VPWR,li1,18.6300,40.4930,1.799996
TAP_TAPCELL_ROW_9_77,VPWR,li1,57.2700,35.6660,1.799996
TAP_TAPCELL_ROW_9_76,VPWR,li1,31.5100,35.6660,1.799995
TAP_TAPCELL_ROW_8_75,VPWR,li1,44.3900,35.0530,1.799994
TAP_TAPCELL_ROW_8_74,VPWR,li1,18.6300,35.0530,1.799995
TAP_TAPCELL_ROW_7_73,VPWR,li1,57.2700,30.2260,1.799996
TAP_TAPCELL_ROW_7_72,VPWR,li1,31.5100,30.2260,1.799996
TAP_TAPCELL_ROW_6_71,VPWR,li1,44.3900,29.6130,1.799994
TAP_TAPCELL_ROW_6_70,VPWR,li1,18.6300,29.6130,1.799994
TAP_TAPCELL_ROW_5_69,VPWR,li1,57.2700,24.7860,1.799996
TAP_TAPCELL_ROW_5_68,VPWR,li1,31.5100,24.7860,1.799998
TAP_TAPCELL_ROW_4_67,VPWR,li1,44.3900,24.1730,1.799997
TAP_TAPCELL_ROW_4_66,VPWR,li1,18.6300,24.1730,1.799998
TAP_TAPCELL_ROW_3_65,VPWR,li1,57.2700,19.3460,1.799990
TAP_TAPCELL_ROW_3_64,VPWR,li1,31.5100,19.3460,1.799989
TAP_TAPCELL_ROW_2_63,VPWR,li1,44.3900,18.7330,1.799989
TAP_TAPCELL_ROW_2_62,VPWR,li1,18.6300,18.7330,1.799989
TAP_TAPCELL_ROW_1_61,VPWR,li1,57.2700,13.9060,1.799993
TAP_TAPCELL_ROW_1_60,VPWR,li1,31.5100,13.9060,1.799991
TAP_TAPCELL_ROW_0_59,VPWR,li1,57.2700,13.2930,1.799993
TAP_TAPCELL_ROW_0_58,VPWR,li1,44.3900,13.2930,1.799992
TAP_TAPCELL_ROW_0_57,VPWR,li1,31.5100,13.2930,1.799991
TAP_TAPCELL_ROW_0_56,VPWR,li1,18.6300,13.2930,1.799991
PHY_EDGE_ROW_27_Left_55,VPWR,li1,6.2100,84.3200,1.799995
PHY_EDGE_ROW_26_Left_54,VPWR,li1,6.2100,84.3200,1.799995
PHY_EDGE_ROW_25_Left_53,VPWR,li1,6.2100,78.8800,1.799996
PHY_EDGE_ROW_24_Left_52,VPWR,li1,6.2100,78.8800,1.799996
PHY_EDGE_ROW_23_Left_51,VPWR,li1,6.2100,73.4400,1.799994
PHY_EDGE_ROW_22_Left_50,VPWR,li1,6.2100,73.4400,1.799994
PHY_EDGE_ROW_21_Left_49,VPWR,li1,6.2100,68.0000,1.799995
PHY_EDGE_ROW_20_Left_48,VPWR,li1,6.2100,68.0000,1.799995
PHY_EDGE_ROW_19_Left_47,VPWR,li1,6.2100,62.5600,1.799997
PHY_EDGE_ROW_18_Left_46,VPWR,li1,6.2100,62.5600,1.799997
PHY_EDGE_ROW_17_Left_45,VPWR,li1,6.2100,57.1200,1.799993
PHY_EDGE_ROW_16_Left_44,VPWR,li1,6.2100,57.1200,1.799993
PHY_EDGE_ROW_15_Left_43,VPWR,li1,6.2100,51.6800,1.799998
PHY_EDGE_ROW_14_Left_42,VPWR,li1,6.2100,51.6800,1.799998
PHY_EDGE_ROW_13_Left_41,VPWR,li1,6.2100,46.2400,1.799995
PHY_EDGE_ROW_12_Left_40,VPWR,li1,6.2100,46.2400,1.799995
PHY_EDGE_ROW_11_Left_39,VPWR,li1,6.2100,40.8000,1.799996
PHY_EDGE_ROW_10_Left_38,VPWR,li1,6.2100,40.8000,1.799996
PHY_EDGE_ROW_9_Left_37,VPWR,li1,6.2100,35.3600,1.799996
PHY_EDGE_ROW_8_Left_36,VPWR,li1,6.2100,35.3600,1.799996
PHY_EDGE_ROW_7_Left_35,VPWR,li1,6.2100,29.9200,1.799995
PHY_EDGE_ROW_6_Left_34,VPWR,li1,6.2100,29.9200,1.799995
PHY_EDGE_ROW_5_Left_33,VPWR,li1,6.2100,24.4800,1.799998
PHY_EDGE_ROW_4_Left_32,VPWR,li1,6.2100,24.4800,1.799998
PHY_EDGE_ROW_3_Left_31,VPWR,li1,6.2100,19.0400,1.799992
PHY_EDGE_ROW_2_Left_30,VPWR,li1,6.2100,19.0400,1.799992
PHY_EDGE_ROW_1_Left_29,VPWR,li1,6.2100,13.6000,1.799994
PHY_EDGE_ROW_0_Left_28,VPWR,li1,6.2100,13.6000,1.799994
PHY_EDGE_ROW_27_Right_27,VPWR,li1,63.7100,84.3200,1.799992
PHY_EDGE_ROW_26_Right_26,VPWR,li1,63.7100,84.3200,1.799992
PHY_EDGE_ROW_25_Right_25,VPWR,li1,63.7100,78.8800,1.799993
PHY_EDGE_ROW_24_Right_24,VPWR,li1,63.7100,78.8800,1.799993
PHY_EDGE_ROW_23_Right_23,VPWR,li1,63.7100,73.4400,1.799994
PHY_EDGE_ROW_22_Right_22,VPWR,li1,63.7100,73.4400,1.799994
PHY_EDGE_ROW_21_Right_21,VPWR,li1,63.7100,68.0000,1.799990
PHY_EDGE_ROW_20_Right_20,VPWR,li1,63.7100,68.0000,1.799990
PHY_EDGE_ROW_19_Right_19,VPWR,li1,63.7100,62.5600,1.799995
PHY_EDGE_ROW_18_Right_18,VPWR,li1,63.7100,62.5600,1.799995
PHY_EDGE_ROW_17_Right_17,VPWR,li1,63.7100,57.1200,1.799993
PHY_EDGE_ROW_16_Right_16,VPWR,li1,63.7100,57.1200,1.799993
PHY_EDGE_ROW_15_Right_15,VPWR,li1,63.7100,51.6800,1.799998
PHY_EDGE_ROW_14_Right_14,VPWR,li1,63.7100,51.6800,1.799998
PHY_EDGE_ROW_13_Right_13,VPWR,li1,63.7100,46.2400,1.799992
PHY_EDGE_ROW_12_Right_12,VPWR,li1,63.7100,46.2400,1.799992
PHY_EDGE_ROW_11_Right_11,VPWR,li1,63.7100,40.8000,1.799996
PHY_EDGE_ROW_10_Right_10,VPWR,li1,63.7100,40.8000,1.799996
PHY_EDGE_ROW_9_Right_9,VPWR,li1,63.7100,35.3600,1.799997
PHY_EDGE_ROW_8_Right_8,VPWR,li1,63.7100,35.3600,1.799997
PHY_EDGE_ROW_7_Right_7,VPWR,li1,63.7100,29.9200,1.799997
PHY_EDGE_ROW_6_Right_6,VPWR,li1,63.7100,29.9200,1.799997
PHY_EDGE_ROW_5_Right_5,VPWR,li1,63.7100,24.4800,1.799997
PHY_EDGE_ROW_4_Right_4,VPWR,li1,63.7100,24.4800,1.799997
PHY_EDGE_ROW_3_Right_3,VPWR,li1,63.7100,19.0400,1.799989
PHY_EDGE_ROW_2_Right_2,VPWR,li1,63.7100,19.0400,1.799989
PHY_EDGE_ROW_1_Right_1,VPWR,li1,63.7100,13.6000,1.799993
PHY_EDGE_ROW_0_Right_0,VPWR,li1,63.7100,13.6000,1.799993
_329_,VPWR,li1,20.2400,78.8800,1.799994
_328_,VPWR,li1,26.2200,19.0400,1.799987
_327_,VPWR,li1,42.0900,68.0000,1.799989
_326_,VPWR,li1,28.0600,62.5600,1.799996
_325_,VPWR,li1,40.7100,46.2400,1.799993
_324_,VPWR,li1,60.7200,29.9200,1.799997
_323_,VPWR,li1,8.9700,19.0400,1.799993
_322_,VPWR,li1,30.5900,73.4400,1.799993
_321_,VPWR,li1,36.5700,68.0000,1.799991
_320_,VPWR,li1,13.3400,68.0000,1.799994
_319_,VPWR,li1,14.7200,29.9200,1.799994
_318_,VPWR,li1,57.9600,51.6800,1.799997
_317_,VPWR,li1,45.5400,62.5600,1.799994
_316_,VPWR,li1,38.8700,78.8800,1.799991
_315_,VPWR,li1,54.7400,13.6000,1.799992
_314_,VPWR,li1,8.5100,57.1200,1.799993
_313_,VPWR,li1,36.8000,78.8800,1.799992
_312_,VPWR,li1,21.1600,19.0400,1.799988
_311_,VPWR,li1,29.4400,73.4400,1.799993
_310_,VPWR,li1,34.5000,35.3600,1.799995
_309_,VPWR,li1,21.3900,57.1200,1.799992
_308_,VPWR,li1,22.5400,73.4400,1.799993
_307_,VPWR,li1,33.3500,19.0400,1.799990
_306_,VPWR,li1,32.6600,13.6000,1.799991
_305_,VPWR,li1,59.1100,40.8000,1.799996
_304_,VPWR,li1,59.1100,78.8800,1.799993
_303_,VPWR,li1,40.9400,40.8000,1.799994
_302_,VPWR,li1,19.7800,13.6000,1.799991
_301_,VPWR,li1,49.9100,19.0400,1.799989
_300_,VPWR,li1,22.7700,84.3200,1.799992
_299_,VPWR,li1,42.3200,62.5600,1.799995
_298_,VPWR,li1,9.6600,51.6800,1.799998
_297_,VPWR,li1,59.1100,24.4800,1.799996
_296_,VPWR,li1,52.9000,57.1200,1.799993
_295_,VPWR,li1,10.8100,29.9200,1.799995
_294_,VPWR,li1,43.4700,78.8800,1.799990
_293_,VPWR,li1,32.6600,68.0000,1.799992
_292_,VPWR,li1,48.7600,68.0000,1.799987
_291_,VPWR,li1,50.1400,57.1200,1.799993
_290_,VPWR,li1,57.9600,46.2400,1.799993
_289_,VPWR,li1,11.2700,57.1200,1.799993
_288_,VPWR,li1,43.0100,46.2400,1.799993
_287_,VPWR,li1,20.9300,46.2400,1.799993
_286_,VPWR,li1,23.2300,13.6000,1.799990
_285_,VPWR,li1,54.0500,35.3600,1.799995
_284_,VPWR,li1,35.8800,51.6800,1.799998
_283_,VPWR,li1,29.9000,57.1200,1.799993
_282_,VPWR,li1,8.5100,24.4800,1.799998
_281_,VPWR,li1,40.7100,13.6000,1.799992
_280_,VPWR,li1,45.5400,40.8000,1.799994
_279_,VPWR,li1,29.6700,35.3600,1.799995
_278_,VPWR,li1,20.7000,35.3600,1.799995
_277_,VPWR,li1,46.2300,35.3600,1.799994
_276_,VPWR,li1,60.0300,57.1200,1.799994
_275_,VPWR,li1,44.8500,24.4800,1.799997
_274_,VPWR,li1,46.9200,78.8800,1.799989
_273_,VPWR,li1,29.9000,13.6000,1.799991
_272_,VPWR,li1,59.3400,19.0400,1.799990
_271_,VPWR,li1,35.6500,51.6800,1.799998
_270_,VPWR,li1,56.1200,62.5600,1.799994
_269_,VPWR,li1,38.8700,29.9200,1.799995
_268_,VPWR,li1,22.0800,40.8000,1.799995
_267_,VPWR,li1,25.5300,19.0400,1.799987
_266_,VPWR,li1,13.8000,78.8800,1.799995
_265_,VPWR,li1,20.0100,24.4800,1.799998
_264_,VPWR,li1,34.0400,78.8800,1.799992
_263_,VPWR,li1,25.0700,84.3200,1.799992
_262_,VPWR,li1,61.1800,84.3200,1.799992
_261_,VPWR,li1,34.2700,40.8000,1.799995
_260_,VPWR,li1,54.0500,78.8800,1.799991
_259_,VPWR,li1,56.3500,13.6000,1.799992
_258_,VPWR,li1,37.0300,62.5600,1.799996
_257_,VPWR,li1,46.6900,57.1200,1.799993
_256_,VPWR,li1,50.8300,78.8800,1.799990
_255_,VPWR,li1,60.7200,78.8800,1.799993
_254_,VPWR,li1,59.8000,73.4400,1.799994
_253_,VPWR,li1,13.1100,51.6800,1.799997
_252_,VPWR,li1,19.7800,29.9200,1.799994
_251_,VPWR,li1,29.2100,46.2400,1.799993
_250_,VPWR,li1,40.9400,57.1200,1.799993
_249_,VPWR,li1,27.3700,46.2400,1.799993
_248_,VPWR,li1,22.5400,51.6800,1.799998
_247_,VPWR,li1,61.8700,62.5600,1.799995
_246_,VPWR,li1,45.7700,62.5600,1.799994
_245_,VPWR,li1,48.9900,57.1200,1.799993
_244_,VPWR,li1,15.4100,13.6000,1.799992
_243_,VPWR,li1,9.4300,29.9200,1.799995
_242_,VPWR,li1,52.2100,68.0000,1.799987
_241_,VPWR,li1,35.1900,57.1200,1.799994
_240_,VPWR,li1,29.2100,19.0400,1.799988
_239_,VPWR,li1,24.3800,13.6000,1.799990
_238_,VPWR,li1,40.9400,68.0000,1.799989
_237_,VPWR,li1,62.3300,46.2400,1.799992
_236_,VPWR,li1,27.8300,84.3200,1.799992
_235_,VPWR,li1,39.5600,84.3200,1.799993
_234_,VPWR,li1,61.8700,24.4800,1.799997
_233_,VPWR,li1,41.1700,35.3600,1.799994
_232_,VPWR,li1,60.0300,19.0400,1.799990
_231_,VPWR,li1,13.1100,51.6800,1.799997
_230_,VPWR,li1,44.3900,40.8000,1.799994
_229_,VPWR,li1,40.7100,29.9200,1.799995
_228_,VPWR,li1,54.5100,68.0000,1.799988
_227_,VPWR,li1,38.8700,84.3200,1.799993
_226_,VPWR,li1,36.5700,57.1200,1.799994
_225_,VPWR,li1,46.2300,51.6800,1.799997
_224_,VPWR,li1,30.3600,35.3600,1.799995
_223_,VPWR,li1,35.6500,35.3600,1.799995
_222_,VPWR,li1,48.7600,73.4400,1.799993
_221_,VPWR,li1,17.4800,73.4400,1.799993
_220_,VPWR,li1,35.8800,84.3200,1.799994
_219_,VPWR,li1,42.0900,78.8800,1.799990
_218_,VPWR,li1,42.7800,73.4400,1.799993
_217_,VPWR,li1,19.7800,57.1200,1.799992
_216_,VPWR,li1,30.1300,78.8800,1.799992
_215_,VPWR,li1,55.6600,24.4800,1.799996
_214_,VPWR,li1,51.2900,46.2400,1.799993
_213_,VPWR,li1,59.5700,62.5600,1.799995
_212_,VPWR,li1,25.5300,40.8000,1.799995
_211_,VPWR,li1,24.1500,46.2400,1.799993
_210_,VPWR,li1,25.7600,78.8800,1.799992
_209_,VPWR,li1,55.4300,29.9200,1.799996
_208_,VPWR,li1,36.8000,40.8000,1.799994
_207_,VPWR,li1,45.3100,57.1200,1.799993
_206_,VPWR,li1,58.6500,29.9200,1.799996
_205_,VPWR,li1,23.2300,78.8800,1.799993
_204_,VPWR,li1,15.4100,73.4400,1.799993
_203_,VPWR,li1,23.4600,40.8000,1.799995
_202_,VPWR,li1,42.5500,13.6000,1.799992
_201_,VPWR,li1,34.2700,46.2400,1.799995
_200_,VPWR,li1,51.7500,68.0000,1.799987
_199_,VPWR,li1,61.8700,78.8800,1.799993
_198_,VPWR,li1,25.9900,73.4400,1.799993
_197_,VPWR,li1,34.7300,84.3200,1.799994
_196_,VPWR,li1,20.2400,84.3200,1.799993
_195_,VPWR,li1,38.8700,46.2400,1.799994
_194_,VPWR,li1,47.6100,19.0400,1.799988
_193_,VPWR,li1,33.3500,57.1200,1.799994
_192_,VPWR,li1,12.8800,73.4400,1.799993
_191_,VPWR,li1,9.8900,46.2400,1.799995
_190_,VPWR,li1,59.1100,73.4400,1.799994
_189_,VPWR,li1,59.1100,57.1200,1.799994
_188_,VPWR,li1,23.4600,57.1200,1.799992
_187_,VPWR,li1,12.8800,84.3200,1.799995
_186_,VPWR,li1,60.7200,40.8000,1.799996
_185_,VPWR,li1,58.6500,68.0000,1.799989
_184_,VPWR,li1,51.5200,35.3600,1.799995
_183_,VPWR,li1,54.2800,73.4400,1.799993
_182_,VPWR,li1,46.2300,29.9200,1.799994
_181_,VPWR,li1,57.2700,62.5600,1.799994
_180_,VPWR,li1,34.5000,62.5600,1.799997
_179_,VPWR,li1,10.8100,62.5600,1.799997
_178_,VPWR,li1,61.6400,68.0000,1.799990
_177_,VPWR,li1,60.9500,24.4800,1.799997
_176_,VPWR,li1,37.4900,13.6000,1.799992
_175_,VPWR,li1,40.4800,73.4400,1.799993
_174_,VPWR,li1,10.8100,84.3200,1.799995
_173_,VPWR,li1,34.5000,78.8800,1.799993
_172_,VPWR,li1,46.9200,24.4800,1.799996
_171_,VPWR,li1,9.6600,35.3600,1.799996
_170_,VPWR,li1,58.8800,35.3600,1.799997
_169_,VPWR,li1,10.5800,73.4400,1.799994
_168_,VPWR,li1,22.7700,29.9200,1.799995
_167_,VPWR,li1,54.5100,84.3200,1.799992
_166_,VPWR,li1,23.9200,19.0400,1.799987
_165_,VPWR,li1,54.9700,19.0400,1.799989
_164_,VPWR,li1,19.5500,68.0000,1.799993
_163_,VPWR,li1,15.1800,19.0400,1.799990
_162_,VPWR,li1,32.8900,13.6000,1.799992
_161_,VPWR,li1,14.0300,57.1200,1.799993
