
===========================================================================
 report_power
============================================================================
======================= Fastest Corner ===================================

Group                  Internal  Switching    Leakage      Total
                          Power      Power      Power      Power (Watts)
----------------------------------------------------------------
Sequential             0.00e+00   0.00e+00   0.00e+00   0.00e+00   0.0%
Combinational          4.87e-06   1.14e-05   1.59e-10   1.63e-05 100.0%
Clock                  0.00e+00   0.00e+00   1.53e-10   1.53e-10   0.0%
Macro                  0.00e+00   0.00e+00   0.00e+00   0.00e+00   0.0%
Pad                    0.00e+00   0.00e+00   0.00e+00   0.00e+00   0.0%
----------------------------------------------------------------
Total                  4.87e-06   1.14e-05   3.12e-10   1.63e-05 100.0%
                          29.9%      70.1%       0.0%

======================= Slowest Corner ===================================

Group                  Internal  Switching    Leakage      Total
                          Power      Power      Power      Power (Watts)
----------------------------------------------------------------
Sequential             0.00e+00   0.00e+00   0.00e+00   0.00e+00   0.0%
Combinational          3.61e-06   7.63e-06   1.53e-07   1.14e-05 100.0%
Clock                  0.00e+00   0.00e+00   1.53e-10   1.53e-10   0.0%
Macro                  0.00e+00   0.00e+00   0.00e+00   0.00e+00   0.0%
Pad                    0.00e+00   0.00e+00   0.00e+00   0.00e+00   0.0%
----------------------------------------------------------------
Total                  3.61e-06   7.63e-06   1.53e-07   1.14e-05 100.0%
                          31.7%      67.0%       1.3%

======================= Typical Corner ===================================

Group                  Internal  Switching    Leakage      Total
                          Power      Power      Power      Power (Watts)
----------------------------------------------------------------
Sequential             0.00e+00   0.00e+00   0.00e+00   0.00e+00   0.0%
Combinational          4.37e-06   9.70e-06   8.86e-11   1.41e-05 100.0%
Clock                  0.00e+00   0.00e+00   1.53e-10   1.53e-10   0.0%
Macro                  0.00e+00   0.00e+00   0.00e+00   0.00e+00   0.0%
Pad                    0.00e+00   0.00e+00   0.00e+00   0.00e+00   0.0%
----------------------------------------------------------------
Total                  4.37e-06   9.70e-06   2.42e-10   1.41e-05 100.0%
                          31.1%      68.9%       0.0%

