
===========================================================================
report_checks -unconstrained
===========================================================================
======================= Fastest Corner ===================================

Startpoint: in[7] (input port clocked by __VIRTUAL_CLK__)
Endpoint: out[0] (output port clocked by __VIRTUAL_CLK__)
Path Group: __VIRTUAL_CLK__
Path Type: max
Corner: Fastest

Fanout     Cap    Slew   Delay    Time   Description
-----------------------------------------------------------------------------
                  0.00    0.00    0.00   clock __VIRTUAL_CLK__ (rise edge)
                          0.00    0.00   clock network delay (ideal)
                          2.00    2.00 v input external delay
     1    0.00    0.00    0.00    2.00 v in[7] (in)
                                         in[7] (net)
                  0.00    0.00    2.00 v input8/A (sky130_fd_sc_hd__dlymetal6s2s_1)
     5    0.02    0.07    0.12    2.13 v input8/X (sky130_fd_sc_hd__dlymetal6s2s_1)
                                         net8 (net)
                  0.07    0.00    2.13 v _13_/B (sky130_fd_sc_hd__or4_2)
     5    0.02    0.10    0.44    2.57 v _13_/X (sky130_fd_sc_hd__or4_2)
                                         _02_ (net)
                  0.10    0.00    2.57 v _20_/D (sky130_fd_sc_hd__or4_1)
     2    0.01    0.10    0.31    2.87 v _20_/X (sky130_fd_sc_hd__or4_1)
                                         _06_ (net)
                  0.10    0.00    2.88 v _24_/B (sky130_fd_sc_hd__xor2_1)
     1    0.01    0.16    0.18    3.05 ^ _24_/X (sky130_fd_sc_hd__xor2_1)
                                         net9 (net)
                  0.16    0.00    3.05 ^ output9/A (sky130_fd_sc_hd__buf_2)
     1    0.03    0.13    0.17    3.22 ^ output9/X (sky130_fd_sc_hd__buf_2)
                                         out[0] (net)
                  0.13    0.00    3.23 ^ out[0] (out)
                                  3.23   data arrival time

                  0.00   10.00   10.00   clock __VIRTUAL_CLK__ (rise edge)
                          0.00   10.00   clock network delay (ideal)
                         -0.25    9.75   clock uncertainty
                          0.00    9.75   clock reconvergence pessimism
                         -2.00    7.75   output external delay
                                  7.75   data required time
-----------------------------------------------------------------------------
                                  7.75   data required time
                                 -3.23   data arrival time
-----------------------------------------------------------------------------
                                  4.52   slack (MET)



======================= Slowest Corner ===================================

Startpoint: in[7] (input port clocked by __VIRTUAL_CLK__)
Endpoint: out[1] (output port clocked by __VIRTUAL_CLK__)
Path Group: __VIRTUAL_CLK__
Path Type: max
Corner: Slowest

Fanout     Cap    Slew   Delay    Time   Description
-----------------------------------------------------------------------------
                  0.00    0.00    0.00   clock __VIRTUAL_CLK__ (rise edge)
                          0.00    0.00   clock network delay (ideal)
                          2.00    2.00 v input external delay
     1    0.00    0.02    0.01    2.01 v in[7] (in)
                                         in[7] (net)
                  0.02    0.00    2.01 v input8/A (sky130_fd_sc_hd__dlymetal6s2s_1)
     5    0.02    0.19    0.39    2.39 v input8/X (sky130_fd_sc_hd__dlymetal6s2s_1)
                                         net8 (net)
                  0.19    0.00    2.40 v _13_/B (sky130_fd_sc_hd__or4_2)
     5    0.02    0.32    1.83    4.23 v _13_/X (sky130_fd_sc_hd__or4_2)
                                         _02_ (net)
                  0.32    0.00    4.23 v _20_/D (sky130_fd_sc_hd__or4_1)
     2    0.01    0.30    1.29    5.52 v _20_/X (sky130_fd_sc_hd__or4_1)
                                         _06_ (net)
                  0.30    0.00    5.52 v _22_/A (sky130_fd_sc_hd__and2_1)
     1    0.00    0.08    0.42    5.94 v _22_/X (sky130_fd_sc_hd__and2_1)
                                         _08_ (net)
                  0.08    0.00    5.94 v _23_/A (sky130_fd_sc_hd__clkbuf_1)
     1    0.01    0.10    0.22    6.16 v _23_/X (sky130_fd_sc_hd__clkbuf_1)
                                         net10 (net)
                  0.10    0.00    6.16 v output10/A (sky130_fd_sc_hd__buf_2)
     1    0.03    0.16    0.38    6.54 v output10/X (sky130_fd_sc_hd__buf_2)
                                         out[1] (net)
                  0.16    0.00    6.54 v out[1] (out)
                                  6.54   data arrival time

                  0.00   10.00   10.00   clock __VIRTUAL_CLK__ (rise edge)
                          0.00   10.00   clock network delay (ideal)
                         -0.25    9.75   clock uncertainty
                          0.00    9.75   clock reconvergence pessimism
                         -2.00    7.75   output external delay
                                  7.75   data required time
-----------------------------------------------------------------------------
                                  7.75   data required time
                                 -6.54   data arrival time
-----------------------------------------------------------------------------
                                  1.21   slack (MET)



======================= Typical Corner ===================================

Startpoint: in[7] (input port clocked by __VIRTUAL_CLK__)
Endpoint: out[0] (output port clocked by __VIRTUAL_CLK__)
Path Group: __VIRTUAL_CLK__
Path Type: max
Corner: Typical

Fanout     Cap    Slew   Delay    Time   Description
-----------------------------------------------------------------------------
                  0.00    0.00    0.00   clock __VIRTUAL_CLK__ (rise edge)
                          0.00    0.00   clock network delay (ideal)
                          2.00    2.00 v input external delay
     1    0.00    0.01    0.00    2.00 v in[7] (in)
                                         in[7] (net)
                  0.01    0.00    2.00 v input8/A (sky130_fd_sc_hd__dlymetal6s2s_1)
     5    0.02    0.10    0.19    2.19 v input8/X (sky130_fd_sc_hd__dlymetal6s2s_1)
                                         net8 (net)
                  0.10    0.00    2.19 v _13_/B (sky130_fd_sc_hd__or4_2)
     5    0.02    0.15    0.77    2.97 v _13_/X (sky130_fd_sc_hd__or4_2)
                                         _02_ (net)
                  0.15    0.00    2.97 v _20_/D (sky130_fd_sc_hd__or4_1)
     2    0.01    0.14    0.54    3.50 v _20_/X (sky130_fd_sc_hd__or4_1)
                                         _06_ (net)
                  0.14    0.00    3.50 v _24_/B (sky130_fd_sc_hd__xor2_1)
     1    0.01    0.22    0.26    3.76 ^ _24_/X (sky130_fd_sc_hd__xor2_1)
                                         net9 (net)
                  0.22    0.00    3.76 ^ output9/A (sky130_fd_sc_hd__buf_2)
     1    0.03    0.17    0.27    4.03 ^ output9/X (sky130_fd_sc_hd__buf_2)
                                         out[0] (net)
                  0.17    0.00    4.03 ^ out[0] (out)
                                  4.03   data arrival time

                  0.00   10.00   10.00   clock __VIRTUAL_CLK__ (rise edge)
                          0.00   10.00   clock network delay (ideal)
                         -0.25    9.75   clock uncertainty
                          0.00    9.75   clock reconvergence pessimism
                         -2.00    7.75   output external delay
                                  7.75   data required time
-----------------------------------------------------------------------------
                                  7.75   data required time
                                 -4.03   data arrival time
-----------------------------------------------------------------------------
                                  3.72   slack (MET)




===========================================================================
report_checks --slack_max -0.01
============================================================================
======================= Fastest Corner ===================================

No paths found.

======================= Slowest Corner ===================================

No paths found.

======================= Typical Corner ===================================

No paths found.


===========================================================================
 report_check_types -max_slew -max_cap -max_fanout -violators
============================================================================
======================= Fastest Corner ===================================


max slew violations count Fastest: 0
max fanout violations count Fastest: 0
max cap violations count Fastest: 0
======================= Slowest Corner ===================================


max slew violations count Slowest: 0
max fanout violations count Slowest: 0
max cap violations count Slowest: 0
======================= Typical Corner ===================================


max slew violations count Typical: 0
max fanout violations count Typical: 0
max cap violations count Typical: 0

===========================================================================
report_parasitic_annotation -report_unannotated
============================================================================
Found 0 unannotated drivers.
Found 0 partially unannotated drivers.

===========================================================================
max slew violation count 0
max fanout violation count 0
max cap violation count 0
============================================================================

===========================================================================
check_setup -verbose -unconstrained_endpoints -multiple_clock -no_clock -no_input_delay -loops -generated_clocks
===========================================================================
