OpenROAD b16bda7e82721d10566ff7e2b68f1ff0be9f9e38 
Features included (+) or not (-): +Charts +GPU +GUI +Python
This program is licensed under the BSD-3 license. See the LICENSE file for details.
Components of this program may be licensed under more restrictive licenses which must be honored.
define_corners Typical
read_liberty -corner Typical /home/vulpespacos07/.volare/sky130A/libs.ref/sky130_fd_sc_hd/lib/sky130_fd_sc_hd__tt_025C_1v80.lib
Using 1e-12 for capacitance...
Using 1e+03 for resistance...
Using 1e-09 for time...
Using 1e+00 for voltage...
Using 1e-03 for current...
Using 1e-09 for power...
Using 1e-06 for distance...
[INFO]: Reading ODB at '/openlane/designs/cse224_proj2/runs/RUN_2025.04.25_04.50.06/tmp/16-main.odb'…
Reading design constraints file at '/openlane/scripts/base.sdc'…
[INFO]: Setting output delay to: 2.0
[INFO]: Setting input delay to: 2.0
[WARNING STA-0366] port '__VIRTUAL_CLK__' not found.
[INFO]: Setting load to: 0.033442
[INFO]: Setting clock uncertainty to: 0.25
[INFO]: Setting clock transition to: 0.15
[WARNING STA-0419] transition time can not be specified for virtual clocks.
[INFO]: Setting timing derate to: 5.0 %
[INFO]: Setting signal min routing layer to: met1 and clock min routing layer to met3. 
[INFO]: Setting signal max routing layer to: met5 and clock max routing layer to met5. 
-congestion_iterations 50 -verbose -congestion_report_file /openlane/designs/cse224_proj2/runs/RUN_2025.04.25_04.50.06/tmp/routing/groute-congestion.rpt
[INFO GRT-0020] Min routing layer: met1
[INFO GRT-0021] Max routing layer: met5
[INFO GRT-0022] Global adjustment: 30%
[INFO GRT-0023] Grid origin: (0, 0)
[INFO GRT-0043] No OR_DEFAULT vias defined.
[INFO GRT-0088] Layer li1     Track-Pitch = 0.4600  line-2-Via Pitch: 0.3400
[INFO GRT-0088] Layer met1    Track-Pitch = 0.3400  line-2-Via Pitch: 0.3400
[INFO GRT-0088] Layer met2    Track-Pitch = 0.4600  line-2-Via Pitch: 0.3500
[INFO GRT-0088] Layer met3    Track-Pitch = 0.6800  line-2-Via Pitch: 0.6150
[INFO GRT-0088] Layer met4    Track-Pitch = 0.9200  line-2-Via Pitch: 1.0400
[INFO GRT-0088] Layer met5    Track-Pitch = 3.4000  line-2-Via Pitch: 3.1100
[INFO GRT-0019] Found 0 clock nets.
[INFO GRT-0001] Minimum degree: 2
[INFO GRT-0002] Maximum degree: 11
[INFO GRT-0003] Macros: 0
[INFO GRT-0043] No OR_DEFAULT vias defined.
[INFO GRT-0004] Blockages: 40

[INFO GRT-0053] Routing resources analysis:
          Routing      Original      Derated      Resource
Layer     Direction    Resources     Resources    Reduction (%)
---------------------------------------------------------------
li1        Vertical            0             0          0.00%
met1       Horizontal       2820          1403          50.25%
met2       Vertical         2188          1313          39.99%
met3       Horizontal       1410           882          37.45%
met4       Vertical          892           434          51.35%
met5       Horizontal        282           108          61.70%
---------------------------------------------------------------

[INFO GRT-0101] Running extra iterations to remove overflow.
[INFO GRT-0197] Via related to pin nodes: 1603
[INFO GRT-0198] Via related Steiner nodes: 73
[INFO GRT-0199] Via filling finished.
[INFO GRT-0111] Final number of vias: 2415
[INFO GRT-0112] Final usage 3D: 9393

[INFO GRT-0096] Final congestion report:
Layer         Resource        Demand        Usage (%)    Max H / Max V / Total Overflow
---------------------------------------------------------------------------------------
li1                  0             0            0.00%             0 /  0 /  0
met1              1403           716           51.03%             0 /  0 /  0
met2              1313           854           65.04%             0 /  0 /  0
met3               882           362           41.04%             0 /  0 /  0
met4               434           208           47.93%             0 /  0 /  0
met5               108             8            7.41%             0 /  0 /  0
---------------------------------------------------------------------------------------
Total             4140          2148           51.88%             0 /  0 /  0

[INFO GRT-0018] Total wirelength: 21493 um
[INFO GRT-0014] Routed nets: 218
[INFO GRT-0006] Repairing antennas, iteration 1.
[INFO GRT-0043] No OR_DEFAULT vias defined.
[INFO GRT-0012] Found 2 antenna violations.
[INFO GRT-0015] Inserted 2 diodes.
[INFO GRT-0009] rerouting 164 nets.
[INFO GRT-0001] Minimum degree: 2
[INFO GRT-0002] Maximum degree: 11
[INFO GRT-0006] Repairing antennas, iteration 2.
[INFO GRT-0043] No OR_DEFAULT vias defined.
[INFO GRT-0012] Found 0 antenna violations.
Placement Analysis
---------------------------------
total displacement          0.0 u
average displacement        0.0 u
max displacement            0.0 u
original HPWL           12223.8 u
legalized HPWL          12223.8 u
delta HPWL                    0 %

[INFO DPL-0020] Mirrored 92 instances
[INFO DPL-0021] HPWL before           12223.8 u
[INFO DPL-0022] HPWL after            12103.7 u
[INFO DPL-0023] HPWL delta               -1.0 %
[INFO]: Setting signal min routing layer to: met1 and clock min routing layer to met3. 
[INFO]: Setting signal max routing layer to: met5 and clock max routing layer to met5. 
-congestion_iterations 50 -verbose -congestion_report_file /openlane/designs/cse224_proj2/runs/RUN_2025.04.25_04.50.06/tmp/routing/groute-congestion.rpt
[INFO GRT-0020] Min routing layer: met1
[INFO GRT-0021] Max routing layer: met5
[INFO GRT-0022] Global adjustment: 30%
[INFO GRT-0023] Grid origin: (0, 0)
[INFO GRT-0043] No OR_DEFAULT vias defined.
[INFO GRT-0088] Layer li1     Track-Pitch = 0.4600  line-2-Via Pitch: 0.3400
[INFO GRT-0088] Layer met1    Track-Pitch = 0.3400  line-2-Via Pitch: 0.3400
[INFO GRT-0088] Layer met2    Track-Pitch = 0.4600  line-2-Via Pitch: 0.3500
[INFO GRT-0088] Layer met3    Track-Pitch = 0.6800  line-2-Via Pitch: 0.6150
[INFO GRT-0088] Layer met4    Track-Pitch = 0.9200  line-2-Via Pitch: 1.0400
[INFO GRT-0088] Layer met5    Track-Pitch = 3.4000  line-2-Via Pitch: 3.1100
[INFO GRT-0019] Found 0 clock nets.
[INFO GRT-0001] Minimum degree: 2
[INFO GRT-0002] Maximum degree: 11
[INFO GRT-0003] Macros: 0
[INFO GRT-0043] No OR_DEFAULT vias defined.
[INFO GRT-0004] Blockages: 40

[INFO GRT-0053] Routing resources analysis:
          Routing      Original      Derated      Resource
Layer     Direction    Resources     Resources    Reduction (%)
---------------------------------------------------------------
li1        Vertical            0             0          0.00%
met1       Horizontal       2820          1403          50.25%
met2       Vertical         2188          1313          39.99%
met3       Horizontal       1410           882          37.45%
met4       Vertical          892           434          51.35%
met5       Horizontal        282           108          61.70%
---------------------------------------------------------------

[INFO GRT-0101] Running extra iterations to remove overflow.
[INFO GRT-0197] Via related to pin nodes: 1611
[INFO GRT-0198] Via related Steiner nodes: 89
[INFO GRT-0199] Via filling finished.
[INFO GRT-0111] Final number of vias: 2449
[INFO GRT-0112] Final usage 3D: 9485

[INFO GRT-0096] Final congestion report:
Layer         Resource        Demand        Usage (%)    Max H / Max V / Total Overflow
---------------------------------------------------------------------------------------
li1                  0             0            0.00%             0 /  0 /  0
met1              1403           699           49.82%             0 /  0 /  0
met2              1313           835           63.59%             0 /  0 /  0
met3               882           374           42.40%             0 /  0 /  0
met4               434           220           50.69%             0 /  0 /  0
met5               108            10            9.26%             0 /  0 /  0
---------------------------------------------------------------------------------------
Total             4140          2138           51.64%             0 /  0 /  0

[INFO GRT-0018] Total wirelength: 21500 um
[INFO GRT-0014] Routed nets: 218
Setting global connections for newly added cells…
Writing OpenROAD database to '/openlane/designs/cse224_proj2/runs/RUN_2025.04.25_04.50.06/tmp/routing/18-global.odb'…
Writing layout to '/openlane/designs/cse224_proj2/runs/RUN_2025.04.25_04.50.06/tmp/routing/18-global.def'…
Writing routing guides to '/openlane/designs/cse224_proj2/runs/RUN_2025.04.25_04.50.06/tmp/routing/18-global.guide'…
