OpenROAD b16bda7e82721d10566ff7e2b68f1ff0be9f9e38 
Features included (+) or not (-): +Charts +GPU +GUI +Python
This program is licensed under the BSD-3 license. See the LICENSE file for details.
Components of this program may be licensed under more restrictive licenses which must be honored.
define_corners Typical
read_liberty -corner Typical /root/.volare/sky130A/libs.ref/sky130_fd_sc_hd/lib/sky130_fd_sc_hd__tt_025C_1v80.lib
Using 1e-12 for capacitance...
Using 1e+03 for resistance...
Using 1e-09 for time...
Using 1e+00 for voltage...
Using 1e-03 for current...
Using 1e-09 for power...
Using 1e-06 for distance...
[INFO]: Reading ODB at '/openlane/designs/ZeroToFive/runs/RUN_2025.05.24_11.53.31/tmp/16-ztfc.odb'…
Reading design constraints file at '/openlane/designs/ZeroToFive/src/ztfc.sdc'…
[INFO]: Setting signal min routing layer to: met1 and clock min routing layer to met3. 
[INFO]: Setting signal max routing layer to: met5 and clock max routing layer to met5. 
-congestion_iterations 50 -verbose -congestion_report_file /openlane/designs/ZeroToFive/runs/RUN_2025.05.24_11.53.31/tmp/routing/groute-congestion.rpt
[INFO GRT-0020] Min routing layer: met1
[INFO GRT-0021] Max routing layer: met5
[INFO GRT-0022] Global adjustment: 30%
[INFO GRT-0023] Grid origin: (0, 0)
[INFO GRT-0043] No OR_DEFAULT vias defined.
[INFO GRT-0088] Layer li1     Track-Pitch = 0.4600  line-2-Via Pitch: 0.3400
[INFO GRT-0088] Layer met1    Track-Pitch = 0.3400  line-2-Via Pitch: 0.3400
[INFO GRT-0088] Layer met2    Track-Pitch = 0.4600  line-2-Via Pitch: 0.3500
[INFO GRT-0088] Layer met3    Track-Pitch = 0.6800  line-2-Via Pitch: 0.6150
[INFO GRT-0088] Layer met4    Track-Pitch = 0.9200  line-2-Via Pitch: 1.0400
[INFO GRT-0088] Layer met5    Track-Pitch = 3.4000  line-2-Via Pitch: 3.1100
[INFO GRT-0019] Found 6 clock nets.
[INFO GRT-0001] Minimum degree: 2
[INFO GRT-0002] Maximum degree: 11
[INFO GRT-0003] Macros: 0
[INFO GRT-0043] No OR_DEFAULT vias defined.
[INFO GRT-0004] Blockages: 434

[INFO GRT-0053] Routing resources analysis:
          Routing      Original      Derated      Resource
Layer     Direction    Resources     Resources    Reduction (%)
---------------------------------------------------------------
li1        Vertical            0             0          0.00%
met1       Horizontal      16240          7996          50.76%
met2       Vertical        12152          7759          36.15%
met3       Horizontal       8120          5376          33.79%
met4       Vertical         4928          2457          50.14%
met5       Horizontal       1624           621          61.76%
---------------------------------------------------------------

[INFO GRT-0197] Via related to pin nodes: 1118
[INFO GRT-0198] Via related Steiner nodes: 93
[INFO GRT-0199] Via filling finished.
[INFO GRT-0111] Final number of vias: 1636
[INFO GRT-0112] Final usage 3D: 9493

[INFO GRT-0096] Final congestion report:
Layer         Resource        Demand        Usage (%)    Max H / Max V / Total Overflow
---------------------------------------------------------------------------------------
li1                  0             0            0.00%             0 /  0 /  0
met1              7996          2297           28.73%             0 /  0 /  0
met2              7759          2116           27.27%             0 /  0 /  0
met3              5376            84            1.56%             0 /  0 /  0
met4              2457            88            3.58%             0 /  0 /  0
met5               621             0            0.00%             0 /  0 /  0
---------------------------------------------------------------------------------------
Total            24209          4585           18.94%             0 /  0 /  0

[INFO GRT-0018] Total wirelength: 36942 um
[INFO GRT-0014] Routed nets: 176
[INFO GRT-0006] Repairing antennas, iteration 1.
[INFO GRT-0043] No OR_DEFAULT vias defined.
[INFO GRT-0012] Found 32 antenna violations.
[INFO GRT-0015] Inserted 32 diodes.
[INFO GRT-0009] rerouting 133 nets.
[INFO GRT-0001] Minimum degree: 2
[INFO GRT-0002] Maximum degree: 11
[INFO GRT-0006] Repairing antennas, iteration 2.
[INFO GRT-0043] No OR_DEFAULT vias defined.
[INFO GRT-0012] Found 5 antenna violations.
[INFO GRT-0015] Inserted 5 diodes.
[INFO GRT-0009] rerouting 36 nets.
[INFO GRT-0001] Minimum degree: 2
[INFO GRT-0002] Maximum degree: 11
[INFO GRT-0006] Repairing antennas, iteration 3.
[INFO GRT-0043] No OR_DEFAULT vias defined.
[INFO GRT-0012] Found 0 antenna violations.
Placement Analysis
---------------------------------
total displacement          0.0 u
average displacement        0.0 u
max displacement            0.0 u
original HPWL           29384.1 u
legalized HPWL          29384.1 u
delta HPWL                    0 %

[INFO DPL-0020] Mirrored 86 instances
[INFO DPL-0021] HPWL before           29384.1 u
[INFO DPL-0022] HPWL after            29226.0 u
[INFO DPL-0023] HPWL delta               -0.5 %
[INFO]: Setting signal min routing layer to: met1 and clock min routing layer to met3. 
[INFO]: Setting signal max routing layer to: met5 and clock max routing layer to met5. 
-congestion_iterations 50 -verbose -congestion_report_file /openlane/designs/ZeroToFive/runs/RUN_2025.05.24_11.53.31/tmp/routing/groute-congestion.rpt
[INFO GRT-0020] Min routing layer: met1
[INFO GRT-0021] Max routing layer: met5
[INFO GRT-0022] Global adjustment: 30%
[INFO GRT-0023] Grid origin: (0, 0)
[INFO GRT-0043] No OR_DEFAULT vias defined.
[INFO GRT-0088] Layer li1     Track-Pitch = 0.4600  line-2-Via Pitch: 0.3400
[INFO GRT-0088] Layer met1    Track-Pitch = 0.3400  line-2-Via Pitch: 0.3400
[INFO GRT-0088] Layer met2    Track-Pitch = 0.4600  line-2-Via Pitch: 0.3500
[INFO GRT-0088] Layer met3    Track-Pitch = 0.6800  line-2-Via Pitch: 0.6150
[INFO GRT-0088] Layer met4    Track-Pitch = 0.9200  line-2-Via Pitch: 1.0400
[INFO GRT-0088] Layer met5    Track-Pitch = 3.4000  line-2-Via Pitch: 3.1100
[INFO GRT-0019] Found 6 clock nets.
[INFO GRT-0001] Minimum degree: 2
[INFO GRT-0002] Maximum degree: 11
[INFO GRT-0003] Macros: 0
[INFO GRT-0043] No OR_DEFAULT vias defined.
[INFO GRT-0004] Blockages: 434

[INFO GRT-0053] Routing resources analysis:
          Routing      Original      Derated      Resource
Layer     Direction    Resources     Resources    Reduction (%)
---------------------------------------------------------------
li1        Vertical            0             0          0.00%
met1       Horizontal      16240          7999          50.75%
met2       Vertical        12152          7759          36.15%
met3       Horizontal       8120          5376          33.79%
met4       Vertical         4928          2457          50.14%
met5       Horizontal       1624           621          61.76%
---------------------------------------------------------------

[INFO GRT-0197] Via related to pin nodes: 1175
[INFO GRT-0198] Via related Steiner nodes: 89
[INFO GRT-0199] Via filling finished.
[INFO GRT-0111] Final number of vias: 1700
[INFO GRT-0112] Final usage 3D: 9698

[INFO GRT-0096] Final congestion report:
Layer         Resource        Demand        Usage (%)    Max H / Max V / Total Overflow
---------------------------------------------------------------------------------------
li1                  0             0            0.00%             0 /  0 /  0
met1              7999          2270           28.38%             0 /  0 /  0
met2              7759          2129           27.44%             0 /  0 /  0
met3              5376           129            2.40%             0 /  0 /  0
met4              2457            70            2.85%             0 /  0 /  0
met5               621             0            0.00%             0 /  0 /  0
---------------------------------------------------------------------------------------
Total            24212          4598           18.99%             0 /  0 /  0

[INFO GRT-0018] Total wirelength: 37115 um
[INFO GRT-0014] Routed nets: 176
Setting global connections for newly added cells…
Writing OpenROAD database to '/openlane/designs/ZeroToFive/runs/RUN_2025.05.24_11.53.31/tmp/routing/18-global.odb'…
Writing layout to '/openlane/designs/ZeroToFive/runs/RUN_2025.05.24_11.53.31/tmp/routing/18-global.def'…
Writing routing guides to '/openlane/designs/ZeroToFive/runs/RUN_2025.05.24_11.53.31/tmp/routing/18-global.guide'…
