
===========================================================================
 report_power
============================================================================
======================= Fastest Corner ===================================

Group                  Internal  Switching    Leakage      Total
                          Power      Power      Power      Power (Watts)
----------------------------------------------------------------
Sequential             6.64e-03   2.15e-03   1.68e-08   8.79e-03  39.9%
Combinational          2.85e-03   2.63e-03   3.54e-08   5.48e-03  24.9%
Clock                  4.34e-03   3.42e-03   2.12e-07   7.76e-03  35.2%
Macro                  0.00e+00   0.00e+00   0.00e+00   0.00e+00   0.0%
Pad                    0.00e+00   0.00e+00   0.00e+00   0.00e+00   0.0%
----------------------------------------------------------------
Total                  1.38e-02   8.20e-03   2.65e-07   2.20e-02 100.0%
                          62.8%      37.2%       0.0%

======================= Slowest Corner ===================================

Group                  Internal  Switching    Leakage      Total
                          Power      Power      Power      Power (Watts)
----------------------------------------------------------------
Sequential             4.51e-03   1.42e-03   1.63e-05   5.94e-03  39.3%
Combinational          2.08e-03   1.74e-03   3.38e-05   3.86e-03  25.5%
Clock                  3.11e-03   2.23e-03   4.76e-06   5.34e-03  35.3%
Macro                  0.00e+00   0.00e+00   0.00e+00   0.00e+00   0.0%
Pad                    0.00e+00   0.00e+00   0.00e+00   0.00e+00   0.0%
----------------------------------------------------------------
Total                  9.70e-03   5.39e-03   5.49e-05   1.51e-02 100.0%
                          64.1%      35.6%       0.4%

======================= Typical Corner ===================================

Group                  Internal  Switching    Leakage      Total
                          Power      Power      Power      Power (Watts)
----------------------------------------------------------------
Sequential             5.75e-03   1.81e-03   9.40e-09   7.56e-03  39.7%
Combinational          2.58e-03   2.22e-03   2.29e-08   4.80e-03  25.2%
Clock                  3.80e-03   2.88e-03   2.02e-07   6.68e-03  35.1%
Macro                  0.00e+00   0.00e+00   0.00e+00   0.00e+00   0.0%
Pad                    0.00e+00   0.00e+00   0.00e+00   0.00e+00   0.0%
----------------------------------------------------------------
Total                  1.21e-02   6.91e-03   2.34e-07   1.90e-02 100.0%
                          63.7%      36.3%       0.0%

