OpenROAD b16bda7e82721d10566ff7e2b68f1ff0be9f9e38 
Features included (+) or not (-): +Charts +GPU +GUI +Python
This program is licensed under the BSD-3 license. See the LICENSE file for details.
Components of this program may be licensed under more restrictive licenses which must be honored.
define_corners Typical
read_liberty -corner Typical /home/vulpespacos07/.volare/sky130A/libs.ref/sky130_fd_sc_hd/lib/sky130_fd_sc_hd__tt_025C_1v80.lib
Using 1e-12 for capacitance...
Using 1e+03 for resistance...
Using 1e-09 for time...
Using 1e+00 for voltage...
Using 1e-03 for current...
Using 1e-09 for power...
Using 1e-06 for distance...
[INFO]: Reading ODB at '/openlane/designs/cse224_proj2/runs/RUN_2025.04.25_04.50.06/results/cts/main.odb'…
Reading design constraints file at '/openlane/scripts/base.sdc'…
[INFO]: Setting output delay to: 2.0
[INFO]: Setting input delay to: 2.0
[WARNING STA-0366] port '__VIRTUAL_CLK__' not found.
[INFO]: Setting load to: 0.033442
[INFO]: Setting clock uncertainty to: 0.25
[INFO]: Setting clock transition to: 0.15
[WARNING STA-0419] transition time can not be specified for virtual clocks.
[INFO]: Setting timing derate to: 5.0 %
[INFO]: Propagating all clocks
[WARNING STA-0450] virtual clock __VIRTUAL_CLK__ can not be propagated.
[INFO]: Setting RC values...
min_report

===========================================================================
report_checks -path_delay min (Hold)
============================================================================
======================= Typical Corner ===================================

Startpoint: A[6] (input port clocked by __VIRTUAL_CLK__)
Endpoint: out[6] (output port clocked by __VIRTUAL_CLK__)
Path Group: __VIRTUAL_CLK__
Path Type: min

Fanout     Cap    Slew   Delay    Time   Description
-----------------------------------------------------------------------------
                  0.00    0.00    0.00   clock __VIRTUAL_CLK__ (rise edge)
                          0.00    0.00   clock network delay (ideal)
                          2.00    2.00 ^ input external delay
     1    0.00    0.02    0.01    2.01 ^ A[6] (in)
                                         A[6] (net)
                  0.02    0.00    2.01 ^ input7/A (sky130_fd_sc_hd__buf_2)
     6    0.03    0.15    0.16    2.17 ^ input7/X (sky130_fd_sc_hd__buf_2)
                                         net7 (net)
                  0.15    0.00    2.17 ^ _274_/A1 (sky130_fd_sc_hd__a22oi_2)
     1    0.01    0.06    0.10    2.27 v _274_/Y (sky130_fd_sc_hd__a22oi_2)
                                         net26 (net)
                  0.06    0.00    2.27 v output26/A (sky130_fd_sc_hd__buf_2)
     1    0.03    0.09    0.18    2.45 v output26/X (sky130_fd_sc_hd__buf_2)
                                         out[6] (net)
                  0.09    0.00    2.45 v out[6] (out)
                                  2.45   data arrival time

                  0.00    0.00    0.00   clock __VIRTUAL_CLK__ (rise edge)
                          0.00    0.00   clock network delay (ideal)
                          0.25    0.25   clock uncertainty
                          0.00    0.25   clock reconvergence pessimism
                         -2.00   -1.75   output external delay
                                 -1.75   data required time
-----------------------------------------------------------------------------
                                 -1.75   data required time
                                 -2.45   data arrival time
-----------------------------------------------------------------------------
                                  4.20   slack (MET)


Startpoint: A[4] (input port clocked by __VIRTUAL_CLK__)
Endpoint: out[4] (output port clocked by __VIRTUAL_CLK__)
Path Group: __VIRTUAL_CLK__
Path Type: min

Fanout     Cap    Slew   Delay    Time   Description
-----------------------------------------------------------------------------
                  0.00    0.00    0.00   clock __VIRTUAL_CLK__ (rise edge)
                          0.00    0.00   clock network delay (ideal)
                          2.00    2.00 ^ input external delay
     1    0.00    0.02    0.01    2.01 ^ A[4] (in)
                                         A[4] (net)
                  0.02    0.00    2.01 ^ input5/A (sky130_fd_sc_hd__buf_2)
     6    0.03    0.14    0.16    2.16 ^ input5/X (sky130_fd_sc_hd__buf_2)
                                         net5 (net)
                  0.14    0.00    2.17 ^ _329_/A1 (sky130_fd_sc_hd__a21oi_1)
     1    0.01    0.07    0.10    2.27 v _329_/Y (sky130_fd_sc_hd__a21oi_1)
                                         net24 (net)
                  0.07    0.00    2.27 v output24/A (sky130_fd_sc_hd__buf_2)
     1    0.03    0.09    0.18    2.45 v output24/X (sky130_fd_sc_hd__buf_2)
                                         out[4] (net)
                  0.09    0.00    2.45 v out[4] (out)
                                  2.45   data arrival time

                  0.00    0.00    0.00   clock __VIRTUAL_CLK__ (rise edge)
                          0.00    0.00   clock network delay (ideal)
                          0.25    0.25   clock uncertainty
                          0.00    0.25   clock reconvergence pessimism
                         -2.00   -1.75   output external delay
                                 -1.75   data required time
-----------------------------------------------------------------------------
                                 -1.75   data required time
                                 -2.45   data arrival time
-----------------------------------------------------------------------------
                                  4.20   slack (MET)


Startpoint: A[5] (input port clocked by __VIRTUAL_CLK__)
Endpoint: out[5] (output port clocked by __VIRTUAL_CLK__)
Path Group: __VIRTUAL_CLK__
Path Type: min

Fanout     Cap    Slew   Delay    Time   Description
-----------------------------------------------------------------------------
                  0.00    0.00    0.00   clock __VIRTUAL_CLK__ (rise edge)
                          0.00    0.00   clock network delay (ideal)
                          2.00    2.00 ^ input external delay
     1    0.00    0.02    0.01    2.01 ^ A[5] (in)
                                         A[5] (net)
                  0.02    0.00    2.01 ^ input6/A (sky130_fd_sc_hd__clkbuf_2)
     6    0.03    0.14    0.16    2.17 ^ input6/X (sky130_fd_sc_hd__clkbuf_2)
                                         net6 (net)
                  0.14    0.00    2.17 ^ _254_/A1 (sky130_fd_sc_hd__a22oi_1)
     1    0.01    0.07    0.11    2.28 v _254_/Y (sky130_fd_sc_hd__a22oi_1)
                                         net25 (net)
                  0.07    0.00    2.28 v output25/A (sky130_fd_sc_hd__buf_2)
     1    0.03    0.09    0.18    2.46 v output25/X (sky130_fd_sc_hd__buf_2)
                                         out[5] (net)
                  0.09    0.00    2.46 v out[5] (out)
                                  2.46   data arrival time

                  0.00    0.00    0.00   clock __VIRTUAL_CLK__ (rise edge)
                          0.00    0.00   clock network delay (ideal)
                          0.25    0.25   clock uncertainty
                          0.00    0.25   clock reconvergence pessimism
                         -2.00   -1.75   output external delay
                                 -1.75   data required time
-----------------------------------------------------------------------------
                                 -1.75   data required time
                                 -2.46   data arrival time
-----------------------------------------------------------------------------
                                  4.21   slack (MET)


Startpoint: A[7] (input port clocked by __VIRTUAL_CLK__)
Endpoint: out[7] (output port clocked by __VIRTUAL_CLK__)
Path Group: __VIRTUAL_CLK__
Path Type: min

Fanout     Cap    Slew   Delay    Time   Description
-----------------------------------------------------------------------------
                  0.00    0.00    0.00   clock __VIRTUAL_CLK__ (rise edge)
                          0.00    0.00   clock network delay (ideal)
                          2.00    2.00 ^ input external delay
     1    0.00    0.02    0.01    2.01 ^ A[7] (in)
                                         A[7] (net)
                  0.02    0.00    2.01 ^ input8/A (sky130_fd_sc_hd__clkbuf_2)
     4    0.02    0.11    0.13    2.14 ^ input8/X (sky130_fd_sc_hd__clkbuf_2)
                                         net8 (net)
                  0.11    0.00    2.14 ^ _288_/A (sky130_fd_sc_hd__nand2_1)
     1    0.01    0.06    0.08    2.22 v _288_/Y (sky130_fd_sc_hd__nand2_1)
                                         _053_ (net)
                  0.06    0.00    2.22 v _289_/B1 (sky130_fd_sc_hd__o31a_1)
     1    0.01    0.06    0.12    2.34 v _289_/X (sky130_fd_sc_hd__o31a_1)
                                         net27 (net)
                  0.06    0.00    2.34 v output27/A (sky130_fd_sc_hd__buf_2)
     1    0.03    0.09    0.18    2.52 v output27/X (sky130_fd_sc_hd__buf_2)
                                         out[7] (net)
                  0.09    0.00    2.52 v out[7] (out)
                                  2.52   data arrival time

                  0.00    0.00    0.00   clock __VIRTUAL_CLK__ (rise edge)
                          0.00    0.00   clock network delay (ideal)
                          0.25    0.25   clock uncertainty
                          0.00    0.25   clock reconvergence pessimism
                         -2.00   -1.75   output external delay
                                 -1.75   data required time
-----------------------------------------------------------------------------
                                 -1.75   data required time
                                 -2.52   data arrival time
-----------------------------------------------------------------------------
                                  4.27   slack (MET)


Startpoint: A[0] (input port clocked by __VIRTUAL_CLK__)
Endpoint: out[0] (output port clocked by __VIRTUAL_CLK__)
Path Group: __VIRTUAL_CLK__
Path Type: min

Fanout     Cap    Slew   Delay    Time   Description
-----------------------------------------------------------------------------
                  0.00    0.00    0.00   clock __VIRTUAL_CLK__ (rise edge)
                          0.00    0.00   clock network delay (ideal)
                          2.00    2.00 v input external delay
     1    0.00    0.01    0.00    2.00 v A[0] (in)
                                         A[0] (net)
                  0.01    0.00    2.00 v input1/A (sky130_fd_sc_hd__buf_1)
     2    0.01    0.08    0.11    2.11 v input1/X (sky130_fd_sc_hd__buf_1)
                                         net1 (net)
                  0.08    0.00    2.11 v _237_/A (sky130_fd_sc_hd__inv_2)
     3    0.02    0.11    0.11    2.22 ^ _237_/Y (sky130_fd_sc_hd__inv_2)
                                         _004_ (net)
                  0.11    0.00    2.23 ^ _293_/A1 (sky130_fd_sc_hd__a21o_1)
     1    0.01    0.06    0.13    2.35 ^ _293_/X (sky130_fd_sc_hd__a21o_1)
                                         net20 (net)
                  0.06    0.00    2.35 ^ output20/A (sky130_fd_sc_hd__buf_2)
     1    0.03    0.17    0.19    2.55 ^ output20/X (sky130_fd_sc_hd__buf_2)
                                         out[0] (net)
                  0.17    0.00    2.55 ^ out[0] (out)
                                  2.55   data arrival time

                  0.00    0.00    0.00   clock __VIRTUAL_CLK__ (rise edge)
                          0.00    0.00   clock network delay (ideal)
                          0.25    0.25   clock uncertainty
                          0.00    0.25   clock reconvergence pessimism
                         -2.00   -1.75   output external delay
                                 -1.75   data required time
-----------------------------------------------------------------------------
                                 -1.75   data required time
                                 -2.55   data arrival time
-----------------------------------------------------------------------------
                                  4.30   slack (MET)


Startpoint: A[3] (input port clocked by __VIRTUAL_CLK__)
Endpoint: out[3] (output port clocked by __VIRTUAL_CLK__)
Path Group: __VIRTUAL_CLK__
Path Type: min

Fanout     Cap    Slew   Delay    Time   Description
-----------------------------------------------------------------------------
                  0.00    0.00    0.00   clock __VIRTUAL_CLK__ (rise edge)
                          0.00    0.00   clock network delay (ideal)
                          2.00    2.00 ^ input external delay
     1    0.00    0.02    0.01    2.01 ^ A[3] (in)
                                         A[3] (net)
                  0.02    0.00    2.01 ^ input4/A (sky130_fd_sc_hd__clkbuf_2)
     4    0.02    0.10    0.13    2.14 ^ input4/X (sky130_fd_sc_hd__clkbuf_2)
                                         net4 (net)
                  0.10    0.00    2.14 ^ _175_/A (sky130_fd_sc_hd__clkbuf_4)
    10    0.03    0.11    0.20    2.34 ^ _175_/X (sky130_fd_sc_hd__clkbuf_4)
                                         _103_ (net)
                  0.11    0.00    2.34 ^ _320_/A1 (sky130_fd_sc_hd__a21oi_1)
     1    0.01    0.04    0.09    2.43 v _320_/Y (sky130_fd_sc_hd__a21oi_1)
                                         net23 (net)
                  0.04    0.00    2.43 v output23/A (sky130_fd_sc_hd__buf_2)
     1    0.03    0.09    0.17    2.60 v output23/X (sky130_fd_sc_hd__buf_2)
                                         out[3] (net)
                  0.09    0.00    2.60 v out[3] (out)
                                  2.60   data arrival time

                  0.00    0.00    0.00   clock __VIRTUAL_CLK__ (rise edge)
                          0.00    0.00   clock network delay (ideal)
                          0.25    0.25   clock uncertainty
                          0.00    0.25   clock reconvergence pessimism
                         -2.00   -1.75   output external delay
                                 -1.75   data required time
-----------------------------------------------------------------------------
                                 -1.75   data required time
                                 -2.60   data arrival time
-----------------------------------------------------------------------------
                                  4.35   slack (MET)


Startpoint: A[1] (input port clocked by __VIRTUAL_CLK__)
Endpoint: out[1] (output port clocked by __VIRTUAL_CLK__)
Path Group: __VIRTUAL_CLK__
Path Type: min

Fanout     Cap    Slew   Delay    Time   Description
-----------------------------------------------------------------------------
                  0.00    0.00    0.00   clock __VIRTUAL_CLK__ (rise edge)
                          0.00    0.00   clock network delay (ideal)
                          2.00    2.00 ^ input external delay
     1    0.00    0.02    0.01    2.01 ^ A[1] (in)
                                         A[1] (net)
                  0.02    0.00    2.01 ^ input2/A (sky130_fd_sc_hd__clkbuf_4)
    10    0.04    0.12    0.17    2.18 ^ input2/X (sky130_fd_sc_hd__clkbuf_4)
                                         net2 (net)
                  0.12    0.00    2.18 ^ _302_/A1_N (sky130_fd_sc_hd__o2bb2a_1)
     1    0.01    0.07    0.25    2.43 v _302_/X (sky130_fd_sc_hd__o2bb2a_1)
                                         net21 (net)
                  0.07    0.00    2.43 v output21/A (sky130_fd_sc_hd__buf_2)
     1    0.03    0.09    0.18    2.62 v output21/X (sky130_fd_sc_hd__buf_2)
                                         out[1] (net)
                  0.09    0.00    2.62 v out[1] (out)
                                  2.62   data arrival time

                  0.00    0.00    0.00   clock __VIRTUAL_CLK__ (rise edge)
                          0.00    0.00   clock network delay (ideal)
                          0.25    0.25   clock uncertainty
                          0.00    0.25   clock reconvergence pessimism
                         -2.00   -1.75   output external delay
                                 -1.75   data required time
-----------------------------------------------------------------------------
                                 -1.75   data required time
                                 -2.62   data arrival time
-----------------------------------------------------------------------------
                                  4.37   slack (MET)


Startpoint: A[2] (input port clocked by __VIRTUAL_CLK__)
Endpoint: out[2] (output port clocked by __VIRTUAL_CLK__)
Path Group: __VIRTUAL_CLK__
Path Type: min

Fanout     Cap    Slew   Delay    Time   Description
-----------------------------------------------------------------------------
                  0.00    0.00    0.00   clock __VIRTUAL_CLK__ (rise edge)
                          0.00    0.00   clock network delay (ideal)
                          2.00    2.00 ^ input external delay
     1    0.00    0.02    0.01    2.01 ^ A[2] (in)
                                         A[2] (net)
                  0.02    0.00    2.01 ^ input3/A (sky130_fd_sc_hd__clkbuf_2)
     4    0.02    0.11    0.13    2.14 ^ input3/X (sky130_fd_sc_hd__clkbuf_2)
                                         net3 (net)
                  0.11    0.00    2.14 ^ _173_/A (sky130_fd_sc_hd__clkbuf_4)
    10    0.04    0.14    0.22    2.36 ^ _173_/X (sky130_fd_sc_hd__clkbuf_4)
                                         _101_ (net)
                  0.14    0.00    2.36 ^ _310_/A1_N (sky130_fd_sc_hd__o2bb2a_1)
     1    0.01    0.06    0.24    2.60 v _310_/X (sky130_fd_sc_hd__o2bb2a_1)
                                         net22 (net)
                  0.06    0.00    2.60 v output22/A (sky130_fd_sc_hd__buf_2)
     1    0.03    0.09    0.18    2.77 v output22/X (sky130_fd_sc_hd__buf_2)
                                         out[2] (net)
                  0.09    0.00    2.77 v out[2] (out)
                                  2.77   data arrival time

                  0.00    0.00    0.00   clock __VIRTUAL_CLK__ (rise edge)
                          0.00    0.00   clock network delay (ideal)
                          0.25    0.25   clock uncertainty
                          0.00    0.25   clock reconvergence pessimism
                         -2.00   -1.75   output external delay
                                 -1.75   data required time
-----------------------------------------------------------------------------
                                 -1.75   data required time
                                 -2.77   data arrival time
-----------------------------------------------------------------------------
                                  4.52   slack (MET)



worst slack corner Typical: 4.1984
min_report_end
max_report

===========================================================================
report_checks -path_delay max (Setup)
============================================================================
======================= Typical Corner ===================================

Startpoint: opcode[0] (input port clocked by __VIRTUAL_CLK__)
Endpoint: out[7] (output port clocked by __VIRTUAL_CLK__)
Path Group: __VIRTUAL_CLK__
Path Type: max

Fanout     Cap    Slew   Delay    Time   Description
-----------------------------------------------------------------------------
                  0.00    0.00    0.00   clock __VIRTUAL_CLK__ (rise edge)
                          0.00    0.00   clock network delay (ideal)
                          2.00    2.00 v input external delay
     1    0.00    0.01    0.00    2.00 v opcode[0] (in)
                                         opcode[0] (net)
                  0.01    0.00    2.00 v input17/A (sky130_fd_sc_hd__clkbuf_2)
     5    0.02    0.08    0.14    2.15 v input17/X (sky130_fd_sc_hd__clkbuf_2)
                                         net17 (net)
                  0.08    0.00    2.15 v _222_/A_N (sky130_fd_sc_hd__nand3b_4)
     8    0.03    0.12    0.24    2.38 v _222_/Y (sky130_fd_sc_hd__nand3b_4)
                                         _150_ (net)
                  0.12    0.00    2.38 v _234_/C (sky130_fd_sc_hd__and3_1)
     2    0.01    0.08    0.27    2.65 v _234_/X (sky130_fd_sc_hd__and3_1)
                                         _001_ (net)
                  0.08    0.00    2.65 v _236_/A1 (sky130_fd_sc_hd__o21a_2)
     4    0.03    0.09    0.30    2.95 v _236_/X (sky130_fd_sc_hd__o21a_2)
                                         _003_ (net)
                  0.09    0.00    2.95 v _239_/B1 (sky130_fd_sc_hd__a211oi_4)
     3    0.02    0.27    0.32    3.27 ^ _239_/Y (sky130_fd_sc_hd__a211oi_4)
                                         _006_ (net)
                  0.27    0.00    3.27 ^ _241_/A2 (sky130_fd_sc_hd__o21ai_2)
     5    0.02    0.09    0.14    3.41 v _241_/Y (sky130_fd_sc_hd__o21ai_2)
                                         _008_ (net)
                  0.09    0.00    3.41 v _248_/A2 (sky130_fd_sc_hd__a311o_2)
     5    0.02    0.11    0.47    3.88 v _248_/X (sky130_fd_sc_hd__a311o_2)
                                         _015_ (net)
                  0.11    0.00    3.88 v _260_/A3 (sky130_fd_sc_hd__a311oi_4)
     3    0.01    0.30    0.40    4.27 ^ _260_/Y (sky130_fd_sc_hd__a311oi_4)
                                         _026_ (net)
                  0.30    0.00    4.27 ^ _280_/A2 (sky130_fd_sc_hd__o21ai_1)
     1    0.01    0.08    0.12    4.40 v _280_/Y (sky130_fd_sc_hd__o21ai_1)
                                         _045_ (net)
                  0.08    0.00    4.40 v _282_/B (sky130_fd_sc_hd__and3_1)
     1    0.00    0.05    0.19    4.59 v _282_/X (sky130_fd_sc_hd__and3_1)
                                         _047_ (net)
                  0.05    0.00    4.59 v _289_/A2 (sky130_fd_sc_hd__o31a_1)
     1    0.01    0.07    0.32    4.91 v _289_/X (sky130_fd_sc_hd__o31a_1)
                                         net27 (net)
                  0.07    0.00    4.92 v output27/A (sky130_fd_sc_hd__buf_2)
     1    0.03    0.09    0.20    5.12 v output27/X (sky130_fd_sc_hd__buf_2)
                                         out[7] (net)
                  0.09    0.00    5.12 v out[7] (out)
                                  5.12   data arrival time

                  0.00   10.00   10.00   clock __VIRTUAL_CLK__ (rise edge)
                          0.00   10.00   clock network delay (ideal)
                         -0.25    9.75   clock uncertainty
                          0.00    9.75   clock reconvergence pessimism
                         -2.00    7.75   output external delay
                                  7.75   data required time
-----------------------------------------------------------------------------
                                  7.75   data required time
                                 -5.12   data arrival time
-----------------------------------------------------------------------------
                                  2.63   slack (MET)


Startpoint: opcode[0] (input port clocked by __VIRTUAL_CLK__)
Endpoint: out[6] (output port clocked by __VIRTUAL_CLK__)
Path Group: __VIRTUAL_CLK__
Path Type: max

Fanout     Cap    Slew   Delay    Time   Description
-----------------------------------------------------------------------------
                  0.00    0.00    0.00   clock __VIRTUAL_CLK__ (rise edge)
                          0.00    0.00   clock network delay (ideal)
                          2.00    2.00 v input external delay
     1    0.00    0.01    0.00    2.00 v opcode[0] (in)
                                         opcode[0] (net)
                  0.01    0.00    2.00 v input17/A (sky130_fd_sc_hd__clkbuf_2)
     5    0.02    0.08    0.14    2.15 v input17/X (sky130_fd_sc_hd__clkbuf_2)
                                         net17 (net)
                  0.08    0.00    2.15 v _222_/A_N (sky130_fd_sc_hd__nand3b_4)
     8    0.03    0.12    0.24    2.38 v _222_/Y (sky130_fd_sc_hd__nand3b_4)
                                         _150_ (net)
                  0.12    0.00    2.38 v _234_/C (sky130_fd_sc_hd__and3_1)
     2    0.01    0.08    0.27    2.65 v _234_/X (sky130_fd_sc_hd__and3_1)
                                         _001_ (net)
                  0.08    0.00    2.65 v _236_/A1 (sky130_fd_sc_hd__o21a_2)
     4    0.03    0.09    0.30    2.95 v _236_/X (sky130_fd_sc_hd__o21a_2)
                                         _003_ (net)
                  0.09    0.00    2.95 v _239_/B1 (sky130_fd_sc_hd__a211oi_4)
     3    0.02    0.27    0.32    3.27 ^ _239_/Y (sky130_fd_sc_hd__a211oi_4)
                                         _006_ (net)
                  0.27    0.00    3.27 ^ _241_/A2 (sky130_fd_sc_hd__o21ai_2)
     5    0.02    0.09    0.14    3.41 v _241_/Y (sky130_fd_sc_hd__o21ai_2)
                                         _008_ (net)
                  0.09    0.00    3.41 v _248_/A2 (sky130_fd_sc_hd__a311o_2)
     5    0.02    0.11    0.47    3.88 v _248_/X (sky130_fd_sc_hd__a311o_2)
                                         _015_ (net)
                  0.11    0.00    3.88 v _261_/A3 (sky130_fd_sc_hd__a31o_1)
     1    0.01    0.06    0.27    4.15 v _261_/X (sky130_fd_sc_hd__a31o_1)
                                         _027_ (net)
                  0.06    0.00    4.15 v _262_/A2 (sky130_fd_sc_hd__a21o_1)
     1    0.00    0.04    0.19    4.34 v _262_/X (sky130_fd_sc_hd__a21o_1)
                                         _028_ (net)
                  0.04    0.00    4.35 v _263_/B (sky130_fd_sc_hd__or2_1)
     1    0.01    0.06    0.23    4.58 v _263_/X (sky130_fd_sc_hd__or2_1)
                                         _029_ (net)
                  0.06    0.00    4.58 v _274_/B1 (sky130_fd_sc_hd__a22oi_2)
     1    0.01    0.17    0.16    4.74 ^ _274_/Y (sky130_fd_sc_hd__a22oi_2)
                                         net26 (net)
                  0.17    0.00    4.74 ^ output26/A (sky130_fd_sc_hd__buf_2)
     1    0.03    0.17    0.25    4.99 ^ output26/X (sky130_fd_sc_hd__buf_2)
                                         out[6] (net)
                  0.17    0.00    4.99 ^ out[6] (out)
                                  4.99   data arrival time

                  0.00   10.00   10.00   clock __VIRTUAL_CLK__ (rise edge)
                          0.00   10.00   clock network delay (ideal)
                         -0.25    9.75   clock uncertainty
                          0.00    9.75   clock reconvergence pessimism
                         -2.00    7.75   output external delay
                                  7.75   data required time
-----------------------------------------------------------------------------
                                  7.75   data required time
                                 -4.99   data arrival time
-----------------------------------------------------------------------------
                                  2.76   slack (MET)


Startpoint: opcode[0] (input port clocked by __VIRTUAL_CLK__)
Endpoint: out[5] (output port clocked by __VIRTUAL_CLK__)
Path Group: __VIRTUAL_CLK__
Path Type: max

Fanout     Cap    Slew   Delay    Time   Description
-----------------------------------------------------------------------------
                  0.00    0.00    0.00   clock __VIRTUAL_CLK__ (rise edge)
                          0.00    0.00   clock network delay (ideal)
                          2.00    2.00 v input external delay
     1    0.00    0.01    0.00    2.00 v opcode[0] (in)
                                         opcode[0] (net)
                  0.01    0.00    2.00 v input17/A (sky130_fd_sc_hd__clkbuf_2)
     5    0.02    0.08    0.14    2.15 v input17/X (sky130_fd_sc_hd__clkbuf_2)
                                         net17 (net)
                  0.08    0.00    2.15 v _222_/A_N (sky130_fd_sc_hd__nand3b_4)
     8    0.03    0.12    0.24    2.38 v _222_/Y (sky130_fd_sc_hd__nand3b_4)
                                         _150_ (net)
                  0.12    0.00    2.38 v _234_/C (sky130_fd_sc_hd__and3_1)
     2    0.01    0.08    0.27    2.65 v _234_/X (sky130_fd_sc_hd__and3_1)
                                         _001_ (net)
                  0.08    0.00    2.65 v _236_/A1 (sky130_fd_sc_hd__o21a_2)
     4    0.03    0.09    0.30    2.95 v _236_/X (sky130_fd_sc_hd__o21a_2)
                                         _003_ (net)
                  0.09    0.00    2.95 v _239_/B1 (sky130_fd_sc_hd__a211oi_4)
     3    0.02    0.27    0.32    3.27 ^ _239_/Y (sky130_fd_sc_hd__a211oi_4)
                                         _006_ (net)
                  0.27    0.00    3.27 ^ _241_/A2 (sky130_fd_sc_hd__o21ai_2)
     5    0.02    0.09    0.14    3.41 v _241_/Y (sky130_fd_sc_hd__o21ai_2)
                                         _008_ (net)
                  0.09    0.00    3.41 v _248_/A2 (sky130_fd_sc_hd__a311o_2)
     5    0.02    0.11    0.47    3.88 v _248_/X (sky130_fd_sc_hd__a311o_2)
                                         _015_ (net)
                  0.11    0.00    3.88 v _249_/C (sky130_fd_sc_hd__and3_1)
     1    0.00    0.04    0.21    4.09 v _249_/X (sky130_fd_sc_hd__and3_1)
                                         _016_ (net)
                  0.04    0.00    4.09 v _253_/A (sky130_fd_sc_hd__or3_1)
     1    0.01    0.09    0.42    4.51 v _253_/X (sky130_fd_sc_hd__or3_1)
                                         _020_ (net)
                  0.09    0.00    4.51 v _254_/B2 (sky130_fd_sc_hd__a22oi_1)
     1    0.01    0.19    0.21    4.72 ^ _254_/Y (sky130_fd_sc_hd__a22oi_1)
                                         net25 (net)
                  0.19    0.00    4.72 ^ output25/A (sky130_fd_sc_hd__buf_2)
     1    0.03    0.17    0.26    4.97 ^ output25/X (sky130_fd_sc_hd__buf_2)
                                         out[5] (net)
                  0.17    0.00    4.97 ^ out[5] (out)
                                  4.97   data arrival time

                  0.00   10.00   10.00   clock __VIRTUAL_CLK__ (rise edge)
                          0.00   10.00   clock network delay (ideal)
                         -0.25    9.75   clock uncertainty
                          0.00    9.75   clock reconvergence pessimism
                         -2.00    7.75   output external delay
                                  7.75   data required time
-----------------------------------------------------------------------------
                                  7.75   data required time
                                 -4.97   data arrival time
-----------------------------------------------------------------------------
                                  2.78   slack (MET)


Startpoint: opcode[0] (input port clocked by __VIRTUAL_CLK__)
Endpoint: out[4] (output port clocked by __VIRTUAL_CLK__)
Path Group: __VIRTUAL_CLK__
Path Type: max

Fanout     Cap    Slew   Delay    Time   Description
-----------------------------------------------------------------------------
                  0.00    0.00    0.00   clock __VIRTUAL_CLK__ (rise edge)
                          0.00    0.00   clock network delay (ideal)
                          2.00    2.00 v input external delay
     1    0.00    0.01    0.00    2.00 v opcode[0] (in)
                                         opcode[0] (net)
                  0.01    0.00    2.00 v input17/A (sky130_fd_sc_hd__clkbuf_2)
     5    0.02    0.08    0.14    2.15 v input17/X (sky130_fd_sc_hd__clkbuf_2)
                                         net17 (net)
                  0.08    0.00    2.15 v _222_/A_N (sky130_fd_sc_hd__nand3b_4)
     8    0.03    0.12    0.24    2.38 v _222_/Y (sky130_fd_sc_hd__nand3b_4)
                                         _150_ (net)
                  0.12    0.00    2.38 v _234_/C (sky130_fd_sc_hd__and3_1)
     2    0.01    0.08    0.27    2.65 v _234_/X (sky130_fd_sc_hd__and3_1)
                                         _001_ (net)
                  0.08    0.00    2.65 v _236_/A1 (sky130_fd_sc_hd__o21a_2)
     4    0.03    0.09    0.30    2.95 v _236_/X (sky130_fd_sc_hd__o21a_2)
                                         _003_ (net)
                  0.09    0.00    2.95 v _239_/B1 (sky130_fd_sc_hd__a211oi_4)
     3    0.02    0.27    0.32    3.27 ^ _239_/Y (sky130_fd_sc_hd__a211oi_4)
                                         _006_ (net)
                  0.27    0.00    3.27 ^ _241_/A2 (sky130_fd_sc_hd__o21ai_2)
     5    0.02    0.09    0.14    3.41 v _241_/Y (sky130_fd_sc_hd__o21ai_2)
                                         _008_ (net)
                  0.09    0.00    3.41 v _248_/A2 (sky130_fd_sc_hd__a311o_2)
     5    0.02    0.11    0.47    3.88 v _248_/X (sky130_fd_sc_hd__a311o_2)
                                         _015_ (net)
                  0.11    0.00    3.88 v _327_/A1 (sky130_fd_sc_hd__a31o_1)
     1    0.01    0.06    0.23    4.11 v _327_/X (sky130_fd_sc_hd__a31o_1)
                                         _087_ (net)
                  0.06    0.00    4.11 v _328_/B1 (sky130_fd_sc_hd__a21oi_1)
     1    0.01    0.19    0.19    4.30 ^ _328_/Y (sky130_fd_sc_hd__a21oi_1)
                                         _088_ (net)
                  0.19    0.00    4.30 ^ _329_/B1 (sky130_fd_sc_hd__a21oi_1)
     1    0.01    0.08    0.10    4.39 v _329_/Y (sky130_fd_sc_hd__a21oi_1)
                                         net24 (net)
                  0.08    0.00    4.39 v output24/A (sky130_fd_sc_hd__buf_2)
     1    0.03    0.09    0.20    4.60 v output24/X (sky130_fd_sc_hd__buf_2)
                                         out[4] (net)
                  0.09    0.00    4.60 v out[4] (out)
                                  4.60   data arrival time

                  0.00   10.00   10.00   clock __VIRTUAL_CLK__ (rise edge)
                          0.00   10.00   clock network delay (ideal)
                         -0.25    9.75   clock uncertainty
                          0.00    9.75   clock reconvergence pessimism
                         -2.00    7.75   output external delay
                                  7.75   data required time
-----------------------------------------------------------------------------
                                  7.75   data required time
                                 -4.60   data arrival time
-----------------------------------------------------------------------------
                                  3.15   slack (MET)


Startpoint: B[0] (input port clocked by __VIRTUAL_CLK__)
Endpoint: out[3] (output port clocked by __VIRTUAL_CLK__)
Path Group: __VIRTUAL_CLK__
Path Type: max

Fanout     Cap    Slew   Delay    Time   Description
-----------------------------------------------------------------------------
                  0.00    0.00    0.00   clock __VIRTUAL_CLK__ (rise edge)
                          0.00    0.00   clock network delay (ideal)
                          2.00    2.00 v input external delay
     1    0.00    0.01    0.00    2.00 v B[0] (in)
                                         B[0] (net)
                  0.01    0.00    2.00 v input9/A (sky130_fd_sc_hd__clkbuf_4)
     8    0.03    0.08    0.17    2.18 v input9/X (sky130_fd_sc_hd__clkbuf_4)
                                         net9 (net)
                  0.08    0.00    2.18 v _186_/A (sky130_fd_sc_hd__clkbuf_4)
    10    0.04    0.09    0.22    2.39 v _186_/X (sky130_fd_sc_hd__clkbuf_4)
                                         _114_ (net)
                  0.09    0.00    2.39 v _242_/A1 (sky130_fd_sc_hd__o31a_1)
     1    0.01    0.08    0.36    2.76 v _242_/X (sky130_fd_sc_hd__o31a_1)
                                         _009_ (net)
                  0.08    0.00    2.76 v _243_/B (sky130_fd_sc_hd__xnor2_1)
     2    0.01    0.29    0.29    3.04 ^ _243_/Y (sky130_fd_sc_hd__xnor2_1)
                                         _010_ (net)
                  0.29    0.00    3.04 ^ _245_/B (sky130_fd_sc_hd__nor2_1)
     3    0.01    0.10    0.14    3.19 v _245_/Y (sky130_fd_sc_hd__nor2_1)
                                         _012_ (net)
                  0.10    0.00    3.19 v _312_/A (sky130_fd_sc_hd__or2b_1)
     2    0.01    0.08    0.30    3.48 v _312_/X (sky130_fd_sc_hd__or2b_1)
                                         _073_ (net)
                  0.08    0.00    3.48 v _314_/A3 (sky130_fd_sc_hd__a31o_1)
     1    0.01    0.05    0.26    3.74 v _314_/X (sky130_fd_sc_hd__a31o_1)
                                         _075_ (net)
                  0.05    0.00    3.74 v _318_/A2 (sky130_fd_sc_hd__o21bai_1)
     1    0.01    0.17    0.17    3.91 ^ _318_/Y (sky130_fd_sc_hd__o21bai_1)
                                         _079_ (net)
                  0.17    0.00    3.92 ^ _319_/B1_N (sky130_fd_sc_hd__o21ba_1)
     1    0.01    0.05    0.19    4.10 v _319_/X (sky130_fd_sc_hd__o21ba_1)
                                         _080_ (net)
                  0.05    0.00    4.10 v _320_/B1 (sky130_fd_sc_hd__a21oi_1)
     1    0.01    0.17    0.17    4.27 ^ _320_/Y (sky130_fd_sc_hd__a21oi_1)
                                         net23 (net)
                  0.17    0.00    4.27 ^ output23/A (sky130_fd_sc_hd__buf_2)
     1    0.03    0.17    0.25    4.53 ^ output23/X (sky130_fd_sc_hd__buf_2)
                                         out[3] (net)
                  0.17    0.00    4.53 ^ out[3] (out)
                                  4.53   data arrival time

                  0.00   10.00   10.00   clock __VIRTUAL_CLK__ (rise edge)
                          0.00   10.00   clock network delay (ideal)
                         -0.25    9.75   clock uncertainty
                          0.00    9.75   clock reconvergence pessimism
                         -2.00    7.75   output external delay
                                  7.75   data required time
-----------------------------------------------------------------------------
                                  7.75   data required time
                                 -4.53   data arrival time
-----------------------------------------------------------------------------
                                  3.22   slack (MET)


Startpoint: opcode[0] (input port clocked by __VIRTUAL_CLK__)
Endpoint: out[1] (output port clocked by __VIRTUAL_CLK__)
Path Group: __VIRTUAL_CLK__
Path Type: max

Fanout     Cap    Slew   Delay    Time   Description
-----------------------------------------------------------------------------
                  0.00    0.00    0.00   clock __VIRTUAL_CLK__ (rise edge)
                          0.00    0.00   clock network delay (ideal)
                          2.00    2.00 v input external delay
     1    0.00    0.01    0.00    2.00 v opcode[0] (in)
                                         opcode[0] (net)
                  0.01    0.00    2.00 v input17/A (sky130_fd_sc_hd__clkbuf_2)
     5    0.02    0.08    0.14    2.15 v input17/X (sky130_fd_sc_hd__clkbuf_2)
                                         net17 (net)
                  0.08    0.00    2.15 v _222_/A_N (sky130_fd_sc_hd__nand3b_4)
     8    0.03    0.12    0.24    2.38 v _222_/Y (sky130_fd_sc_hd__nand3b_4)
                                         _150_ (net)
                  0.12    0.00    2.38 v _234_/C (sky130_fd_sc_hd__and3_1)
     2    0.01    0.08    0.27    2.65 v _234_/X (sky130_fd_sc_hd__and3_1)
                                         _001_ (net)
                  0.08    0.00    2.65 v _236_/A1 (sky130_fd_sc_hd__o21a_2)
     4    0.03    0.09    0.30    2.95 v _236_/X (sky130_fd_sc_hd__o21a_2)
                                         _003_ (net)
                  0.09    0.00    2.95 v _239_/B1 (sky130_fd_sc_hd__a211oi_4)
     3    0.02    0.27    0.32    3.27 ^ _239_/Y (sky130_fd_sc_hd__a211oi_4)
                                         _006_ (net)
                  0.27    0.00    3.27 ^ _300_/A (sky130_fd_sc_hd__or3_1)
     1    0.01    0.09    0.20    3.47 ^ _300_/X (sky130_fd_sc_hd__or3_1)
                                         _063_ (net)
                  0.09    0.00    3.47 ^ _301_/C_N (sky130_fd_sc_hd__or3b_1)
     1    0.00    0.08    0.38    3.85 v _301_/X (sky130_fd_sc_hd__or3b_1)
                                         _064_ (net)
                  0.08    0.00    3.85 v _302_/B2 (sky130_fd_sc_hd__o2bb2a_1)
     1    0.01    0.08    0.34    4.20 v _302_/X (sky130_fd_sc_hd__o2bb2a_1)
                                         net21 (net)
                  0.08    0.00    4.20 v output21/A (sky130_fd_sc_hd__buf_2)
     1    0.03    0.09    0.21    4.41 v output21/X (sky130_fd_sc_hd__buf_2)
                                         out[1] (net)
                  0.09    0.00    4.41 v out[1] (out)
                                  4.41   data arrival time

                  0.00   10.00   10.00   clock __VIRTUAL_CLK__ (rise edge)
                          0.00   10.00   clock network delay (ideal)
                         -0.25    9.75   clock uncertainty
                          0.00    9.75   clock reconvergence pessimism
                         -2.00    7.75   output external delay
                                  7.75   data required time
-----------------------------------------------------------------------------
                                  7.75   data required time
                                 -4.41   data arrival time
-----------------------------------------------------------------------------
                                  3.34   slack (MET)


Startpoint: opcode[0] (input port clocked by __VIRTUAL_CLK__)
Endpoint: out[2] (output port clocked by __VIRTUAL_CLK__)
Path Group: __VIRTUAL_CLK__
Path Type: max

Fanout     Cap    Slew   Delay    Time   Description
-----------------------------------------------------------------------------
                  0.00    0.00    0.00   clock __VIRTUAL_CLK__ (rise edge)
                          0.00    0.00   clock network delay (ideal)
                          2.00    2.00 v input external delay
     1    0.00    0.01    0.00    2.00 v opcode[0] (in)
                                         opcode[0] (net)
                  0.01    0.00    2.00 v input17/A (sky130_fd_sc_hd__clkbuf_2)
     5    0.02    0.08    0.14    2.15 v input17/X (sky130_fd_sc_hd__clkbuf_2)
                                         net17 (net)
                  0.08    0.00    2.15 v _222_/A_N (sky130_fd_sc_hd__nand3b_4)
     8    0.03    0.12    0.24    2.38 v _222_/Y (sky130_fd_sc_hd__nand3b_4)
                                         _150_ (net)
                  0.12    0.00    2.38 v _234_/C (sky130_fd_sc_hd__and3_1)
     2    0.01    0.08    0.27    2.65 v _234_/X (sky130_fd_sc_hd__and3_1)
                                         _001_ (net)
                  0.08    0.00    2.65 v _238_/B (sky130_fd_sc_hd__nor3_2)
     2    0.02    0.32    0.33    2.98 ^ _238_/Y (sky130_fd_sc_hd__nor3_2)
                                         _005_ (net)
                  0.32    0.00    2.98 ^ _239_/C1 (sky130_fd_sc_hd__a211oi_4)
     3    0.02    0.09    0.09    3.07 v _239_/Y (sky130_fd_sc_hd__a211oi_4)
                                         _006_ (net)
                  0.09    0.00    3.07 v _305_/C (sky130_fd_sc_hd__or3_1)
     1    0.01    0.08    0.36    3.43 v _305_/X (sky130_fd_sc_hd__or3_1)
                                         _067_ (net)
                  0.08    0.00    3.43 v _309_/A3 (sky130_fd_sc_hd__a31o_1)
     1    0.00    0.04    0.24    3.67 v _309_/X (sky130_fd_sc_hd__a31o_1)
                                         _071_ (net)
                  0.04    0.00    3.67 v _310_/B2 (sky130_fd_sc_hd__o2bb2a_1)
     1    0.01    0.07    0.31    3.98 v _310_/X (sky130_fd_sc_hd__o2bb2a_1)
                                         net22 (net)
                  0.07    0.00    3.98 v output22/A (sky130_fd_sc_hd__buf_2)
     1    0.03    0.09    0.20    4.18 v output22/X (sky130_fd_sc_hd__buf_2)
                                         out[2] (net)
                  0.09    0.00    4.18 v out[2] (out)
                                  4.18   data arrival time

                  0.00   10.00   10.00   clock __VIRTUAL_CLK__ (rise edge)
                          0.00   10.00   clock network delay (ideal)
                         -0.25    9.75   clock uncertainty
                          0.00    9.75   clock reconvergence pessimism
                         -2.00    7.75   output external delay
                                  7.75   data required time
-----------------------------------------------------------------------------
                                  7.75   data required time
                                 -4.18   data arrival time
-----------------------------------------------------------------------------
                                  3.57   slack (MET)


Startpoint: opcode[0] (input port clocked by __VIRTUAL_CLK__)
Endpoint: out[0] (output port clocked by __VIRTUAL_CLK__)
Path Group: __VIRTUAL_CLK__
Path Type: max

Fanout     Cap    Slew   Delay    Time   Description
-----------------------------------------------------------------------------
                  0.00    0.00    0.00   clock __VIRTUAL_CLK__ (rise edge)
                          0.00    0.00   clock network delay (ideal)
                          2.00    2.00 v input external delay
     1    0.00    0.01    0.00    2.00 v opcode[0] (in)
                                         opcode[0] (net)
                  0.01    0.00    2.00 v input17/A (sky130_fd_sc_hd__clkbuf_2)
     5    0.02    0.08    0.14    2.15 v input17/X (sky130_fd_sc_hd__clkbuf_2)
                                         net17 (net)
                  0.08    0.00    2.15 v _161_/A (sky130_fd_sc_hd__or2_2)
     3    0.02    0.10    0.39    2.53 v _161_/X (sky130_fd_sc_hd__or2_2)
                                         _089_ (net)
                  0.10    0.00    2.53 v _250_/C (sky130_fd_sc_hd__and3_2)
     4    0.02    0.07    0.28    2.82 v _250_/X (sky130_fd_sc_hd__and3_2)
                                         _017_ (net)
                  0.07    0.00    2.82 v _251_/A (sky130_fd_sc_hd__inv_2)
     5    0.02    0.10    0.11    2.93 ^ _251_/Y (sky130_fd_sc_hd__inv_2)
                                         _018_ (net)
                  0.10    0.00    2.93 ^ _290_/B1 (sky130_fd_sc_hd__a22oi_1)
     1    0.00    0.07    0.09    3.02 v _290_/Y (sky130_fd_sc_hd__a22oi_1)
                                         _054_ (net)
                  0.07    0.00    3.02 v _292_/A2 (sky130_fd_sc_hd__o32a_1)
     1    0.00    0.06    0.35    3.37 v _292_/X (sky130_fd_sc_hd__o32a_1)
                                         _056_ (net)
                  0.06    0.00    3.37 v _293_/B1 (sky130_fd_sc_hd__a21o_1)
     1    0.01    0.04    0.17    3.55 v _293_/X (sky130_fd_sc_hd__a21o_1)
                                         net20 (net)
                  0.04    0.00    3.55 v output20/A (sky130_fd_sc_hd__buf_2)
     1    0.03    0.09    0.19    3.74 v output20/X (sky130_fd_sc_hd__buf_2)
                                         out[0] (net)
                  0.09    0.00    3.74 v out[0] (out)
                                  3.74   data arrival time

                  0.00   10.00   10.00   clock __VIRTUAL_CLK__ (rise edge)
                          0.00   10.00   clock network delay (ideal)
                         -0.25    9.75   clock uncertainty
                          0.00    9.75   clock reconvergence pessimism
                         -2.00    7.75   output external delay
                                  7.75   data required time
-----------------------------------------------------------------------------
                                  7.75   data required time
                                 -3.74   data arrival time
-----------------------------------------------------------------------------
                                  4.01   slack (MET)



worst slack corner Typical: 2.6310
max_report_end
checks_report

===========================================================================
report_checks -unconstrained
===========================================================================
======================= Typical Corner ===================================

Startpoint: opcode[0] (input port clocked by __VIRTUAL_CLK__)
Endpoint: out[7] (output port clocked by __VIRTUAL_CLK__)
Path Group: __VIRTUAL_CLK__
Path Type: max

Fanout     Cap    Slew   Delay    Time   Description
-----------------------------------------------------------------------------
                  0.00    0.00    0.00   clock __VIRTUAL_CLK__ (rise edge)
                          0.00    0.00   clock network delay (ideal)
                          2.00    2.00 v input external delay
     1    0.00    0.01    0.00    2.00 v opcode[0] (in)
                                         opcode[0] (net)
                  0.01    0.00    2.00 v input17/A (sky130_fd_sc_hd__clkbuf_2)
     5    0.02    0.08    0.14    2.15 v input17/X (sky130_fd_sc_hd__clkbuf_2)
                                         net17 (net)
                  0.08    0.00    2.15 v _222_/A_N (sky130_fd_sc_hd__nand3b_4)
     8    0.03    0.12    0.24    2.38 v _222_/Y (sky130_fd_sc_hd__nand3b_4)
                                         _150_ (net)
                  0.12    0.00    2.38 v _234_/C (sky130_fd_sc_hd__and3_1)
     2    0.01    0.08    0.27    2.65 v _234_/X (sky130_fd_sc_hd__and3_1)
                                         _001_ (net)
                  0.08    0.00    2.65 v _236_/A1 (sky130_fd_sc_hd__o21a_2)
     4    0.03    0.09    0.30    2.95 v _236_/X (sky130_fd_sc_hd__o21a_2)
                                         _003_ (net)
                  0.09    0.00    2.95 v _239_/B1 (sky130_fd_sc_hd__a211oi_4)
     3    0.02    0.27    0.32    3.27 ^ _239_/Y (sky130_fd_sc_hd__a211oi_4)
                                         _006_ (net)
                  0.27    0.00    3.27 ^ _241_/A2 (sky130_fd_sc_hd__o21ai_2)
     5    0.02    0.09    0.14    3.41 v _241_/Y (sky130_fd_sc_hd__o21ai_2)
                                         _008_ (net)
                  0.09    0.00    3.41 v _248_/A2 (sky130_fd_sc_hd__a311o_2)
     5    0.02    0.11    0.47    3.88 v _248_/X (sky130_fd_sc_hd__a311o_2)
                                         _015_ (net)
                  0.11    0.00    3.88 v _260_/A3 (sky130_fd_sc_hd__a311oi_4)
     3    0.01    0.30    0.40    4.27 ^ _260_/Y (sky130_fd_sc_hd__a311oi_4)
                                         _026_ (net)
                  0.30    0.00    4.27 ^ _280_/A2 (sky130_fd_sc_hd__o21ai_1)
     1    0.01    0.08    0.12    4.40 v _280_/Y (sky130_fd_sc_hd__o21ai_1)
                                         _045_ (net)
                  0.08    0.00    4.40 v _282_/B (sky130_fd_sc_hd__and3_1)
     1    0.00    0.05    0.19    4.59 v _282_/X (sky130_fd_sc_hd__and3_1)
                                         _047_ (net)
                  0.05    0.00    4.59 v _289_/A2 (sky130_fd_sc_hd__o31a_1)
     1    0.01    0.07    0.32    4.91 v _289_/X (sky130_fd_sc_hd__o31a_1)
                                         net27 (net)
                  0.07    0.00    4.92 v output27/A (sky130_fd_sc_hd__buf_2)
     1    0.03    0.09    0.20    5.12 v output27/X (sky130_fd_sc_hd__buf_2)
                                         out[7] (net)
                  0.09    0.00    5.12 v out[7] (out)
                                  5.12   data arrival time

                  0.00   10.00   10.00   clock __VIRTUAL_CLK__ (rise edge)
                          0.00   10.00   clock network delay (ideal)
                         -0.25    9.75   clock uncertainty
                          0.00    9.75   clock reconvergence pessimism
                         -2.00    7.75   output external delay
                                  7.75   data required time
-----------------------------------------------------------------------------
                                  7.75   data required time
                                 -5.12   data arrival time
-----------------------------------------------------------------------------
                                  2.63   slack (MET)




===========================================================================
report_checks --slack_max -0.01
============================================================================
======================= Typical Corner ===================================

No paths found.


===========================================================================
 report_check_types -max_slew -max_cap -max_fanout -violators
============================================================================
======================= Typical Corner ===================================


max slew violations count Typical: 0
max fanout violations count Typical: 0
max cap violations count Typical: 0

===========================================================================
report_parasitic_annotation -report_unannotated
============================================================================
Found 0 unannotated drivers.
Found 0 partially unannotated drivers.

===========================================================================
max slew violation count 0
max fanout violation count 0
max cap violation count 0
============================================================================

===========================================================================
check_setup -verbose -unconstrained_endpoints -multiple_clock -no_clock -no_input_delay -loops -generated_clocks
===========================================================================
checks_report_end
power_report

===========================================================================
 report_power
============================================================================
======================= Typical Corner ===================================

Group                  Internal  Switching    Leakage      Total
                          Power      Power      Power      Power (Watts)
----------------------------------------------------------------
Sequential             0.00e+00   0.00e+00   0.00e+00   0.00e+00   0.0%
Combinational          4.35e-05   7.27e-05   7.34e-10   1.16e-04 100.0%
Clock                  0.00e+00   0.00e+00   1.81e-10   1.81e-10   0.0%
Macro                  0.00e+00   0.00e+00   0.00e+00   0.00e+00   0.0%
Pad                    0.00e+00   0.00e+00   0.00e+00   0.00e+00   0.0%
----------------------------------------------------------------
Total                  4.35e-05   7.27e-05   9.15e-10   1.16e-04 100.0%
                          37.5%      62.5%       0.0%

power_report_end
summary_report

===========================================================================
report_tns
============================================================================
tns 0.00

===========================================================================
report_wns
============================================================================
wns 0.00

===========================================================================
report_worst_slack -max (Setup)
============================================================================
worst slack 2.63

===========================================================================
report_worst_slack -min (Hold)
============================================================================
worst slack 4.20
summary_report_end
area_report

===========================================================================
report_design_area
============================================================================
Design area 1564 u^2 35% utilization.
area_report_end
check_nonpropagated_clocks
__VIRTUAL_CLK__
check_nonpropagated_clocks_end
[WARNING] Did not save OpenROAD database!
Writing SDF to '/openlane/designs/cse224_proj2/runs/RUN_2025.04.25_04.50.06/results/signoff/main.sdf'…
Writing timing model to '/openlane/designs/cse224_proj2/runs/RUN_2025.04.25_04.50.06/results/signoff/main.lib'…
