
===========================================================================
report_checks -path_delay min (Hold)
============================================================================
======================= Typical Corner ===================================

Startpoint: _265_ (rising edge-triggered flip-flop clocked by core_clock)
Endpoint: _265_ (rising edge-triggered flip-flop clocked by core_clock)
Path Group: core_clock
Path Type: min

Fanout     Cap    Slew   Delay    Time   Description
-----------------------------------------------------------------------------
                  0.00    0.00    0.00   clock core_clock (rise edge)
                          0.00    0.00   clock network delay (ideal)
                  0.00    0.00    0.00 ^ _265_/CLK (sky130_fd_sc_hd__dfxtp_4)
     6    0.04    0.13    0.39    0.39 ^ _265_/Q (sky130_fd_sc_hd__dfxtp_4)
                                         a.one_second_counter[11] (net)
                  0.13    0.00    0.39 ^ _203_/A1 (sky130_fd_sc_hd__a21oi_2)
     1    0.02    0.05    0.10    0.50 v _203_/Y (sky130_fd_sc_hd__a21oi_2)
                                         _015_ (net)
                  0.05    0.00    0.50 v _265_/D (sky130_fd_sc_hd__dfxtp_4)
                                  0.50   data arrival time

                  0.00    0.00    0.00   clock core_clock (rise edge)
                          0.00    0.00   clock network delay (ideal)
                          0.00    0.00   clock reconvergence pessimism
                                  0.00 ^ _265_/CLK (sky130_fd_sc_hd__dfxtp_4)
                         -0.06   -0.06   library hold time
                                 -0.06   data required time
-----------------------------------------------------------------------------
                                 -0.06   data required time
                                 -0.50   data arrival time
-----------------------------------------------------------------------------
                                  0.55   slack (MET)


Startpoint: _280_ (rising edge-triggered flip-flop clocked by core_clock)
Endpoint: _280_ (rising edge-triggered flip-flop clocked by core_clock)
Path Group: core_clock
Path Type: min

Fanout     Cap    Slew   Delay    Time   Description
-----------------------------------------------------------------------------
                  0.00    0.00    0.00   clock core_clock (rise edge)
                          0.00    0.00   clock network delay (ideal)
                  0.00    0.00    0.00 ^ _280_/CLK (sky130_fd_sc_hd__dfxtp_2)
     4    0.03    0.09    0.35    0.35 v _280_/Q (sky130_fd_sc_hd__dfxtp_2)
                                         a.one_second_counter[26] (net)
                  0.09    0.00    0.35 v _248_/A (sky130_fd_sc_hd__inv_2)
     1    0.01    0.04    0.07    0.42 ^ _248_/Y (sky130_fd_sc_hd__inv_2)
                                         _098_ (net)
                  0.04    0.00    0.42 ^ _249_/A1 (sky130_fd_sc_hd__a21boi_2)
     1    0.02    0.06    0.07    0.50 v _249_/Y (sky130_fd_sc_hd__a21boi_2)
                                         _030_ (net)
                  0.06    0.00    0.50 v _280_/D (sky130_fd_sc_hd__dfxtp_2)
                                  0.50   data arrival time

                  0.00    0.00    0.00   clock core_clock (rise edge)
                          0.00    0.00   clock network delay (ideal)
                          0.00    0.00   clock reconvergence pessimism
                                  0.00 ^ _280_/CLK (sky130_fd_sc_hd__dfxtp_2)
                         -0.06   -0.06   library hold time
                                 -0.06   data required time
-----------------------------------------------------------------------------
                                 -0.06   data required time
                                 -0.50   data arrival time
-----------------------------------------------------------------------------
                                  0.56   slack (MET)


Startpoint: _255_ (rising edge-triggered flip-flop clocked by core_clock)
Endpoint: _255_ (rising edge-triggered flip-flop clocked by core_clock)
Path Group: core_clock
Path Type: min

Fanout     Cap    Slew   Delay    Time   Description
-----------------------------------------------------------------------------
                  0.00    0.00    0.00   clock core_clock (rise edge)
                          0.00    0.00   clock network delay (ideal)
                  0.00    0.00    0.00 ^ _255_/CLK (sky130_fd_sc_hd__dfxtp_4)
     4    0.05    0.14    0.40    0.40 ^ _255_/Q (sky130_fd_sc_hd__dfxtp_4)
                                         a.one_second_counter[1] (net)
                  0.14    0.00    0.40 ^ _172_/A1 (sky130_fd_sc_hd__a21oi_2)
     1    0.02    0.05    0.10    0.50 v _172_/Y (sky130_fd_sc_hd__a21oi_2)
                                         _005_ (net)
                  0.05    0.00    0.50 v _255_/D (sky130_fd_sc_hd__dfxtp_4)
                                  0.50   data arrival time

                  0.00    0.00    0.00   clock core_clock (rise edge)
                          0.00    0.00   clock network delay (ideal)
                          0.00    0.00   clock reconvergence pessimism
                                  0.00 ^ _255_/CLK (sky130_fd_sc_hd__dfxtp_4)
                         -0.06   -0.06   library hold time
                                 -0.06   data required time
-----------------------------------------------------------------------------
                                 -0.06   data required time
                                 -0.50   data arrival time
-----------------------------------------------------------------------------
                                  0.56   slack (MET)


Startpoint: _276_ (rising edge-triggered flip-flop clocked by core_clock)
Endpoint: _276_ (rising edge-triggered flip-flop clocked by core_clock)
Path Group: core_clock
Path Type: min

Fanout     Cap    Slew   Delay    Time   Description
-----------------------------------------------------------------------------
                  0.00    0.00    0.00   clock core_clock (rise edge)
                          0.00    0.00   clock network delay (ideal)
                  0.00    0.00    0.00 ^ _276_/CLK (sky130_fd_sc_hd__dfxtp_4)
     4    0.05    0.16    0.41    0.41 ^ _276_/Q (sky130_fd_sc_hd__dfxtp_4)
                                         a.one_second_counter[22] (net)
                  0.16    0.00    0.42 ^ _237_/A1 (sky130_fd_sc_hd__a21oi_2)
     1    0.02    0.05    0.11    0.53 v _237_/Y (sky130_fd_sc_hd__a21oi_2)
                                         _026_ (net)
                  0.05    0.00    0.53 v _276_/D (sky130_fd_sc_hd__dfxtp_4)
                                  0.53   data arrival time

                  0.00    0.00    0.00   clock core_clock (rise edge)
                          0.00    0.00   clock network delay (ideal)
                          0.00    0.00   clock reconvergence pessimism
                                  0.00 ^ _276_/CLK (sky130_fd_sc_hd__dfxtp_4)
                         -0.06   -0.06   library hold time
                                 -0.06   data required time
-----------------------------------------------------------------------------
                                 -0.06   data required time
                                 -0.53   data arrival time
-----------------------------------------------------------------------------
                                  0.59   slack (MET)


Startpoint: _273_ (rising edge-triggered flip-flop clocked by core_clock)
Endpoint: _273_ (rising edge-triggered flip-flop clocked by core_clock)
Path Group: core_clock
Path Type: min

Fanout     Cap    Slew   Delay    Time   Description
-----------------------------------------------------------------------------
                  0.00    0.00    0.00   clock core_clock (rise edge)
                          0.00    0.00   clock network delay (ideal)
                  0.00    0.00    0.00 ^ _273_/CLK (sky130_fd_sc_hd__dfxtp_4)
     8    0.06    0.16    0.42    0.42 ^ _273_/Q (sky130_fd_sc_hd__dfxtp_4)
                                         a.one_second_counter[19] (net)
                  0.16    0.00    0.42 ^ _228_/A1 (sky130_fd_sc_hd__a21oi_2)
     1    0.02    0.05    0.11    0.53 v _228_/Y (sky130_fd_sc_hd__a21oi_2)
                                         _023_ (net)
                  0.05    0.00    0.53 v _273_/D (sky130_fd_sc_hd__dfxtp_4)
                                  0.53   data arrival time

                  0.00    0.00    0.00   clock core_clock (rise edge)
                          0.00    0.00   clock network delay (ideal)
                          0.00    0.00   clock reconvergence pessimism
                                  0.00 ^ _273_/CLK (sky130_fd_sc_hd__dfxtp_4)
                         -0.06   -0.06   library hold time
                                 -0.06   data required time
-----------------------------------------------------------------------------
                                 -0.06   data required time
                                 -0.53   data arrival time
-----------------------------------------------------------------------------
                                  0.59   slack (MET)


Startpoint: _271_ (rising edge-triggered flip-flop clocked by core_clock)
Endpoint: _271_ (rising edge-triggered flip-flop clocked by core_clock)
Path Group: core_clock
Path Type: min

Fanout     Cap    Slew   Delay    Time   Description
-----------------------------------------------------------------------------
                  0.00    0.00    0.00   clock core_clock (rise edge)
                          0.00    0.00   clock network delay (ideal)
                  0.00    0.00    0.00 ^ _271_/CLK (sky130_fd_sc_hd__dfxtp_2)
     4    0.03    0.15    0.38    0.38 ^ _271_/Q (sky130_fd_sc_hd__dfxtp_2)
                                         a.one_second_counter[17] (net)
                  0.15    0.00    0.38 ^ _221_/A1 (sky130_fd_sc_hd__o21ai_2)
     1    0.01    0.06    0.10    0.48 v _221_/Y (sky130_fd_sc_hd__o21ai_2)
                                         _080_ (net)
                  0.06    0.00    0.48 v _222_/B (sky130_fd_sc_hd__nor2_1)
     1    0.00    0.07    0.08    0.56 ^ _222_/Y (sky130_fd_sc_hd__nor2_1)
                                         _021_ (net)
                  0.07    0.00    0.56 ^ _271_/D (sky130_fd_sc_hd__dfxtp_2)
                                  0.56   data arrival time

                  0.00    0.00    0.00   clock core_clock (rise edge)
                          0.00    0.00   clock network delay (ideal)
                          0.00    0.00   clock reconvergence pessimism
                                  0.00 ^ _271_/CLK (sky130_fd_sc_hd__dfxtp_2)
                         -0.04   -0.04   library hold time
                                 -0.04   data required time
-----------------------------------------------------------------------------
                                 -0.04   data required time
                                 -0.56   data arrival time
-----------------------------------------------------------------------------
                                  0.60   slack (MET)


Startpoint: _278_ (rising edge-triggered flip-flop clocked by core_clock)
Endpoint: _278_ (rising edge-triggered flip-flop clocked by core_clock)
Path Group: core_clock
Path Type: min

Fanout     Cap    Slew   Delay    Time   Description
-----------------------------------------------------------------------------
                  0.00    0.00    0.00   clock core_clock (rise edge)
                          0.00    0.00   clock network delay (ideal)
                  0.00    0.00    0.00 ^ _278_/CLK (sky130_fd_sc_hd__dfxtp_4)
     6    0.04    0.13    0.39    0.39 ^ _278_/Q (sky130_fd_sc_hd__dfxtp_4)
                                         a.one_second_counter[24] (net)
                  0.13    0.00    0.39 ^ _243_/A1 (sky130_fd_sc_hd__o21a_1)
     1    0.01    0.09    0.18    0.57 ^ _243_/X (sky130_fd_sc_hd__o21a_1)
                                         _028_ (net)
                  0.09    0.00    0.57 ^ _278_/D (sky130_fd_sc_hd__dfxtp_4)
                                  0.57   data arrival time

                  0.00    0.00    0.00   clock core_clock (rise edge)
                          0.00    0.00   clock network delay (ideal)
                          0.00    0.00   clock reconvergence pessimism
                                  0.00 ^ _278_/CLK (sky130_fd_sc_hd__dfxtp_4)
                         -0.05   -0.05   library hold time
                                 -0.05   data required time
-----------------------------------------------------------------------------
                                 -0.05   data required time
                                 -0.57   data arrival time
-----------------------------------------------------------------------------
                                  0.62   slack (MET)


Startpoint: _275_ (rising edge-triggered flip-flop clocked by core_clock)
Endpoint: _275_ (rising edge-triggered flip-flop clocked by core_clock)
Path Group: core_clock
Path Type: min

Fanout     Cap    Slew   Delay    Time   Description
-----------------------------------------------------------------------------
                  0.00    0.00    0.00   clock core_clock (rise edge)
                          0.00    0.00   clock network delay (ideal)
                  0.00    0.00    0.00 ^ _275_/CLK (sky130_fd_sc_hd__dfxtp_2)
     3    0.02    0.06    0.33    0.33 v _275_/Q (sky130_fd_sc_hd__dfxtp_2)
                                         a.one_second_counter[21] (net)
                  0.06    0.00    0.33 v _234_/A1 (sky130_fd_sc_hd__o21ai_1)
     1    0.01    0.11    0.17    0.51 ^ _234_/Y (sky130_fd_sc_hd__o21ai_1)
                                         _089_ (net)
                  0.11    0.00    0.51 ^ _235_/B (sky130_fd_sc_hd__nor2_1)
     1    0.01    0.06    0.08    0.59 v _235_/Y (sky130_fd_sc_hd__nor2_1)
                                         _025_ (net)
                  0.06    0.00    0.59 v _275_/D (sky130_fd_sc_hd__dfxtp_2)
                                  0.59   data arrival time

                  0.00    0.00    0.00   clock core_clock (rise edge)
                          0.00    0.00   clock network delay (ideal)
                          0.00    0.00   clock reconvergence pessimism
                                  0.00 ^ _275_/CLK (sky130_fd_sc_hd__dfxtp_2)
                         -0.06   -0.06   library hold time
                                 -0.06   data required time
-----------------------------------------------------------------------------
                                 -0.06   data required time
                                 -0.59   data arrival time
-----------------------------------------------------------------------------
                                  0.65   slack (MET)


Startpoint: _264_ (rising edge-triggered flip-flop clocked by core_clock)
Endpoint: _264_ (rising edge-triggered flip-flop clocked by core_clock)
Path Group: core_clock
Path Type: min

Fanout     Cap    Slew   Delay    Time   Description
-----------------------------------------------------------------------------
                  0.00    0.00    0.00   clock core_clock (rise edge)
                          0.00    0.00   clock network delay (ideal)
                  0.00    0.00    0.00 ^ _264_/CLK (sky130_fd_sc_hd__dfxtp_2)
     3    0.02    0.13    0.37    0.37 ^ _264_/Q (sky130_fd_sc_hd__dfxtp_2)
                                         a.one_second_counter[10] (net)
                  0.13    0.00    0.37 ^ _200_/A1 (sky130_fd_sc_hd__o21ai_2)
     1    0.02    0.08    0.11    0.48 v _200_/Y (sky130_fd_sc_hd__o21ai_2)
                                         _066_ (net)
                  0.08    0.00    0.48 v _201_/B (sky130_fd_sc_hd__nor2_1)
     1    0.01    0.12    0.13    0.61 ^ _201_/Y (sky130_fd_sc_hd__nor2_1)
                                         _014_ (net)
                  0.12    0.00    0.61 ^ _264_/D (sky130_fd_sc_hd__dfxtp_2)
                                  0.61   data arrival time

                  0.00    0.00    0.00   clock core_clock (rise edge)
                          0.00    0.00   clock network delay (ideal)
                          0.00    0.00   clock reconvergence pessimism
                                  0.00 ^ _264_/CLK (sky130_fd_sc_hd__dfxtp_2)
                         -0.05   -0.05   library hold time
                                 -0.05   data required time
-----------------------------------------------------------------------------
                                 -0.05   data required time
                                 -0.61   data arrival time
-----------------------------------------------------------------------------
                                  0.66   slack (MET)


Startpoint: _270_ (rising edge-triggered flip-flop clocked by core_clock)
Endpoint: _270_ (rising edge-triggered flip-flop clocked by core_clock)
Path Group: core_clock
Path Type: min

Fanout     Cap    Slew   Delay    Time   Description
-----------------------------------------------------------------------------
                  0.00    0.00    0.00   clock core_clock (rise edge)
                          0.00    0.00   clock network delay (ideal)
                  0.00    0.00    0.00 ^ _270_/CLK (sky130_fd_sc_hd__dfxtp_2)
     4    0.03    0.07    0.34    0.34 v _270_/Q (sky130_fd_sc_hd__dfxtp_2)
                                         a.one_second_counter[16] (net)
                  0.07    0.00    0.34 v _218_/A1 (sky130_fd_sc_hd__o21ai_2)
     1    0.01    0.08    0.19    0.53 ^ _218_/Y (sky130_fd_sc_hd__o21ai_2)
                                         _078_ (net)
                  0.08    0.00    0.53 ^ _219_/B (sky130_fd_sc_hd__nor2_1)
     1    0.01    0.06    0.08    0.61 v _219_/Y (sky130_fd_sc_hd__nor2_1)
                                         _020_ (net)
                  0.06    0.00    0.61 v _270_/D (sky130_fd_sc_hd__dfxtp_2)
                                  0.61   data arrival time

                  0.00    0.00    0.00   clock core_clock (rise edge)
                          0.00    0.00   clock network delay (ideal)
                          0.00    0.00   clock reconvergence pessimism
                                  0.00 ^ _270_/CLK (sky130_fd_sc_hd__dfxtp_2)
                         -0.06   -0.06   library hold time
                                 -0.06   data required time
-----------------------------------------------------------------------------
                                 -0.06   data required time
                                 -0.61   data arrival time
-----------------------------------------------------------------------------
                                  0.67   slack (MET)


Startpoint: _262_ (rising edge-triggered flip-flop clocked by core_clock)
Endpoint: _262_ (rising edge-triggered flip-flop clocked by core_clock)
Path Group: core_clock
Path Type: min

Fanout     Cap    Slew   Delay    Time   Description
-----------------------------------------------------------------------------
                  0.00    0.00    0.00   clock core_clock (rise edge)
                          0.00    0.00   clock network delay (ideal)
                  0.00    0.00    0.00 ^ _262_/CLK (sky130_fd_sc_hd__dfxtp_4)
     5    0.04    0.13    0.39    0.39 ^ _262_/Q (sky130_fd_sc_hd__dfxtp_4)
                                         a.one_second_counter[8] (net)
                  0.13    0.00    0.39 ^ _193_/A1 (sky130_fd_sc_hd__o21a_1)
     1    0.02    0.15    0.22    0.61 ^ _193_/X (sky130_fd_sc_hd__o21a_1)
                                         _012_ (net)
                  0.15    0.00    0.61 ^ _262_/D (sky130_fd_sc_hd__dfxtp_4)
                                  0.61   data arrival time

                  0.00    0.00    0.00   clock core_clock (rise edge)
                          0.00    0.00   clock network delay (ideal)
                          0.00    0.00   clock reconvergence pessimism
                                  0.00 ^ _262_/CLK (sky130_fd_sc_hd__dfxtp_4)
                         -0.06   -0.06   library hold time
                                 -0.06   data required time
-----------------------------------------------------------------------------
                                 -0.06   data required time
                                 -0.61   data arrival time
-----------------------------------------------------------------------------
                                  0.67   slack (MET)


Startpoint: _258_ (rising edge-triggered flip-flop clocked by core_clock)
Endpoint: _258_ (rising edge-triggered flip-flop clocked by core_clock)
Path Group: core_clock
Path Type: min

Fanout     Cap    Slew   Delay    Time   Description
-----------------------------------------------------------------------------
                  0.00    0.00    0.00   clock core_clock (rise edge)
                          0.00    0.00   clock network delay (ideal)
                  0.00    0.00    0.00 ^ _258_/CLK (sky130_fd_sc_hd__dfxtp_2)
     2    0.02    0.07    0.33    0.33 v _258_/Q (sky130_fd_sc_hd__dfxtp_2)
                                         a.one_second_counter[4] (net)
                  0.07    0.00    0.33 v _180_/A (sky130_fd_sc_hd__inv_2)
     1    0.00    0.03    0.05    0.39 ^ _180_/Y (sky130_fd_sc_hd__inv_2)
                                         _052_ (net)
                  0.03    0.00    0.39 ^ _181_/A1 (sky130_fd_sc_hd__a21bo_1)
     1    0.02    0.13    0.16    0.55 ^ _181_/X (sky130_fd_sc_hd__a21bo_1)
                                         _053_ (net)
                  0.13    0.00    0.55 ^ _182_/B1 (sky130_fd_sc_hd__a21oi_2)
     1    0.01    0.05    0.07    0.62 v _182_/Y (sky130_fd_sc_hd__a21oi_2)
                                         _008_ (net)
                  0.05    0.00    0.62 v _258_/D (sky130_fd_sc_hd__dfxtp_2)
                                  0.62   data arrival time

                  0.00    0.00    0.00   clock core_clock (rise edge)
                          0.00    0.00   clock network delay (ideal)
                          0.00    0.00   clock reconvergence pessimism
                                  0.00 ^ _258_/CLK (sky130_fd_sc_hd__dfxtp_2)
                         -0.06   -0.06   library hold time
                                 -0.06   data required time
-----------------------------------------------------------------------------
                                 -0.06   data required time
                                 -0.62   data arrival time
-----------------------------------------------------------------------------
                                  0.68   slack (MET)


Startpoint: _260_ (rising edge-triggered flip-flop clocked by core_clock)
Endpoint: _260_ (rising edge-triggered flip-flop clocked by core_clock)
Path Group: core_clock
Path Type: min

Fanout     Cap    Slew   Delay    Time   Description
-----------------------------------------------------------------------------
                  0.00    0.00    0.00   clock core_clock (rise edge)
                          0.00    0.00   clock network delay (ideal)
                  0.00    0.00    0.00 ^ _260_/CLK (sky130_fd_sc_hd__dfxtp_1)
     2    0.02    0.10    0.34    0.34 v _260_/Q (sky130_fd_sc_hd__dfxtp_1)
                                         a.one_second_counter[6] (net)
                  0.10    0.00    0.34 v _188_/A1 (sky130_fd_sc_hd__o21ai_1)
     1    0.01    0.11    0.18    0.52 ^ _188_/Y (sky130_fd_sc_hd__o21ai_1)
                                         _058_ (net)
                  0.11    0.00    0.52 ^ _189_/B (sky130_fd_sc_hd__nor2_1)
     1    0.01    0.07    0.10    0.62 v _189_/Y (sky130_fd_sc_hd__nor2_1)
                                         _010_ (net)
                  0.07    0.00    0.62 v _260_/D (sky130_fd_sc_hd__dfxtp_1)
                                  0.62   data arrival time

                  0.00    0.00    0.00   clock core_clock (rise edge)
                          0.00    0.00   clock network delay (ideal)
                          0.00    0.00   clock reconvergence pessimism
                                  0.00 ^ _260_/CLK (sky130_fd_sc_hd__dfxtp_1)
                         -0.08   -0.08   library hold time
                                 -0.08   data required time
-----------------------------------------------------------------------------
                                 -0.08   data required time
                                 -0.62   data arrival time
-----------------------------------------------------------------------------
                                  0.70   slack (MET)


Startpoint: _268_ (rising edge-triggered flip-flop clocked by core_clock)
Endpoint: _268_ (rising edge-triggered flip-flop clocked by core_clock)
Path Group: core_clock
Path Type: min

Fanout     Cap    Slew   Delay    Time   Description
-----------------------------------------------------------------------------
                  0.00    0.00    0.00   clock core_clock (rise edge)
                          0.00    0.00   clock network delay (ideal)
                  0.00    0.00    0.00 ^ _268_/CLK (sky130_fd_sc_hd__dfxtp_1)
     2    0.01    0.08    0.32    0.32 v _268_/Q (sky130_fd_sc_hd__dfxtp_1)
                                         a.one_second_counter[14] (net)
                  0.08    0.00    0.32 v _212_/A1 (sky130_fd_sc_hd__o21ai_1)
     1    0.01    0.16    0.22    0.54 ^ _212_/Y (sky130_fd_sc_hd__o21ai_1)
                                         _074_ (net)
                  0.16    0.00    0.54 ^ _213_/B (sky130_fd_sc_hd__nor2_1)
     1    0.01    0.06    0.09    0.63 v _213_/Y (sky130_fd_sc_hd__nor2_1)
                                         _018_ (net)
                  0.06    0.00    0.63 v _268_/D (sky130_fd_sc_hd__dfxtp_1)
                                  0.63   data arrival time

                  0.00    0.00    0.00   clock core_clock (rise edge)
                          0.00    0.00   clock network delay (ideal)
                          0.00    0.00   clock reconvergence pessimism
                                  0.00 ^ _268_/CLK (sky130_fd_sc_hd__dfxtp_1)
                         -0.07   -0.07   library hold time
                                 -0.07   data required time
-----------------------------------------------------------------------------
                                 -0.07   data required time
                                 -0.63   data arrival time
-----------------------------------------------------------------------------
                                  0.70   slack (MET)


Startpoint: _277_ (rising edge-triggered flip-flop clocked by core_clock)
Endpoint: _277_ (rising edge-triggered flip-flop clocked by core_clock)
Path Group: core_clock
Path Type: min

Fanout     Cap    Slew   Delay    Time   Description
-----------------------------------------------------------------------------
                  0.00    0.00    0.00   clock core_clock (rise edge)
                          0.00    0.00   clock network delay (ideal)
                  0.00    0.00    0.00 ^ _277_/CLK (sky130_fd_sc_hd__dfxtp_2)
     2    0.03    0.08    0.34    0.34 v _277_/Q (sky130_fd_sc_hd__dfxtp_2)
                                         a.one_second_counter[23] (net)
                  0.08    0.00    0.35 v _238_/B1 (sky130_fd_sc_hd__a21oi_4)
     1    0.02    0.18    0.20    0.54 ^ _238_/Y (sky130_fd_sc_hd__a21oi_4)
                                         _091_ (net)
                  0.18    0.00    0.55 ^ _241_/A (sky130_fd_sc_hd__nor3b_2)
     1    0.01    0.06    0.10    0.64 v _241_/Y (sky130_fd_sc_hd__nor3b_2)
                                         _027_ (net)
                  0.06    0.00    0.64 v _277_/D (sky130_fd_sc_hd__dfxtp_2)
                                  0.64   data arrival time

                  0.00    0.00    0.00   clock core_clock (rise edge)
                          0.00    0.00   clock network delay (ideal)
                          0.00    0.00   clock reconvergence pessimism
                                  0.00 ^ _277_/CLK (sky130_fd_sc_hd__dfxtp_2)
                         -0.06   -0.06   library hold time
                                 -0.06   data required time
-----------------------------------------------------------------------------
                                 -0.06   data required time
                                 -0.64   data arrival time
-----------------------------------------------------------------------------
                                  0.70   slack (MET)


Startpoint: _267_ (rising edge-triggered flip-flop clocked by core_clock)
Endpoint: _267_ (rising edge-triggered flip-flop clocked by core_clock)
Path Group: core_clock
Path Type: min

Fanout     Cap    Slew   Delay    Time   Description
-----------------------------------------------------------------------------
                  0.00    0.00    0.00   clock core_clock (rise edge)
                          0.00    0.00   clock network delay (ideal)
                  0.00    0.00    0.00 ^ _267_/CLK (sky130_fd_sc_hd__dfxtp_2)
     3    0.03    0.08    0.34    0.34 v _267_/Q (sky130_fd_sc_hd__dfxtp_2)
                                         a.one_second_counter[13] (net)
                  0.08    0.00    0.34 v _209_/A1 (sky130_fd_sc_hd__o21ai_2)
     1    0.02    0.11    0.23    0.57 ^ _209_/Y (sky130_fd_sc_hd__o21ai_2)
                                         _072_ (net)
                  0.11    0.00    0.57 ^ _210_/B (sky130_fd_sc_hd__nor2_1)
     1    0.01    0.06    0.08    0.65 v _210_/Y (sky130_fd_sc_hd__nor2_1)
                                         _017_ (net)
                  0.06    0.00    0.65 v _267_/D (sky130_fd_sc_hd__dfxtp_2)
                                  0.65   data arrival time

                  0.00    0.00    0.00   clock core_clock (rise edge)
                          0.00    0.00   clock network delay (ideal)
                          0.00    0.00   clock reconvergence pessimism
                                  0.00 ^ _267_/CLK (sky130_fd_sc_hd__dfxtp_2)
                         -0.06   -0.06   library hold time
                                 -0.06   data required time
-----------------------------------------------------------------------------
                                 -0.06   data required time
                                 -0.65   data arrival time
-----------------------------------------------------------------------------
                                  0.71   slack (MET)


Startpoint: _272_ (rising edge-triggered flip-flop clocked by core_clock)
Endpoint: _272_ (rising edge-triggered flip-flop clocked by core_clock)
Path Group: core_clock
Path Type: min

Fanout     Cap    Slew   Delay    Time   Description
-----------------------------------------------------------------------------
                  0.00    0.00    0.00   clock core_clock (rise edge)
                          0.00    0.00   clock network delay (ideal)
                  0.00    0.00    0.00 ^ _272_/CLK (sky130_fd_sc_hd__dfxtp_1)
     3    0.02    0.09    0.33    0.33 v _272_/Q (sky130_fd_sc_hd__dfxtp_1)
                                         a.one_second_counter[18] (net)
                  0.09    0.00    0.33 v _225_/A1 (sky130_fd_sc_hd__o21ai_1)
     1    0.01    0.16    0.23    0.57 ^ _225_/Y (sky130_fd_sc_hd__o21ai_1)
                                         _083_ (net)
                  0.16    0.00    0.57 ^ _226_/B (sky130_fd_sc_hd__nor2_1)
     1    0.01    0.05    0.08    0.64 v _226_/Y (sky130_fd_sc_hd__nor2_1)
                                         _022_ (net)
                  0.05    0.00    0.64 v _272_/D (sky130_fd_sc_hd__dfxtp_1)
                                  0.64   data arrival time

                  0.00    0.00    0.00   clock core_clock (rise edge)
                          0.00    0.00   clock network delay (ideal)
                          0.00    0.00   clock reconvergence pessimism
                                  0.00 ^ _272_/CLK (sky130_fd_sc_hd__dfxtp_1)
                         -0.07   -0.07   library hold time
                                 -0.07   data required time
-----------------------------------------------------------------------------
                                 -0.07   data required time
                                 -0.64   data arrival time
-----------------------------------------------------------------------------
                                  0.71   slack (MET)


Startpoint: _250_ (rising edge-triggered flip-flop clocked by core_clock)
Endpoint: _250_ (rising edge-triggered flip-flop clocked by core_clock)
Path Group: core_clock
Path Type: min

Fanout     Cap    Slew   Delay    Time   Description
-----------------------------------------------------------------------------
                  0.00    0.00    0.00   clock core_clock (rise edge)
                          0.00    0.00   clock network delay (ideal)
                  0.00    0.00    0.00 ^ _250_/CLK (sky130_fd_sc_hd__dfxtp_4)
     6    0.05    0.09    0.38    0.38 v _250_/Q (sky130_fd_sc_hd__dfxtp_4)
                                         a.count[0] (net)
                  0.09    0.01    0.38 v _131_/A (sky130_fd_sc_hd__inv_2)
     2    0.02    0.10    0.11    0.50 ^ _131_/Y (sky130_fd_sc_hd__inv_2)
                                         _104_ (net)
                  0.10    0.00    0.50 ^ _150_/A1 (sky130_fd_sc_hd__o211a_1)
     1    0.01    0.07    0.19    0.69 ^ _150_/X (sky130_fd_sc_hd__o211a_1)
                                         _000_ (net)
                  0.07    0.00    0.69 ^ _250_/D (sky130_fd_sc_hd__dfxtp_4)
                                  0.69   data arrival time

                  0.00    0.00    0.00   clock core_clock (rise edge)
                          0.00    0.00   clock network delay (ideal)
                          0.00    0.00   clock reconvergence pessimism
                                  0.00 ^ _250_/CLK (sky130_fd_sc_hd__dfxtp_4)
                         -0.04   -0.04   library hold time
                                 -0.04   data required time
-----------------------------------------------------------------------------
                                 -0.04   data required time
                                 -0.69   data arrival time
-----------------------------------------------------------------------------
                                  0.73   slack (MET)


Startpoint: _261_ (rising edge-triggered flip-flop clocked by core_clock)
Endpoint: _261_ (rising edge-triggered flip-flop clocked by core_clock)
Path Group: core_clock
Path Type: min

Fanout     Cap    Slew   Delay    Time   Description
-----------------------------------------------------------------------------
                  0.00    0.00    0.00   clock core_clock (rise edge)
                          0.00    0.00   clock network delay (ideal)
                  0.00    0.00    0.00 ^ _261_/CLK (sky130_fd_sc_hd__dfxtp_2)
     5    0.04    0.10    0.36    0.36 v _261_/Q (sky130_fd_sc_hd__dfxtp_2)
                                         a.one_second_counter[7] (net)
                  0.10    0.00    0.36 v _190_/A1 (sky130_fd_sc_hd__o21ai_1)
     1    0.01    0.14    0.21    0.57 ^ _190_/Y (sky130_fd_sc_hd__o21ai_1)
                                         _059_ (net)
                  0.14    0.00    0.57 ^ _191_/B (sky130_fd_sc_hd__nor2_2)
     1    0.02    0.07    0.10    0.67 v _191_/Y (sky130_fd_sc_hd__nor2_2)
                                         _011_ (net)
                  0.07    0.00    0.67 v _261_/D (sky130_fd_sc_hd__dfxtp_2)
                                  0.67   data arrival time

                  0.00    0.00    0.00   clock core_clock (rise edge)
                          0.00    0.00   clock network delay (ideal)
                          0.00    0.00   clock reconvergence pessimism
                                  0.00 ^ _261_/CLK (sky130_fd_sc_hd__dfxtp_2)
                         -0.07   -0.07   library hold time
                                 -0.07   data required time
-----------------------------------------------------------------------------
                                 -0.07   data required time
                                 -0.67   data arrival time
-----------------------------------------------------------------------------
                                  0.74   slack (MET)


Startpoint: _269_ (rising edge-triggered flip-flop clocked by core_clock)
Endpoint: _269_ (rising edge-triggered flip-flop clocked by core_clock)
Path Group: core_clock
Path Type: min

Fanout     Cap    Slew   Delay    Time   Description
-----------------------------------------------------------------------------
                  0.00    0.00    0.00   clock core_clock (rise edge)
                          0.00    0.00   clock network delay (ideal)
                  0.00    0.00    0.00 ^ _269_/CLK (sky130_fd_sc_hd__dfxtp_2)
     5    0.03    0.07    0.34    0.34 v _269_/Q (sky130_fd_sc_hd__dfxtp_2)
                                         a.one_second_counter[15] (net)
                  0.07    0.00    0.34 v _215_/A1 (sky130_fd_sc_hd__o21ai_1)
     1    0.01    0.16    0.23    0.57 ^ _215_/Y (sky130_fd_sc_hd__o21ai_1)
                                         _076_ (net)
                  0.16    0.00    0.57 ^ _216_/B (sky130_fd_sc_hd__nor2_1)
     1    0.01    0.08    0.11    0.68 v _216_/Y (sky130_fd_sc_hd__nor2_1)
                                         _019_ (net)
                  0.08    0.00    0.68 v _269_/D (sky130_fd_sc_hd__dfxtp_2)
                                  0.68   data arrival time

                  0.00    0.00    0.00   clock core_clock (rise edge)
                          0.00    0.00   clock network delay (ideal)
                          0.00    0.00   clock reconvergence pessimism
                                  0.00 ^ _269_/CLK (sky130_fd_sc_hd__dfxtp_2)
                         -0.07   -0.07   library hold time
                                 -0.07   data required time
-----------------------------------------------------------------------------
                                 -0.07   data required time
                                 -0.68   data arrival time
-----------------------------------------------------------------------------
                                  0.75   slack (MET)


Startpoint: _251_ (rising edge-triggered flip-flop clocked by core_clock)
Endpoint: _251_ (rising edge-triggered flip-flop clocked by core_clock)
Path Group: core_clock
Path Type: min

Fanout     Cap    Slew   Delay    Time   Description
-----------------------------------------------------------------------------
                  0.00    0.00    0.00   clock core_clock (rise edge)
                          0.00    0.00   clock network delay (ideal)
                  0.00    0.00    0.00 ^ _251_/CLK (sky130_fd_sc_hd__dfxtp_4)
     5    0.04    0.07    0.36    0.36 v _251_/Q (sky130_fd_sc_hd__dfxtp_4)
                                         a.count[1] (net)
                  0.07    0.00    0.36 v _151_/B1 (sky130_fd_sc_hd__a21oi_1)
     1    0.01    0.21    0.22    0.58 ^ _151_/Y (sky130_fd_sc_hd__a21oi_1)
                                         _121_ (net)
                  0.21    0.00    0.58 ^ _153_/B (sky130_fd_sc_hd__nor3_2)
     1    0.01    0.05    0.11    0.69 v _153_/Y (sky130_fd_sc_hd__nor3_2)
                                         _001_ (net)
                  0.06    0.00    0.69 v _251_/D (sky130_fd_sc_hd__dfxtp_4)
                                  0.69   data arrival time

                  0.00    0.00    0.00   clock core_clock (rise edge)
                          0.00    0.00   clock network delay (ideal)
                          0.00    0.00   clock reconvergence pessimism
                                  0.00 ^ _251_/CLK (sky130_fd_sc_hd__dfxtp_4)
                         -0.06   -0.06   library hold time
                                 -0.06   data required time
-----------------------------------------------------------------------------
                                 -0.06   data required time
                                 -0.69   data arrival time
-----------------------------------------------------------------------------
                                  0.75   slack (MET)


Startpoint: _253_ (rising edge-triggered flip-flop clocked by core_clock)
Endpoint: _253_ (rising edge-triggered flip-flop clocked by core_clock)
Path Group: core_clock
Path Type: min

Fanout     Cap    Slew   Delay    Time   Description
-----------------------------------------------------------------------------
                  0.00    0.00    0.00   clock core_clock (rise edge)
                          0.00    0.00   clock network delay (ideal)
                  0.00    0.00    0.00 ^ _253_/CLK (sky130_fd_sc_hd__dfxtp_2)
     4    0.03    0.08    0.34    0.34 v _253_/Q (sky130_fd_sc_hd__dfxtp_2)
                                         a.count[3] (net)
                  0.08    0.00    0.35 v _159_/A (sky130_fd_sc_hd__nand2_1)
     1    0.01    0.07    0.09    0.44 ^ _159_/Y (sky130_fd_sc_hd__nand2_1)
                                         _036_ (net)
                  0.07    0.00    0.44 ^ _160_/C (sky130_fd_sc_hd__and3_1)
     1    0.01    0.10    0.20    0.64 ^ _160_/X (sky130_fd_sc_hd__and3_1)
                                         _037_ (net)
                  0.10    0.00    0.64 ^ _161_/A (sky130_fd_sc_hd__clkbuf_2)
     1    0.02    0.11    0.17    0.81 ^ _161_/X (sky130_fd_sc_hd__clkbuf_2)
                                         _003_ (net)
                  0.11    0.00    0.81 ^ _253_/D (sky130_fd_sc_hd__dfxtp_2)
                                  0.81   data arrival time

                  0.00    0.00    0.00   clock core_clock (rise edge)
                          0.00    0.00   clock network delay (ideal)
                          0.00    0.00   clock reconvergence pessimism
                                  0.00 ^ _253_/CLK (sky130_fd_sc_hd__dfxtp_2)
                         -0.05   -0.05   library hold time
                                 -0.05   data required time
-----------------------------------------------------------------------------
                                 -0.05   data required time
                                 -0.81   data arrival time
-----------------------------------------------------------------------------
                                  0.86   slack (MET)


Startpoint: _257_ (rising edge-triggered flip-flop clocked by core_clock)
Endpoint: _257_ (rising edge-triggered flip-flop clocked by core_clock)
Path Group: core_clock
Path Type: min

Fanout     Cap    Slew   Delay    Time   Description
-----------------------------------------------------------------------------
                  0.00    0.00    0.00   clock core_clock (rise edge)
                          0.00    0.00   clock network delay (ideal)
                  0.00    0.00    0.00 ^ _257_/CLK (sky130_fd_sc_hd__dfxtp_2)
     3    0.02    0.07    0.33    0.33 v _257_/Q (sky130_fd_sc_hd__dfxtp_2)
                                         a.one_second_counter[3] (net)
                  0.07    0.00    0.34 v _177_/A (sky130_fd_sc_hd__nand2_1)
     2    0.01    0.11    0.12    0.46 ^ _177_/Y (sky130_fd_sc_hd__nand2_1)
                                         _050_ (net)
                  0.11    0.00    0.46 ^ _178_/C (sky130_fd_sc_hd__and3_1)
     1    0.02    0.17    0.26    0.71 ^ _178_/X (sky130_fd_sc_hd__and3_1)
                                         _051_ (net)
                  0.17    0.00    0.72 ^ _179_/A (sky130_fd_sc_hd__clkbuf_1)
     1    0.01    0.08    0.13    0.85 ^ _179_/X (sky130_fd_sc_hd__clkbuf_1)
                                         _007_ (net)
                  0.08    0.00    0.85 ^ _257_/D (sky130_fd_sc_hd__dfxtp_2)
                                  0.85   data arrival time

                  0.00    0.00    0.00   clock core_clock (rise edge)
                          0.00    0.00   clock network delay (ideal)
                          0.00    0.00   clock reconvergence pessimism
                                  0.00 ^ _257_/CLK (sky130_fd_sc_hd__dfxtp_2)
                         -0.04   -0.04   library hold time
                                 -0.04   data required time
-----------------------------------------------------------------------------
                                 -0.04   data required time
                                 -0.85   data arrival time
-----------------------------------------------------------------------------
                                  0.89   slack (MET)


Startpoint: _254_ (rising edge-triggered flip-flop clocked by core_clock)
Endpoint: _254_ (rising edge-triggered flip-flop clocked by core_clock)
Path Group: core_clock
Path Type: min

Fanout     Cap    Slew   Delay    Time   Description
-----------------------------------------------------------------------------
                  0.00    0.00    0.00   clock core_clock (rise edge)
                          0.00    0.00   clock network delay (ideal)
                  0.00    0.00    0.00 ^ _254_/CLK (sky130_fd_sc_hd__dfxtp_4)
     5    0.05    0.08    0.37    0.37 v _254_/Q (sky130_fd_sc_hd__dfxtp_4)
                                         a.one_second_counter[0] (net)
                  0.08    0.00    0.37 v _169_/A_N (sky130_fd_sc_hd__and2b_1)
     1    0.01    0.09    0.24    0.62 ^ _169_/X (sky130_fd_sc_hd__and2b_1)
                                         _045_ (net)
                  0.09    0.00    0.62 ^ _170_/A (sky130_fd_sc_hd__dlymetal6s2s_1)
     1    0.02    0.19    0.21    0.82 ^ _170_/X (sky130_fd_sc_hd__dlymetal6s2s_1)
                                         _004_ (net)
                  0.19    0.00    0.82 ^ _254_/D (sky130_fd_sc_hd__dfxtp_4)
                                  0.82   data arrival time

                  0.00    0.00    0.00   clock core_clock (rise edge)
                          0.00    0.00   clock network delay (ideal)
                          0.00    0.00   clock reconvergence pessimism
                                  0.00 ^ _254_/CLK (sky130_fd_sc_hd__dfxtp_4)
                         -0.07   -0.07   library hold time
                                 -0.07   data required time
-----------------------------------------------------------------------------
                                 -0.07   data required time
                                 -0.82   data arrival time
-----------------------------------------------------------------------------
                                  0.89   slack (MET)


Startpoint: _266_ (rising edge-triggered flip-flop clocked by core_clock)
Endpoint: _266_ (rising edge-triggered flip-flop clocked by core_clock)
Path Group: core_clock
Path Type: min

Fanout     Cap    Slew   Delay    Time   Description
-----------------------------------------------------------------------------
                  0.00    0.00    0.00   clock core_clock (rise edge)
                          0.00    0.00   clock network delay (ideal)
                  0.00    0.00    0.00 ^ _266_/CLK (sky130_fd_sc_hd__dfxtp_2)
     5    0.02    0.06    0.33    0.33 v _266_/Q (sky130_fd_sc_hd__dfxtp_2)
                                         a.one_second_counter[12] (net)
                  0.06    0.00    0.33 v _205_/B1 (sky130_fd_sc_hd__a21o_1)
     1    0.02    0.08    0.21    0.54 v _205_/X (sky130_fd_sc_hd__a21o_1)
                                         _069_ (net)
                  0.08    0.00    0.54 v _206_/B (sky130_fd_sc_hd__and3b_1)
     1    0.01    0.06    0.21    0.75 v _206_/X (sky130_fd_sc_hd__and3b_1)
                                         _070_ (net)
                  0.06    0.00    0.75 v _207_/A (sky130_fd_sc_hd__clkbuf_1)
     1    0.00    0.04    0.11    0.85 v _207_/X (sky130_fd_sc_hd__clkbuf_1)
                                         _016_ (net)
                  0.04    0.00    0.85 v _266_/D (sky130_fd_sc_hd__dfxtp_2)
                                  0.85   data arrival time

                  0.00    0.00    0.00   clock core_clock (rise edge)
                          0.00    0.00   clock network delay (ideal)
                          0.00    0.00   clock reconvergence pessimism
                                  0.00 ^ _266_/CLK (sky130_fd_sc_hd__dfxtp_2)
                         -0.05   -0.05   library hold time
                                 -0.05   data required time
-----------------------------------------------------------------------------
                                 -0.05   data required time
                                 -0.85   data arrival time
-----------------------------------------------------------------------------
                                  0.91   slack (MET)


Startpoint: _278_ (rising edge-triggered flip-flop clocked by core_clock)
Endpoint: _279_ (rising edge-triggered flip-flop clocked by core_clock)
Path Group: core_clock
Path Type: min

Fanout     Cap    Slew   Delay    Time   Description
-----------------------------------------------------------------------------
                  0.00    0.00    0.00   clock core_clock (rise edge)
                          0.00    0.00   clock network delay (ideal)
                  0.00    0.00    0.00 ^ _278_/CLK (sky130_fd_sc_hd__dfxtp_4)
     6    0.04    0.07    0.36    0.36 v _278_/Q (sky130_fd_sc_hd__dfxtp_4)
                                         a.one_second_counter[24] (net)
                  0.07    0.00    0.36 v _245_/A (sky130_fd_sc_hd__nand3_4)
     2    0.02    0.08    0.10    0.46 ^ _245_/Y (sky130_fd_sc_hd__nand3_4)
                                         _096_ (net)
                  0.08    0.00    0.46 ^ _246_/C (sky130_fd_sc_hd__and3_2)
     1    0.02    0.11    0.24    0.71 ^ _246_/X (sky130_fd_sc_hd__and3_2)
                                         _097_ (net)
                  0.11    0.00    0.71 ^ _247_/A (sky130_fd_sc_hd__buf_1)
     1    0.01    0.13    0.16    0.87 ^ _247_/X (sky130_fd_sc_hd__buf_1)
                                         _029_ (net)
                  0.13    0.00    0.87 ^ _279_/D (sky130_fd_sc_hd__dfxtp_4)
                                  0.87   data arrival time

                  0.00    0.00    0.00   clock core_clock (rise edge)
                          0.00    0.00   clock network delay (ideal)
                          0.00    0.00   clock reconvergence pessimism
                                  0.00 ^ _279_/CLK (sky130_fd_sc_hd__dfxtp_4)
                         -0.05   -0.05   library hold time
                                 -0.05   data required time
-----------------------------------------------------------------------------
                                 -0.05   data required time
                                 -0.87   data arrival time
-----------------------------------------------------------------------------
                                  0.92   slack (MET)


Startpoint: _279_ (rising edge-triggered flip-flop clocked by core_clock)
Endpoint: _263_ (rising edge-triggered flip-flop clocked by core_clock)
Path Group: core_clock
Path Type: min

Fanout     Cap    Slew   Delay    Time   Description
-----------------------------------------------------------------------------
                  0.00    0.00    0.00   clock core_clock (rise edge)
                          0.00    0.00   clock network delay (ideal)
                  0.00    0.00    0.00 ^ _279_/CLK (sky130_fd_sc_hd__dfxtp_4)
     4    0.05    0.14    0.40    0.40 ^ _279_/Q (sky130_fd_sc_hd__dfxtp_4)
                                         a.one_second_counter[25] (net)
                  0.14    0.00    0.40 ^ _167_/A2 (sky130_fd_sc_hd__a221oi_4)
     9    0.05    0.08    0.15    0.55 v _167_/Y (sky130_fd_sc_hd__a221oi_4)
                                         _043_ (net)
                  0.08    0.00    0.55 v _197_/B (sky130_fd_sc_hd__and3b_1)
     1    0.01    0.07    0.21    0.77 v _197_/X (sky130_fd_sc_hd__and3b_1)
                                         _064_ (net)
                  0.07    0.00    0.77 v _198_/A (sky130_fd_sc_hd__buf_1)
     1    0.01    0.05    0.12    0.89 v _198_/X (sky130_fd_sc_hd__buf_1)
                                         _013_ (net)
                  0.05    0.00    0.89 v _263_/D (sky130_fd_sc_hd__dfxtp_2)
                                  0.89   data arrival time

                  0.00    0.00    0.00   clock core_clock (rise edge)
                          0.00    0.00   clock network delay (ideal)
                          0.00    0.00   clock reconvergence pessimism
                                  0.00 ^ _263_/CLK (sky130_fd_sc_hd__dfxtp_2)
                         -0.06   -0.06   library hold time
                                 -0.06   data required time
-----------------------------------------------------------------------------
                                 -0.06   data required time
                                 -0.89   data arrival time
-----------------------------------------------------------------------------
                                  0.94   slack (MET)


Startpoint: _256_ (rising edge-triggered flip-flop clocked by core_clock)
Endpoint: _256_ (rising edge-triggered flip-flop clocked by core_clock)
Path Group: core_clock
Path Type: min

Fanout     Cap    Slew   Delay    Time   Description
-----------------------------------------------------------------------------
                  0.00    0.00    0.00   clock core_clock (rise edge)
                          0.00    0.00   clock network delay (ideal)
                  0.00    0.00    0.00 ^ _256_/CLK (sky130_fd_sc_hd__dfxtp_2)
     2    0.02    0.06    0.33    0.33 v _256_/Q (sky130_fd_sc_hd__dfxtp_2)
                                         a.one_second_counter[2] (net)
                  0.06    0.00    0.33 v _173_/B1 (sky130_fd_sc_hd__a21o_1)
     1    0.01    0.05    0.18    0.51 v _173_/X (sky130_fd_sc_hd__a21o_1)
                                         _047_ (net)
                  0.05    0.00    0.51 v _174_/C (sky130_fd_sc_hd__and3b_1)
     1    0.01    0.08    0.22    0.73 v _174_/X (sky130_fd_sc_hd__and3b_1)
                                         _048_ (net)
                  0.08    0.00    0.73 v _175_/A (sky130_fd_sc_hd__buf_1)
     1    0.01    0.08    0.15    0.88 v _175_/X (sky130_fd_sc_hd__buf_1)
                                         _006_ (net)
                  0.08    0.00    0.88 v _256_/D (sky130_fd_sc_hd__dfxtp_2)
                                  0.88   data arrival time

                  0.00    0.00    0.00   clock core_clock (rise edge)
                          0.00    0.00   clock network delay (ideal)
                          0.00    0.00   clock reconvergence pessimism
                                  0.00 ^ _256_/CLK (sky130_fd_sc_hd__dfxtp_2)
                         -0.07   -0.07   library hold time
                                 -0.07   data required time
-----------------------------------------------------------------------------
                                 -0.07   data required time
                                 -0.88   data arrival time
-----------------------------------------------------------------------------
                                  0.95   slack (MET)


Startpoint: _252_ (rising edge-triggered flip-flop clocked by core_clock)
Endpoint: _252_ (rising edge-triggered flip-flop clocked by core_clock)
Path Group: core_clock
Path Type: min

Fanout     Cap    Slew   Delay    Time   Description
-----------------------------------------------------------------------------
                  0.00    0.00    0.00   clock core_clock (rise edge)
                          0.00    0.00   clock network delay (ideal)
                  0.00    0.00    0.00 ^ _252_/CLK (sky130_fd_sc_hd__dfxtp_2)
     4    0.03    0.09    0.35    0.35 v _252_/Q (sky130_fd_sc_hd__dfxtp_2)
                                         a.count[2] (net)
                  0.09    0.00    0.35 v _154_/A (sky130_fd_sc_hd__and2_1)
     3    0.02    0.09    0.20    0.56 v _154_/X (sky130_fd_sc_hd__and2_1)
                                         _032_ (net)
                  0.09    0.00    0.56 v _156_/A_N (sky130_fd_sc_hd__and2b_1)
     1    0.01    0.09    0.24    0.80 ^ _156_/X (sky130_fd_sc_hd__and2b_1)
                                         _034_ (net)
                  0.09    0.00    0.80 ^ _157_/A (sky130_fd_sc_hd__buf_1)
     1    0.01    0.12    0.14    0.94 ^ _157_/X (sky130_fd_sc_hd__buf_1)
                                         _002_ (net)
                  0.12    0.00    0.94 ^ _252_/D (sky130_fd_sc_hd__dfxtp_2)
                                  0.94   data arrival time

                  0.00    0.00    0.00   clock core_clock (rise edge)
                          0.00    0.00   clock network delay (ideal)
                          0.00    0.00   clock reconvergence pessimism
                                  0.00 ^ _252_/CLK (sky130_fd_sc_hd__dfxtp_2)
                         -0.05   -0.05   library hold time
                                 -0.05   data required time
-----------------------------------------------------------------------------
                                 -0.05   data required time
                                 -0.94   data arrival time
-----------------------------------------------------------------------------
                                  0.99   slack (MET)


Startpoint: _279_ (rising edge-triggered flip-flop clocked by core_clock)
Endpoint: _274_ (rising edge-triggered flip-flop clocked by core_clock)
Path Group: core_clock
Path Type: min

Fanout     Cap    Slew   Delay    Time   Description
-----------------------------------------------------------------------------
                  0.00    0.00    0.00   clock core_clock (rise edge)
                          0.00    0.00   clock network delay (ideal)
                  0.00    0.00    0.00 ^ _279_/CLK (sky130_fd_sc_hd__dfxtp_4)
     4    0.05    0.14    0.40    0.40 ^ _279_/Q (sky130_fd_sc_hd__dfxtp_4)
                                         a.one_second_counter[25] (net)
                  0.14    0.00    0.40 ^ _167_/A2 (sky130_fd_sc_hd__a221oi_4)
     9    0.05    0.08    0.15    0.55 v _167_/Y (sky130_fd_sc_hd__a221oi_4)
                                         _043_ (net)
                  0.08    0.00    0.56 v _231_/B (sky130_fd_sc_hd__and3b_2)
     1    0.02    0.07    0.26    0.81 v _231_/X (sky130_fd_sc_hd__and3b_2)
                                         _087_ (net)
                  0.07    0.00    0.82 v _232_/A (sky130_fd_sc_hd__buf_1)
     1    0.01    0.07    0.14    0.95 v _232_/X (sky130_fd_sc_hd__buf_1)
                                         _024_ (net)
                  0.07    0.00    0.95 v _274_/D (sky130_fd_sc_hd__dfxtp_2)
                                  0.95   data arrival time

                  0.00    0.00    0.00   clock core_clock (rise edge)
                          0.00    0.00   clock network delay (ideal)
                          0.00    0.00   clock reconvergence pessimism
                                  0.00 ^ _274_/CLK (sky130_fd_sc_hd__dfxtp_2)
                         -0.07   -0.07   library hold time
                                 -0.07   data required time
-----------------------------------------------------------------------------
                                 -0.07   data required time
                                 -0.95   data arrival time
-----------------------------------------------------------------------------
                                  1.02   slack (MET)


Startpoint: _279_ (rising edge-triggered flip-flop clocked by core_clock)
Endpoint: _259_ (rising edge-triggered flip-flop clocked by core_clock)
Path Group: core_clock
Path Type: min

Fanout     Cap    Slew   Delay    Time   Description
-----------------------------------------------------------------------------
                  0.00    0.00    0.00   clock core_clock (rise edge)
                          0.00    0.00   clock network delay (ideal)
                  0.00    0.00    0.00 ^ _279_/CLK (sky130_fd_sc_hd__dfxtp_4)
     4    0.05    0.14    0.40    0.40 ^ _279_/Q (sky130_fd_sc_hd__dfxtp_4)
                                         a.one_second_counter[25] (net)
                  0.14    0.00    0.40 ^ _167_/A2 (sky130_fd_sc_hd__a221oi_4)
     9    0.05    0.08    0.15    0.55 v _167_/Y (sky130_fd_sc_hd__a221oi_4)
                                         _043_ (net)
                  0.08    0.00    0.56 v _185_/B (sky130_fd_sc_hd__and3b_2)
     1    0.02    0.08    0.26    0.82 v _185_/X (sky130_fd_sc_hd__and3b_2)
                                         _056_ (net)
                  0.08    0.00    0.82 v _186_/A (sky130_fd_sc_hd__clkbuf_2)
     1    0.02    0.08    0.16    0.98 v _186_/X (sky130_fd_sc_hd__clkbuf_2)
                                         _009_ (net)
                  0.08    0.00    0.98 v _259_/D (sky130_fd_sc_hd__dfxtp_2)
                                  0.98   data arrival time

                  0.00    0.00    0.00   clock core_clock (rise edge)
                          0.00    0.00   clock network delay (ideal)
                          0.00    0.00   clock reconvergence pessimism
                                  0.00 ^ _259_/CLK (sky130_fd_sc_hd__dfxtp_2)
                         -0.07   -0.07   library hold time
                                 -0.07   data required time
-----------------------------------------------------------------------------
                                 -0.07   data required time
                                 -0.98   data arrival time
-----------------------------------------------------------------------------
                                  1.05   slack (MET)



worst slack corner Typical: 0.5527
