
===========================================================================
report_checks -unconstrained
===========================================================================
======================= Typical Corner ===================================

Startpoint: _10943_ (rising edge-triggered flip-flop clocked by core_clock)
Endpoint: _11006_ (rising edge-triggered flip-flop clocked by core_clock)
Path Group: core_clock
Path Type: max

Fanout     Cap    Slew   Delay    Time   Description
-----------------------------------------------------------------------------
                          0.00    0.00   clock core_clock (rise edge)
                          0.00    0.00   clock source latency
     1    0.01    0.00    0.00    0.00 ^ clock (in)
                                         clock (net)
                  0.00    0.00    0.00 ^ clkbuf_0_clock/A (sky130_fd_sc_hd__clkbuf_16)
     4    0.02    0.04    0.11    0.11 ^ clkbuf_0_clock/X (sky130_fd_sc_hd__clkbuf_16)
                                         clknet_0_clock (net)
                  0.04    0.00    0.11 ^ clkbuf_2_3_0_clock/A (sky130_fd_sc_hd__clkbuf_8)
     8    0.07    0.13    0.19    0.30 ^ clkbuf_2_3_0_clock/X (sky130_fd_sc_hd__clkbuf_8)
                                         clknet_2_3_0_clock (net)
                  0.13    0.00    0.30 ^ clkbuf_5_31__f_clock/A (sky130_fd_sc_hd__clkbuf_16)
     6    0.03    0.05    0.17    0.46 ^ clkbuf_5_31__f_clock/X (sky130_fd_sc_hd__clkbuf_16)
                                         clknet_5_31__leaf_clock (net)
                  0.05    0.00    0.46 ^ clkbuf_leaf_133_clock/A (sky130_fd_sc_hd__clkbuf_8)
     6    0.02    0.05    0.14    0.60 ^ clkbuf_leaf_133_clock/X (sky130_fd_sc_hd__clkbuf_8)
                                         clknet_leaf_133_clock (net)
                  0.05    0.00    0.60 ^ _10943_/CLK (sky130_fd_sc_hd__dfxtp_2)
    10    0.03    0.08    0.36    0.96 v _10943_/Q (sky130_fd_sc_hd__dfxtp_2)
                                         alu.b[0] (net)
                  0.08    0.00    0.96 v _05144_/A (sky130_fd_sc_hd__or4_1)
     1    0.00    0.08    0.52    1.48 v _05144_/X (sky130_fd_sc_hd__or4_1)
                                         _01141_ (net)
                  0.08    0.00    1.48 v _05145_/A (sky130_fd_sc_hd__clkbuf_4)
    10    0.02    0.06    0.18    1.66 v _05145_/X (sky130_fd_sc_hd__clkbuf_4)
                                         _01142_ (net)
                  0.06    0.00    1.66 v _05519_/B (sky130_fd_sc_hd__or3_4)
     8    0.02    0.09    0.40    2.06 v _05519_/X (sky130_fd_sc_hd__or3_4)
                                         _01504_ (net)
                  0.09    0.00    2.06 v _05599_/C (sky130_fd_sc_hd__or3_2)
     4    0.01    0.11    0.47    2.53 v _05599_/X (sky130_fd_sc_hd__or3_2)
                                         _01580_ (net)
                  0.11    0.00    2.53 v _05609_/A2 (sky130_fd_sc_hd__o21a_1)
     1    0.01    0.05    0.20    2.74 v _05609_/X (sky130_fd_sc_hd__o21a_1)
                                         _01589_ (net)
                  0.05    0.00    2.74 v _05610_/B (sky130_fd_sc_hd__xnor2_1)
     2    0.01    0.20    0.19    2.93 ^ _05610_/Y (sky130_fd_sc_hd__xnor2_1)
                                         _01590_ (net)
                  0.20    0.00    2.93 ^ _05611_/B (sky130_fd_sc_hd__nor2_1)
     2    0.01    0.06    0.08    3.01 v _05611_/Y (sky130_fd_sc_hd__nor2_1)
                                         _01591_ (net)
                  0.06    0.00    3.01 v _05613_/A (sky130_fd_sc_hd__or2b_1)
     4    0.01    0.08    0.26    3.27 v _05613_/X (sky130_fd_sc_hd__or2b_1)
                                         _01593_ (net)
                  0.08    0.00    3.27 v _05660_/B (sky130_fd_sc_hd__or4_1)
     2    0.01    0.11    0.54    3.81 v _05660_/X (sky130_fd_sc_hd__or4_1)
                                         _01637_ (net)
                  0.11    0.00    3.81 v _05722_/B1 (sky130_fd_sc_hd__a211o_1)
     2    0.00    0.06    0.29    4.10 v _05722_/X (sky130_fd_sc_hd__a211o_1)
                                         _01695_ (net)
                  0.06    0.00    4.10 v _05771_/A1 (sky130_fd_sc_hd__a31o_1)
     2    0.01    0.06    0.19    4.30 v _05771_/X (sky130_fd_sc_hd__a31o_1)
                                         _01740_ (net)
                  0.06    0.00    4.30 v _05781_/A1 (sky130_fd_sc_hd__a31o_1)
     3    0.01    0.07    0.21    4.51 v _05781_/X (sky130_fd_sc_hd__a31o_1)
                                         _01750_ (net)
                  0.07    0.00    4.51 v _05809_/A2 (sky130_fd_sc_hd__a31o_1)
     2    0.01    0.07    0.25    4.75 v _05809_/X (sky130_fd_sc_hd__a31o_1)
                                         _01776_ (net)
                  0.07    0.00    4.76 v _05818_/B2 (sky130_fd_sc_hd__o2bb2ai_1)
     1    0.01    0.16    0.17    4.92 ^ _05818_/Y (sky130_fd_sc_hd__o2bb2ai_1)
                                         _01784_ (net)
                  0.16    0.00    4.92 ^ _05822_/A (sky130_fd_sc_hd__xnor2_1)
     1    0.00    0.06    0.10    5.02 v _05822_/Y (sky130_fd_sc_hd__xnor2_1)
                                         _01788_ (net)
                  0.06    0.00    5.02 v _05829_/A2 (sky130_fd_sc_hd__a21o_1)
     1    0.00    0.03    0.17    5.19 v _05829_/X (sky130_fd_sc_hd__a21o_1)
                                         _01112_ (net)
                  0.03    0.00    5.19 v _11006_/D (sky130_fd_sc_hd__dfxtp_4)
                                  5.19   data arrival time

                         10.00   10.00   clock core_clock (rise edge)
                          0.00   10.00   clock source latency
     1    0.01    0.00    0.00   10.00 ^ clock (in)
                                         clock (net)
                  0.00    0.00   10.00 ^ clkbuf_0_clock/A (sky130_fd_sc_hd__clkbuf_16)
     4    0.02    0.04    0.11   10.11 ^ clkbuf_0_clock/X (sky130_fd_sc_hd__clkbuf_16)
                                         clknet_0_clock (net)
                  0.04    0.00   10.11 ^ clkbuf_2_2_0_clock/A (sky130_fd_sc_hd__clkbuf_8)
     8    0.06    0.12    0.18   10.29 ^ clkbuf_2_2_0_clock/X (sky130_fd_sc_hd__clkbuf_8)
                                         clknet_2_2_0_clock (net)
                  0.12    0.00   10.29 ^ clkbuf_5_21__f_clock/A (sky130_fd_sc_hd__clkbuf_16)
     5    0.03    0.06    0.16   10.45 ^ clkbuf_5_21__f_clock/X (sky130_fd_sc_hd__clkbuf_16)
                                         clknet_5_21__leaf_clock (net)
                  0.06    0.00   10.45 ^ clkbuf_leaf_167_clock/A (sky130_fd_sc_hd__clkbuf_8)
     8    0.01    0.04    0.13   10.58 ^ clkbuf_leaf_167_clock/X (sky130_fd_sc_hd__clkbuf_8)
                                         clknet_leaf_167_clock (net)
                  0.04    0.00   10.58 ^ _11006_/CLK (sky130_fd_sc_hd__dfxtp_4)
                          0.00   10.58   clock reconvergence pessimism
                         -0.11   10.48   library setup time
                                 10.48   data required time
-----------------------------------------------------------------------------
                                 10.48   data required time
                                 -5.19   data arrival time
-----------------------------------------------------------------------------
                                  5.28   slack (MET)




===========================================================================
report_checks --slack_max -0.01
============================================================================
======================= Typical Corner ===================================

No paths found.


===========================================================================
 report_check_types -max_slew -max_cap -max_fanout -violators
============================================================================
======================= Typical Corner ===================================


max slew violations count Typical: 0
max fanout violations count Typical: 0
max cap violations count Typical: 0

===========================================================================
report_parasitic_annotation -report_unannotated
============================================================================
Found 193 unannotated drivers.
 clkload0/Y
 clkload1/Y
 clkload10/Y
 clkload100/Y
 clkload101/Y
 clkload102/X
 clkload103/Y
 clkload104/Y
 clkload105/Y
 clkload106/Y
 clkload107/Y
 clkload108/Y
 clkload109/Y
 clkload11/Y
 clkload110/X
 clkload111/Y
 clkload112/Y
 clkload113/Y
 clkload114/X
 clkload115/X
 clkload116/Y
 clkload117/Y
 clkload118/Y
 clkload119/Y
 clkload12/Y
 clkload120/X
 clkload121/X
 clkload122/X
 clkload123/X
 clkload124/Y
 clkload125/Y
 clkload126/X
 clkload127/Y
 clkload128/Y
 clkload129/Y
 clkload13/X
 clkload130/Y
 clkload131/Y
 clkload132/Y
 clkload133/Y
 clkload134/Y
 clkload135/Y
 clkload136/Y
 clkload137/Y
 clkload138/Y
 clkload139/Y
 clkload14/X
 clkload140/Y
 clkload141/Y
 clkload142/Y
 clkload143/X
 clkload144/Y
 clkload145/Y
 clkload146/X
 clkload147/Y
 clkload148/X
 clkload149/Y
 clkload15/Y
 clkload150/Y
 clkload151/Y
 clkload152/Y
 clkload153/Y
 clkload154/Y
 clkload155/Y
 clkload156/X
 clkload157/X
 clkload158/X
 clkload159/Y
 clkload16/Y
 clkload160/Y
 clkload161/Y
 clkload162/Y
 clkload163/Y
 clkload164/Y
 clkload165/Y
 clkload166/Y
 clkload167/Y
 clkload168/Y
 clkload169/Y
 clkload17/Y
 clkload170/Y
 clkload171/Y
 clkload172/Y
 clkload173/Y
 clkload174/Y
 clkload175/Y
 clkload176/X
 clkload177/Y
 clkload178/Y
 clkload179/Y
 clkload18/Y
 clkload180/Y
 clkload181/X
 clkload182/Y
 clkload183/Y
 clkload184/X
 clkload185/X
 clkload186/Y
 clkload187/Y
 clkload188/X
 clkload189/Y
 clkload19/Y
 clkload190/Y
 clkload191/Y
 clkload192/Y
 clkload2/Y
 clkload20/Y
 clkload21/Y
 clkload22/Y
 clkload23/X
 clkload24/Y
 clkload25/Y
 clkload26/Y
 clkload27/Y
 clkload28/Y
 clkload29/X
 clkload3/Y
 clkload30/Y
 clkload31/Y
 clkload32/Y
 clkload33/Y
 clkload34/Y
 clkload35/Y
 clkload36/Y
 clkload37/X
 clkload38/X
 clkload39/X
 clkload4/X
 clkload40/Y
 clkload41/Y
 clkload42/X
 clkload43/Y
 clkload44/Y
 clkload45/Y
 clkload46/Y
 clkload47/Y
 clkload48/X
 clkload49/X
 clkload5/Y
 clkload50/X
 clkload51/Y
 clkload52/Y
 clkload53/Y
 clkload54/Y
 clkload55/Y
 clkload56/Y
 clkload57/Y
 clkload58/Y
 clkload59/Y
 clkload6/Y
 clkload60/Y
 clkload61/X
 clkload62/Y
 clkload63/X
 clkload64/Y
 clkload65/Y
 clkload66/Y
 clkload67/Y
 clkload68/Y
 clkload69/Y
 clkload7/Y
 clkload70/Y
 clkload71/Y
 clkload72/Y
 clkload73/Y
 clkload74/Y
 clkload75/Y
 clkload76/X
 clkload77/X
 clkload78/X
 clkload79/Y
 clkload8/Y
 clkload80/Y
 clkload81/X
 clkload82/Y
 clkload83/Y
 clkload84/Y
 clkload85/Y
 clkload86/Y
 clkload87/Y
 clkload88/Y
 clkload89/Y
 clkload9/Y
 clkload90/Y
 clkload91/X
 clkload92/Y
 clkload93/Y
 clkload94/X
 clkload95/X
 clkload96/Y
 clkload97/X
 clkload98/X
 clkload99/Y
Found 1280 partially unannotated drivers.
 address1[0]
 address1[4]
 address2[0]
 address2[1]
 address2[2]
 address2[4]
 clock
 inpmain[0]
 inpmain[10]
 inpmain[17]
 inpmain[18]
 inpmain[26]
 inpmain[28]
 inpmain[8]
 _05123_/X
 _05124_/X
 _05126_/X
 _05127_/X
 _05130_/X
 _05131_/X
 _05132_/X
 _05134_/X
 _05135_/X
 _05142_/X
 _05145_/X
 _05147_/Y
 _05149_/X
 _05151_/X
 _05152_/X
 _05153_/Y
 _05154_/X
 _05155_/X
 _05156_/X
 _05159_/X
 _05160_/X
 _05163_/X
 _05164_/X
 _05165_/X
 _05166_/X
 _05167_/X
 _05168_/X
 _05169_/X
 _05170_/X
 _05171_/X
 _05172_/X
 _05174_/X
 _05175_/X
 _05176_/X
 _05177_/Y
 _05178_/Y
 _05179_/X
 _05182_/Y
 _05185_/Y
 _05186_/Y
 _05188_/Y
 _05189_/Y
 _05191_/X
 _05193_/X
 _05195_/Y
 _05196_/X
 _05197_/X
 _05200_/X
 _05203_/X
 _05206_/Y
 _05235_/Y
 _05237_/X
 _05241_/X
 _05242_/X
 _05246_/X
 _05254_/X
 _05261_/X
 _05266_/X
 _05267_/X
 _05271_/X
 _05272_/X
 _05274_/X
 _05281_/X
 _05282_/X
 _05285_/X
 _05287_/X
 _05290_/X
 _05294_/X
 _05298_/X
 _05299_/X
 _05301_/X
 _05307_/Y
 _05309_/X
 _05317_/Y
 _05318_/Y
 _05320_/Y
 _05323_/X
 _05331_/X
 _05335_/X
 _05340_/X
 _05348_/Y
 _05350_/X
 _05352_/X
 _05357_/X
 _05359_/X
 _05373_/Y
 _05376_/X
 _05378_/X
 _05380_/X
 _05381_/X
 _05386_/X
 _05402_/X
 _05410_/X
 _05413_/Y
 _05420_/X
 _05429_/X
 _05431_/Y
 _05437_/Y
 _05442_/X
 _05443_/X
 _05445_/X
 _05457_/Y
 _05462_/X
 _05466_/X
 _05468_/X
 _05473_/X
 _05474_/X
 _05476_/X
 _05488_/X
 _05493_/X
 _05496_/Y
 _05497_/X
 _05499_/X
 _05506_/X
 _05512_/X
 _05514_/X
 _05519_/X
 _05522_/Y
 _05526_/Y
 _05528_/X
 _05530_/X
 _05531_/X
 _05533_/X
 _05558_/X
 _05560_/X
 _05561_/X
 _05562_/X
 _05574_/X
 _05576_/X
 _05584_/Y
 _05586_/Y
 _05587_/Y
 _05588_/X
 _05589_/X
 _05592_/X
 _05593_/X
 _05598_/X
 _05604_/Y
 _05623_/X
 _05628_/Y
 _05649_/X
 _05664_/X
 _05666_/X
 _05668_/X
 _05669_/X
 _05681_/X
 _05688_/X
 _05708_/X
 _05711_/Y
 _05721_/X
 _05722_/X
 _05724_/X
 _05731_/X
 _05742_/X
 _05761_/Y
 _05770_/Y
 _05786_/X
 _05804_/X
 _05816_/X
 _05820_/Y
 _05828_/Y
 _05833_/X
 _05834_/Y
 _05835_/X
 _05838_/X
 _05850_/X
 _05859_/X
 _05862_/X
 _05865_/X
 _05866_/X
 _05869_/X
 _05872_/X
 _05875_/X
 _05878_/X
 _05881_/X
 _05884_/X
 _05890_/X
 _05896_/X
 _05897_/X
 _05900_/X
 _05906_/X
 _05909_/X
 _05912_/X
 _05915_/Y
 _05916_/X
 _05919_/X
 _05922_/X
 _05925_/X
 _05928_/X
 _05931_/X
 _05934_/X
 _05937_/X
 _05943_/X
 _05947_/X
 _05950_/X
 _05953_/X
 _05956_/X
 _05959_/X
 _05962_/X
 _05965_/X
 _05971_/X
 _05974_/X
 _05977_/X
 _05978_/X
 _05987_/X
 _05996_/X
 _05999_/X
 _06002_/X
 _06005_/X
 _06008_/X
 _06011_/X
 _06016_/Y
 _06017_/X
 _06038_/X
 _06059_/X
 _06084_/X
 _06086_/Y
 _06087_/X
 _06090_/X
 _06093_/X
 _06096_/X
 _06099_/X
 _06102_/X
 _06105_/X
 _06135_/X
 _06161_/Y
 _06183_/X
 _06204_/X
 _06231_/X
 _06232_/Y
 _06233_/X
 _06254_/X
 _06275_/X
 _06301_/Y
 _06323_/X
 _06344_/X
 _06369_/Y
 _06370_/X
 _06391_/X
 _06412_/X
 _06437_/Y
 _06438_/X
 _06459_/X
 _06480_/X
 _06506_/Y
 _06522_/X
 _06528_/X
 _06531_/X
 _06532_/X
 _06544_/X
 _06553_/X
 _06556_/X
 _06559_/X
 _06562_/X
 _06563_/X
 _06566_/X
 _06569_/X
 _06572_/X
 _06575_/X
 _06578_/X
 _06581_/X
 _06584_/X
 _06587_/X
 _06590_/X
 _06593_/X
 _06599_/X
 _06600_/Y
 _06601_/X
 _06604_/X
 _06607_/X
 _06610_/X
 _06613_/X
 _06616_/X
 _06628_/X
 _06649_/X
 _06674_/Y
 _06696_/X
 _06717_/X
 _06744_/X
 _06745_/X
 _06787_/X
 _06812_/X
 _06813_/Y
 _06814_/X
 _06835_/X
 _06856_/X
 _06881_/Y
 _06882_/X
 _06903_/X
 _06924_/X
 _06949_/X
 _06950_/Y
 _06972_/X
 _06993_/X
 _07018_/Y
 _07040_/X
 _07061_/X
 _07086_/Y
 _07087_/X
 _07129_/X
 _07154_/X
 _07176_/X
 _07197_/X
 _07222_/Y
 _07223_/X
 _07244_/X
 _07265_/X
 _07290_/Y
 _07291_/X
 _07312_/X
 _07333_/X
 _07358_/Y
 _07359_/X
 _07380_/X
 _07401_/X
 _07426_/X
 _07427_/X
 _07428_/X
 _07429_/X
 _07431_/X
 _07432_/X
 _07433_/X
 _07434_/X
 _07435_/X
 _07436_/X
 _07437_/X
 _07439_/X
 _07440_/X
 _07441_/X
 _07442_/X
 _07443_/X
 _07444_/X
 _07445_/X
 _07446_/X
 _07447_/X
 _07448_/X
 _07449_/X
 _07450_/X
 _07451_/X
 _07452_/X
 _07453_/X
 _07455_/X
 _07458_/X
 _07459_/X
 _07460_/X
 _07462_/X
 _07463_/X
 _07464_/X
 _07465_/X
 _07466_/X
 _07467_/X
 _07468_/X
 _07469_/X
 _07470_/X
 _07471_/X
 _07472_/X
 _07473_/X
 _07475_/X
 _07476_/X
 _07477_/X
 _07479_/X
 _07480_/X
 _07481_/X
 _07483_/X
 _07485_/X
 _07489_/X
 _07490_/X
 _07491_/X
 _07492_/X
 _07494_/X
 _07495_/X
 _07496_/X
 _07497_/X
 _07499_/X
 _07500_/X
 _07502_/X
 _07504_/X
 _07505_/X
 _07506_/X
 _07507_/X
 _07509_/X
 _07510_/X
 _07513_/X
 _07514_/X
 _07515_/X
 _07516_/X
 _07517_/X
 _07518_/X
 _07519_/X
 _07520_/X
 _07522_/X
 _07524_/X
 _07525_/X
 _07527_/X
 _07529_/Y
 _07531_/X
 _07532_/X
 _07533_/X
 _07536_/X
 _07541_/X
 _07542_/X
 _07549_/X
 _07550_/X
 _07556_/X
 _07561_/Y
 _07562_/X
 _07565_/X
 _07566_/X
 _07567_/X
 _07570_/X
 _07571_/X
 _07573_/X
 _07574_/X
 _07575_/X
 _07576_/X
 _07584_/X
 _07591_/X
 _07592_/X
 _07595_/X
 _07599_/Y
 _07600_/X
 _07604_/X
 _07609_/X
 _07610_/X
 _07616_/X
 _07617_/X
 _07623_/X
 _07628_/Y
 _07629_/X
 _07630_/X
 _07633_/X
 _07634_/X
 _07635_/X
 _07637_/X
 _07640_/X
 _07648_/X
 _07650_/X
 _07659_/X
 _07661_/X
 _07662_/X
 _07663_/Y
 _07664_/X
 _07668_/X
 _07672_/X
 _07673_/X
 _07680_/X
 _07681_/X
 _07688_/X
 _07689_/X
 _07693_/X
 _07694_/X
 _07696_/X
 _07699_/X
 _07700_/X
 _07705_/X
 _07706_/X
 _07707_/X
 _07708_/X
 _07712_/X
 _07713_/X
 _07719_/X
 _07731_/X
 _07734_/X
 _07739_/X
 _07740_/X
 _07741_/X
 _07742_/X
 _07743_/X
 _07744_/X
 _07749_/X
 _07750_/X
 _07753_/X
 _07755_/X
 _07757_/X
 _07769_/X
 _07772_/X
 _07773_/X
 _07774_/X
 _07775_/X
 _07776_/X
 _07780_/Y
 _07783_/X
 _07784_/X
 _07785_/X
 _07788_/X
 _07796_/X
 _07799_/Y
 _07800_/X
 _07801_/Y
 _07804_/X
 _07807_/X
 _07809_/X
 _07812_/X
 _07817_/X
 _07818_/X
 _07819_/X
 _07824_/X
 _07840_/X
 _07860_/X
 _07869_/X
 _07871_/X
 _07874_/X
 _07875_/X
 _07880_/X
 _07884_/X
 _07885_/X
 _07892_/X
 _07905_/X
 _07911_/X
 _07912_/X
 _07922_/X
 _07927_/X
 _07928_/X
 _07929_/X
 _07930_/X
 _07932_/X
 _07933_/X
 _07939_/X
 _07941_/X
 _07945_/X
 _07954_/X
 _07959_/X
 _07963_/X
 _07965_/X
 _07974_/X
 _07982_/X
 _07994_/Y
 _07998_/X
 _08003_/X
 _08006_/X
 _08008_/X
 _08018_/X
 _08021_/X
 _08022_/X
 _08023_/X
 _08025_/X
 _08051_/X
 _08057_/X
 _08060_/X
 _08077_/X
 _08110_/X
 _08120_/X
 _08123_/X
 _08125_/X
 _08135_/X
 _08136_/X
 _08142_/X
 _08145_/X
 _08193_/X
 _08194_/X
 _08198_/X
 _08232_/X
 _08261_/X
 _08279_/X
 _08295_/X
 _08300_/X
 _08319_/X
 _08324_/X
 _08330_/X
 _08354_/X
 _08396_/X
 _08418_/X
 _08440_/X
 _08445_/X
 _08452_/X
 _08464_/Y
 _08465_/X
 _08469_/X
 _08481_/X
 _08482_/X
 _08485_/X
 _08487_/Y
 _08488_/X
 _08495_/X
 _08498_/Y
 _08520_/X
 _08541_/X
 _08566_/X
 _08567_/X
 _08568_/X
 _08569_/X
 _08570_/X
 _08571_/X
 _08572_/X
 _08573_/X
 _08574_/X
 _08575_/X
 _08576_/X
 _08577_/X
 _08578_/X
 _08580_/X
 _08581_/X
 _08582_/X
 _08583_/X
 _08584_/X
 _08585_/X
 _08586_/X
 _08587_/X
 _08588_/X
 _08589_/X
 _08591_/X
 _08594_/X
 _08595_/X
 _08596_/X
 _08598_/X
 _08599_/X
 _08600_/X
 _08601_/X
 _08602_/X
 _08603_/X
 _08604_/X
 _08605_/X
 _08606_/X
 _08607_/X
 _08609_/X
 _08610_/X
 _08611_/X
 _08613_/X
 _08614_/X
 _08616_/X
 _08621_/X
 _08622_/X
 _08624_/X
 _08625_/X
 _08626_/X
 _08627_/X
 _08629_/X
 _08631_/X
 _08632_/X
 _08633_/X
 _08634_/X
 _08635_/X
 _08637_/X
 _08638_/X
 _08639_/X
 _08640_/X
 _08641_/X
 _08643_/X
 _08646_/X
 _08647_/X
 _08648_/X
 _08649_/X
 _08650_/X
 _08651_/X
 _08653_/X
 _08654_/X
 _08655_/X
 _08656_/X
 _08658_/X
 _08659_/X
 _08661_/X
 _08663_/Y
 _08664_/X
 _08667_/X
 _08670_/X
 _08672_/X
 _08674_/X
 _08677_/X
 _08678_/X
 _08679_/X
 _08680_/X
 _08681_/X
 _08682_/X
 _08683_/X
 _08685_/X
 _08686_/X
 _08689_/X
 _08690_/X
 _08691_/X
 _08692_/X
 _08693_/X
 _08699_/X
 _08702_/X
 _08704_/X
 _08708_/X
 _08711_/X
 _08712_/X
 _08713_/X
 _08717_/X
 _08718_/X
 _08719_/X
 _08720_/X
 _08721_/X
 _08728_/X
 _08729_/X
 _08735_/X
 _08739_/Y
 _08740_/X
 _08743_/X
 _08748_/X
 _08749_/X
 _08750_/X
 _08755_/X
 _08761_/X
 _08762_/X
 _08767_/X
 _08770_/X
 _08771_/X
 _08773_/X
 _08776_/X
 _08781_/X
 _08786_/X
 _08787_/X
 _08797_/X
 _08800_/Y
 _08801_/X
 _08805_/X
 _08810_/X
 _08811_/X
 _08812_/X
 _08829_/X
 _08839_/X
 _08846_/X
 _08851_/X
 _08852_/X
 _08854_/X
 _08858_/X
 _08860_/X
 _08866_/X
 _08871_/X
 _08874_/X
 _08882_/X
 _08884_/X
 _08890_/X
 _08892_/X
 _08914_/X
 _08918_/X
 _08922_/X
 _08923_/X
 _08932_/X
 _08934_/X
 _08937_/X
 _08946_/X
 _08947_/X
 _08948_/X
 _08950_/X
 _08959_/Y
 _08985_/X
 _08990_/X
 _08993_/X
 _08997_/X
 _08999_/X
 _09001_/X
 _09002_/X
 _09007_/X
 _09009_/X
 _09011_/X
 _09027_/X
 _09049_/X
 _09061_/X
 _09062_/X
 _09068_/X
 _09078_/X
 _09107_/X
 _09132_/X
 _09133_/X
 _09141_/X
 _09144_/X
 _09146_/X
 _09148_/X
 _09149_/X
 _09151_/X
 _09160_/X
 _09172_/X
 _09183_/X
 _09188_/X
 _09190_/X
 _09216_/X
 _09224_/X
 _09230_/X
 _09231_/X
 _09240_/X
 _09244_/X
 _09255_/X
 _09262_/X
 _09271_/X
 _09288_/X
 _09298_/X
 _09310_/X
 _09311_/X
 _09324_/X
 _09335_/X
 _09355_/X
 _09376_/X
 _09390_/X
 _09391_/X
 _09397_/X
 _09403_/X
 _09405_/X
 _09411_/X
 _09459_/X
 _09468_/X
 _09475_/X
 _09568_/X
 _09587_/Y
 _09605_/X
 _09614_/X
 _09620_/Y
 _09621_/X
 _09642_/X
 _09663_/X
 _09688_/Y
 _09689_/X
 _09710_/X
 _09731_/X
 _09756_/Y
 _09778_/X
 _09799_/X
 _09824_/Y
 _09825_/X
 _09846_/X
 _09867_/X
 _09892_/Y
 _09893_/X
 _09914_/X
 _09935_/X
 _09960_/Y
 _09961_/X
 _09982_/X
 _10003_/X
 _10028_/X
 _10029_/X
 _10050_/X
 _10071_/X
 _10096_/Y
 _10097_/X
 _10118_/X
 _10139_/X
 _10164_/Y
 _10165_/X
 _10186_/X
 _10207_/X
 _10246_/Q
 _10253_/Q
 _10271_/Q
 _10272_/Q
 _10274_/Q
 _10276_/Q
 _10278_/Q
 _10280_/Q
 _10284_/Q
 _10297_/Q
 _10303_/Q
 _10304_/Q
 _10305_/Q
 _10306_/Q
 _10308_/Q
 _10309_/Q
 _10316_/Q
 _10327_/Q
 _10335_/Q
 _10336_/Q
 _10338_/Q
 _10340_/Q
 _10341_/Q
 _10342_/Q
 _10366_/Q
 _10368_/Q
 _10369_/Q
 _10370_/Q
 _10371_/Q
 _10372_/Q
 _10373_/Q
 _10374_/Q
 _10377_/Q
 _10384_/Q
 _10402_/Q
 _10404_/Q
 _10406_/Q
 _10412_/Q
 _10413_/Q
 _10422_/Q
 _10424_/Q
 _10432_/Q
 _10433_/Q
 _10434_/Q
 _10436_/Q
 _10437_/Q
 _10438_/Q
 _10439_/Q
 _10440_/Q
 _10445_/Q
 _10450_/Q
 _10455_/Q
 _10463_/Q
 _10465_/Q
 _10466_/Q
 _10469_/Q
 _10484_/Q
 _10486_/Q
 _10495_/Q
 _10497_/Q
 _10500_/Q
 _10501_/Q
 _10502_/Q
 _10503_/Q
 _10514_/Q
 _10527_/Q
 _10528_/Q
 _10529_/Q
 _10530_/Q
 _10532_/Q
 _10533_/Q
 _10542_/Q
 _10553_/Q
 _10559_/Q
 _10561_/Q
 _10566_/Q
 _10568_/Q
 _10571_/Q
 _10572_/Q
 _10578_/Q
 _10586_/Q
 _10591_/Q
 _10593_/Q
 _10596_/Q
 _10598_/Q
 _10604_/Q
 _10611_/Q
 _10617_/Q
 _10622_/Q
 _10636_/Q
 _10641_/Q
 _10657_/Q
 _10658_/Q
 _10659_/Q
 _10661_/Q
 _10664_/Q
 _10665_/Q
 _10668_/Q
 _10683_/Q
 _10686_/Q
 _10687_/Q
 _10688_/Q
 _10689_/Q
 _10690_/Q
 _10691_/Q
 _10692_/Q
 _10694_/Q
 _10696_/Q
 _10708_/Q
 _10713_/Q
 _10717_/Q
 _10718_/Q
 _10719_/Q
 _10720_/Q
 _10721_/Q
 _10722_/Q
 _10724_/Q
 _10727_/Q
 _10739_/Q
 _10747_/Q
 _10751_/Q
 _10753_/Q
 _10755_/Q
 _10758_/Q
 _10759_/Q
 _10763_/Q
 _10765_/Q
 _10777_/Q
 _10781_/Q
 _10785_/Q
 _10789_/Q
 _10791_/Q
 _10793_/Q
 _10796_/Q
 _10798_/Q
 _10811_/Q
 _10836_/Q
 _10847_/Q
 _10848_/Q
 _10849_/Q
 _10850_/Q
 _10854_/Q
 _10855_/Q
 _10856_/Q
 _10860_/Q
 _10863_/Q
 _10869_/Q
 _10878_/Q
 _10879_/Q
 _10882_/Q
 _10884_/Q
 _10888_/Q
 _10893_/Q
 _10906_/Q
 _10945_/Q
 _10946_/Q
 _10947_/Q
 _10949_/Q
 _10950_/Q
 _10951_/Q
 _10955_/Q
 _10958_/Q
 _10964_/Q
 _10974_/Q
 _10993_/Q
 _10994_/Q
 _10995_/Q
 _10996_/Q
 _10997_/Q
 _10998_/Q
 _10999_/Q
 _11000_/Q
 _11001_/Q
 _11002_/Q
 _11003_/Q
 _11004_/Q
 _11005_/Q
 _11006_/Q
 _11007_/Q
 _11008_/Q
 _11009_/Q
 _11012_/Q
 _11013_/Q
 _11015_/Q
 _11024_/Q
 _11033_/Q
 _11039_/Q
 _11040_/Q
 _11041_/Q
 _11042_/Q
 _11043_/Q
 _11044_/Q
 _11045_/Q
 _11046_/Q
 _11047_/Q
 _11048_/Q
 _11069_/Q
 _11070_/Q
 _11075_/Q
 _11083_/Q
 _11091_/Q
 _11093_/Q
 _11096_/Q
 _11105_/Q
 _11107_/Q
 _11110_/Q
 _11111_/Q
 _11134_/Q
 _11137_/Q
 _11140_/Q
 _11141_/Q
 _11148_/Q
 _11167_/Q
 _11170_/Q
 _11188_/Q
 _11189_/Q
 _11190_/Q
 _11191_/Q
 _11196_/Q
 _11199_/Q
 _11201_/Q
 _11202_/Q
 _11203_/Q
 _11205_/Q
 _11208_/Q
 _11225_/Q
 _11230_/Q
 _11234_/Q
 _11237_/Q
 _11238_/Q
 _11263_/Q
 _11264_/Q
 _11265_/Q
 _11280_/Q
 _11283_/Q
 _11284_/Q
 _11285_/Q
 _11288_/Q
 _11295_/Q
 _11301_/Q
 _11303_/Q
 _11305_/Q
 _11312_/Q
 _11313_/Q
 _11314_/Q
 _11319_/Q
 _11326_/Q
 _11332_/Q
 _11333_/Q
 _11334_/Q
 _11344_/Q
 _11348_/Q
 _11358_/Q
 _11361_/Q
 _11362_/Q
 clkbuf_0_clock/X
 clkbuf_2_0_0_clock/X
 clkbuf_2_1_0_clock/X
 clkbuf_2_2_0_clock/X
 clkbuf_2_3_0_clock/X
 clkbuf_5_0__f_clock/X
 clkbuf_5_10__f_clock/X
 clkbuf_5_11__f_clock/X
 clkbuf_5_12__f_clock/X
 clkbuf_5_13__f_clock/X
 clkbuf_5_14__f_clock/X
 clkbuf_5_15__f_clock/X
 clkbuf_5_16__f_clock/X
 clkbuf_5_17__f_clock/X
 clkbuf_5_18__f_clock/X
 clkbuf_5_19__f_clock/X
 clkbuf_5_1__f_clock/X
 clkbuf_5_20__f_clock/X
 clkbuf_5_21__f_clock/X
 clkbuf_5_22__f_clock/X
 clkbuf_5_23__f_clock/X
 clkbuf_5_25__f_clock/X
 clkbuf_5_26__f_clock/X
 clkbuf_5_27__f_clock/X
 clkbuf_5_28__f_clock/X
 clkbuf_5_29__f_clock/X
 clkbuf_5_2__f_clock/X
 clkbuf_5_30__f_clock/X
 clkbuf_5_31__f_clock/X
 clkbuf_5_3__f_clock/X
 clkbuf_5_4__f_clock/X
 clkbuf_5_5__f_clock/X
 clkbuf_5_6__f_clock/X
 clkbuf_5_7__f_clock/X
 clkbuf_5_8__f_clock/X
 clkbuf_5_9__f_clock/X
 clkbuf_leaf_102_clock/X
 clkbuf_leaf_103_clock/X
 clkbuf_leaf_106_clock/X
 clkbuf_leaf_108_clock/X
 clkbuf_leaf_10_clock/X
 clkbuf_leaf_111_clock/X
 clkbuf_leaf_113_clock/X
 clkbuf_leaf_115_clock/X
 clkbuf_leaf_119_clock/X
 clkbuf_leaf_120_clock/X
 clkbuf_leaf_121_clock/X
 clkbuf_leaf_122_clock/X
 clkbuf_leaf_12_clock/X
 clkbuf_leaf_130_clock/X
 clkbuf_leaf_135_clock/X
 clkbuf_leaf_138_clock/X
 clkbuf_leaf_139_clock/X
 clkbuf_leaf_144_clock/X
 clkbuf_leaf_146_clock/X
 clkbuf_leaf_149_clock/X
 clkbuf_leaf_150_clock/X
 clkbuf_leaf_152_clock/X
 clkbuf_leaf_153_clock/X
 clkbuf_leaf_155_clock/X
 clkbuf_leaf_156_clock/X
 clkbuf_leaf_159_clock/X
 clkbuf_leaf_15_clock/X
 clkbuf_leaf_160_clock/X
 clkbuf_leaf_161_clock/X
 clkbuf_leaf_162_clock/X
 clkbuf_leaf_163_clock/X
 clkbuf_leaf_167_clock/X
 clkbuf_leaf_170_clock/X
 clkbuf_leaf_172_clock/X
 clkbuf_leaf_173_clock/X
 clkbuf_leaf_174_clock/X
 clkbuf_leaf_176_clock/X
 clkbuf_leaf_178_clock/X
 clkbuf_leaf_179_clock/X
 clkbuf_leaf_17_clock/X
 clkbuf_leaf_181_clock/X
 clkbuf_leaf_183_clock/X
 clkbuf_leaf_184_clock/X
 clkbuf_leaf_185_clock/X
 clkbuf_leaf_186_clock/X
 clkbuf_leaf_188_clock/X
 clkbuf_leaf_190_clock/X
 clkbuf_leaf_196_clock/X
 clkbuf_leaf_197_clock/X
 clkbuf_leaf_199_clock/X
 clkbuf_leaf_19_clock/X
 clkbuf_leaf_201_clock/X
 clkbuf_leaf_202_clock/X
 clkbuf_leaf_204_clock/X
 clkbuf_leaf_205_clock/X
 clkbuf_leaf_206_clock/X
 clkbuf_leaf_209_clock/X
 clkbuf_leaf_214_clock/X
 clkbuf_leaf_217_clock/X
 clkbuf_leaf_218_clock/X
 clkbuf_leaf_219_clock/X
 clkbuf_leaf_21_clock/X
 clkbuf_leaf_220_clock/X
 clkbuf_leaf_222_clock/X
 clkbuf_leaf_223_clock/X
 clkbuf_leaf_225_clock/X
 clkbuf_leaf_227_clock/X
 clkbuf_leaf_23_clock/X
 clkbuf_leaf_24_clock/X
 clkbuf_leaf_25_clock/X
 clkbuf_leaf_26_clock/X
 clkbuf_leaf_27_clock/X
 clkbuf_leaf_2_clock/X
 clkbuf_leaf_30_clock/X
 clkbuf_leaf_31_clock/X
 clkbuf_leaf_33_clock/X
 clkbuf_leaf_35_clock/X
 clkbuf_leaf_38_clock/X
 clkbuf_leaf_40_clock/X
 clkbuf_leaf_42_clock/X
 clkbuf_leaf_43_clock/X
 clkbuf_leaf_45_clock/X
 clkbuf_leaf_46_clock/X
 clkbuf_leaf_47_clock/X
 clkbuf_leaf_49_clock/X
 clkbuf_leaf_53_clock/X
 clkbuf_leaf_54_clock/X
 clkbuf_leaf_56_clock/X
 clkbuf_leaf_57_clock/X
 clkbuf_leaf_59_clock/X
 clkbuf_leaf_5_clock/X
 clkbuf_leaf_60_clock/X
 clkbuf_leaf_61_clock/X
 clkbuf_leaf_62_clock/X
 clkbuf_leaf_63_clock/X
 clkbuf_leaf_66_clock/X
 clkbuf_leaf_68_clock/X
 clkbuf_leaf_69_clock/X
 clkbuf_leaf_6_clock/X
 clkbuf_leaf_71_clock/X
 clkbuf_leaf_74_clock/X
 clkbuf_leaf_76_clock/X
 clkbuf_leaf_77_clock/X
 clkbuf_leaf_7_clock/X
 clkbuf_leaf_82_clock/X
 clkbuf_leaf_84_clock/X
 clkbuf_leaf_85_clock/X
 clkbuf_leaf_88_clock/X
 clkbuf_leaf_89_clock/X
 clkbuf_leaf_90_clock/X
 clkbuf_leaf_95_clock/X
 clkbuf_leaf_96_clock/X
 clkbuf_leaf_98_clock/X
 input1/X
 input10/X
 input11/X
 input12/X
 input17/X
 input2/X
 input21/X
 input22/X
 input23/X
 input24/X
 input25/X
 input27/X
 input28/X
 input3/X
 input30/X
 input31/X
 input33/X
 input34/X
 input35/X
 input36/X
 input4/X
 input42/X
 input44/X
 input45/X
 input46/X
 input5/X
 input6/X
 input7/X
 input8/X
 input9/X

===========================================================================
max slew violation count 0
max fanout violation count 0
max cap violation count 0
============================================================================

===========================================================================
check_setup -verbose -unconstrained_endpoints -multiple_clock -no_clock -no_input_delay -loops -generated_clocks
===========================================================================
Warning: There are 50 input ports missing set_input_delay.
  address1[0]
  address1[1]
  address1[2]
  address1[3]
  address1[4]
  address2[0]
  address2[1]
  address2[2]
  address2[3]
  address2[4]
  address3[0]
  address3[1]
  address3[2]
  address3[3]
  address3[4]
  inpmain[0]
  inpmain[10]
  inpmain[11]
  inpmain[12]
  inpmain[13]
  inpmain[14]
  inpmain[15]
  inpmain[16]
  inpmain[17]
  inpmain[18]
  inpmain[19]
  inpmain[1]
  inpmain[20]
  inpmain[21]
  inpmain[22]
  inpmain[23]
  inpmain[24]
  inpmain[25]
  inpmain[26]
  inpmain[27]
  inpmain[28]
  inpmain[29]
  inpmain[2]
  inpmain[30]
  inpmain[31]
  inpmain[3]
  inpmain[4]
  inpmain[5]
  inpmain[6]
  inpmain[7]
  inpmain[8]
  inpmain[9]
  opcode[0]
  opcode[1]
  wenable
Warning: There are 32 unconstrained endpoints.
  result[0]
  result[10]
  result[11]
  result[12]
  result[13]
  result[14]
  result[15]
  result[16]
  result[17]
  result[18]
  result[19]
  result[1]
  result[20]
  result[21]
  result[22]
  result[23]
  result[24]
  result[25]
  result[26]
  result[27]
  result[28]
  result[29]
  result[2]
  result[30]
  result[31]
  result[3]
  result[4]
  result[5]
  result[6]
  result[7]
  result[8]
  result[9]
