
64. Printing statistics.

=== ztfc ===

   Number of wires:                157
   Number of wire bits:            163
   Number of public wires:          35
   Number of public wire bits:      41
   Number of memories:               0
   Number of memory bits:            0
   Number of processes:              0
   Number of cells:                161
     sky130_fd_sc_hd__a21bo_2        1
     sky130_fd_sc_hd__a21boi_2       3
     sky130_fd_sc_hd__a21o_2         6
     sky130_fd_sc_hd__a21oi_2        7
     sky130_fd_sc_hd__a221oi_2       1
     sky130_fd_sc_hd__a31o_2         1
     sky130_fd_sc_hd__and2_2        11
     sky130_fd_sc_hd__and2b_2        2
     sky130_fd_sc_hd__and3_2        11
     sky130_fd_sc_hd__and3b_2        5
     sky130_fd_sc_hd__and4_2         7
     sky130_fd_sc_hd__and4b_2        2
     sky130_fd_sc_hd__and4bb_2       2
     sky130_fd_sc_hd__buf_1         19
     sky130_fd_sc_hd__buf_2          1
     sky130_fd_sc_hd__conb_1         1
     sky130_fd_sc_hd__dfxtp_2       31
     sky130_fd_sc_hd__inv_2          5
     sky130_fd_sc_hd__nand2_2        2
     sky130_fd_sc_hd__nand3_2        1
     sky130_fd_sc_hd__nor2_2        11
     sky130_fd_sc_hd__nor3_2         1
     sky130_fd_sc_hd__nor3b_2        1
     sky130_fd_sc_hd__o211a_2        1
     sky130_fd_sc_hd__o21a_2         3
     sky130_fd_sc_hd__o21ai_2       14
     sky130_fd_sc_hd__o221a_2        1
     sky130_fd_sc_hd__o31a_2         1
     sky130_fd_sc_hd__or2_2          8
     sky130_fd_sc_hd__or4_2          1

   Chip area for module '\ztfc': 1642.825600

