
===========================================================================
report_checks -path_delay min (Hold)
============================================================================
======================= Typical Corner ===================================

Startpoint: _255_ (rising edge-triggered flip-flop clocked by core_clock)
Endpoint: _255_ (rising edge-triggered flip-flop clocked by core_clock)
Path Group: core_clock
Path Type: min

Fanout     Cap    Slew   Delay    Time   Description
-----------------------------------------------------------------------------
                  0.00    0.00    0.00   clock core_clock (rise edge)
                          0.00    0.00   clock network delay (ideal)
                  0.00    0.00    0.00 ^ _255_/CLK (sky130_fd_sc_hd__dfxtp_2)
     4    0.01    0.08    0.33    0.33 ^ _255_/Q (sky130_fd_sc_hd__dfxtp_2)
                                         a.one_second_counter[1] (net)
                  0.08    0.00    0.33 ^ _172_/A1 (sky130_fd_sc_hd__a21oi_2)
     1    0.00    0.03    0.05    0.38 v _172_/Y (sky130_fd_sc_hd__a21oi_2)
                                         _005_ (net)
                  0.03    0.00    0.38 v _255_/D (sky130_fd_sc_hd__dfxtp_2)
                                  0.38   data arrival time

                  0.00    0.00    0.00   clock core_clock (rise edge)
                          0.00    0.00   clock network delay (ideal)
                          0.00    0.00   clock reconvergence pessimism
                                  0.00 ^ _255_/CLK (sky130_fd_sc_hd__dfxtp_2)
                         -0.05   -0.05   library hold time
                                 -0.05   data required time
-----------------------------------------------------------------------------
                                 -0.05   data required time
                                 -0.38   data arrival time
-----------------------------------------------------------------------------
                                  0.43   slack (MET)


Startpoint: _280_ (rising edge-triggered flip-flop clocked by core_clock)
Endpoint: _280_ (rising edge-triggered flip-flop clocked by core_clock)
Path Group: core_clock
Path Type: min

Fanout     Cap    Slew   Delay    Time   Description
-----------------------------------------------------------------------------
                  0.00    0.00    0.00   clock core_clock (rise edge)
                          0.00    0.00   clock network delay (ideal)
                  0.00    0.00    0.00 ^ _280_/CLK (sky130_fd_sc_hd__dfxtp_2)
     4    0.01    0.04    0.31    0.31 v _280_/Q (sky130_fd_sc_hd__dfxtp_2)
                                         a.one_second_counter[26] (net)
                  0.04    0.00    0.31 v _248_/A (sky130_fd_sc_hd__inv_2)
     1    0.00    0.03    0.05    0.35 ^ _248_/Y (sky130_fd_sc_hd__inv_2)
                                         _098_ (net)
                  0.03    0.00    0.35 ^ _249_/A1 (sky130_fd_sc_hd__a21boi_2)
     1    0.00    0.03    0.03    0.39 v _249_/Y (sky130_fd_sc_hd__a21boi_2)
                                         _030_ (net)
                  0.03    0.00    0.39 v _280_/D (sky130_fd_sc_hd__dfxtp_2)
                                  0.39   data arrival time

                  0.00    0.00    0.00   clock core_clock (rise edge)
                          0.00    0.00   clock network delay (ideal)
                          0.00    0.00   clock reconvergence pessimism
                                  0.00 ^ _280_/CLK (sky130_fd_sc_hd__dfxtp_2)
                         -0.05   -0.05   library hold time
                                 -0.05   data required time
-----------------------------------------------------------------------------
                                 -0.05   data required time
                                 -0.39   data arrival time
-----------------------------------------------------------------------------
                                  0.44   slack (MET)


Startpoint: _276_ (rising edge-triggered flip-flop clocked by core_clock)
Endpoint: _276_ (rising edge-triggered flip-flop clocked by core_clock)
Path Group: core_clock
Path Type: min

Fanout     Cap    Slew   Delay    Time   Description
-----------------------------------------------------------------------------
                  0.00    0.00    0.00   clock core_clock (rise edge)
                          0.00    0.00   clock network delay (ideal)
                  0.00    0.00    0.00 ^ _276_/CLK (sky130_fd_sc_hd__dfxtp_2)
     4    0.02    0.09    0.34    0.34 ^ _276_/Q (sky130_fd_sc_hd__dfxtp_2)
                                         a.one_second_counter[22] (net)
                  0.09    0.00    0.34 ^ _237_/A1 (sky130_fd_sc_hd__a21oi_2)
     1    0.00    0.03    0.05    0.39 v _237_/Y (sky130_fd_sc_hd__a21oi_2)
                                         _026_ (net)
                  0.03    0.00    0.39 v _276_/D (sky130_fd_sc_hd__dfxtp_2)
                                  0.39   data arrival time

                  0.00    0.00    0.00   clock core_clock (rise edge)
                          0.00    0.00   clock network delay (ideal)
                          0.00    0.00   clock reconvergence pessimism
                                  0.00 ^ _276_/CLK (sky130_fd_sc_hd__dfxtp_2)
                         -0.05   -0.05   library hold time
                                 -0.05   data required time
-----------------------------------------------------------------------------
                                 -0.05   data required time
                                 -0.39   data arrival time
-----------------------------------------------------------------------------
                                  0.44   slack (MET)


Startpoint: _265_ (rising edge-triggered flip-flop clocked by core_clock)
Endpoint: _265_ (rising edge-triggered flip-flop clocked by core_clock)
Path Group: core_clock
Path Type: min

Fanout     Cap    Slew   Delay    Time   Description
-----------------------------------------------------------------------------
                  0.00    0.00    0.00   clock core_clock (rise edge)
                          0.00    0.00   clock network delay (ideal)
                  0.00    0.00    0.00 ^ _265_/CLK (sky130_fd_sc_hd__dfxtp_2)
     6    0.02    0.10    0.34    0.34 ^ _265_/Q (sky130_fd_sc_hd__dfxtp_2)
                                         a.one_second_counter[11] (net)
                  0.10    0.00    0.34 ^ _203_/A1 (sky130_fd_sc_hd__a21oi_2)
     1    0.00    0.03    0.05    0.39 v _203_/Y (sky130_fd_sc_hd__a21oi_2)
                                         _015_ (net)
                  0.03    0.00    0.39 v _265_/D (sky130_fd_sc_hd__dfxtp_2)
                                  0.39   data arrival time

                  0.00    0.00    0.00   clock core_clock (rise edge)
                          0.00    0.00   clock network delay (ideal)
                          0.00    0.00   clock reconvergence pessimism
                                  0.00 ^ _265_/CLK (sky130_fd_sc_hd__dfxtp_2)
                         -0.05   -0.05   library hold time
                                 -0.05   data required time
-----------------------------------------------------------------------------
                                 -0.05   data required time
                                 -0.39   data arrival time
-----------------------------------------------------------------------------
                                  0.44   slack (MET)


Startpoint: _260_ (rising edge-triggered flip-flop clocked by core_clock)
Endpoint: _260_ (rising edge-triggered flip-flop clocked by core_clock)
Path Group: core_clock
Path Type: min

Fanout     Cap    Slew   Delay    Time   Description
-----------------------------------------------------------------------------
                  0.00    0.00    0.00   clock core_clock (rise edge)
                          0.00    0.00   clock network delay (ideal)
                  0.00    0.00    0.00 ^ _260_/CLK (sky130_fd_sc_hd__dfxtp_2)
     2    0.01    0.05    0.30    0.30 ^ _260_/Q (sky130_fd_sc_hd__dfxtp_2)
                                         a.one_second_counter[6] (net)
                  0.05    0.00    0.30 ^ _188_/A1 (sky130_fd_sc_hd__o21ai_2)
     1    0.00    0.03    0.06    0.36 v _188_/Y (sky130_fd_sc_hd__o21ai_2)
                                         _058_ (net)
                  0.03    0.00    0.36 v _189_/B (sky130_fd_sc_hd__nor2_2)
     1    0.00    0.05    0.05    0.41 ^ _189_/Y (sky130_fd_sc_hd__nor2_2)
                                         _010_ (net)
                  0.05    0.00    0.41 ^ _260_/D (sky130_fd_sc_hd__dfxtp_2)
                                  0.41   data arrival time

                  0.00    0.00    0.00   clock core_clock (rise edge)
                          0.00    0.00   clock network delay (ideal)
                          0.00    0.00   clock reconvergence pessimism
                                  0.00 ^ _260_/CLK (sky130_fd_sc_hd__dfxtp_2)
                         -0.04   -0.04   library hold time
                                 -0.04   data required time
-----------------------------------------------------------------------------
                                 -0.04   data required time
                                 -0.41   data arrival time
-----------------------------------------------------------------------------
                                  0.45   slack (MET)


Startpoint: _268_ (rising edge-triggered flip-flop clocked by core_clock)
Endpoint: _268_ (rising edge-triggered flip-flop clocked by core_clock)
Path Group: core_clock
Path Type: min

Fanout     Cap    Slew   Delay    Time   Description
-----------------------------------------------------------------------------
                  0.00    0.00    0.00   clock core_clock (rise edge)
                          0.00    0.00   clock network delay (ideal)
                  0.00    0.00    0.00 ^ _268_/CLK (sky130_fd_sc_hd__dfxtp_2)
     2    0.01    0.05    0.30    0.30 ^ _268_/Q (sky130_fd_sc_hd__dfxtp_2)
                                         a.one_second_counter[14] (net)
                  0.05    0.00    0.30 ^ _212_/A1 (sky130_fd_sc_hd__o21ai_2)
     1    0.00    0.03    0.06    0.36 v _212_/Y (sky130_fd_sc_hd__o21ai_2)
                                         _074_ (net)
                  0.03    0.00    0.36 v _213_/B (sky130_fd_sc_hd__nor2_2)
     1    0.00    0.05    0.05    0.41 ^ _213_/Y (sky130_fd_sc_hd__nor2_2)
                                         _018_ (net)
                  0.05    0.00    0.41 ^ _268_/D (sky130_fd_sc_hd__dfxtp_2)
                                  0.41   data arrival time

                  0.00    0.00    0.00   clock core_clock (rise edge)
                          0.00    0.00   clock network delay (ideal)
                          0.00    0.00   clock reconvergence pessimism
                                  0.00 ^ _268_/CLK (sky130_fd_sc_hd__dfxtp_2)
                         -0.04   -0.04   library hold time
                                 -0.04   data required time
-----------------------------------------------------------------------------
                                 -0.04   data required time
                                 -0.41   data arrival time
-----------------------------------------------------------------------------
                                  0.45   slack (MET)


Startpoint: _273_ (rising edge-triggered flip-flop clocked by core_clock)
Endpoint: _273_ (rising edge-triggered flip-flop clocked by core_clock)
Path Group: core_clock
Path Type: min

Fanout     Cap    Slew   Delay    Time   Description
-----------------------------------------------------------------------------
                  0.00    0.00    0.00   clock core_clock (rise edge)
                          0.00    0.00   clock network delay (ideal)
                  0.00    0.00    0.00 ^ _273_/CLK (sky130_fd_sc_hd__dfxtp_2)
     8    0.02    0.11    0.35    0.35 ^ _273_/Q (sky130_fd_sc_hd__dfxtp_2)
                                         a.one_second_counter[19] (net)
                  0.11    0.00    0.35 ^ _228_/A1 (sky130_fd_sc_hd__a21oi_2)
     1    0.00    0.03    0.06    0.41 v _228_/Y (sky130_fd_sc_hd__a21oi_2)
                                         _023_ (net)
                  0.03    0.00    0.41 v _273_/D (sky130_fd_sc_hd__dfxtp_2)
                                  0.41   data arrival time

                  0.00    0.00    0.00   clock core_clock (rise edge)
                          0.00    0.00   clock network delay (ideal)
                          0.00    0.00   clock reconvergence pessimism
                                  0.00 ^ _273_/CLK (sky130_fd_sc_hd__dfxtp_2)
                         -0.05   -0.05   library hold time
                                 -0.05   data required time
-----------------------------------------------------------------------------
                                 -0.05   data required time
                                 -0.41   data arrival time
-----------------------------------------------------------------------------
                                  0.46   slack (MET)


Startpoint: _275_ (rising edge-triggered flip-flop clocked by core_clock)
Endpoint: _275_ (rising edge-triggered flip-flop clocked by core_clock)
Path Group: core_clock
Path Type: min

Fanout     Cap    Slew   Delay    Time   Description
-----------------------------------------------------------------------------
                  0.00    0.00    0.00   clock core_clock (rise edge)
                          0.00    0.00   clock network delay (ideal)
                  0.00    0.00    0.00 ^ _275_/CLK (sky130_fd_sc_hd__dfxtp_2)
     3    0.01    0.05    0.31    0.31 ^ _275_/Q (sky130_fd_sc_hd__dfxtp_2)
                                         a.one_second_counter[21] (net)
                  0.05    0.00    0.31 ^ _234_/A1 (sky130_fd_sc_hd__o21ai_2)
     1    0.00    0.03    0.06    0.37 v _234_/Y (sky130_fd_sc_hd__o21ai_2)
                                         _089_ (net)
                  0.03    0.00    0.37 v _235_/B (sky130_fd_sc_hd__nor2_2)
     1    0.00    0.05    0.05    0.42 ^ _235_/Y (sky130_fd_sc_hd__nor2_2)
                                         _025_ (net)
                  0.05    0.00    0.42 ^ _275_/D (sky130_fd_sc_hd__dfxtp_2)
                                  0.42   data arrival time

                  0.00    0.00    0.00   clock core_clock (rise edge)
                          0.00    0.00   clock network delay (ideal)
                          0.00    0.00   clock reconvergence pessimism
                                  0.00 ^ _275_/CLK (sky130_fd_sc_hd__dfxtp_2)
                         -0.04   -0.04   library hold time
                                 -0.04   data required time
-----------------------------------------------------------------------------
                                 -0.04   data required time
                                 -0.42   data arrival time
-----------------------------------------------------------------------------
                                  0.46   slack (MET)


Startpoint: _272_ (rising edge-triggered flip-flop clocked by core_clock)
Endpoint: _272_ (rising edge-triggered flip-flop clocked by core_clock)
Path Group: core_clock
Path Type: min

Fanout     Cap    Slew   Delay    Time   Description
-----------------------------------------------------------------------------
                  0.00    0.00    0.00   clock core_clock (rise edge)
                          0.00    0.00   clock network delay (ideal)
                  0.00    0.00    0.00 ^ _272_/CLK (sky130_fd_sc_hd__dfxtp_2)
     3    0.01    0.05    0.31    0.31 ^ _272_/Q (sky130_fd_sc_hd__dfxtp_2)
                                         a.one_second_counter[18] (net)
                  0.05    0.00    0.31 ^ _225_/A1 (sky130_fd_sc_hd__o21ai_2)
     1    0.00    0.03    0.06    0.37 v _225_/Y (sky130_fd_sc_hd__o21ai_2)
                                         _083_ (net)
                  0.03    0.00    0.37 v _226_/B (sky130_fd_sc_hd__nor2_2)
     1    0.00    0.05    0.05    0.42 ^ _226_/Y (sky130_fd_sc_hd__nor2_2)
                                         _022_ (net)
                  0.05    0.00    0.42 ^ _272_/D (sky130_fd_sc_hd__dfxtp_2)
                                  0.42   data arrival time

                  0.00    0.00    0.00   clock core_clock (rise edge)
                          0.00    0.00   clock network delay (ideal)
                          0.00    0.00   clock reconvergence pessimism
                                  0.00 ^ _272_/CLK (sky130_fd_sc_hd__dfxtp_2)
                         -0.04   -0.04   library hold time
                                 -0.04   data required time
-----------------------------------------------------------------------------
                                 -0.04   data required time
                                 -0.42   data arrival time
-----------------------------------------------------------------------------
                                  0.46   slack (MET)


Startpoint: _267_ (rising edge-triggered flip-flop clocked by core_clock)
Endpoint: _267_ (rising edge-triggered flip-flop clocked by core_clock)
Path Group: core_clock
Path Type: min

Fanout     Cap    Slew   Delay    Time   Description
-----------------------------------------------------------------------------
                  0.00    0.00    0.00   clock core_clock (rise edge)
                          0.00    0.00   clock network delay (ideal)
                  0.00    0.00    0.00 ^ _267_/CLK (sky130_fd_sc_hd__dfxtp_2)
     3    0.01    0.05    0.31    0.31 ^ _267_/Q (sky130_fd_sc_hd__dfxtp_2)
                                         a.one_second_counter[13] (net)
                  0.05    0.00    0.31 ^ _209_/A1 (sky130_fd_sc_hd__o21ai_2)
     1    0.00    0.03    0.06    0.37 v _209_/Y (sky130_fd_sc_hd__o21ai_2)
                                         _072_ (net)
                  0.03    0.00    0.37 v _210_/B (sky130_fd_sc_hd__nor2_2)
     1    0.00    0.05    0.05    0.42 ^ _210_/Y (sky130_fd_sc_hd__nor2_2)
                                         _017_ (net)
                  0.05    0.00    0.42 ^ _267_/D (sky130_fd_sc_hd__dfxtp_2)
                                  0.42   data arrival time

                  0.00    0.00    0.00   clock core_clock (rise edge)
                          0.00    0.00   clock network delay (ideal)
                          0.00    0.00   clock reconvergence pessimism
                                  0.00 ^ _267_/CLK (sky130_fd_sc_hd__dfxtp_2)
                         -0.04   -0.04   library hold time
                                 -0.04   data required time
-----------------------------------------------------------------------------
                                 -0.04   data required time
                                 -0.42   data arrival time
-----------------------------------------------------------------------------
                                  0.46   slack (MET)


Startpoint: _264_ (rising edge-triggered flip-flop clocked by core_clock)
Endpoint: _264_ (rising edge-triggered flip-flop clocked by core_clock)
Path Group: core_clock
Path Type: min

Fanout     Cap    Slew   Delay    Time   Description
-----------------------------------------------------------------------------
                  0.00    0.00    0.00   clock core_clock (rise edge)
                          0.00    0.00   clock network delay (ideal)
                  0.00    0.00    0.00 ^ _264_/CLK (sky130_fd_sc_hd__dfxtp_2)
     3    0.01    0.06    0.31    0.31 ^ _264_/Q (sky130_fd_sc_hd__dfxtp_2)
                                         a.one_second_counter[10] (net)
                  0.06    0.00    0.31 ^ _200_/A1 (sky130_fd_sc_hd__o21ai_2)
     1    0.00    0.03    0.06    0.37 v _200_/Y (sky130_fd_sc_hd__o21ai_2)
                                         _066_ (net)
                  0.03    0.00    0.37 v _201_/B (sky130_fd_sc_hd__nor2_2)
     1    0.00    0.05    0.05    0.42 ^ _201_/Y (sky130_fd_sc_hd__nor2_2)
                                         _014_ (net)
                  0.05    0.00    0.42 ^ _264_/D (sky130_fd_sc_hd__dfxtp_2)
                                  0.42   data arrival time

                  0.00    0.00    0.00   clock core_clock (rise edge)
                          0.00    0.00   clock network delay (ideal)
                          0.00    0.00   clock reconvergence pessimism
                                  0.00 ^ _264_/CLK (sky130_fd_sc_hd__dfxtp_2)
                         -0.04   -0.04   library hold time
                                 -0.04   data required time
-----------------------------------------------------------------------------
                                 -0.04   data required time
                                 -0.42   data arrival time
-----------------------------------------------------------------------------
                                  0.46   slack (MET)


Startpoint: _270_ (rising edge-triggered flip-flop clocked by core_clock)
Endpoint: _270_ (rising edge-triggered flip-flop clocked by core_clock)
Path Group: core_clock
Path Type: min

Fanout     Cap    Slew   Delay    Time   Description
-----------------------------------------------------------------------------
                  0.00    0.00    0.00   clock core_clock (rise edge)
                          0.00    0.00   clock network delay (ideal)
                  0.00    0.00    0.00 ^ _270_/CLK (sky130_fd_sc_hd__dfxtp_2)
     4    0.01    0.06    0.31    0.31 ^ _270_/Q (sky130_fd_sc_hd__dfxtp_2)
                                         a.one_second_counter[16] (net)
                  0.06    0.00    0.31 ^ _218_/A1 (sky130_fd_sc_hd__o21ai_2)
     1    0.00    0.03    0.06    0.37 v _218_/Y (sky130_fd_sc_hd__o21ai_2)
                                         _078_ (net)
                  0.03    0.00    0.37 v _219_/B (sky130_fd_sc_hd__nor2_2)
     1    0.00    0.05    0.05    0.43 ^ _219_/Y (sky130_fd_sc_hd__nor2_2)
                                         _020_ (net)
                  0.05    0.00    0.43 ^ _270_/D (sky130_fd_sc_hd__dfxtp_2)
                                  0.43   data arrival time

                  0.00    0.00    0.00   clock core_clock (rise edge)
                          0.00    0.00   clock network delay (ideal)
                          0.00    0.00   clock reconvergence pessimism
                                  0.00 ^ _270_/CLK (sky130_fd_sc_hd__dfxtp_2)
                         -0.04   -0.04   library hold time
                                 -0.04   data required time
-----------------------------------------------------------------------------
                                 -0.04   data required time
                                 -0.43   data arrival time
-----------------------------------------------------------------------------
                                  0.47   slack (MET)


Startpoint: _271_ (rising edge-triggered flip-flop clocked by core_clock)
Endpoint: _271_ (rising edge-triggered flip-flop clocked by core_clock)
Path Group: core_clock
Path Type: min

Fanout     Cap    Slew   Delay    Time   Description
-----------------------------------------------------------------------------
                  0.00    0.00    0.00   clock core_clock (rise edge)
                          0.00    0.00   clock network delay (ideal)
                  0.00    0.00    0.00 ^ _271_/CLK (sky130_fd_sc_hd__dfxtp_2)
     4    0.01    0.06    0.31    0.31 ^ _271_/Q (sky130_fd_sc_hd__dfxtp_2)
                                         a.one_second_counter[17] (net)
                  0.06    0.00    0.31 ^ _221_/A1 (sky130_fd_sc_hd__o21ai_2)
     1    0.00    0.03    0.06    0.37 v _221_/Y (sky130_fd_sc_hd__o21ai_2)
                                         _080_ (net)
                  0.03    0.00    0.37 v _222_/B (sky130_fd_sc_hd__nor2_2)
     1    0.00    0.05    0.06    0.43 ^ _222_/Y (sky130_fd_sc_hd__nor2_2)
                                         _021_ (net)
                  0.05    0.00    0.43 ^ _271_/D (sky130_fd_sc_hd__dfxtp_2)
                                  0.43   data arrival time

                  0.00    0.00    0.00   clock core_clock (rise edge)
                          0.00    0.00   clock network delay (ideal)
                          0.00    0.00   clock reconvergence pessimism
                                  0.00 ^ _271_/CLK (sky130_fd_sc_hd__dfxtp_2)
                         -0.04   -0.04   library hold time
                                 -0.04   data required time
-----------------------------------------------------------------------------
                                 -0.04   data required time
                                 -0.43   data arrival time
-----------------------------------------------------------------------------
                                  0.47   slack (MET)


Startpoint: _269_ (rising edge-triggered flip-flop clocked by core_clock)
Endpoint: _269_ (rising edge-triggered flip-flop clocked by core_clock)
Path Group: core_clock
Path Type: min

Fanout     Cap    Slew   Delay    Time   Description
-----------------------------------------------------------------------------
                  0.00    0.00    0.00   clock core_clock (rise edge)
                          0.00    0.00   clock network delay (ideal)
                  0.00    0.00    0.00 ^ _269_/CLK (sky130_fd_sc_hd__dfxtp_2)
     5    0.01    0.07    0.32    0.32 ^ _269_/Q (sky130_fd_sc_hd__dfxtp_2)
                                         a.one_second_counter[15] (net)
                  0.07    0.00    0.32 ^ _215_/A1 (sky130_fd_sc_hd__o21ai_2)
     1    0.00    0.03    0.06    0.38 v _215_/Y (sky130_fd_sc_hd__o21ai_2)
                                         _076_ (net)
                  0.03    0.00    0.38 v _216_/B (sky130_fd_sc_hd__nor2_2)
     1    0.00    0.05    0.06    0.44 ^ _216_/Y (sky130_fd_sc_hd__nor2_2)
                                         _019_ (net)
                  0.05    0.00    0.44 ^ _269_/D (sky130_fd_sc_hd__dfxtp_2)
                                  0.44   data arrival time

                  0.00    0.00    0.00   clock core_clock (rise edge)
                          0.00    0.00   clock network delay (ideal)
                          0.00    0.00   clock reconvergence pessimism
                                  0.00 ^ _269_/CLK (sky130_fd_sc_hd__dfxtp_2)
                         -0.04   -0.04   library hold time
                                 -0.04   data required time
-----------------------------------------------------------------------------
                                 -0.04   data required time
                                 -0.44   data arrival time
-----------------------------------------------------------------------------
                                  0.48   slack (MET)


Startpoint: _262_ (rising edge-triggered flip-flop clocked by core_clock)
Endpoint: _262_ (rising edge-triggered flip-flop clocked by core_clock)
Path Group: core_clock
Path Type: min

Fanout     Cap    Slew   Delay    Time   Description
-----------------------------------------------------------------------------
                  0.00    0.00    0.00   clock core_clock (rise edge)
                          0.00    0.00   clock network delay (ideal)
                  0.00    0.00    0.00 ^ _262_/CLK (sky130_fd_sc_hd__dfxtp_2)
     5    0.01    0.07    0.32    0.32 ^ _262_/Q (sky130_fd_sc_hd__dfxtp_2)
                                         a.one_second_counter[8] (net)
                  0.07    0.00    0.32 ^ _193_/A1 (sky130_fd_sc_hd__o21a_2)
     1    0.00    0.03    0.12    0.45 ^ _193_/X (sky130_fd_sc_hd__o21a_2)
                                         _012_ (net)
                  0.03    0.00    0.45 ^ _262_/D (sky130_fd_sc_hd__dfxtp_2)
                                  0.45   data arrival time

                  0.00    0.00    0.00   clock core_clock (rise edge)
                          0.00    0.00   clock network delay (ideal)
                          0.00    0.00   clock reconvergence pessimism
                                  0.00 ^ _262_/CLK (sky130_fd_sc_hd__dfxtp_2)
                         -0.03   -0.03   library hold time
                                 -0.03   data required time
-----------------------------------------------------------------------------
                                 -0.03   data required time
                                 -0.45   data arrival time
-----------------------------------------------------------------------------
                                  0.48   slack (MET)


Startpoint: _261_ (rising edge-triggered flip-flop clocked by core_clock)
Endpoint: _261_ (rising edge-triggered flip-flop clocked by core_clock)
Path Group: core_clock
Path Type: min

Fanout     Cap    Slew   Delay    Time   Description
-----------------------------------------------------------------------------
                  0.00    0.00    0.00   clock core_clock (rise edge)
                          0.00    0.00   clock network delay (ideal)
                  0.00    0.00    0.00 ^ _261_/CLK (sky130_fd_sc_hd__dfxtp_2)
     5    0.01    0.07    0.32    0.32 ^ _261_/Q (sky130_fd_sc_hd__dfxtp_2)
                                         a.one_second_counter[7] (net)
                  0.07    0.00    0.32 ^ _190_/A1 (sky130_fd_sc_hd__o21ai_2)
     1    0.00    0.03    0.06    0.39 v _190_/Y (sky130_fd_sc_hd__o21ai_2)
                                         _059_ (net)
                  0.03    0.00    0.39 v _191_/B (sky130_fd_sc_hd__nor2_2)
     1    0.00    0.05    0.06    0.44 ^ _191_/Y (sky130_fd_sc_hd__nor2_2)
                                         _011_ (net)
                  0.05    0.00    0.44 ^ _261_/D (sky130_fd_sc_hd__dfxtp_2)
                                  0.44   data arrival time

                  0.00    0.00    0.00   clock core_clock (rise edge)
                          0.00    0.00   clock network delay (ideal)
                          0.00    0.00   clock reconvergence pessimism
                                  0.00 ^ _261_/CLK (sky130_fd_sc_hd__dfxtp_2)
                         -0.04   -0.04   library hold time
                                 -0.04   data required time
-----------------------------------------------------------------------------
                                 -0.04   data required time
                                 -0.44   data arrival time
-----------------------------------------------------------------------------
                                  0.48   slack (MET)


Startpoint: _277_ (rising edge-triggered flip-flop clocked by core_clock)
Endpoint: _277_ (rising edge-triggered flip-flop clocked by core_clock)
Path Group: core_clock
Path Type: min

Fanout     Cap    Slew   Delay    Time   Description
-----------------------------------------------------------------------------
                  0.00    0.00    0.00   clock core_clock (rise edge)
                          0.00    0.00   clock network delay (ideal)
                  0.00    0.00    0.00 ^ _277_/CLK (sky130_fd_sc_hd__dfxtp_2)
     2    0.01    0.03    0.29    0.29 v _277_/Q (sky130_fd_sc_hd__dfxtp_2)
                                         a.one_second_counter[23] (net)
                  0.03    0.00    0.29 v _238_/B1 (sky130_fd_sc_hd__a21oi_2)
     1    0.00    0.09    0.10    0.39 ^ _238_/Y (sky130_fd_sc_hd__a21oi_2)
                                         _091_ (net)
                  0.09    0.00    0.39 ^ _241_/A (sky130_fd_sc_hd__nor3b_2)
     1    0.00    0.03    0.05    0.44 v _241_/Y (sky130_fd_sc_hd__nor3b_2)
                                         _027_ (net)
                  0.03    0.00    0.44 v _277_/D (sky130_fd_sc_hd__dfxtp_2)
                                  0.44   data arrival time

                  0.00    0.00    0.00   clock core_clock (rise edge)
                          0.00    0.00   clock network delay (ideal)
                          0.00    0.00   clock reconvergence pessimism
                                  0.00 ^ _277_/CLK (sky130_fd_sc_hd__dfxtp_2)
                         -0.05   -0.05   library hold time
                                 -0.05   data required time
-----------------------------------------------------------------------------
                                 -0.05   data required time
                                 -0.44   data arrival time
-----------------------------------------------------------------------------
                                  0.49   slack (MET)


Startpoint: _278_ (rising edge-triggered flip-flop clocked by core_clock)
Endpoint: _278_ (rising edge-triggered flip-flop clocked by core_clock)
Path Group: core_clock
Path Type: min

Fanout     Cap    Slew   Delay    Time   Description
-----------------------------------------------------------------------------
                  0.00    0.00    0.00   clock core_clock (rise edge)
                          0.00    0.00   clock network delay (ideal)
                  0.00    0.00    0.00 ^ _278_/CLK (sky130_fd_sc_hd__dfxtp_2)
     6    0.02    0.10    0.34    0.34 ^ _278_/Q (sky130_fd_sc_hd__dfxtp_2)
                                         a.one_second_counter[24] (net)
                  0.10    0.00    0.34 ^ _243_/A1 (sky130_fd_sc_hd__o21a_2)
     1    0.00    0.03    0.13    0.47 ^ _243_/X (sky130_fd_sc_hd__o21a_2)
                                         _028_ (net)
                  0.03    0.00    0.47 ^ _278_/D (sky130_fd_sc_hd__dfxtp_2)
                                  0.47   data arrival time

                  0.00    0.00    0.00   clock core_clock (rise edge)
                          0.00    0.00   clock network delay (ideal)
                          0.00    0.00   clock reconvergence pessimism
                                  0.00 ^ _278_/CLK (sky130_fd_sc_hd__dfxtp_2)
                         -0.03   -0.03   library hold time
                                 -0.03   data required time
-----------------------------------------------------------------------------
                                 -0.03   data required time
                                 -0.47   data arrival time
-----------------------------------------------------------------------------
                                  0.50   slack (MET)


Startpoint: _258_ (rising edge-triggered flip-flop clocked by core_clock)
Endpoint: _258_ (rising edge-triggered flip-flop clocked by core_clock)
Path Group: core_clock
Path Type: min

Fanout     Cap    Slew   Delay    Time   Description
-----------------------------------------------------------------------------
                  0.00    0.00    0.00   clock core_clock (rise edge)
                          0.00    0.00   clock network delay (ideal)
                  0.00    0.00    0.00 ^ _258_/CLK (sky130_fd_sc_hd__dfxtp_2)
     2    0.01    0.03    0.29    0.29 v _258_/Q (sky130_fd_sc_hd__dfxtp_2)
                                         a.one_second_counter[4] (net)
                  0.03    0.00    0.29 v _180_/A (sky130_fd_sc_hd__inv_2)
     1    0.00    0.02    0.03    0.33 ^ _180_/Y (sky130_fd_sc_hd__inv_2)
                                         _052_ (net)
                  0.02    0.00    0.33 ^ _181_/A1 (sky130_fd_sc_hd__a21bo_2)
     1    0.00    0.04    0.11    0.44 ^ _181_/X (sky130_fd_sc_hd__a21bo_2)
                                         _053_ (net)
                  0.04    0.00    0.44 ^ _182_/B1 (sky130_fd_sc_hd__a21oi_2)
     1    0.00    0.02    0.02    0.46 v _182_/Y (sky130_fd_sc_hd__a21oi_2)
                                         _008_ (net)
                  0.02    0.00    0.46 v _258_/D (sky130_fd_sc_hd__dfxtp_2)
                                  0.46   data arrival time

                  0.00    0.00    0.00   clock core_clock (rise edge)
                          0.00    0.00   clock network delay (ideal)
                          0.00    0.00   clock reconvergence pessimism
                                  0.00 ^ _258_/CLK (sky130_fd_sc_hd__dfxtp_2)
                         -0.04   -0.04   library hold time
                                 -0.04   data required time
-----------------------------------------------------------------------------
                                 -0.04   data required time
                                 -0.46   data arrival time
-----------------------------------------------------------------------------
                                  0.51   slack (MET)


Startpoint: _251_ (rising edge-triggered flip-flop clocked by core_clock)
Endpoint: _251_ (rising edge-triggered flip-flop clocked by core_clock)
Path Group: core_clock
Path Type: min

Fanout     Cap    Slew   Delay    Time   Description
-----------------------------------------------------------------------------
                  0.00    0.00    0.00   clock core_clock (rise edge)
                          0.00    0.00   clock network delay (ideal)
                  0.00    0.00    0.00 ^ _251_/CLK (sky130_fd_sc_hd__dfxtp_2)
     5    0.01    0.05    0.31    0.31 v _251_/Q (sky130_fd_sc_hd__dfxtp_2)
                                         a.count[1] (net)
                  0.05    0.00    0.31 v _151_/B1 (sky130_fd_sc_hd__a21oi_2)
     1    0.00    0.09    0.11    0.42 ^ _151_/Y (sky130_fd_sc_hd__a21oi_2)
                                         _121_ (net)
                  0.09    0.00    0.42 ^ _153_/B (sky130_fd_sc_hd__nor3_2)
     1    0.00    0.02    0.05    0.47 v _153_/Y (sky130_fd_sc_hd__nor3_2)
                                         _001_ (net)
                  0.02    0.00    0.47 v _251_/D (sky130_fd_sc_hd__dfxtp_2)
                                  0.47   data arrival time

                  0.00    0.00    0.00   clock core_clock (rise edge)
                          0.00    0.00   clock network delay (ideal)
                          0.00    0.00   clock reconvergence pessimism
                                  0.00 ^ _251_/CLK (sky130_fd_sc_hd__dfxtp_2)
                         -0.05   -0.05   library hold time
                                 -0.05   data required time
-----------------------------------------------------------------------------
                                 -0.05   data required time
                                 -0.47   data arrival time
-----------------------------------------------------------------------------
                                  0.51   slack (MET)


Startpoint: _250_ (rising edge-triggered flip-flop clocked by core_clock)
Endpoint: _250_ (rising edge-triggered flip-flop clocked by core_clock)
Path Group: core_clock
Path Type: min

Fanout     Cap    Slew   Delay    Time   Description
-----------------------------------------------------------------------------
                  0.00    0.00    0.00   clock core_clock (rise edge)
                          0.00    0.00   clock network delay (ideal)
                  0.00    0.00    0.00 ^ _250_/CLK (sky130_fd_sc_hd__dfxtp_2)
     6    0.01    0.05    0.32    0.32 v _250_/Q (sky130_fd_sc_hd__dfxtp_2)
                                         a.count[0] (net)
                  0.05    0.00    0.32 v _131_/A (sky130_fd_sc_hd__inv_2)
     2    0.00    0.03    0.05    0.36 ^ _131_/Y (sky130_fd_sc_hd__inv_2)
                                         _104_ (net)
                  0.03    0.00    0.36 ^ _150_/A1 (sky130_fd_sc_hd__o211a_2)
     1    0.00    0.04    0.16    0.52 ^ _150_/X (sky130_fd_sc_hd__o211a_2)
                                         _000_ (net)
                  0.04    0.00    0.52 ^ _250_/D (sky130_fd_sc_hd__dfxtp_2)
                                  0.52   data arrival time

                  0.00    0.00    0.00   clock core_clock (rise edge)
                          0.00    0.00   clock network delay (ideal)
                          0.00    0.00   clock reconvergence pessimism
                                  0.00 ^ _250_/CLK (sky130_fd_sc_hd__dfxtp_2)
                         -0.04   -0.04   library hold time
                                 -0.04   data required time
-----------------------------------------------------------------------------
                                 -0.04   data required time
                                 -0.52   data arrival time
-----------------------------------------------------------------------------
                                  0.55   slack (MET)


Startpoint: _253_ (rising edge-triggered flip-flop clocked by core_clock)
Endpoint: _253_ (rising edge-triggered flip-flop clocked by core_clock)
Path Group: core_clock
Path Type: min

Fanout     Cap    Slew   Delay    Time   Description
-----------------------------------------------------------------------------
                  0.00    0.00    0.00   clock core_clock (rise edge)
                          0.00    0.00   clock network delay (ideal)
                  0.00    0.00    0.00 ^ _253_/CLK (sky130_fd_sc_hd__dfxtp_2)
     4    0.01    0.04    0.30    0.30 v _253_/Q (sky130_fd_sc_hd__dfxtp_2)
                                         a.count[3] (net)
                  0.04    0.00    0.30 v _159_/A (sky130_fd_sc_hd__nand2_2)
     1    0.00    0.02    0.04    0.34 ^ _159_/Y (sky130_fd_sc_hd__nand2_2)
                                         _036_ (net)
                  0.02    0.00    0.34 ^ _160_/C (sky130_fd_sc_hd__and3_2)
     1    0.00    0.04    0.16    0.50 ^ _160_/X (sky130_fd_sc_hd__and3_2)
                                         _037_ (net)
                  0.04    0.00    0.50 ^ _161_/A (sky130_fd_sc_hd__buf_1)
     1    0.00    0.03    0.07    0.57 ^ _161_/X (sky130_fd_sc_hd__buf_1)
                                         _003_ (net)
                  0.03    0.00    0.57 ^ _253_/D (sky130_fd_sc_hd__dfxtp_2)
                                  0.57   data arrival time

                  0.00    0.00    0.00   clock core_clock (rise edge)
                          0.00    0.00   clock network delay (ideal)
                          0.00    0.00   clock reconvergence pessimism
                                  0.00 ^ _253_/CLK (sky130_fd_sc_hd__dfxtp_2)
                         -0.03   -0.03   library hold time
                                 -0.03   data required time
-----------------------------------------------------------------------------
                                 -0.03   data required time
                                 -0.57   data arrival time
-----------------------------------------------------------------------------
                                  0.60   slack (MET)


Startpoint: _257_ (rising edge-triggered flip-flop clocked by core_clock)
Endpoint: _257_ (rising edge-triggered flip-flop clocked by core_clock)
Path Group: core_clock
Path Type: min

Fanout     Cap    Slew   Delay    Time   Description
-----------------------------------------------------------------------------
                  0.00    0.00    0.00   clock core_clock (rise edge)
                          0.00    0.00   clock network delay (ideal)
                  0.00    0.00    0.00 ^ _257_/CLK (sky130_fd_sc_hd__dfxtp_2)
     3    0.01    0.03    0.30    0.30 v _257_/Q (sky130_fd_sc_hd__dfxtp_2)
                                         a.one_second_counter[3] (net)
                  0.03    0.00    0.30 v _177_/A (sky130_fd_sc_hd__nand2_2)
     2    0.00    0.03    0.05    0.34 ^ _177_/Y (sky130_fd_sc_hd__nand2_2)
                                         _050_ (net)
                  0.03    0.00    0.34 ^ _178_/C (sky130_fd_sc_hd__and3_2)
     1    0.00    0.04    0.16    0.50 ^ _178_/X (sky130_fd_sc_hd__and3_2)
                                         _051_ (net)
                  0.04    0.00    0.50 ^ _179_/A (sky130_fd_sc_hd__buf_1)
     1    0.00    0.03    0.07    0.57 ^ _179_/X (sky130_fd_sc_hd__buf_1)
                                         _007_ (net)
                  0.03    0.00    0.57 ^ _257_/D (sky130_fd_sc_hd__dfxtp_2)
                                  0.57   data arrival time

                  0.00    0.00    0.00   clock core_clock (rise edge)
                          0.00    0.00   clock network delay (ideal)
                          0.00    0.00   clock reconvergence pessimism
                                  0.00 ^ _257_/CLK (sky130_fd_sc_hd__dfxtp_2)
                         -0.03   -0.03   library hold time
                                 -0.03   data required time
-----------------------------------------------------------------------------
                                 -0.03   data required time
                                 -0.57   data arrival time
-----------------------------------------------------------------------------
                                  0.61   slack (MET)


Startpoint: _254_ (rising edge-triggered flip-flop clocked by core_clock)
Endpoint: _254_ (rising edge-triggered flip-flop clocked by core_clock)
Path Group: core_clock
Path Type: min

Fanout     Cap    Slew   Delay    Time   Description
-----------------------------------------------------------------------------
                  0.00    0.00    0.00   clock core_clock (rise edge)
                          0.00    0.00   clock network delay (ideal)
                  0.00    0.00    0.00 ^ _254_/CLK (sky130_fd_sc_hd__dfxtp_2)
     5    0.01    0.05    0.31    0.31 v _254_/Q (sky130_fd_sc_hd__dfxtp_2)
                                         a.one_second_counter[0] (net)
                  0.05    0.00    0.31 v _169_/A_N (sky130_fd_sc_hd__and2b_2)
     1    0.00    0.03    0.20    0.51 ^ _169_/X (sky130_fd_sc_hd__and2b_2)
                                         _045_ (net)
                  0.03    0.00    0.51 ^ _170_/A (sky130_fd_sc_hd__buf_1)
     1    0.00    0.03    0.07    0.58 ^ _170_/X (sky130_fd_sc_hd__buf_1)
                                         _004_ (net)
                  0.03    0.00    0.58 ^ _254_/D (sky130_fd_sc_hd__dfxtp_2)
                                  0.58   data arrival time

                  0.00    0.00    0.00   clock core_clock (rise edge)
                          0.00    0.00   clock network delay (ideal)
                          0.00    0.00   clock reconvergence pessimism
                                  0.00 ^ _254_/CLK (sky130_fd_sc_hd__dfxtp_2)
                         -0.03   -0.03   library hold time
                                 -0.03   data required time
-----------------------------------------------------------------------------
                                 -0.03   data required time
                                 -0.58   data arrival time
-----------------------------------------------------------------------------
                                  0.61   slack (MET)


Startpoint: _256_ (rising edge-triggered flip-flop clocked by core_clock)
Endpoint: _256_ (rising edge-triggered flip-flop clocked by core_clock)
Path Group: core_clock
Path Type: min

Fanout     Cap    Slew   Delay    Time   Description
-----------------------------------------------------------------------------
                  0.00    0.00    0.00   clock core_clock (rise edge)
                          0.00    0.00   clock network delay (ideal)
                  0.00    0.00    0.00 ^ _256_/CLK (sky130_fd_sc_hd__dfxtp_2)
     2    0.00    0.04    0.29    0.29 ^ _256_/Q (sky130_fd_sc_hd__dfxtp_2)
                                         a.one_second_counter[2] (net)
                  0.04    0.00    0.29 ^ _173_/B1 (sky130_fd_sc_hd__a21o_2)
     1    0.00    0.02    0.07    0.36 ^ _173_/X (sky130_fd_sc_hd__a21o_2)
                                         _047_ (net)
                  0.02    0.00    0.36 ^ _174_/C (sky130_fd_sc_hd__and3b_2)
     1    0.00    0.04    0.16    0.52 ^ _174_/X (sky130_fd_sc_hd__and3b_2)
                                         _048_ (net)
                  0.04    0.00    0.52 ^ _175_/A (sky130_fd_sc_hd__buf_1)
     1    0.00    0.03    0.07    0.59 ^ _175_/X (sky130_fd_sc_hd__buf_1)
                                         _006_ (net)
                  0.03    0.00    0.59 ^ _256_/D (sky130_fd_sc_hd__dfxtp_2)
                                  0.59   data arrival time

                  0.00    0.00    0.00   clock core_clock (rise edge)
                          0.00    0.00   clock network delay (ideal)
                          0.00    0.00   clock reconvergence pessimism
                                  0.00 ^ _256_/CLK (sky130_fd_sc_hd__dfxtp_2)
                         -0.03   -0.03   library hold time
                                 -0.03   data required time
-----------------------------------------------------------------------------
                                 -0.03   data required time
                                 -0.59   data arrival time
-----------------------------------------------------------------------------
                                  0.63   slack (MET)


Startpoint: _259_ (rising edge-triggered flip-flop clocked by core_clock)
Endpoint: _259_ (rising edge-triggered flip-flop clocked by core_clock)
Path Group: core_clock
Path Type: min

Fanout     Cap    Slew   Delay    Time   Description
-----------------------------------------------------------------------------
                  0.00    0.00    0.00   clock core_clock (rise edge)
                          0.00    0.00   clock network delay (ideal)
                  0.00    0.00    0.00 ^ _259_/CLK (sky130_fd_sc_hd__dfxtp_2)
     3    0.01    0.04    0.30    0.30 ^ _259_/Q (sky130_fd_sc_hd__dfxtp_2)
                                         a.one_second_counter[5] (net)
                  0.04    0.00    0.30 ^ _184_/B1 (sky130_fd_sc_hd__a21o_2)
     1    0.00    0.02    0.07    0.37 ^ _184_/X (sky130_fd_sc_hd__a21o_2)
                                         _055_ (net)
                  0.02    0.00    0.37 ^ _185_/C (sky130_fd_sc_hd__and3b_2)
     1    0.00    0.04    0.16    0.53 ^ _185_/X (sky130_fd_sc_hd__and3b_2)
                                         _056_ (net)
                  0.04    0.00    0.53 ^ _186_/A (sky130_fd_sc_hd__buf_1)
     1    0.00    0.03    0.07    0.60 ^ _186_/X (sky130_fd_sc_hd__buf_1)
                                         _009_ (net)
                  0.03    0.00    0.60 ^ _259_/D (sky130_fd_sc_hd__dfxtp_2)
                                  0.60   data arrival time

                  0.00    0.00    0.00   clock core_clock (rise edge)
                          0.00    0.00   clock network delay (ideal)
                          0.00    0.00   clock reconvergence pessimism
                                  0.00 ^ _259_/CLK (sky130_fd_sc_hd__dfxtp_2)
                         -0.03   -0.03   library hold time
                                 -0.03   data required time
-----------------------------------------------------------------------------
                                 -0.03   data required time
                                 -0.60   data arrival time
-----------------------------------------------------------------------------
                                  0.64   slack (MET)


Startpoint: _274_ (rising edge-triggered flip-flop clocked by core_clock)
Endpoint: _274_ (rising edge-triggered flip-flop clocked by core_clock)
Path Group: core_clock
Path Type: min

Fanout     Cap    Slew   Delay    Time   Description
-----------------------------------------------------------------------------
                  0.00    0.00    0.00   clock core_clock (rise edge)
                          0.00    0.00   clock network delay (ideal)
                  0.00    0.00    0.00 ^ _274_/CLK (sky130_fd_sc_hd__dfxtp_2)
     4    0.01    0.05    0.31    0.31 ^ _274_/Q (sky130_fd_sc_hd__dfxtp_2)
                                         a.one_second_counter[20] (net)
                  0.05    0.00    0.31 ^ _230_/B1 (sky130_fd_sc_hd__a21o_2)
     1    0.00    0.02    0.08    0.38 ^ _230_/X (sky130_fd_sc_hd__a21o_2)
                                         _086_ (net)
                  0.02    0.00    0.38 ^ _231_/C (sky130_fd_sc_hd__and3b_2)
     1    0.00    0.04    0.16    0.54 ^ _231_/X (sky130_fd_sc_hd__and3b_2)
                                         _087_ (net)
                  0.04    0.00    0.54 ^ _232_/A (sky130_fd_sc_hd__buf_1)
     1    0.00    0.03    0.07    0.61 ^ _232_/X (sky130_fd_sc_hd__buf_1)
                                         _024_ (net)
                  0.03    0.00    0.61 ^ _274_/D (sky130_fd_sc_hd__dfxtp_2)
                                  0.61   data arrival time

                  0.00    0.00    0.00   clock core_clock (rise edge)
                          0.00    0.00   clock network delay (ideal)
                          0.00    0.00   clock reconvergence pessimism
                                  0.00 ^ _274_/CLK (sky130_fd_sc_hd__dfxtp_2)
                         -0.03   -0.03   library hold time
                                 -0.03   data required time
-----------------------------------------------------------------------------
                                 -0.03   data required time
                                 -0.61   data arrival time
-----------------------------------------------------------------------------
                                  0.64   slack (MET)


Startpoint: _263_ (rising edge-triggered flip-flop clocked by core_clock)
Endpoint: _263_ (rising edge-triggered flip-flop clocked by core_clock)
Path Group: core_clock
Path Type: min

Fanout     Cap    Slew   Delay    Time   Description
-----------------------------------------------------------------------------
                  0.00    0.00    0.00   clock core_clock (rise edge)
                          0.00    0.00   clock network delay (ideal)
                  0.00    0.00    0.00 ^ _263_/CLK (sky130_fd_sc_hd__dfxtp_2)
     3    0.01    0.04    0.30    0.30 ^ _263_/Q (sky130_fd_sc_hd__dfxtp_2)
                                         a.one_second_counter[9] (net)
                  0.04    0.00    0.30 ^ _196_/B1 (sky130_fd_sc_hd__a31o_2)
     1    0.00    0.03    0.08    0.38 ^ _196_/X (sky130_fd_sc_hd__a31o_2)
                                         _063_ (net)
                  0.03    0.00    0.38 ^ _197_/C (sky130_fd_sc_hd__and3b_2)
     1    0.00    0.04    0.16    0.54 ^ _197_/X (sky130_fd_sc_hd__and3b_2)
                                         _064_ (net)
                  0.04    0.00    0.54 ^ _198_/A (sky130_fd_sc_hd__buf_1)
     1    0.00    0.03    0.07    0.61 ^ _198_/X (sky130_fd_sc_hd__buf_1)
                                         _013_ (net)
                  0.03    0.00    0.61 ^ _263_/D (sky130_fd_sc_hd__dfxtp_2)
                                  0.61   data arrival time

                  0.00    0.00    0.00   clock core_clock (rise edge)
                          0.00    0.00   clock network delay (ideal)
                          0.00    0.00   clock reconvergence pessimism
                                  0.00 ^ _263_/CLK (sky130_fd_sc_hd__dfxtp_2)
                         -0.03   -0.03   library hold time
                                 -0.03   data required time
-----------------------------------------------------------------------------
                                 -0.03   data required time
                                 -0.61   data arrival time
-----------------------------------------------------------------------------
                                  0.65   slack (MET)


Startpoint: _266_ (rising edge-triggered flip-flop clocked by core_clock)
Endpoint: _266_ (rising edge-triggered flip-flop clocked by core_clock)
Path Group: core_clock
Path Type: min

Fanout     Cap    Slew   Delay    Time   Description
-----------------------------------------------------------------------------
                  0.00    0.00    0.00   clock core_clock (rise edge)
                          0.00    0.00   clock network delay (ideal)
                  0.00    0.00    0.00 ^ _266_/CLK (sky130_fd_sc_hd__dfxtp_2)
     5    0.01    0.06    0.31    0.31 ^ _266_/Q (sky130_fd_sc_hd__dfxtp_2)
                                         a.one_second_counter[12] (net)
                  0.06    0.00    0.31 ^ _205_/B1 (sky130_fd_sc_hd__a21o_2)
     1    0.00    0.02    0.08    0.39 ^ _205_/X (sky130_fd_sc_hd__a21o_2)
                                         _069_ (net)
                  0.02    0.00    0.39 ^ _206_/B (sky130_fd_sc_hd__and3b_2)
     1    0.00    0.04    0.15    0.55 ^ _206_/X (sky130_fd_sc_hd__and3b_2)
                                         _070_ (net)
                  0.04    0.00    0.55 ^ _207_/A (sky130_fd_sc_hd__buf_1)
     1    0.00    0.03    0.07    0.62 ^ _207_/X (sky130_fd_sc_hd__buf_1)
                                         _016_ (net)
                  0.03    0.00    0.62 ^ _266_/D (sky130_fd_sc_hd__dfxtp_2)
                                  0.62   data arrival time

                  0.00    0.00    0.00   clock core_clock (rise edge)
                          0.00    0.00   clock network delay (ideal)
                          0.00    0.00   clock reconvergence pessimism
                                  0.00 ^ _266_/CLK (sky130_fd_sc_hd__dfxtp_2)
                         -0.03   -0.03   library hold time
                                 -0.03   data required time
-----------------------------------------------------------------------------
                                 -0.03   data required time
                                 -0.62   data arrival time
-----------------------------------------------------------------------------
                                  0.65   slack (MET)


Startpoint: _278_ (rising edge-triggered flip-flop clocked by core_clock)
Endpoint: _279_ (rising edge-triggered flip-flop clocked by core_clock)
Path Group: core_clock
Path Type: min

Fanout     Cap    Slew   Delay    Time   Description
-----------------------------------------------------------------------------
                  0.00    0.00    0.00   clock core_clock (rise edge)
                          0.00    0.00   clock network delay (ideal)
                  0.00    0.00    0.00 ^ _278_/CLK (sky130_fd_sc_hd__dfxtp_2)
     6    0.02    0.05    0.32    0.32 v _278_/Q (sky130_fd_sc_hd__dfxtp_2)
                                         a.one_second_counter[24] (net)
                  0.05    0.00    0.32 v _245_/A (sky130_fd_sc_hd__nand3_2)
     2    0.01    0.05    0.07    0.38 ^ _245_/Y (sky130_fd_sc_hd__nand3_2)
                                         _096_ (net)
                  0.05    0.00    0.38 ^ _246_/C (sky130_fd_sc_hd__and3_2)
     1    0.00    0.04    0.16    0.55 ^ _246_/X (sky130_fd_sc_hd__and3_2)
                                         _097_ (net)
                  0.04    0.00    0.55 ^ _247_/A (sky130_fd_sc_hd__buf_1)
     1    0.00    0.03    0.07    0.62 ^ _247_/X (sky130_fd_sc_hd__buf_1)
                                         _029_ (net)
                  0.03    0.00    0.62 ^ _279_/D (sky130_fd_sc_hd__dfxtp_2)
                                  0.62   data arrival time

                  0.00    0.00    0.00   clock core_clock (rise edge)
                          0.00    0.00   clock network delay (ideal)
                          0.00    0.00   clock reconvergence pessimism
                                  0.00 ^ _279_/CLK (sky130_fd_sc_hd__dfxtp_2)
                         -0.03   -0.03   library hold time
                                 -0.03   data required time
-----------------------------------------------------------------------------
                                 -0.03   data required time
                                 -0.62   data arrival time
-----------------------------------------------------------------------------
                                  0.65   slack (MET)


Startpoint: _252_ (rising edge-triggered flip-flop clocked by core_clock)
Endpoint: _252_ (rising edge-triggered flip-flop clocked by core_clock)
Path Group: core_clock
Path Type: min

Fanout     Cap    Slew   Delay    Time   Description
-----------------------------------------------------------------------------
                  0.00    0.00    0.00   clock core_clock (rise edge)
                          0.00    0.00   clock network delay (ideal)
                  0.00    0.00    0.00 ^ _252_/CLK (sky130_fd_sc_hd__dfxtp_2)
     4    0.01    0.05    0.30    0.30 ^ _252_/Q (sky130_fd_sc_hd__dfxtp_2)
                                         a.count[2] (net)
                  0.05    0.00    0.30 ^ _155_/B2 (sky130_fd_sc_hd__o221a_2)
     1    0.00    0.04    0.16    0.47 ^ _155_/X (sky130_fd_sc_hd__o221a_2)
                                         _033_ (net)
                  0.04    0.00    0.47 ^ _156_/B (sky130_fd_sc_hd__and2b_2)
     1    0.00    0.03    0.12    0.59 ^ _156_/X (sky130_fd_sc_hd__and2b_2)
                                         _034_ (net)
                  0.03    0.00    0.59 ^ _157_/A (sky130_fd_sc_hd__buf_1)
     1    0.00    0.03    0.07    0.66 ^ _157_/X (sky130_fd_sc_hd__buf_1)
                                         _002_ (net)
                  0.03    0.00    0.66 ^ _252_/D (sky130_fd_sc_hd__dfxtp_2)
                                  0.66   data arrival time

                  0.00    0.00    0.00   clock core_clock (rise edge)
                          0.00    0.00   clock network delay (ideal)
                          0.00    0.00   clock reconvergence pessimism
                                  0.00 ^ _252_/CLK (sky130_fd_sc_hd__dfxtp_2)
                         -0.03   -0.03   library hold time
                                 -0.03   data required time
-----------------------------------------------------------------------------
                                 -0.03   data required time
                                 -0.66   data arrival time
-----------------------------------------------------------------------------
                                  0.69   slack (MET)



worst slack corner Typical: 0.4256
