Sat Apr 26 17:59:02 +0000 2025 - Executing "{openroad -exit -no_init -python /openlane/scripts/odbpy/lefutil.py get_metal_layers -o /openlane/designs/cse224_proj1/runs/RUN_2025.04.26_17.59.02/tmp/layers.list /home/vulpespacos07/.volare/sky130A/libs.ref/sky130_fd_sc_hd/techlef/sky130_fd_sc_hd__nom.tlef}"

Sat Apr 26 17:59:03 +0000 2025 - Executing "{/openlane/scripts/mergeLef.py -o /openlane/designs/cse224_proj1/runs/RUN_2025.04.26_17.59.02/tmp/merged.nom.lef -i /home/vulpespacos07/.volare/sky130A/libs.ref/sky130_fd_sc_hd/techlef/sky130_fd_sc_hd__nom.tlef {/home/vulpespacos07/.volare/sky130A/libs.ref/sky130_fd_sc_hd/lef/sky130_ef_sc_hd.lef /home/vulpespacos07/.volare/sky130A/libs.ref/sky130_fd_sc_hd/lef/sky130_fd_sc_hd.lef} |& tee /dev/null}"

Sat Apr 26 17:59:03 +0000 2025 - Executing "{/openlane/scripts/mergeLef.py -o /openlane/designs/cse224_proj1/runs/RUN_2025.04.26_17.59.02/tmp/merged.min.lef -i /home/vulpespacos07/.volare/sky130A/libs.ref/sky130_fd_sc_hd/techlef/sky130_fd_sc_hd__min.tlef {/home/vulpespacos07/.volare/sky130A/libs.ref/sky130_fd_sc_hd/lef/sky130_ef_sc_hd.lef /home/vulpespacos07/.volare/sky130A/libs.ref/sky130_fd_sc_hd/lef/sky130_fd_sc_hd.lef} |& tee /dev/null}"

Sat Apr 26 17:59:03 +0000 2025 - Executing "{/openlane/scripts/mergeLef.py -o /openlane/designs/cse224_proj1/runs/RUN_2025.04.26_17.59.02/tmp/merged.max.lef -i /home/vulpespacos07/.volare/sky130A/libs.ref/sky130_fd_sc_hd/techlef/sky130_fd_sc_hd__max.tlef {/home/vulpespacos07/.volare/sky130A/libs.ref/sky130_fd_sc_hd/lef/sky130_ef_sc_hd.lef /home/vulpespacos07/.volare/sky130A/libs.ref/sky130_fd_sc_hd/lef/sky130_fd_sc_hd.lef} |& tee /dev/null}"

Sat Apr 26 17:59:03 +0000 2025 - Executing "{python3 /openlane/scripts/mergeLib.py --output /openlane/designs/cse224_proj1/runs/RUN_2025.04.26_17.59.02/tmp/synthesis/merged.lib --name sky130A_merged /home/vulpespacos07/.volare/sky130A/libs.ref/sky130_fd_sc_hd/lib/sky130_fd_sc_hd__tt_025C_1v80.lib}"

Sat Apr 26 17:59:03 +0000 2025 - Executing "{python3 /openlane/scripts/libtrim.py --cell-file /openlane/designs/cse224_proj1/runs/RUN_2025.04.26_17.59.02/tmp/synthesis/trimmed.lib.exclude.list --output /openlane/designs/cse224_proj1/runs/RUN_2025.04.26_17.59.02/tmp/synthesis/trimmed.lib /openlane/designs/cse224_proj1/runs/RUN_2025.04.26_17.59.02/tmp/synthesis/merged.lib}"

Sat Apr 26 17:59:03 +0000 2025 - Executing "{python3 /openlane/scripts/libtrim.py --cell-file /openlane/designs/cse224_proj1/runs/RUN_2025.04.26_17.59.02/tmp/cts/cts.lib.exclude.list --output /openlane/designs/cse224_proj1/runs/RUN_2025.04.26_17.59.02/tmp/cts/cts.lib /home/vulpespacos07/.volare/sky130A/libs.ref/sky130_fd_sc_hd/lib/sky130_fd_sc_hd__tt_025C_1v80.lib}"

Sat Apr 26 17:59:04 +0000 2025 - Executing "{python3 /openlane/scripts/libtrim.py --cell-file /openlane/designs/cse224_proj1/runs/RUN_2025.04.26_17.59.02/tmp/cts/cts-fastest.lib.exclude.list --output /openlane/designs/cse224_proj1/runs/RUN_2025.04.26_17.59.02/tmp/cts/cts-fastest.lib /home/vulpespacos07/.volare/sky130A/libs.ref/sky130_fd_sc_hd/lib/sky130_fd_sc_hd__ff_n40C_1v95.lib}"

Sat Apr 26 17:59:04 +0000 2025 - Executing "{python3 /openlane/scripts/libtrim.py --cell-file /openlane/designs/cse224_proj1/runs/RUN_2025.04.26_17.59.02/tmp/cts/cts-slowest.lib.exclude.list --output /openlane/designs/cse224_proj1/runs/RUN_2025.04.26_17.59.02/tmp/cts/cts-slowest.lib /home/vulpespacos07/.volare/sky130A/libs.ref/sky130_fd_sc_hd/lib/sky130_fd_sc_hd__ss_100C_1v60.lib}"

Sat Apr 26 17:59:04 +0000 2025 - Executing "{python3 /openlane/scripts/new_tracks.py -i /home/vulpespacos07/.volare/sky130A/libs.tech/openlane/sky130_fd_sc_hd/tracks.info -o /openlane/designs/cse224_proj1/runs/RUN_2025.04.26_17.59.02/tmp/routing/config.tracks}"

Sat Apr 26 17:59:04 +0000 2025 - Executing "{echo {OpenLane e73fb3c57e687a0023fcd4dcfd1566ecd478362a} > /openlane/designs/cse224_proj1/runs/RUN_2025.04.26_17.59.02/OPENLANE_COMMIT}"

Sat Apr 26 17:59:04 +0000 2025 - Executing "{yosys -c /openlane/scripts/yosys/blackbox.tcl}"

Sat Apr 26 17:59:05 +0000 2025 - Executing "{verilator -Wall --lint-only --Wno-DECLFILENAME --top-module main /openlane/designs/cse224_proj1/runs/RUN_2025.04.26_17.59.02/tmp/synthesis/blackbox/sky130_fd_sc_hd__blackbox.v /openlane/designs/cse224_proj1/src/main.v -Wno-fatal --relative-includes |& tee /openlane/designs/cse224_proj1/runs/RUN_2025.04.26_17.59.02/logs/synthesis/linter.log /dev/null}"

Sat Apr 26 17:59:05 +0000 2025 - Executing "{sed -E {s/^([[:space:]]+)pg_pin(.*)/\1pin\2\n\1    direction : "inout";/g} /home/vulpespacos07/.volare/sky130A/libs.ref/sky130_fd_sc_hd/lib/sky130_fd_sc_hd__tt_025C_1v80.lib > /openlane/designs/cse224_proj1/runs/RUN_2025.04.26_17.59.02/tmp/synthesis/1-sky130_fd_sc_hd__tt_025C_1v80.no_pg.lib}"

Sat Apr 26 17:59:05 +0000 2025 - Executing "{sed -E {s/^([[:space:]]+)pg_pin(.*)/\1pin\2\n\1    direction : "inout";/g} /openlane/designs/cse224_proj1/runs/RUN_2025.04.26_17.59.02/tmp/synthesis/trimmed.lib > /openlane/designs/cse224_proj1/runs/RUN_2025.04.26_17.59.02/tmp/synthesis/1-trimmed.no_pg.lib}"

Sat Apr 26 17:59:05 +0000 2025 - Executing "yosys -c /openlane/scripts/yosys/synth.tcl |& tee /dev/null /openlane/designs/cse224_proj1/runs/RUN_2025.04.26_17.59.02/logs/synthesis/1-synthesis.log"

Sat Apr 26 17:59:05 +0000 2025 - Executing "{yosys -c /openlane/scripts/yosys/synth.tcl |& tee /dev/null /openlane/designs/cse224_proj1/runs/RUN_2025.04.26_17.59.02/logs/synthesis/1-synthesis.log}"

Sat Apr 26 17:59:06 +0000 2025 - Executing "{sed -i.bak -e {s/\(set ::env(CURRENT_NETLIST)\).*/\1 \/openlane\/designs\/cse224_proj1\/runs\/RUN_2025.04.26_17.59.02\/results\/synthesis\/main.v/} /openlane/designs/cse224_proj1/runs/RUN_2025.04.26_17.59.02/config.tcl}"

Sat Apr 26 17:59:06 +0000 2025 - Executing "{sed -i.bak /defparam/d /openlane/designs/cse224_proj1/runs/RUN_2025.04.26_17.59.02/results/synthesis/main.v}"

Sat Apr 26 17:59:06 +0000 2025 - Executing "sta -exit -no_init /openlane/scripts/openroad/sta/multi_corner.tcl |& tee /dev/null /openlane/designs/cse224_proj1/runs/RUN_2025.04.26_17.59.02/logs/synthesis/2-sta.log"

Sat Apr 26 17:59:06 +0000 2025 - Executing "{sta -exit -no_init /openlane/scripts/openroad/sta/multi_corner.tcl |& tee /dev/null /openlane/designs/cse224_proj1/runs/RUN_2025.04.26_17.59.02/logs/synthesis/2-sta.log}"

Sat Apr 26 17:59:06 +0000 2025 - Executing "openroad -exit /openlane/scripts/openroad/floorplan.tcl |& tee /dev/null /openlane/designs/cse224_proj1/runs/RUN_2025.04.26_17.59.02/logs/floorplan/3-initial_fp.log"

Sat Apr 26 17:59:06 +0000 2025 - Executing "{openroad -exit /openlane/scripts/openroad/floorplan.tcl |& tee /dev/null /openlane/designs/cse224_proj1/runs/RUN_2025.04.26_17.59.02/logs/floorplan/3-initial_fp.log}"

Sat Apr 26 17:59:07 +0000 2025 - Executing "{openroad -exit -no_init -python /openlane/scripts/odbpy/defutil.py extract_core_dims --output-data /openlane/designs/cse224_proj1/runs/RUN_2025.04.26_17.59.02/tmp/dimensions.txt --input-lef /openlane/designs/cse224_proj1/runs/RUN_2025.04.26_17.59.02/tmp/merged.nom.lef /openlane/designs/cse224_proj1/runs/RUN_2025.04.26_17.59.02/tmp/floorplan/3-initial_fp.def}"

Sat Apr 26 17:59:07 +0000 2025 - Executing "{openroad -exit -no_init -python /openlane/scripts/odbpy/io_place.py --config /openlane/designs/cse224_proj1/pin_order.cfg --hor-layer met3 --ver-layer met2 --ver-width-mult 2 --hor-width-mult 2 --hor-extension 0 --ver-extension 0 --length 4 --unmatched-error --input-lef /openlane/designs/cse224_proj1/runs/RUN_2025.04.26_17.59.02/tmp/merged.nom.lef --output-def /openlane/designs/cse224_proj1/runs/RUN_2025.04.26_17.59.02/tmp/floorplan/4-io.def --output /openlane/designs/cse224_proj1/runs/RUN_2025.04.26_17.59.02/tmp/floorplan/4-io.odb /openlane/designs/cse224_proj1/runs/RUN_2025.04.26_17.59.02/tmp/floorplan/3-initial_fp.odb |& tee /dev/null /openlane/designs/cse224_proj1/runs/RUN_2025.04.26_17.59.02/logs/floorplan/4-place_io.log}"

Sat Apr 26 17:59:08 +0000 2025 - Executing "openroad -exit /openlane/scripts/openroad/tapcell.tcl |& tee /dev/null /openlane/designs/cse224_proj1/runs/RUN_2025.04.26_17.59.02/logs/floorplan/5-tap.log"

Sat Apr 26 17:59:08 +0000 2025 - Executing "{openroad -exit /openlane/scripts/openroad/tapcell.tcl |& tee /dev/null /openlane/designs/cse224_proj1/runs/RUN_2025.04.26_17.59.02/logs/floorplan/5-tap.log}"

Sat Apr 26 17:59:08 +0000 2025 - Executing "openroad -exit /openlane/scripts/openroad/pdn.tcl |& tee /dev/null /openlane/designs/cse224_proj1/runs/RUN_2025.04.26_17.59.02/logs/floorplan/6-pdn.log"

Sat Apr 26 17:59:08 +0000 2025 - Executing "{openroad -exit /openlane/scripts/openroad/pdn.tcl |& tee /dev/null /openlane/designs/cse224_proj1/runs/RUN_2025.04.26_17.59.02/logs/floorplan/6-pdn.log}"

Sat Apr 26 17:59:09 +0000 2025 - Executing "{openroad -exit -no_init -python /openlane/scripts/odbpy/random_place.py --input-lef /openlane/designs/cse224_proj1/runs/RUN_2025.04.26_17.59.02/tmp/merged.nom.lef --output-def /openlane/designs/cse224_proj1/runs/RUN_2025.04.26_17.59.02/tmp/placement/7-global.def --output /openlane/designs/cse224_proj1/runs/RUN_2025.04.26_17.59.02/tmp/placement/7-global.odb /openlane/designs/cse224_proj1/runs/RUN_2025.04.26_17.59.02/results/floorplan/main.odb |& tee /dev/null /openlane/designs/cse224_proj1/runs/RUN_2025.04.26_17.59.02/logs/placement/7-global.log}"

Sat Apr 26 17:59:09 +0000 2025 - Executing "openroad -exit /openlane/scripts/openroad/resizer.tcl |& tee /dev/null /openlane/designs/cse224_proj1/runs/RUN_2025.04.26_17.59.02/logs/placement/8-resizer.log"

Sat Apr 26 17:59:09 +0000 2025 - Executing "{openroad -exit /openlane/scripts/openroad/resizer.tcl |& tee /dev/null /openlane/designs/cse224_proj1/runs/RUN_2025.04.26_17.59.02/logs/placement/8-resizer.log}"

Sat Apr 26 17:59:11 +0000 2025 - Executing "{sed -i.bak -e {s/\(set ::env(CURRENT_NETLIST)\).*/\1 \/openlane\/designs\/cse224_proj1\/runs\/RUN_2025.04.26_17.59.02\/tmp\/placement\/8-resizer.nl.v/} /openlane/designs/cse224_proj1/runs/RUN_2025.04.26_17.59.02/config.tcl}"

Sat Apr 26 17:59:11 +0000 2025 - Executing "openroad -exit /openlane/scripts/openroad/dpl.tcl |& tee /dev/null /openlane/designs/cse224_proj1/runs/RUN_2025.04.26_17.59.02/logs/placement/9-detailed.log"

Sat Apr 26 17:59:11 +0000 2025 - Executing "{openroad -exit /openlane/scripts/openroad/dpl.tcl |& tee /dev/null /openlane/designs/cse224_proj1/runs/RUN_2025.04.26_17.59.02/logs/placement/9-detailed.log}"

Sat Apr 26 17:59:12 +0000 2025 - Executing "{sed -i.bak -e {s/\(set ::env(CURRENT_NETLIST)\).*/\1 \/openlane\/designs\/cse224_proj1\/runs\/RUN_2025.04.26_17.59.02\/results\/placement\/main.nl.v/} /openlane/designs/cse224_proj1/runs/RUN_2025.04.26_17.59.02/config.tcl}"

Sat Apr 26 17:59:12 +0000 2025 - Executing "openroad -exit /openlane/scripts/openroad/sta/multi_corner.tcl |& tee /dev/null /openlane/designs/cse224_proj1/runs/RUN_2025.04.26_17.59.02/logs/placement/10-dpl_sta.log"

Sat Apr 26 17:59:12 +0000 2025 - Executing "{openroad -exit /openlane/scripts/openroad/sta/multi_corner.tcl |& tee /dev/null /openlane/designs/cse224_proj1/runs/RUN_2025.04.26_17.59.02/logs/placement/10-dpl_sta.log}"

Sat Apr 26 17:59:12 +0000 2025 - Executing "openroad -exit /openlane/scripts/openroad/cts.tcl |& tee /dev/null /openlane/designs/cse224_proj1/runs/RUN_2025.04.26_17.59.02/logs/cts/11-cts.log"

Sat Apr 26 17:59:12 +0000 2025 - Executing "{openroad -exit /openlane/scripts/openroad/cts.tcl |& tee /dev/null /openlane/designs/cse224_proj1/runs/RUN_2025.04.26_17.59.02/logs/cts/11-cts.log}"

Sat Apr 26 17:59:19 +0000 2025 - Executing "openroad -exit /openlane/scripts/openroad/sta/multi_corner.tcl |& tee /dev/null /openlane/designs/cse224_proj1/runs/RUN_2025.04.26_17.59.02/logs/cts/12-cts_sta.log"

Sat Apr 26 17:59:19 +0000 2025 - Executing "{openroad -exit /openlane/scripts/openroad/sta/multi_corner.tcl |& tee /dev/null /openlane/designs/cse224_proj1/runs/RUN_2025.04.26_17.59.02/logs/cts/12-cts_sta.log}"

Sat Apr 26 17:59:20 +0000 2025 - Executing "openroad -exit /openlane/scripts/openroad/resizer_timing.tcl |& tee /dev/null /openlane/designs/cse224_proj1/runs/RUN_2025.04.26_17.59.02/logs/cts/13-resizer.log"

Sat Apr 26 17:59:20 +0000 2025 - Executing "{openroad -exit /openlane/scripts/openroad/resizer_timing.tcl |& tee /dev/null /openlane/designs/cse224_proj1/runs/RUN_2025.04.26_17.59.02/logs/cts/13-resizer.log}"

Sat Apr 26 17:59:21 +0000 2025 - Executing "{sed -i.bak -e {s/\(set ::env(CURRENT_NETLIST)\).*/\1 \/openlane\/designs\/cse224_proj1\/runs\/RUN_2025.04.26_17.59.02\/tmp\/cts\/13-main.resized.nl.v/} /openlane/designs/cse224_proj1/runs/RUN_2025.04.26_17.59.02/config.tcl}"

Sat Apr 26 17:59:21 +0000 2025 - Executing "openroad -exit /openlane/scripts/openroad/resizer_routing_design.tcl |& tee /dev/null /openlane/designs/cse224_proj1/runs/RUN_2025.04.26_17.59.02/logs/routing/14-resizer_design.log"

Sat Apr 26 17:59:21 +0000 2025 - Executing "{openroad -exit /openlane/scripts/openroad/resizer_routing_design.tcl |& tee /dev/null /openlane/designs/cse224_proj1/runs/RUN_2025.04.26_17.59.02/logs/routing/14-resizer_design.log}"

Sat Apr 26 17:59:23 +0000 2025 - Executing "{sed -i.bak -e {s/\(set ::env(CURRENT_NETLIST)\).*/\1 \/openlane\/designs\/cse224_proj1\/runs\/RUN_2025.04.26_17.59.02\/tmp\/14-main.nl.v/} /openlane/designs/cse224_proj1/runs/RUN_2025.04.26_17.59.02/config.tcl}"

Sat Apr 26 17:59:23 +0000 2025 - Executing "openroad -exit /openlane/scripts/openroad/sta/multi_corner.tcl |& tee /dev/null /openlane/designs/cse224_proj1/runs/RUN_2025.04.26_17.59.02/logs/routing/15-rsz_design_sta.log"

Sat Apr 26 17:59:23 +0000 2025 - Executing "{openroad -exit /openlane/scripts/openroad/sta/multi_corner.tcl |& tee /dev/null /openlane/designs/cse224_proj1/runs/RUN_2025.04.26_17.59.02/logs/routing/15-rsz_design_sta.log}"

Sat Apr 26 17:59:24 +0000 2025 - Executing "openroad -exit /openlane/scripts/openroad/resizer_routing_timing.tcl |& tee /dev/null /openlane/designs/cse224_proj1/runs/RUN_2025.04.26_17.59.02/logs/routing/16-resizer_timing.log"

Sat Apr 26 17:59:24 +0000 2025 - Executing "{openroad -exit /openlane/scripts/openroad/resizer_routing_timing.tcl |& tee /dev/null /openlane/designs/cse224_proj1/runs/RUN_2025.04.26_17.59.02/logs/routing/16-resizer_timing.log}"

Sat Apr 26 17:59:25 +0000 2025 - Executing "{sed -i.bak -e {s/\(set ::env(CURRENT_NETLIST)\).*/\1 \/openlane\/designs\/cse224_proj1\/runs\/RUN_2025.04.26_17.59.02\/tmp\/16-main.nl.v/} /openlane/designs/cse224_proj1/runs/RUN_2025.04.26_17.59.02/config.tcl}"

Sat Apr 26 17:59:25 +0000 2025 - Executing "openroad -exit /openlane/scripts/openroad/sta/multi_corner.tcl |& tee /dev/null /openlane/designs/cse224_proj1/runs/RUN_2025.04.26_17.59.02/logs/routing/17-rsz_timing_sta.log"

Sat Apr 26 17:59:25 +0000 2025 - Executing "{openroad -exit /openlane/scripts/openroad/sta/multi_corner.tcl |& tee /dev/null /openlane/designs/cse224_proj1/runs/RUN_2025.04.26_17.59.02/logs/routing/17-rsz_timing_sta.log}"

Sat Apr 26 17:59:26 +0000 2025 - Executing "openroad -exit /openlane/scripts/openroad/repair_antennas.tcl |& tee /dev/null /openlane/designs/cse224_proj1/runs/RUN_2025.04.26_17.59.02/logs/routing/18-global.log"

Sat Apr 26 17:59:26 +0000 2025 - Executing "{openroad -exit /openlane/scripts/openroad/repair_antennas.tcl |& tee /dev/null /openlane/designs/cse224_proj1/runs/RUN_2025.04.26_17.59.02/logs/routing/18-global.log}"

Sat Apr 26 17:59:26 +0000 2025 - Executing "openroad -exit /openlane/scripts/openroad/write_views.tcl |& tee /dev/null /openlane/designs/cse224_proj1/runs/RUN_2025.04.26_17.59.02/logs/routing/18-global_write_netlist.log"

Sat Apr 26 17:59:26 +0000 2025 - Executing "{openroad -exit /openlane/scripts/openroad/write_views.tcl |& tee /dev/null /openlane/designs/cse224_proj1/runs/RUN_2025.04.26_17.59.02/logs/routing/18-global_write_netlist.log}"

Sat Apr 26 17:59:27 +0000 2025 - Executing "{sed -i.bak -e {s/\(set ::env(CURRENT_NETLIST)\).*/\1 \/openlane\/designs\/cse224_proj1\/runs\/RUN_2025.04.26_17.59.02\/tmp\/routing\/global.nl.v/} /openlane/designs/cse224_proj1/runs/RUN_2025.04.26_17.59.02/config.tcl}"

Sat Apr 26 17:59:27 +0000 2025 - Executing "openroad -exit /openlane/scripts/openroad/sta/multi_corner.tcl |& tee /dev/null /openlane/designs/cse224_proj1/runs/RUN_2025.04.26_17.59.02/logs/routing/20-grt_sta.log"

Sat Apr 26 17:59:27 +0000 2025 - Executing "{openroad -exit /openlane/scripts/openroad/sta/multi_corner.tcl |& tee /dev/null /openlane/designs/cse224_proj1/runs/RUN_2025.04.26_17.59.02/logs/routing/20-grt_sta.log}"

Sat Apr 26 17:59:27 +0000 2025 - Executing "openroad -exit /openlane/scripts/openroad/fill.tcl |& tee /dev/null /openlane/designs/cse224_proj1/runs/RUN_2025.04.26_17.59.02/logs/routing/21-fill.log"

Sat Apr 26 17:59:27 +0000 2025 - Executing "{openroad -exit /openlane/scripts/openroad/fill.tcl |& tee /dev/null /openlane/designs/cse224_proj1/runs/RUN_2025.04.26_17.59.02/logs/routing/21-fill.log}"

Sat Apr 26 17:59:28 +0000 2025 - Executing "{sed -i.bak -e {s/\(set ::env(CURRENT_NETLIST)\).*/\1 \/openlane\/designs\/cse224_proj1\/runs\/RUN_2025.04.26_17.59.02\/tmp\/routing\/21-fill.nl.v/} /openlane/designs/cse224_proj1/runs/RUN_2025.04.26_17.59.02/config.tcl}"

Sat Apr 26 17:59:28 +0000 2025 - Executing "openroad -exit -metrics /openlane/designs/cse224_proj1/runs/RUN_2025.04.26_17.59.02/reports/routing/22-drt_metrics.json /openlane/scripts/openroad/droute.tcl |& tee /dev/null /openlane/designs/cse224_proj1/runs/RUN_2025.04.26_17.59.02/logs/routing/22-detailed.log"

Sat Apr 26 17:59:28 +0000 2025 - Executing "{openroad -exit -metrics /openlane/designs/cse224_proj1/runs/RUN_2025.04.26_17.59.02/reports/routing/22-drt_metrics.json /openlane/scripts/openroad/droute.tcl |& tee /dev/null /openlane/designs/cse224_proj1/runs/RUN_2025.04.26_17.59.02/logs/routing/22-detailed.log}"

Sat Apr 26 17:59:30 +0000 2025 - Executing "{sed -i.bak -e {s/\(set ::env(CURRENT_NETLIST)\).*/\1 \/openlane\/designs\/cse224_proj1\/runs\/RUN_2025.04.26_17.59.02\/results\/routing\/main.nl.v/} /openlane/designs/cse224_proj1/runs/RUN_2025.04.26_17.59.02/config.tcl}"

Sat Apr 26 17:59:30 +0000 2025 - Executing "{python3 /openlane/scripts/drc_rosetta.py tr to_klayout -o /openlane/designs/cse224_proj1/runs/RUN_2025.04.26_17.59.02/reports/routing/drt.klayout.xml --design-name main /openlane/designs/cse224_proj1/runs/RUN_2025.04.26_17.59.02/reports/routing/drt.drc}"

Sat Apr 26 17:59:30 +0000 2025 - Executing "{openroad -exit -no_init -python /openlane/scripts/odbpy/wire_lengths.py --report-out /openlane/designs/cse224_proj1/runs/RUN_2025.04.26_17.59.02/reports/routing/23-wire_lengths.csv --input-lef /openlane/designs/cse224_proj1/runs/RUN_2025.04.26_17.59.02/tmp/merged.nom.lef --output-def /openlane/designs/cse224_proj1/runs/RUN_2025.04.26_17.59.02/results/routing/main.def --output /openlane/designs/cse224_proj1/runs/RUN_2025.04.26_17.59.02/results/routing/main.odb /openlane/designs/cse224_proj1/runs/RUN_2025.04.26_17.59.02/results/routing/main.odb |& tee /dev/null /openlane/designs/cse224_proj1/runs/RUN_2025.04.26_17.59.02/logs/routing/23-wire_lengths.log}"

Sat Apr 26 17:59:30 +0000 2025 - Executing "openroad -exit /openlane/scripts/openroad/rcx.tcl |& tee /dev/null /openlane/designs/cse224_proj1/runs/RUN_2025.04.26_17.59.02/logs/signoff/24-parasitics_extraction.min.log"

Sat Apr 26 17:59:30 +0000 2025 - Executing "{openroad -exit /openlane/scripts/openroad/rcx.tcl |& tee /dev/null /openlane/designs/cse224_proj1/runs/RUN_2025.04.26_17.59.02/logs/signoff/24-parasitics_extraction.min.log}"

Sat Apr 26 17:59:31 +0000 2025 - Executing "sta -exit -no_init /openlane/scripts/openroad/sta/multi_corner.tcl |& tee /dev/null /openlane/designs/cse224_proj1/runs/RUN_2025.04.26_17.59.02/logs/signoff/25-rcx_mcsta.min.log"

Sat Apr 26 17:59:31 +0000 2025 - Executing "{sta -exit -no_init /openlane/scripts/openroad/sta/multi_corner.tcl |& tee /dev/null /openlane/designs/cse224_proj1/runs/RUN_2025.04.26_17.59.02/logs/signoff/25-rcx_mcsta.min.log}"

Sat Apr 26 17:59:33 +0000 2025 - Executing "openroad -exit /openlane/scripts/openroad/rcx.tcl |& tee /dev/null /openlane/designs/cse224_proj1/runs/RUN_2025.04.26_17.59.02/logs/signoff/26-parasitics_extraction.max.log"

Sat Apr 26 17:59:33 +0000 2025 - Executing "{openroad -exit /openlane/scripts/openroad/rcx.tcl |& tee /dev/null /openlane/designs/cse224_proj1/runs/RUN_2025.04.26_17.59.02/logs/signoff/26-parasitics_extraction.max.log}"

Sat Apr 26 17:59:33 +0000 2025 - Executing "sta -exit -no_init /openlane/scripts/openroad/sta/multi_corner.tcl |& tee /dev/null /openlane/designs/cse224_proj1/runs/RUN_2025.04.26_17.59.02/logs/signoff/27-rcx_mcsta.max.log"

Sat Apr 26 17:59:33 +0000 2025 - Executing "{sta -exit -no_init /openlane/scripts/openroad/sta/multi_corner.tcl |& tee /dev/null /openlane/designs/cse224_proj1/runs/RUN_2025.04.26_17.59.02/logs/signoff/27-rcx_mcsta.max.log}"

Sat Apr 26 17:59:35 +0000 2025 - Executing "openroad -exit /openlane/scripts/openroad/rcx.tcl |& tee /dev/null /openlane/designs/cse224_proj1/runs/RUN_2025.04.26_17.59.02/logs/signoff/28-parasitics_extraction.nom.log"

Sat Apr 26 17:59:35 +0000 2025 - Executing "{openroad -exit /openlane/scripts/openroad/rcx.tcl |& tee /dev/null /openlane/designs/cse224_proj1/runs/RUN_2025.04.26_17.59.02/logs/signoff/28-parasitics_extraction.nom.log}"

Sat Apr 26 17:59:35 +0000 2025 - Executing "sta -exit -no_init /openlane/scripts/openroad/sta/multi_corner.tcl |& tee /dev/null /openlane/designs/cse224_proj1/runs/RUN_2025.04.26_17.59.02/logs/signoff/29-rcx_mcsta.nom.log"

Sat Apr 26 17:59:35 +0000 2025 - Executing "{sta -exit -no_init /openlane/scripts/openroad/sta/multi_corner.tcl |& tee /dev/null /openlane/designs/cse224_proj1/runs/RUN_2025.04.26_17.59.02/logs/signoff/29-rcx_mcsta.nom.log}"

Sat Apr 26 17:59:37 +0000 2025 - Executing "openroad -exit /openlane/scripts/openroad/irdrop.tcl |& tee /dev/null /openlane/designs/cse224_proj1/runs/RUN_2025.04.26_17.59.02/logs/signoff/30-irdrop.log"

Sat Apr 26 17:59:37 +0000 2025 - Executing "{openroad -exit /openlane/scripts/openroad/irdrop.tcl |& tee /dev/null /openlane/designs/cse224_proj1/runs/RUN_2025.04.26_17.59.02/logs/signoff/30-irdrop.log}"

Sat Apr 26 17:59:38 +0000 2025 - Executing "magic -noconsole -dnull -rcfile /home/vulpespacos07/.volare/sky130A/libs.tech/magic/sky130A.magicrc < /openlane/scripts/magic/wrapper.tcl |& tee /dev/null /openlane/designs/cse224_proj1/runs/RUN_2025.04.26_17.59.02/logs/signoff/31-gdsii.log"

Sat Apr 26 17:59:38 +0000 2025 - Executing "{magic -noconsole -dnull -rcfile /home/vulpespacos07/.volare/sky130A/libs.tech/magic/sky130A.magicrc < /openlane/scripts/magic/wrapper.tcl |& tee /dev/null /openlane/designs/cse224_proj1/runs/RUN_2025.04.26_17.59.02/logs/signoff/31-gdsii.log}"

Sat Apr 26 17:59:38 +0000 2025 - Executing "magic -noconsole -dnull -rcfile /home/vulpespacos07/.volare/sky130A/libs.tech/magic/sky130A.magicrc < /openlane/scripts/magic/wrapper.tcl |& tee /dev/null /openlane/designs/cse224_proj1/runs/RUN_2025.04.26_17.59.02/logs/signoff/31-gds_ptrs.log"

Sat Apr 26 17:59:38 +0000 2025 - Executing "{magic -noconsole -dnull -rcfile /home/vulpespacos07/.volare/sky130A/libs.tech/magic/sky130A.magicrc < /openlane/scripts/magic/wrapper.tcl |& tee /dev/null /openlane/designs/cse224_proj1/runs/RUN_2025.04.26_17.59.02/logs/signoff/31-gds_ptrs.log}"

Sat Apr 26 17:59:38 +0000 2025 - Executing "{sed -i.bak -n {/^<< properties >>/,/^<< end >>/p} /openlane/designs/cse224_proj1/runs/RUN_2025.04.26_17.59.02/tmp/signoff/gds_ptrs.mag}"

Sat Apr 26 17:59:38 +0000 2025 - Executing "magic -noconsole -dnull -rcfile /home/vulpespacos07/.volare/sky130A/libs.tech/magic/sky130A.magicrc < /openlane/scripts/magic/wrapper.tcl |& tee /dev/null /openlane/designs/cse224_proj1/runs/RUN_2025.04.26_17.59.02/logs/signoff/31-lef.log"

Sat Apr 26 17:59:38 +0000 2025 - Executing "{magic -noconsole -dnull -rcfile /home/vulpespacos07/.volare/sky130A/libs.tech/magic/sky130A.magicrc < /openlane/scripts/magic/wrapper.tcl |& tee /dev/null /openlane/designs/cse224_proj1/runs/RUN_2025.04.26_17.59.02/logs/signoff/31-lef.log}"

Sat Apr 26 17:59:38 +0000 2025 - Executing "magic -noconsole -dnull -rcfile /home/vulpespacos07/.volare/sky130A/libs.tech/magic/sky130A.magicrc < /openlane/scripts/magic/wrapper.tcl |& tee /dev/null /openlane/designs/cse224_proj1/runs/RUN_2025.04.26_17.59.02/logs/signoff/31-maglef.log"

Sat Apr 26 17:59:38 +0000 2025 - Executing "{magic -noconsole -dnull -rcfile /home/vulpespacos07/.volare/sky130A/libs.tech/magic/sky130A.magicrc < /openlane/scripts/magic/wrapper.tcl |& tee /dev/null /openlane/designs/cse224_proj1/runs/RUN_2025.04.26_17.59.02/logs/signoff/31-maglef.log}"

Sat Apr 26 17:59:39 +0000 2025 - Executing "{python3 /openlane/scripts/klayout/stream_out.py --output /openlane/designs/cse224_proj1/runs/RUN_2025.04.26_17.59.02/results/signoff/main.klayout.gds --lyt /home/vulpespacos07/.volare/sky130A/libs.tech/klayout/tech/sky130A.lyt --lym /home/vulpespacos07/.volare/sky130A/libs.tech/klayout/tech/sky130A.map --lyp /home/vulpespacos07/.volare/sky130A/libs.tech/klayout/tech/sky130A.lyp --top main --with-gds-file /home/vulpespacos07/.volare/sky130A/libs.ref/sky130_fd_sc_hd/gds/sky130_fd_sc_hd.gds --input-lef /openlane/designs/cse224_proj1/runs/RUN_2025.04.26_17.59.02/tmp/merged.nom.lef /openlane/designs/cse224_proj1/runs/RUN_2025.04.26_17.59.02/results/routing/main.def |& tee /dev/null /openlane/designs/cse224_proj1/runs/RUN_2025.04.26_17.59.02/logs/signoff/32-gdsii-klayout.log}"

Sat Apr 26 17:59:39 +0000 2025 - Executing "{klayout -b -r /openlane/scripts/klayout/xor.drc -rd a=/openlane/designs/cse224_proj1/runs/RUN_2025.04.26_17.59.02/results/signoff/main.gds -rd b=/openlane/designs/cse224_proj1/runs/RUN_2025.04.26_17.59.02/results/signoff/main.klayout.gds -rd jobs=1 -rd rdb_out=/openlane/designs/cse224_proj1/runs/RUN_2025.04.26_17.59.02/reports/signoff/33-xor.xml -rd ignore=81/14 -rd rpt_out=/openlane/designs/cse224_proj1/runs/RUN_2025.04.26_17.59.02/reports/signoff/33-xor.rpt |& tee /dev/null /openlane/designs/cse224_proj1/runs/RUN_2025.04.26_17.59.02/logs/signoff/33-xor.log}"

Sat Apr 26 17:59:40 +0000 2025 - Executing "magic -noconsole -dnull -rcfile /home/vulpespacos07/.volare/sky130A/libs.tech/magic/sky130A.magicrc < /openlane/scripts/magic/wrapper.tcl |& tee /dev/null /openlane/designs/cse224_proj1/runs/RUN_2025.04.26_17.59.02/logs/signoff/34-spice.log"

Sat Apr 26 17:59:40 +0000 2025 - Executing "{magic -noconsole -dnull -rcfile /home/vulpespacos07/.volare/sky130A/libs.tech/magic/sky130A.magicrc < /openlane/scripts/magic/wrapper.tcl |& tee /dev/null /openlane/designs/cse224_proj1/runs/RUN_2025.04.26_17.59.02/logs/signoff/34-spice.log}"

Sat Apr 26 17:59:40 +0000 2025 - Executing "{openroad -exit -no_init -python /openlane/scripts/odbpy/power_utils.py write_powered_def --output /openlane/designs/cse224_proj1/runs/RUN_2025.04.26_17.59.02/tmp/signoff/34-main.p.def --input-lef /openlane/designs/cse224_proj1/runs/RUN_2025.04.26_17.59.02/tmp/merged.nom.lef --power-port VPWR --ground-port VGND --powered-netlist {} /openlane/designs/cse224_proj1/runs/RUN_2025.04.26_17.59.02/results/routing/main.def |& tee /dev/null /openlane/designs/cse224_proj1/runs/RUN_2025.04.26_17.59.02/logs/signoff/35-write_powered_def.log}"

Sat Apr 26 17:59:41 +0000 2025 - Executing "openroad -exit /openlane/scripts/openroad/write_views.tcl |& tee /dev/null /openlane/designs/cse224_proj1/runs/RUN_2025.04.26_17.59.02/logs/signoff/35-write_powered_verilog.log"

Sat Apr 26 17:59:41 +0000 2025 - Executing "{openroad -exit /openlane/scripts/openroad/write_views.tcl |& tee /dev/null /openlane/designs/cse224_proj1/runs/RUN_2025.04.26_17.59.02/logs/signoff/35-write_powered_verilog.log}"

Sat Apr 26 17:59:41 +0000 2025 - Executing "{sed -i.bak -e {s/\(set ::env(CURRENT_NETLIST)\).*/\1 \/openlane\/designs\/cse224_proj1\/runs\/RUN_2025.04.26_17.59.02\/tmp\/signoff\/34-main.nl.v/} /openlane/designs/cse224_proj1/runs/RUN_2025.04.26_17.59.02/config.tcl}"

Sat Apr 26 17:59:41 +0000 2025 - Executing "{netgen -batch source /openlane/designs/cse224_proj1/runs/RUN_2025.04.26_17.59.02/tmp/signoff/37-setup_file.lef.lvs |& tee /dev/null /openlane/designs/cse224_proj1/runs/RUN_2025.04.26_17.59.02/logs/signoff/37-lvs.lef.log}"

Sat Apr 26 17:59:41 +0000 2025 - Executing "magic -noconsole -dnull -rcfile /home/vulpespacos07/.volare/sky130A/libs.tech/magic/sky130A.magicrc < /openlane/scripts/magic/wrapper.tcl |& tee /dev/null /openlane/designs/cse224_proj1/runs/RUN_2025.04.26_17.59.02/logs/signoff/38-drc.log"

Sat Apr 26 17:59:41 +0000 2025 - Executing "{magic -noconsole -dnull -rcfile /home/vulpespacos07/.volare/sky130A/libs.tech/magic/sky130A.magicrc < /openlane/scripts/magic/wrapper.tcl |& tee /dev/null /openlane/designs/cse224_proj1/runs/RUN_2025.04.26_17.59.02/logs/signoff/38-drc.log}"

Sat Apr 26 17:59:42 +0000 2025 - Executing "{python3 /openlane/scripts/drc_rosetta.py magic to_tcl -o /openlane/designs/cse224_proj1/runs/RUN_2025.04.26_17.59.02/reports/signoff/drc.tcl /openlane/designs/cse224_proj1/runs/RUN_2025.04.26_17.59.02/reports/signoff/drc.rpt}"

Sat Apr 26 17:59:42 +0000 2025 - Executing "{python3 /openlane/scripts/drc_rosetta.py magic to_tr -o /openlane/designs/cse224_proj1/runs/RUN_2025.04.26_17.59.02/reports/signoff/drc.tr /openlane/designs/cse224_proj1/runs/RUN_2025.04.26_17.59.02/reports/signoff/drc.rpt}"

Sat Apr 26 17:59:42 +0000 2025 - Executing "{python3 /openlane/scripts/drc_rosetta.py tr to_klayout -o /openlane/designs/cse224_proj1/runs/RUN_2025.04.26_17.59.02/reports/signoff/drc.klayout.xml --design-name main /openlane/designs/cse224_proj1/runs/RUN_2025.04.26_17.59.02/reports/signoff/drc.tr}"

Sat Apr 26 17:59:42 +0000 2025 - Executing "{python3 /openlane/scripts/drc_rosetta.py magic to_rdb -o /openlane/designs/cse224_proj1/runs/RUN_2025.04.26_17.59.02/reports/signoff/drc.rdb /openlane/designs/cse224_proj1/runs/RUN_2025.04.26_17.59.02/reports/signoff/drc.rpt}"

Sat Apr 26 17:59:42 +0000 2025 - Executing "{klayout -b -zz -r /home/vulpespacos07/.volare/sky130A/libs.tech/klayout/drc/sky130A_mr.drc -rd topcell=main -rd input=/openlane/designs/cse224_proj1/runs/RUN_2025.04.26_17.59.02/results/signoff/main.gds -rd report=/openlane/designs/cse224_proj1/runs/RUN_2025.04.26_17.59.02/reports/signoff/violations.xml -rd feol=true -rd beol=true -rd floating_metal=false -rd seal=true -rd thread=1 |& tee /dev/null /openlane/designs/cse224_proj1/runs/RUN_2025.04.26_17.59.02/logs/signoff/39-drc-klayout.log}"

Sat Apr 26 17:59:43 +0000 2025 - Executing "{python3 /openlane/scripts/klayout/xml_drc_report_to_json.py --xml-file /openlane/designs/cse224_proj1/runs/RUN_2025.04.26_17.59.02/reports/signoff/violations.xml --json-file /openlane/designs/cse224_proj1/runs/RUN_2025.04.26_17.59.02/reports/signoff/violations.json}"

Sat Apr 26 17:59:43 +0000 2025 - Executing "openroad -exit /openlane/scripts/openroad/antenna_check.tcl |& tee /dev/null /openlane/designs/cse224_proj1/runs/RUN_2025.04.26_17.59.02/logs/signoff/40-arc.log"

Sat Apr 26 17:59:43 +0000 2025 - Executing "{openroad -exit /openlane/scripts/openroad/antenna_check.tcl |& tee /dev/null /openlane/designs/cse224_proj1/runs/RUN_2025.04.26_17.59.02/logs/signoff/40-arc.log}"

Sat Apr 26 17:59:43 +0000 2025 - Executing "{python3 /openlane/scripts/extract_antenna_violators.py --output /openlane/designs/cse224_proj1/runs/RUN_2025.04.26_17.59.02/reports/signoff/40-antenna_violators.rpt --plain-out /openlane/designs/cse224_proj1/runs/RUN_2025.04.26_17.59.02/reports/signoff/40-antenna_violators_pins.txt /openlane/designs/cse224_proj1/runs/RUN_2025.04.26_17.59.02/logs/signoff/40-arc.log}"

Sat Apr 26 17:59:44 +0000 2025 - Executing "{python3 /openlane/scripts/write_runtime.py --conclude --seconds --time-in 1745690384 {flow completed}}"

Sat Apr 26 17:59:44 +0000 2025 - Executing "{python3 /openlane/scripts/generate_reports.py -d /openlane/designs/cse224_proj1 --design_name main --tag RUN_2025.04.26_17.59.02 --output_file /openlane/designs/cse224_proj1/runs/RUN_2025.04.26_17.59.02/reports/metrics.csv --man_report /openlane/designs/cse224_proj1/runs/RUN_2025.04.26_17.59.02/reports/manufacturability.rpt --run_path /openlane/designs/cse224_proj1/runs/RUN_2025.04.26_17.59.02}"

