
===========================================================================
report_checks -unconstrained
===========================================================================
======================= Typical Corner ===================================

Startpoint: B[1] (input port clocked by __VIRTUAL_CLK__)
Endpoint: out[7] (output port clocked by __VIRTUAL_CLK__)
Path Group: __VIRTUAL_CLK__
Path Type: max

Fanout     Cap    Slew   Delay    Time   Description
-----------------------------------------------------------------------------
                  0.00    0.00    0.00   clock __VIRTUAL_CLK__ (rise edge)
                          0.00    0.00   clock network delay (ideal)
                          2.00    2.00 v input external delay
     1    0.00    0.01    0.01    2.01 v B[1] (in)
                                         B[1] (net)
                  0.01    0.00    2.01 v input10/A (sky130_fd_sc_hd__buf_1)
     3    0.00    0.04    0.09    2.09 v input10/X (sky130_fd_sc_hd__buf_1)
                                         net10 (net)
                  0.04    0.00    2.09 v _169_/A (sky130_fd_sc_hd__clkbuf_4)
    10    0.03    0.07    0.17    2.27 v _169_/X (sky130_fd_sc_hd__clkbuf_4)
                                         _097_ (net)
                  0.07    0.00    2.27 v _223_/A2 (sky130_fd_sc_hd__o41a_4)
     3    0.02    0.09    0.53    2.80 v _223_/X (sky130_fd_sc_hd__o41a_4)
                                         _151_ (net)
                  0.09    0.00    2.80 v _229_/B (sky130_fd_sc_hd__xnor2_2)
     2    0.01    0.07    0.17    2.97 v _229_/Y (sky130_fd_sc_hd__xnor2_2)
                                         _157_ (net)
                  0.07    0.00    2.97 v _230_/B (sky130_fd_sc_hd__nand2_2)
     5    0.03    0.15    0.16    3.12 ^ _230_/Y (sky130_fd_sc_hd__nand2_2)
                                         _158_ (net)
                  0.15    0.00    3.13 ^ _247_/A (sky130_fd_sc_hd__nand2_1)
     2    0.02    0.13    0.16    3.28 v _247_/Y (sky130_fd_sc_hd__nand2_1)
                                         _014_ (net)
                  0.13    0.00    3.28 v _248_/B1 (sky130_fd_sc_hd__a311o_4)
     5    0.03    0.09    0.47    3.75 v _248_/X (sky130_fd_sc_hd__a311o_4)
                                         _015_ (net)
                  0.09    0.00    3.75 v _260_/A3 (sky130_fd_sc_hd__a311oi_4)
     3    0.01    0.22    0.32    4.08 ^ _260_/Y (sky130_fd_sc_hd__a311oi_4)
                                         _026_ (net)
                  0.22    0.00    4.08 ^ _280_/A2 (sky130_fd_sc_hd__o21ai_1)
     1    0.01    0.07    0.11    4.19 v _280_/Y (sky130_fd_sc_hd__o21ai_1)
                                         _045_ (net)
                  0.07    0.00    4.19 v _282_/B (sky130_fd_sc_hd__and3_1)
     1    0.01    0.05    0.20    4.39 v _282_/X (sky130_fd_sc_hd__and3_1)
                                         _047_ (net)
                  0.05    0.00    4.39 v _289_/A2 (sky130_fd_sc_hd__o31a_1)
     1    0.00    0.04    0.28    4.66 v _289_/X (sky130_fd_sc_hd__o31a_1)
                                         net27 (net)
                  0.04    0.00    4.66 v output27/A (sky130_fd_sc_hd__buf_2)
     1    0.03    0.09    0.19    4.85 v output27/X (sky130_fd_sc_hd__buf_2)
                                         out[7] (net)
                  0.09    0.00    4.85 v out[7] (out)
                                  4.85   data arrival time

                  0.00   10.00   10.00   clock __VIRTUAL_CLK__ (rise edge)
                          0.00   10.00   clock network delay (ideal)
                         -0.25    9.75   clock uncertainty
                          0.00    9.75   clock reconvergence pessimism
                         -2.00    7.75   output external delay
                                  7.75   data required time
-----------------------------------------------------------------------------
                                  7.75   data required time
                                 -4.85   data arrival time
-----------------------------------------------------------------------------
                                  2.90   slack (MET)




===========================================================================
report_checks --slack_max -0.01
============================================================================
======================= Typical Corner ===================================

No paths found.


===========================================================================
 report_check_types -max_slew -max_cap -max_fanout -violators
============================================================================
======================= Typical Corner ===================================


max slew violations count Typical: 0
max fanout violations count Typical: 0
max cap violations count Typical: 0

===========================================================================
report_parasitic_annotation -report_unannotated
============================================================================
Found 0 unannotated drivers.
Found 123 partially unannotated drivers.
 A[1]
 A[5]
 B[0]
 B[4]
 _161_/X
 _162_/Y
 _163_/X
 _164_/Y
 _165_/Y
 _167_/Y
 _169_/X
 _170_/Y
 _171_/X
 _172_/X
 _173_/X
 _175_/X
 _176_/Y
 _177_/X
 _179_/X
 _181_/Y
 _182_/Y
 _183_/X
 _185_/Y
 _186_/X
 _188_/X
 _190_/Y
 _191_/Y
 _192_/X
 _193_/X
 _194_/X
 _197_/Y
 _198_/X
 _200_/Y
 _202_/Y
 _204_/X
 _205_/X
 _206_/Y
 _207_/Y
 _209_/Y
 _210_/X
 _211_/Y
 _213_/Y
 _214_/X
 _215_/X
 _222_/Y
 _226_/X
 _227_/Y
 _231_/Y
 _233_/X
 _234_/X
 _235_/Y
 _236_/X
 _237_/Y
 _238_/Y
 _239_/Y
 _240_/Y
 _242_/X
 _243_/Y
 _245_/Y
 _247_/Y
 _250_/X
 _251_/Y
 _253_/X
 _254_/Y
 _255_/X
 _256_/Y
 _259_/Y
 _260_/Y
 _264_/Y
 _265_/X
 _266_/Y
 _268_/X
 _271_/X
 _273_/Y
 _274_/Y
 _279_/X
 _287_/X
 _289_/X
 _290_/Y
 _294_/Y
 _295_/X
 _296_/Y
 _297_/X
 _298_/X
 _299_/X
 _300_/X
 _302_/X
 _304_/X
 _305_/X
 _307_/X
 _309_/X
 _311_/Y
 _312_/X
 _313_/Y
 _314_/X
 _315_/Y
 _316_/X
 _317_/X
 _318_/Y
 _320_/Y
 _321_/X
 _323_/Y
 _324_/Y
 _325_/X
 _328_/Y
 _329_/Y
 input1/X
 input10/X
 input11/X
 input12/X
 input13/X
 input14/X
 input15/X
 input16/X
 input17/X
 input18/X
 input2/X
 input3/X
 input4/X
 input5/X
 input6/X
 input9/X
 rebuffer2/X

===========================================================================
max slew violation count 0
max fanout violation count 0
max cap violation count 0
============================================================================

===========================================================================
check_setup -verbose -unconstrained_endpoints -multiple_clock -no_clock -no_input_delay -loops -generated_clocks
===========================================================================
