
===========================================================================
report_checks -path_delay max (Setup)
============================================================================
======================= Typical Corner ===================================

Startpoint: B[1] (input port clocked by __VIRTUAL_CLK__)
Endpoint: out[7] (output port clocked by __VIRTUAL_CLK__)
Path Group: __VIRTUAL_CLK__
Path Type: max

Fanout     Cap    Slew   Delay    Time   Description
-----------------------------------------------------------------------------
                  0.00    0.00    0.00   clock __VIRTUAL_CLK__ (rise edge)
                          0.00    0.00   clock network delay (ideal)
                          2.00    2.00 v input external delay
     1    0.00    0.01    0.00    2.00 v B[1] (in)
                                         B[1] (net)
                  0.01    0.00    2.00 v input10/A (sky130_fd_sc_hd__buf_1)
     3    0.00    0.04    0.09    2.09 v input10/X (sky130_fd_sc_hd__buf_1)
                                         net10 (net)
                  0.04    0.00    2.09 v _169_/A (sky130_fd_sc_hd__clkbuf_4)
    10    0.03    0.07    0.17    2.26 v _169_/X (sky130_fd_sc_hd__clkbuf_4)
                                         _097_ (net)
                  0.07    0.00    2.26 v _223_/A2 (sky130_fd_sc_hd__o41a_4)
     3    0.01    0.08    0.51    2.77 v _223_/X (sky130_fd_sc_hd__o41a_4)
                                         _151_ (net)
                  0.08    0.00    2.77 v _255_/A3 (sky130_fd_sc_hd__o31a_2)
     2    0.01    0.07    0.34    3.11 v _255_/X (sky130_fd_sc_hd__o31a_2)
                                         _021_ (net)
                  0.07    0.00    3.11 v _256_/B (sky130_fd_sc_hd__xnor2_2)
     2    0.01    0.06    0.15    3.26 v _256_/Y (sky130_fd_sc_hd__xnor2_2)
                                         _022_ (net)
                  0.06    0.00    3.26 v _257_/B (sky130_fd_sc_hd__xor2_1)
     1    0.00    0.07    0.15    3.42 v _257_/X (sky130_fd_sc_hd__xor2_1)
                                         _023_ (net)
                  0.07    0.00    3.42 v _258_/A (sky130_fd_sc_hd__inv_2)
     2    0.01    0.06    0.08    3.50 ^ _258_/Y (sky130_fd_sc_hd__inv_2)
                                         _024_ (net)
                  0.06    0.00    3.50 ^ _260_/B1 (sky130_fd_sc_hd__a311oi_4)
     3    0.01    0.08    0.05    3.54 v _260_/Y (sky130_fd_sc_hd__a311oi_4)
                                         _026_ (net)
                  0.08    0.00    3.54 v _281_/B (sky130_fd_sc_hd__or3_1)
     1    0.00    0.06    0.35    3.89 v _281_/X (sky130_fd_sc_hd__or3_1)
                                         _046_ (net)
                  0.06    0.00    3.89 v _282_/C (sky130_fd_sc_hd__and3_1)
     1    0.00    0.04    0.18    4.08 v _282_/X (sky130_fd_sc_hd__and3_1)
                                         _047_ (net)
                  0.04    0.00    4.08 v _289_/A2 (sky130_fd_sc_hd__o31a_1)
     1    0.00    0.04    0.27    4.35 v _289_/X (sky130_fd_sc_hd__o31a_1)
                                         net27 (net)
                  0.04    0.00    4.35 v output27/A (sky130_fd_sc_hd__buf_2)
     1    0.03    0.09    0.19    4.53 v output27/X (sky130_fd_sc_hd__buf_2)
                                         out[7] (net)
                  0.09    0.00    4.53 v out[7] (out)
                                  4.53   data arrival time

                  0.00   10.00   10.00   clock __VIRTUAL_CLK__ (rise edge)
                          0.00   10.00   clock network delay (ideal)
                         -0.25    9.75   clock uncertainty
                          0.00    9.75   clock reconvergence pessimism
                         -2.00    7.75   output external delay
                                  7.75   data required time
-----------------------------------------------------------------------------
                                  7.75   data required time
                                 -4.53   data arrival time
-----------------------------------------------------------------------------
                                  3.22   slack (MET)


Startpoint: B[1] (input port clocked by __VIRTUAL_CLK__)
Endpoint: out[6] (output port clocked by __VIRTUAL_CLK__)
Path Group: __VIRTUAL_CLK__
Path Type: max

Fanout     Cap    Slew   Delay    Time   Description
-----------------------------------------------------------------------------
                  0.00    0.00    0.00   clock __VIRTUAL_CLK__ (rise edge)
                          0.00    0.00   clock network delay (ideal)
                          2.00    2.00 v input external delay
     1    0.00    0.01    0.00    2.00 v B[1] (in)
                                         B[1] (net)
                  0.01    0.00    2.00 v input10/A (sky130_fd_sc_hd__buf_1)
     3    0.00    0.04    0.09    2.09 v input10/X (sky130_fd_sc_hd__buf_1)
                                         net10 (net)
                  0.04    0.00    2.09 v _169_/A (sky130_fd_sc_hd__clkbuf_4)
    10    0.03    0.07    0.17    2.26 v _169_/X (sky130_fd_sc_hd__clkbuf_4)
                                         _097_ (net)
                  0.07    0.00    2.26 v _223_/A2 (sky130_fd_sc_hd__o41a_4)
     3    0.01    0.08    0.51    2.77 v _223_/X (sky130_fd_sc_hd__o41a_4)
                                         _151_ (net)
                  0.08    0.00    2.77 v _229_/B (sky130_fd_sc_hd__xnor2_2)
     2    0.01    0.14    0.16    2.93 ^ _229_/Y (sky130_fd_sc_hd__xnor2_2)
                                         _157_ (net)
                  0.14    0.00    2.93 ^ _246_/B (sky130_fd_sc_hd__or2_1)
     1    0.00    0.06    0.14    3.07 ^ _246_/X (sky130_fd_sc_hd__or2_1)
                                         _013_ (net)
                  0.06    0.00    3.07 ^ _247_/B (sky130_fd_sc_hd__nand2_2)
     2    0.01    0.05    0.06    3.12 v _247_/Y (sky130_fd_sc_hd__nand2_2)
                                         _014_ (net)
                  0.05    0.00    3.12 v _248_/B1 (sky130_fd_sc_hd__a311o_4)
     5    0.02    0.08    0.42    3.54 v _248_/X (sky130_fd_sc_hd__a311o_4)
                                         _015_ (net)
                  0.08    0.00    3.54 v _261_/A3 (sky130_fd_sc_hd__a31o_1)
     1    0.00    0.04    0.23    3.77 v _261_/X (sky130_fd_sc_hd__a31o_1)
                                         _027_ (net)
                  0.04    0.00    3.77 v _262_/A2 (sky130_fd_sc_hd__a21o_1)
     1    0.00    0.03    0.17    3.94 v _262_/X (sky130_fd_sc_hd__a21o_1)
                                         _028_ (net)
                  0.03    0.00    3.94 v _263_/B (sky130_fd_sc_hd__or2_1)
     1    0.00    0.06    0.21    4.15 v _263_/X (sky130_fd_sc_hd__or2_1)
                                         _029_ (net)
                  0.06    0.00    4.15 v _274_/B1 (sky130_fd_sc_hd__a22oi_2)
     1    0.00    0.11    0.11    4.26 ^ _274_/Y (sky130_fd_sc_hd__a22oi_2)
                                         net26 (net)
                  0.11    0.00    4.26 ^ output26/A (sky130_fd_sc_hd__buf_2)
     1    0.03    0.17    0.23    4.49 ^ output26/X (sky130_fd_sc_hd__buf_2)
                                         out[6] (net)
                  0.17    0.00    4.49 ^ out[6] (out)
                                  4.49   data arrival time

                  0.00   10.00   10.00   clock __VIRTUAL_CLK__ (rise edge)
                          0.00   10.00   clock network delay (ideal)
                         -0.25    9.75   clock uncertainty
                          0.00    9.75   clock reconvergence pessimism
                         -2.00    7.75   output external delay
                                  7.75   data required time
-----------------------------------------------------------------------------
                                  7.75   data required time
                                 -4.49   data arrival time
-----------------------------------------------------------------------------
                                  3.26   slack (MET)


Startpoint: B[1] (input port clocked by __VIRTUAL_CLK__)
Endpoint: out[5] (output port clocked by __VIRTUAL_CLK__)
Path Group: __VIRTUAL_CLK__
Path Type: max

Fanout     Cap    Slew   Delay    Time   Description
-----------------------------------------------------------------------------
                  0.00    0.00    0.00   clock __VIRTUAL_CLK__ (rise edge)
                          0.00    0.00   clock network delay (ideal)
                          2.00    2.00 v input external delay
     1    0.00    0.01    0.00    2.00 v B[1] (in)
                                         B[1] (net)
                  0.01    0.00    2.00 v input10/A (sky130_fd_sc_hd__buf_1)
     3    0.00    0.04    0.09    2.09 v input10/X (sky130_fd_sc_hd__buf_1)
                                         net10 (net)
                  0.04    0.00    2.09 v _169_/A (sky130_fd_sc_hd__clkbuf_4)
    10    0.03    0.07    0.17    2.26 v _169_/X (sky130_fd_sc_hd__clkbuf_4)
                                         _097_ (net)
                  0.07    0.00    2.26 v _223_/A2 (sky130_fd_sc_hd__o41a_4)
     3    0.01    0.08    0.51    2.77 v _223_/X (sky130_fd_sc_hd__o41a_4)
                                         _151_ (net)
                  0.08    0.00    2.77 v _229_/B (sky130_fd_sc_hd__xnor2_2)
     2    0.01    0.14    0.16    2.93 ^ _229_/Y (sky130_fd_sc_hd__xnor2_2)
                                         _157_ (net)
                  0.14    0.00    2.93 ^ _246_/B (sky130_fd_sc_hd__or2_1)
     1    0.00    0.06    0.14    3.07 ^ _246_/X (sky130_fd_sc_hd__or2_1)
                                         _013_ (net)
                  0.06    0.00    3.07 ^ _247_/B (sky130_fd_sc_hd__nand2_2)
     2    0.01    0.05    0.06    3.12 v _247_/Y (sky130_fd_sc_hd__nand2_2)
                                         _014_ (net)
                  0.05    0.00    3.12 v _248_/B1 (sky130_fd_sc_hd__a311o_4)
     5    0.02    0.08    0.42    3.54 v _248_/X (sky130_fd_sc_hd__a311o_4)
                                         _015_ (net)
                  0.08    0.00    3.54 v _249_/C (sky130_fd_sc_hd__and3_1)
     1    0.00    0.03    0.19    3.73 v _249_/X (sky130_fd_sc_hd__and3_1)
                                         _016_ (net)
                  0.03    0.00    3.73 v _253_/A (sky130_fd_sc_hd__or3_1)
     1    0.00    0.07    0.39    4.12 v _253_/X (sky130_fd_sc_hd__or3_1)
                                         _020_ (net)
                  0.07    0.00    4.12 v _254_/B2 (sky130_fd_sc_hd__a22oi_2)
     1    0.00    0.12    0.15    4.27 ^ _254_/Y (sky130_fd_sc_hd__a22oi_2)
                                         net25 (net)
                  0.12    0.00    4.27 ^ output25/A (sky130_fd_sc_hd__buf_4)
     1    0.03    0.10    0.19    4.46 ^ output25/X (sky130_fd_sc_hd__buf_4)
                                         out[5] (net)
                  0.10    0.00    4.46 ^ out[5] (out)
                                  4.46   data arrival time

                  0.00   10.00   10.00   clock __VIRTUAL_CLK__ (rise edge)
                          0.00   10.00   clock network delay (ideal)
                         -0.25    9.75   clock uncertainty
                          0.00    9.75   clock reconvergence pessimism
                         -2.00    7.75   output external delay
                                  7.75   data required time
-----------------------------------------------------------------------------
                                  7.75   data required time
                                 -4.46   data arrival time
-----------------------------------------------------------------------------
                                  3.29   slack (MET)


Startpoint: opcode[2] (input port clocked by __VIRTUAL_CLK__)
Endpoint: out[2] (output port clocked by __VIRTUAL_CLK__)
Path Group: __VIRTUAL_CLK__
Path Type: max

Fanout     Cap    Slew   Delay    Time   Description
-----------------------------------------------------------------------------
                  0.00    0.00    0.00   clock __VIRTUAL_CLK__ (rise edge)
                          0.00    0.00   clock network delay (ideal)
                          2.00    2.00 ^ input external delay
     1    0.00    0.02    0.01    2.01 ^ opcode[2] (in)
                                         opcode[2] (net)
                  0.02    0.00    2.01 ^ input19/A (sky130_fd_sc_hd__clkbuf_4)
     6    0.03    0.11    0.18    2.19 ^ input19/X (sky130_fd_sc_hd__clkbuf_4)
                                         net19 (net)
                  0.11    0.00    2.19 ^ _222_/C (sky130_fd_sc_hd__nand3b_4)
     5    0.01    0.06    0.10    2.28 v _222_/Y (sky130_fd_sc_hd__nand3b_4)
                                         _150_ (net)
                  0.06    0.00    2.28 v _235_/A2 (sky130_fd_sc_hd__a21oi_1)
     2    0.01    0.19    0.22    2.50 ^ _235_/Y (sky130_fd_sc_hd__a21oi_1)
                                         _002_ (net)
                  0.19    0.00    2.50 ^ _236_/A2 (sky130_fd_sc_hd__o21a_2)
     4    0.02    0.13    0.23    2.73 ^ _236_/X (sky130_fd_sc_hd__o21a_2)
                                         _003_ (net)
                  0.13    0.00    2.73 ^ _239_/B1 (sky130_fd_sc_hd__a211oi_4)
     3    0.01    0.07    0.07    2.80 v _239_/Y (sky130_fd_sc_hd__a211oi_4)
                                         _006_ (net)
                  0.07    0.00    2.80 v rebuffer1/A (sky130_fd_sc_hd__dlygate4sd3_1)
     1    0.00    0.05    0.57    3.37 v rebuffer1/X (sky130_fd_sc_hd__dlygate4sd3_1)
                                         net28 (net)
                  0.05    0.00    3.37 v _305_/C (sky130_fd_sc_hd__or3_1)
     1    0.00    0.06    0.31    3.68 v _305_/X (sky130_fd_sc_hd__or3_1)
                                         _067_ (net)
                  0.06    0.00    3.68 v _309_/A3 (sky130_fd_sc_hd__a31o_1)
     1    0.00    0.03    0.22    3.90 v _309_/X (sky130_fd_sc_hd__a31o_1)
                                         _071_ (net)
                  0.03    0.00    3.90 v _310_/B2 (sky130_fd_sc_hd__o2bb2a_1)
     1    0.00    0.05    0.27    4.17 v _310_/X (sky130_fd_sc_hd__o2bb2a_1)
                                         net22 (net)
                  0.05    0.00    4.17 v output22/A (sky130_fd_sc_hd__buf_2)
     1    0.03    0.09    0.19    4.36 v output22/X (sky130_fd_sc_hd__buf_2)
                                         out[2] (net)
                  0.09    0.00    4.36 v out[2] (out)
                                  4.36   data arrival time

                  0.00   10.00   10.00   clock __VIRTUAL_CLK__ (rise edge)
                          0.00   10.00   clock network delay (ideal)
                         -0.25    9.75   clock uncertainty
                          0.00    9.75   clock reconvergence pessimism
                         -2.00    7.75   output external delay
                                  7.75   data required time
-----------------------------------------------------------------------------
                                  7.75   data required time
                                 -4.36   data arrival time
-----------------------------------------------------------------------------
                                  3.39   slack (MET)


Startpoint: B[1] (input port clocked by __VIRTUAL_CLK__)
Endpoint: out[4] (output port clocked by __VIRTUAL_CLK__)
Path Group: __VIRTUAL_CLK__
Path Type: max

Fanout     Cap    Slew   Delay    Time   Description
-----------------------------------------------------------------------------
                  0.00    0.00    0.00   clock __VIRTUAL_CLK__ (rise edge)
                          0.00    0.00   clock network delay (ideal)
                          2.00    2.00 v input external delay
     1    0.00    0.01    0.00    2.00 v B[1] (in)
                                         B[1] (net)
                  0.01    0.00    2.00 v input10/A (sky130_fd_sc_hd__buf_1)
     3    0.00    0.04    0.09    2.09 v input10/X (sky130_fd_sc_hd__buf_1)
                                         net10 (net)
                  0.04    0.00    2.09 v _169_/A (sky130_fd_sc_hd__clkbuf_4)
    10    0.03    0.07    0.17    2.26 v _169_/X (sky130_fd_sc_hd__clkbuf_4)
                                         _097_ (net)
                  0.07    0.00    2.26 v _223_/A2 (sky130_fd_sc_hd__o41a_4)
     3    0.01    0.08    0.51    2.77 v _223_/X (sky130_fd_sc_hd__o41a_4)
                                         _151_ (net)
                  0.08    0.00    2.77 v _229_/B (sky130_fd_sc_hd__xnor2_2)
     2    0.01    0.14    0.16    2.93 ^ _229_/Y (sky130_fd_sc_hd__xnor2_2)
                                         _157_ (net)
                  0.14    0.00    2.93 ^ _246_/B (sky130_fd_sc_hd__or2_1)
     1    0.00    0.06    0.14    3.07 ^ _246_/X (sky130_fd_sc_hd__or2_1)
                                         _013_ (net)
                  0.06    0.00    3.07 ^ _247_/B (sky130_fd_sc_hd__nand2_2)
     2    0.01    0.05    0.06    3.12 v _247_/Y (sky130_fd_sc_hd__nand2_2)
                                         _014_ (net)
                  0.05    0.00    3.12 v _248_/B1 (sky130_fd_sc_hd__a311o_4)
     5    0.02    0.08    0.42    3.54 v _248_/X (sky130_fd_sc_hd__a311o_4)
                                         _015_ (net)
                  0.08    0.00    3.54 v _327_/A1 (sky130_fd_sc_hd__a31o_1)
     1    0.00    0.03    0.19    3.73 v _327_/X (sky130_fd_sc_hd__a31o_1)
                                         _087_ (net)
                  0.03    0.00    3.73 v _328_/B1 (sky130_fd_sc_hd__a21oi_1)
     1    0.00    0.10    0.11    3.84 ^ _328_/Y (sky130_fd_sc_hd__a21oi_1)
                                         _088_ (net)
                  0.10    0.00    3.84 ^ _329_/B1 (sky130_fd_sc_hd__a21oi_1)
     1    0.00    0.04    0.04    3.88 v _329_/Y (sky130_fd_sc_hd__a21oi_1)
                                         net24 (net)
                  0.04    0.00    3.88 v output24/A (sky130_fd_sc_hd__buf_2)
     1    0.03    0.09    0.19    4.07 v output24/X (sky130_fd_sc_hd__buf_2)
                                         out[4] (net)
                  0.09    0.00    4.07 v out[4] (out)
                                  4.07   data arrival time

                  0.00   10.00   10.00   clock __VIRTUAL_CLK__ (rise edge)
                          0.00   10.00   clock network delay (ideal)
                         -0.25    9.75   clock uncertainty
                          0.00    9.75   clock reconvergence pessimism
                         -2.00    7.75   output external delay
                                  7.75   data required time
-----------------------------------------------------------------------------
                                  7.75   data required time
                                 -4.07   data arrival time
-----------------------------------------------------------------------------
                                  3.68   slack (MET)


Startpoint: B[1] (input port clocked by __VIRTUAL_CLK__)
Endpoint: out[1] (output port clocked by __VIRTUAL_CLK__)
Path Group: __VIRTUAL_CLK__
Path Type: max

Fanout     Cap    Slew   Delay    Time   Description
-----------------------------------------------------------------------------
                  0.00    0.00    0.00   clock __VIRTUAL_CLK__ (rise edge)
                          0.00    0.00   clock network delay (ideal)
                          2.00    2.00 v input external delay
     1    0.00    0.01    0.00    2.00 v B[1] (in)
                                         B[1] (net)
                  0.01    0.00    2.00 v input10/A (sky130_fd_sc_hd__buf_1)
     3    0.00    0.04    0.09    2.09 v input10/X (sky130_fd_sc_hd__buf_1)
                                         net10 (net)
                  0.04    0.00    2.09 v _169_/A (sky130_fd_sc_hd__clkbuf_4)
    10    0.03    0.07    0.17    2.26 v _169_/X (sky130_fd_sc_hd__clkbuf_4)
                                         _097_ (net)
                  0.07    0.00    2.26 v _234_/B (sky130_fd_sc_hd__and3_1)
     2    0.01    0.05    0.19    2.46 v _234_/X (sky130_fd_sc_hd__and3_1)
                                         _001_ (net)
                  0.05    0.00    2.46 v _236_/A1 (sky130_fd_sc_hd__o21a_2)
     4    0.02    0.08    0.27    2.73 v _236_/X (sky130_fd_sc_hd__o21a_2)
                                         _003_ (net)
                  0.08    0.00    2.73 v _239_/B1 (sky130_fd_sc_hd__a211oi_4)
     3    0.01    0.24    0.28    3.01 ^ _239_/Y (sky130_fd_sc_hd__a211oi_4)
                                         _006_ (net)
                  0.24    0.00    3.01 ^ _300_/A (sky130_fd_sc_hd__or3_1)
     2    0.00    0.04    0.15    3.16 ^ _300_/X (sky130_fd_sc_hd__or3_1)
                                         _063_ (net)
                  0.04    0.00    3.16 ^ _301_/C_N (sky130_fd_sc_hd__or3b_1)
     1    0.00    0.06    0.34    3.50 v _301_/X (sky130_fd_sc_hd__or3b_1)
                                         _064_ (net)
                  0.06    0.00    3.50 v _302_/B2 (sky130_fd_sc_hd__o2bb2a_1)
     2    0.00    0.05    0.29    3.79 v _302_/X (sky130_fd_sc_hd__o2bb2a_1)
                                         net21 (net)
                  0.05    0.00    3.79 v output21/A (sky130_fd_sc_hd__buf_2)
     1    0.03    0.09    0.19    3.98 v output21/X (sky130_fd_sc_hd__buf_2)
                                         out[1] (net)
                  0.09    0.00    3.98 v out[1] (out)
                                  3.98   data arrival time

                  0.00   10.00   10.00   clock __VIRTUAL_CLK__ (rise edge)
                          0.00   10.00   clock network delay (ideal)
                         -0.25    9.75   clock uncertainty
                          0.00    9.75   clock reconvergence pessimism
                         -2.00    7.75   output external delay
                                  7.75   data required time
-----------------------------------------------------------------------------
                                  7.75   data required time
                                 -3.98   data arrival time
-----------------------------------------------------------------------------
                                  3.77   slack (MET)


Startpoint: B[0] (input port clocked by __VIRTUAL_CLK__)
Endpoint: out[3] (output port clocked by __VIRTUAL_CLK__)
Path Group: __VIRTUAL_CLK__
Path Type: max

Fanout     Cap    Slew   Delay    Time   Description
-----------------------------------------------------------------------------
                  0.00    0.00    0.00   clock __VIRTUAL_CLK__ (rise edge)
                          0.00    0.00   clock network delay (ideal)
                          2.00    2.00 v input external delay
     1    0.00    0.01    0.00    2.00 v B[0] (in)
                                         B[0] (net)
                  0.01    0.00    2.00 v input9/A (sky130_fd_sc_hd__clkbuf_4)
     8    0.02    0.06    0.15    2.15 v input9/X (sky130_fd_sc_hd__clkbuf_4)
                                         net9 (net)
                  0.06    0.00    2.15 v _186_/A (sky130_fd_sc_hd__clkbuf_4)
    10    0.03    0.07    0.19    2.34 v _186_/X (sky130_fd_sc_hd__clkbuf_4)
                                         _114_ (net)
                  0.07    0.00    2.34 v _242_/A1 (sky130_fd_sc_hd__o31a_1)
     1    0.00    0.06    0.32    2.66 v _242_/X (sky130_fd_sc_hd__o31a_1)
                                         _009_ (net)
                  0.06    0.00    2.66 v _243_/B (sky130_fd_sc_hd__xnor2_1)
     2    0.00    0.16    0.17    2.84 ^ _243_/Y (sky130_fd_sc_hd__xnor2_1)
                                         _010_ (net)
                  0.16    0.00    2.84 ^ _245_/B (sky130_fd_sc_hd__nor2_1)
     3    0.01    0.06    0.09    2.93 v _245_/Y (sky130_fd_sc_hd__nor2_1)
                                         _012_ (net)
                  0.06    0.00    2.93 v _312_/A (sky130_fd_sc_hd__or2b_1)
     2    0.00    0.05    0.24    3.17 v _312_/X (sky130_fd_sc_hd__or2b_1)
                                         _073_ (net)
                  0.05    0.00    3.17 v _314_/A3 (sky130_fd_sc_hd__a31o_1)
     1    0.00    0.03    0.22    3.39 v _314_/X (sky130_fd_sc_hd__a31o_1)
                                         _075_ (net)
                  0.03    0.00    3.39 v _318_/A2 (sky130_fd_sc_hd__o21bai_1)
     1    0.00    0.08    0.10    3.49 ^ _318_/Y (sky130_fd_sc_hd__o21bai_1)
                                         _079_ (net)
                  0.08    0.00    3.49 ^ _319_/B1_N (sky130_fd_sc_hd__o21ba_1)
     1    0.00    0.03    0.15    3.64 v _319_/X (sky130_fd_sc_hd__o21ba_1)
                                         _080_ (net)
                  0.03    0.00    3.64 v _320_/B1 (sky130_fd_sc_hd__a21oi_1)
     1    0.00    0.09    0.10    3.73 ^ _320_/Y (sky130_fd_sc_hd__a21oi_1)
                                         net23 (net)
                  0.09    0.00    3.73 ^ output23/A (sky130_fd_sc_hd__buf_2)
     1    0.03    0.17    0.22    3.95 ^ output23/X (sky130_fd_sc_hd__buf_2)
                                         out[3] (net)
                  0.17    0.00    3.95 ^ out[3] (out)
                                  3.95   data arrival time

                  0.00   10.00   10.00   clock __VIRTUAL_CLK__ (rise edge)
                          0.00   10.00   clock network delay (ideal)
                         -0.25    9.75   clock uncertainty
                          0.00    9.75   clock reconvergence pessimism
                         -2.00    7.75   output external delay
                                  7.75   data required time
-----------------------------------------------------------------------------
                                  7.75   data required time
                                 -3.95   data arrival time
-----------------------------------------------------------------------------
                                  3.80   slack (MET)


Startpoint: opcode[1] (input port clocked by __VIRTUAL_CLK__)
Endpoint: out[0] (output port clocked by __VIRTUAL_CLK__)
Path Group: __VIRTUAL_CLK__
Path Type: max

Fanout     Cap    Slew   Delay    Time   Description
-----------------------------------------------------------------------------
                  0.00    0.00    0.00   clock __VIRTUAL_CLK__ (rise edge)
                          0.00    0.00   clock network delay (ideal)
                          2.00    2.00 v input external delay
     1    0.00    0.01    0.00    2.00 v opcode[1] (in)
                                         opcode[1] (net)
                  0.01    0.00    2.00 v input18/A (sky130_fd_sc_hd__buf_2)
     5    0.01    0.05    0.13    2.14 v input18/X (sky130_fd_sc_hd__buf_2)
                                         net18 (net)
                  0.05    0.00    2.14 v _161_/B (sky130_fd_sc_hd__or2_2)
     3    0.01    0.09    0.33    2.47 v _161_/X (sky130_fd_sc_hd__or2_2)
                                         _089_ (net)
                  0.09    0.00    2.47 v _250_/C (sky130_fd_sc_hd__and3_2)
     4    0.01    0.06    0.26    2.73 v _250_/X (sky130_fd_sc_hd__and3_2)
                                         _017_ (net)
                  0.06    0.00    2.73 v _251_/A (sky130_fd_sc_hd__inv_2)
     5    0.01    0.06    0.08    2.80 ^ _251_/Y (sky130_fd_sc_hd__inv_2)
                                         _018_ (net)
                  0.06    0.00    2.80 ^ _290_/B1 (sky130_fd_sc_hd__a22oi_1)
     1    0.00    0.06    0.06    2.86 v _290_/Y (sky130_fd_sc_hd__a22oi_1)
                                         _054_ (net)
                  0.06    0.00    2.86 v _292_/A2 (sky130_fd_sc_hd__o32a_1)
     1    0.00    0.05    0.34    3.20 v _292_/X (sky130_fd_sc_hd__o32a_1)
                                         _056_ (net)
                  0.05    0.00    3.20 v _293_/B1 (sky130_fd_sc_hd__a21o_1)
     1    0.00    0.03    0.15    3.35 v _293_/X (sky130_fd_sc_hd__a21o_1)
                                         net20 (net)
                  0.03    0.00    3.35 v output20/A (sky130_fd_sc_hd__buf_2)
     1    0.03    0.09    0.18    3.53 v output20/X (sky130_fd_sc_hd__buf_2)
                                         out[0] (net)
                  0.09    0.00    3.53 v out[0] (out)
                                  3.53   data arrival time

                  0.00   10.00   10.00   clock __VIRTUAL_CLK__ (rise edge)
                          0.00   10.00   clock network delay (ideal)
                         -0.25    9.75   clock uncertainty
                          0.00    9.75   clock reconvergence pessimism
                         -2.00    7.75   output external delay
                                  7.75   data required time
-----------------------------------------------------------------------------
                                  7.75   data required time
                                 -3.53   data arrival time
-----------------------------------------------------------------------------
                                  4.22   slack (MET)



worst slack corner Typical: 3.2171
