
===========================================================================
report_checks -unconstrained
===========================================================================
======================= Typical Corner ===================================

Startpoint: B[1] (input port clocked by __VIRTUAL_CLK__)
Endpoint: out[7] (output port clocked by __VIRTUAL_CLK__)
Path Group: __VIRTUAL_CLK__
Path Type: max

Fanout     Cap    Slew   Delay    Time   Description
-----------------------------------------------------------------------------
                  0.00    0.00    0.00   clock __VIRTUAL_CLK__ (rise edge)
                          0.00    0.00   clock network delay (ideal)
                          2.00    2.00 v input external delay
     1    0.00    0.01    0.00    2.00 v B[1] (in)
                                         B[1] (net)
                  0.01    0.00    2.00 v input10/A (sky130_fd_sc_hd__buf_1)
     3    0.00    0.04    0.09    2.09 v input10/X (sky130_fd_sc_hd__buf_1)
                                         net10 (net)
                  0.04    0.00    2.09 v _169_/A (sky130_fd_sc_hd__clkbuf_4)
    10    0.03    0.07    0.17    2.26 v _169_/X (sky130_fd_sc_hd__clkbuf_4)
                                         _097_ (net)
                  0.07    0.00    2.26 v _223_/A2 (sky130_fd_sc_hd__o41a_4)
     3    0.01    0.08    0.51    2.77 v _223_/X (sky130_fd_sc_hd__o41a_4)
                                         _151_ (net)
                  0.08    0.00    2.77 v _255_/A3 (sky130_fd_sc_hd__o31a_2)
     2    0.01    0.07    0.34    3.11 v _255_/X (sky130_fd_sc_hd__o31a_2)
                                         _021_ (net)
                  0.07    0.00    3.11 v _256_/B (sky130_fd_sc_hd__xnor2_2)
     2    0.01    0.06    0.15    3.26 v _256_/Y (sky130_fd_sc_hd__xnor2_2)
                                         _022_ (net)
                  0.06    0.00    3.26 v _257_/B (sky130_fd_sc_hd__xor2_1)
     1    0.00    0.07    0.15    3.42 v _257_/X (sky130_fd_sc_hd__xor2_1)
                                         _023_ (net)
                  0.07    0.00    3.42 v _258_/A (sky130_fd_sc_hd__inv_2)
     2    0.01    0.06    0.08    3.50 ^ _258_/Y (sky130_fd_sc_hd__inv_2)
                                         _024_ (net)
                  0.06    0.00    3.50 ^ _260_/B1 (sky130_fd_sc_hd__a311oi_4)
     3    0.01    0.08    0.05    3.54 v _260_/Y (sky130_fd_sc_hd__a311oi_4)
                                         _026_ (net)
                  0.08    0.00    3.54 v _281_/B (sky130_fd_sc_hd__or3_1)
     1    0.00    0.06    0.35    3.89 v _281_/X (sky130_fd_sc_hd__or3_1)
                                         _046_ (net)
                  0.06    0.00    3.89 v _282_/C (sky130_fd_sc_hd__and3_1)
     1    0.00    0.04    0.18    4.08 v _282_/X (sky130_fd_sc_hd__and3_1)
                                         _047_ (net)
                  0.04    0.00    4.08 v _289_/A2 (sky130_fd_sc_hd__o31a_1)
     1    0.00    0.04    0.27    4.35 v _289_/X (sky130_fd_sc_hd__o31a_1)
                                         net27 (net)
                  0.04    0.00    4.35 v output27/A (sky130_fd_sc_hd__buf_2)
     1    0.03    0.09    0.19    4.53 v output27/X (sky130_fd_sc_hd__buf_2)
                                         out[7] (net)
                  0.09    0.00    4.53 v out[7] (out)
                                  4.53   data arrival time

                  0.00   10.00   10.00   clock __VIRTUAL_CLK__ (rise edge)
                          0.00   10.00   clock network delay (ideal)
                         -0.25    9.75   clock uncertainty
                          0.00    9.75   clock reconvergence pessimism
                         -2.00    7.75   output external delay
                                  7.75   data required time
-----------------------------------------------------------------------------
                                  7.75   data required time
                                 -4.53   data arrival time
-----------------------------------------------------------------------------
                                  3.22   slack (MET)




===========================================================================
report_checks --slack_max -0.01
============================================================================
======================= Typical Corner ===================================

No paths found.


===========================================================================
 report_check_types -max_slew -max_cap -max_fanout -violators
============================================================================
======================= Typical Corner ===================================


max slew violations count Typical: 0
max fanout violations count Typical: 0
max cap violations count Typical: 0

===========================================================================
report_parasitic_annotation -report_unannotated
============================================================================
Found 218 unannotated drivers.
 A[0]
 A[1]
 A[2]
 A[3]
 A[4]
 A[5]
 A[6]
 A[7]
 B[0]
 B[1]
 B[2]
 B[3]
 B[4]
 B[5]
 B[6]
 B[7]
 opcode[0]
 opcode[1]
 opcode[2]
 _161_/X
 _162_/Y
 _163_/X
 _164_/Y
 _165_/Y
 _166_/X
 _167_/Y
 _168_/X
 _169_/X
 _170_/Y
 _171_/X
 _172_/X
 _173_/X
 _174_/Y
 _175_/X
 _176_/Y
 _177_/X
 _178_/X
 _179_/X
 _180_/Y
 _181_/Y
 _182_/Y
 _183_/X
 _184_/X
 _185_/Y
 _186_/X
 _187_/X
 _188_/X
 _189_/X
 _190_/Y
 _191_/Y
 _192_/X
 _193_/X
 _194_/X
 _195_/Y
 _196_/X
 _197_/Y
 _198_/X
 _199_/Y
 _200_/Y
 _201_/X
 _202_/Y
 _203_/Y
 _204_/X
 _205_/X
 _206_/Y
 _207_/Y
 _208_/Y
 _209_/Y
 _210_/X
 _211_/Y
 _212_/Y
 _213_/Y
 _214_/X
 _215_/X
 _216_/X
 _217_/X
 _218_/Y
 _219_/X
 _220_/X
 _221_/Y
 _222_/Y
 _223_/X
 _224_/X
 _225_/Y
 _226_/X
 _227_/Y
 _228_/Y
 _229_/Y
 _230_/Y
 _231_/Y
 _232_/Y
 _233_/X
 _234_/X
 _235_/Y
 _236_/X
 _237_/Y
 _238_/Y
 _239_/Y
 _240_/Y
 _241_/Y
 _242_/X
 _243_/Y
 _244_/Y
 _245_/Y
 _246_/X
 _247_/Y
 _248_/X
 _249_/X
 _250_/X
 _251_/Y
 _252_/Y
 _253_/X
 _254_/Y
 _255_/X
 _256_/Y
 _257_/X
 _258_/Y
 _259_/Y
 _260_/Y
 _261_/X
 _262_/X
 _263_/X
 _264_/Y
 _265_/X
 _266_/Y
 _267_/Y
 _268_/X
 _269_/Y
 _270_/Y
 _271_/X
 _272_/X
 _273_/Y
 _274_/Y
 _275_/Y
 _276_/Y
 _277_/Y
 _278_/X
 _279_/X
 _280_/Y
 _281_/X
 _282_/X
 _283_/Y
 _284_/X
 _285_/Y
 _286_/X
 _287_/X
 _288_/Y
 _289_/X
 _290_/Y
 _291_/X
 _292_/X
 _293_/X
 _294_/Y
 _295_/X
 _296_/Y
 _297_/X
 _298_/X
 _299_/X
 _300_/X
 _301_/X
 _302_/X
 _303_/X
 _304_/X
 _305_/X
 _306_/Y
 _307_/X
 _308_/X
 _309_/X
 _310_/X
 _311_/Y
 _312_/X
 _313_/Y
 _314_/X
 _315_/Y
 _316_/X
 _317_/X
 _318_/Y
 _319_/X
 _320_/Y
 _321_/X
 _322_/X
 _323_/Y
 _324_/Y
 _325_/X
 _326_/X
 _327_/X
 _328_/Y
 _329_/Y
 input1/X
 input10/X
 input11/X
 input12/X
 input13/X
 input14/X
 input15/X
 input16/X
 input17/X
 input18/X
 input19/X
 input2/X
 input3/X
 input4/X
 input5/X
 input6/X
 input7/X
 input8/X
 input9/X
 output20/X
 output21/X
 output22/X
 output23/X
 output24/X
 output25/X
 output26/X
 output27/X
 rebuffer1/X
 rebuffer2/X
 rebuffer3/X
Found 0 partially unannotated drivers.

===========================================================================
max slew violation count 0
max fanout violation count 0
max cap violation count 0
============================================================================

===========================================================================
check_setup -verbose -unconstrained_endpoints -multiple_clock -no_clock -no_input_delay -loops -generated_clocks
===========================================================================
