Sat May 24 14:37:31 +0000 2025 - Executing "{openroad -exit -no_init -python /openlane/scripts/odbpy/lefutil.py get_metal_layers -o /openlane/designs/sys/runs/RUN_2025.05.24_14.37.30/tmp/layers.list /root/.volare/sky130A/libs.ref/sky130_fd_sc_hd/techlef/sky130_fd_sc_hd__nom.tlef}"

Sat May 24 14:37:33 +0000 2025 - Executing "{/openlane/scripts/mergeLef.py -o /openlane/designs/sys/runs/RUN_2025.05.24_14.37.30/tmp/merged.nom.lef -i /root/.volare/sky130A/libs.ref/sky130_fd_sc_hd/techlef/sky130_fd_sc_hd__nom.tlef {/root/.volare/sky130A/libs.ref/sky130_fd_sc_hd/lef/sky130_ef_sc_hd.lef /root/.volare/sky130A/libs.ref/sky130_fd_sc_hd/lef/sky130_fd_sc_hd.lef} |& tee /dev/null}"

Sat May 24 14:37:33 +0000 2025 - Executing "{/openlane/scripts/mergeLef.py -o /openlane/designs/sys/runs/RUN_2025.05.24_14.37.30/tmp/merged.min.lef -i /root/.volare/sky130A/libs.ref/sky130_fd_sc_hd/techlef/sky130_fd_sc_hd__min.tlef {/root/.volare/sky130A/libs.ref/sky130_fd_sc_hd/lef/sky130_ef_sc_hd.lef /root/.volare/sky130A/libs.ref/sky130_fd_sc_hd/lef/sky130_fd_sc_hd.lef} |& tee /dev/null}"

Sat May 24 14:37:33 +0000 2025 - Executing "{/openlane/scripts/mergeLef.py -o /openlane/designs/sys/runs/RUN_2025.05.24_14.37.30/tmp/merged.max.lef -i /root/.volare/sky130A/libs.ref/sky130_fd_sc_hd/techlef/sky130_fd_sc_hd__max.tlef {/root/.volare/sky130A/libs.ref/sky130_fd_sc_hd/lef/sky130_ef_sc_hd.lef /root/.volare/sky130A/libs.ref/sky130_fd_sc_hd/lef/sky130_fd_sc_hd.lef} |& tee /dev/null}"

Sat May 24 14:37:33 +0000 2025 - Executing "{python3 /openlane/scripts/mergeLib.py --output /openlane/designs/sys/runs/RUN_2025.05.24_14.37.30/tmp/synthesis/merged.lib --name sky130A_merged /root/.volare/sky130A/libs.ref/sky130_fd_sc_hd/lib/sky130_fd_sc_hd__tt_025C_1v80.lib}"

Sat May 24 14:37:34 +0000 2025 - Executing "{python3 /openlane/scripts/libtrim.py --cell-file /openlane/designs/sys/runs/RUN_2025.05.24_14.37.30/tmp/synthesis/trimmed.lib.exclude.list --output /openlane/designs/sys/runs/RUN_2025.05.24_14.37.30/tmp/synthesis/trimmed.lib /openlane/designs/sys/runs/RUN_2025.05.24_14.37.30/tmp/synthesis/merged.lib}"

Sat May 24 14:37:34 +0000 2025 - Executing "{python3 /openlane/scripts/libtrim.py --cell-file /openlane/designs/sys/runs/RUN_2025.05.24_14.37.30/tmp/cts/cts.lib.exclude.list --output /openlane/designs/sys/runs/RUN_2025.05.24_14.37.30/tmp/cts/cts.lib /root/.volare/sky130A/libs.ref/sky130_fd_sc_hd/lib/sky130_fd_sc_hd__tt_025C_1v80.lib}"

Sat May 24 14:37:35 +0000 2025 - Executing "{python3 /openlane/scripts/libtrim.py --cell-file /openlane/designs/sys/runs/RUN_2025.05.24_14.37.30/tmp/cts/cts-fastest.lib.exclude.list --output /openlane/designs/sys/runs/RUN_2025.05.24_14.37.30/tmp/cts/cts-fastest.lib /root/.volare/sky130A/libs.ref/sky130_fd_sc_hd/lib/sky130_fd_sc_hd__ff_n40C_1v95.lib}"

Sat May 24 14:37:37 +0000 2025 - Executing "{python3 /openlane/scripts/libtrim.py --cell-file /openlane/designs/sys/runs/RUN_2025.05.24_14.37.30/tmp/cts/cts-slowest.lib.exclude.list --output /openlane/designs/sys/runs/RUN_2025.05.24_14.37.30/tmp/cts/cts-slowest.lib /root/.volare/sky130A/libs.ref/sky130_fd_sc_hd/lib/sky130_fd_sc_hd__ss_100C_1v60.lib}"

Sat May 24 14:37:38 +0000 2025 - Executing "{python3 /openlane/scripts/new_tracks.py -i /root/.volare/sky130A/libs.tech/openlane/sky130_fd_sc_hd/tracks.info -o /openlane/designs/sys/runs/RUN_2025.05.24_14.37.30/tmp/routing/config.tracks}"

Sat May 24 14:37:38 +0000 2025 - Executing "{echo {OpenLane e73fb3c57e687a0023fcd4dcfd1566ecd478362a} > /openlane/designs/sys/runs/RUN_2025.05.24_14.37.30/OPENLANE_COMMIT}"

Sat May 24 14:37:38 +0000 2025 - Executing "{yosys -c /openlane/scripts/yosys/blackbox.tcl}"

Sat May 24 14:37:38 +0000 2025 - Executing "{verilator -Wall --lint-only --Wno-DECLFILENAME --top-module sys /openlane/designs/sys/runs/RUN_2025.05.24_14.37.30/tmp/synthesis/blackbox/sky130_fd_sc_hd__blackbox.v /openlane/designs/sys/src/sys.v -Wno-fatal --relative-includes |& tee /openlane/designs/sys/runs/RUN_2025.05.24_14.37.30/logs/synthesis/linter.log /dev/null}"

Sat May 24 14:37:39 +0000 2025 - Executing "{sed -E {s/^([[:space:]]+)pg_pin(.*)/\1pin\2\n\1    direction : "inout";/g} /root/.volare/sky130A/libs.ref/sky130_fd_sc_hd/lib/sky130_fd_sc_hd__tt_025C_1v80.lib > /openlane/designs/sys/runs/RUN_2025.05.24_14.37.30/tmp/synthesis/1-sky130_fd_sc_hd__tt_025C_1v80.no_pg.lib}"

Sat May 24 14:37:39 +0000 2025 - Executing "{sed -E {s/^([[:space:]]+)pg_pin(.*)/\1pin\2\n\1    direction : "inout";/g} /openlane/designs/sys/runs/RUN_2025.05.24_14.37.30/tmp/synthesis/trimmed.lib > /openlane/designs/sys/runs/RUN_2025.05.24_14.37.30/tmp/synthesis/1-trimmed.no_pg.lib}"

Sat May 24 14:37:39 +0000 2025 - Executing "yosys -c /openlane/scripts/yosys/synth.tcl |& tee /dev/null /openlane/designs/sys/runs/RUN_2025.05.24_14.37.30/logs/synthesis/1-synthesis.log"

Sat May 24 14:37:39 +0000 2025 - Executing "{yosys -c /openlane/scripts/yosys/synth.tcl |& tee /dev/null /openlane/designs/sys/runs/RUN_2025.05.24_14.37.30/logs/synthesis/1-synthesis.log}"

Sat May 24 14:37:49 +0000 2025 - Executing "{sed -i.bak -e {s/\(set ::env(CURRENT_NETLIST)\).*/\1 \/openlane\/designs\/sys\/runs\/RUN_2025.05.24_14.37.30\/results\/synthesis\/sys.v/} /openlane/designs/sys/runs/RUN_2025.05.24_14.37.30/config.tcl}"

Sat May 24 14:37:49 +0000 2025 - Executing "{sed -i.bak /defparam/d /openlane/designs/sys/runs/RUN_2025.05.24_14.37.30/results/synthesis/sys.v}"

Sat May 24 14:37:50 +0000 2025 - Executing "sta -exit -no_init /openlane/scripts/openroad/sta/multi_corner.tcl |& tee /dev/null /openlane/designs/sys/runs/RUN_2025.05.24_14.37.30/logs/synthesis/2-sta.log"

Sat May 24 14:37:50 +0000 2025 - Executing "{sta -exit -no_init /openlane/scripts/openroad/sta/multi_corner.tcl |& tee /dev/null /openlane/designs/sys/runs/RUN_2025.05.24_14.37.30/logs/synthesis/2-sta.log}"

Sat May 24 14:37:52 +0000 2025 - Executing "openroad -exit /openlane/scripts/openroad/floorplan.tcl |& tee /dev/null /openlane/designs/sys/runs/RUN_2025.05.24_14.37.30/logs/floorplan/3-initial_fp.log"

Sat May 24 14:37:52 +0000 2025 - Executing "{openroad -exit /openlane/scripts/openroad/floorplan.tcl |& tee /dev/null /openlane/designs/sys/runs/RUN_2025.05.24_14.37.30/logs/floorplan/3-initial_fp.log}"

Sat May 24 14:37:53 +0000 2025 - Executing "{openroad -exit -no_init -python /openlane/scripts/odbpy/defutil.py extract_core_dims --output-data /openlane/designs/sys/runs/RUN_2025.05.24_14.37.30/tmp/dimensions.txt --input-lef /openlane/designs/sys/runs/RUN_2025.05.24_14.37.30/tmp/merged.nom.lef /openlane/designs/sys/runs/RUN_2025.05.24_14.37.30/tmp/floorplan/3-initial_fp.def}"

Sat May 24 14:37:54 +0000 2025 - Executing "{openroad -exit -no_init -python /openlane/scripts/odbpy/io_place.py --config /openlane/designs/sys/pin_order.cfg --hor-layer met3 --ver-layer met2 --ver-width-mult 2 --hor-width-mult 2 --hor-extension 0 --ver-extension 0 --length 4 --unmatched-error --input-lef /openlane/designs/sys/runs/RUN_2025.05.24_14.37.30/tmp/merged.nom.lef --output-def /openlane/designs/sys/runs/RUN_2025.05.24_14.37.30/tmp/floorplan/4-io.def --output /openlane/designs/sys/runs/RUN_2025.05.24_14.37.30/tmp/floorplan/4-io.odb /openlane/designs/sys/runs/RUN_2025.05.24_14.37.30/tmp/floorplan/3-initial_fp.odb |& tee /dev/null /openlane/designs/sys/runs/RUN_2025.05.24_14.37.30/logs/floorplan/4-place_io.log}"

Sat May 24 14:37:55 +0000 2025 - Executing "openroad -exit /openlane/scripts/openroad/tapcell.tcl |& tee /dev/null /openlane/designs/sys/runs/RUN_2025.05.24_14.37.30/logs/floorplan/5-tap.log"

Sat May 24 14:37:55 +0000 2025 - Executing "{openroad -exit /openlane/scripts/openroad/tapcell.tcl |& tee /dev/null /openlane/designs/sys/runs/RUN_2025.05.24_14.37.30/logs/floorplan/5-tap.log}"

Sat May 24 14:37:57 +0000 2025 - Executing "openroad -exit /openlane/scripts/openroad/pdn.tcl |& tee /dev/null /openlane/designs/sys/runs/RUN_2025.05.24_14.37.30/logs/floorplan/6-pdn.log"

Sat May 24 14:37:57 +0000 2025 - Executing "{openroad -exit /openlane/scripts/openroad/pdn.tcl |& tee /dev/null /openlane/designs/sys/runs/RUN_2025.05.24_14.37.30/logs/floorplan/6-pdn.log}"

Sat May 24 14:38:14 +0000 2025 - Executing "openroad -exit /openlane/scripts/openroad/gpl.tcl |& tee /dev/null /openlane/designs/sys/runs/RUN_2025.05.24_14.37.30/logs/placement/6-global.log"

Sat May 24 14:38:14 +0000 2025 - Executing "{openroad -exit /openlane/scripts/openroad/gpl.tcl |& tee /dev/null /openlane/designs/sys/runs/RUN_2025.05.24_14.37.30/logs/placement/6-global.log}"

Sat May 24 14:38:49 +0000 2025 - Executing "{sed -i.bak -e {s/\(set ::env(CURRENT_NETLIST)\).*/\1 \/openlane\/designs\/sys\/runs\/RUN_2025.05.24_14.37.30\/tmp\/placement\/7-global.nl.v/} /openlane/designs/sys/runs/RUN_2025.05.24_14.37.30/config.tcl}"

Sat May 24 14:38:49 +0000 2025 - Executing "openroad -exit /openlane/scripts/openroad/sta/multi_corner.tcl |& tee /dev/null /openlane/designs/sys/runs/RUN_2025.05.24_14.37.30/logs/placement/8-gpl_sta.log"

Sat May 24 14:38:49 +0000 2025 - Executing "{openroad -exit /openlane/scripts/openroad/sta/multi_corner.tcl |& tee /dev/null /openlane/designs/sys/runs/RUN_2025.05.24_14.37.30/logs/placement/8-gpl_sta.log}"

Sat May 24 14:38:54 +0000 2025 - Executing "openroad -exit /openlane/scripts/openroad/resizer.tcl |& tee /dev/null /openlane/designs/sys/runs/RUN_2025.05.24_14.37.30/logs/placement/9-resizer.log"

Sat May 24 14:38:54 +0000 2025 - Executing "{openroad -exit /openlane/scripts/openroad/resizer.tcl |& tee /dev/null /openlane/designs/sys/runs/RUN_2025.05.24_14.37.30/logs/placement/9-resizer.log}"

Sat May 24 14:39:04 +0000 2025 - Executing "{sed -i.bak -e {s/\(set ::env(CURRENT_NETLIST)\).*/\1 \/openlane\/designs\/sys\/runs\/RUN_2025.05.24_14.37.30\/tmp\/placement\/9-resizer.nl.v/} /openlane/designs/sys/runs/RUN_2025.05.24_14.37.30/config.tcl}"

Sat May 24 14:39:04 +0000 2025 - Executing "openroad -exit /openlane/scripts/openroad/dpl.tcl |& tee /dev/null /openlane/designs/sys/runs/RUN_2025.05.24_14.37.30/logs/placement/10-detailed.log"

Sat May 24 14:39:05 +0000 2025 - Executing "{openroad -exit /openlane/scripts/openroad/dpl.tcl |& tee /dev/null /openlane/designs/sys/runs/RUN_2025.05.24_14.37.30/logs/placement/10-detailed.log}"

Sat May 24 14:39:07 +0000 2025 - Executing "{sed -i.bak -e {s/\(set ::env(CURRENT_NETLIST)\).*/\1 \/openlane\/designs\/sys\/runs\/RUN_2025.05.24_14.37.30\/results\/placement\/sys.nl.v/} /openlane/designs/sys/runs/RUN_2025.05.24_14.37.30/config.tcl}"

Sat May 24 14:39:07 +0000 2025 - Executing "openroad -exit /openlane/scripts/openroad/sta/multi_corner.tcl |& tee /dev/null /openlane/designs/sys/runs/RUN_2025.05.24_14.37.30/logs/placement/11-dpl_sta.log"

Sat May 24 14:39:07 +0000 2025 - Executing "{openroad -exit /openlane/scripts/openroad/sta/multi_corner.tcl |& tee /dev/null /openlane/designs/sys/runs/RUN_2025.05.24_14.37.30/logs/placement/11-dpl_sta.log}"

Sat May 24 14:39:12 +0000 2025 - Executing "openroad -exit /openlane/scripts/openroad/cts.tcl |& tee /dev/null /openlane/designs/sys/runs/RUN_2025.05.24_14.37.30/logs/cts/12-cts.log"

Sat May 24 14:39:12 +0000 2025 - Executing "{openroad -exit /openlane/scripts/openroad/cts.tcl |& tee /dev/null /openlane/designs/sys/runs/RUN_2025.05.24_14.37.30/logs/cts/12-cts.log}"

Sat May 24 14:39:28 +0000 2025 - Executing "openroad -exit /openlane/scripts/openroad/sta/multi_corner.tcl |& tee /dev/null /openlane/designs/sys/runs/RUN_2025.05.24_14.37.30/logs/cts/13-cts_sta.log"

Sat May 24 14:39:28 +0000 2025 - Executing "{openroad -exit /openlane/scripts/openroad/sta/multi_corner.tcl |& tee /dev/null /openlane/designs/sys/runs/RUN_2025.05.24_14.37.30/logs/cts/13-cts_sta.log}"

Sat May 24 14:39:35 +0000 2025 - Executing "openroad -exit /openlane/scripts/openroad/resizer_timing.tcl |& tee /dev/null /openlane/designs/sys/runs/RUN_2025.05.24_14.37.30/logs/cts/14-resizer.log"

Sat May 24 14:39:35 +0000 2025 - Executing "{openroad -exit /openlane/scripts/openroad/resizer_timing.tcl |& tee /dev/null /openlane/designs/sys/runs/RUN_2025.05.24_14.37.30/logs/cts/14-resizer.log}"

Sat May 24 14:39:43 +0000 2025 - Executing "{sed -i.bak -e {s/\(set ::env(CURRENT_NETLIST)\).*/\1 \/openlane\/designs\/sys\/runs\/RUN_2025.05.24_14.37.30\/tmp\/cts\/14-sys.resized.nl.v/} /openlane/designs/sys/runs/RUN_2025.05.24_14.37.30/config.tcl}"

Sat May 24 14:39:43 +0000 2025 - Executing "openroad -exit /openlane/scripts/openroad/resizer_routing_design.tcl |& tee /dev/null /openlane/designs/sys/runs/RUN_2025.05.24_14.37.30/logs/routing/15-resizer_design.log"

Sat May 24 14:39:43 +0000 2025 - Executing "{openroad -exit /openlane/scripts/openroad/resizer_routing_design.tcl |& tee /dev/null /openlane/designs/sys/runs/RUN_2025.05.24_14.37.30/logs/routing/15-resizer_design.log}"

Sat May 24 14:39:55 +0000 2025 - Executing "{sed -i.bak -e {s/\(set ::env(CURRENT_NETLIST)\).*/\1 \/openlane\/designs\/sys\/runs\/RUN_2025.05.24_14.37.30\/tmp\/15-sys.nl.v/} /openlane/designs/sys/runs/RUN_2025.05.24_14.37.30/config.tcl}"

Sat May 24 14:39:55 +0000 2025 - Executing "openroad -exit /openlane/scripts/openroad/sta/multi_corner.tcl |& tee /dev/null /openlane/designs/sys/runs/RUN_2025.05.24_14.37.30/logs/routing/16-rsz_design_sta.log"

Sat May 24 14:39:55 +0000 2025 - Executing "{openroad -exit /openlane/scripts/openroad/sta/multi_corner.tcl |& tee /dev/null /openlane/designs/sys/runs/RUN_2025.05.24_14.37.30/logs/routing/16-rsz_design_sta.log}"

Sat May 24 14:40:03 +0000 2025 - Executing "openroad -exit /openlane/scripts/openroad/resizer_routing_timing.tcl |& tee /dev/null /openlane/designs/sys/runs/RUN_2025.05.24_14.37.30/logs/routing/17-resizer_timing.log"

Sat May 24 14:40:03 +0000 2025 - Executing "{openroad -exit /openlane/scripts/openroad/resizer_routing_timing.tcl |& tee /dev/null /openlane/designs/sys/runs/RUN_2025.05.24_14.37.30/logs/routing/17-resizer_timing.log}"

Sat May 24 14:40:14 +0000 2025 - Executing "{sed -i.bak -e {s/\(set ::env(CURRENT_NETLIST)\).*/\1 \/openlane\/designs\/sys\/runs\/RUN_2025.05.24_14.37.30\/tmp\/17-sys.nl.v/} /openlane/designs/sys/runs/RUN_2025.05.24_14.37.30/config.tcl}"

Sat May 24 14:40:14 +0000 2025 - Executing "openroad -exit /openlane/scripts/openroad/sta/multi_corner.tcl |& tee /dev/null /openlane/designs/sys/runs/RUN_2025.05.24_14.37.30/logs/routing/18-rsz_timing_sta.log"

Sat May 24 14:40:14 +0000 2025 - Executing "{openroad -exit /openlane/scripts/openroad/sta/multi_corner.tcl |& tee /dev/null /openlane/designs/sys/runs/RUN_2025.05.24_14.37.30/logs/routing/18-rsz_timing_sta.log}"

Sat May 24 14:40:20 +0000 2025 - Executing "openroad -exit /openlane/scripts/openroad/repair_antennas.tcl |& tee /dev/null /openlane/designs/sys/runs/RUN_2025.05.24_14.37.30/logs/routing/19-global.log"

Sat May 24 14:40:20 +0000 2025 - Executing "{openroad -exit /openlane/scripts/openroad/repair_antennas.tcl |& tee /dev/null /openlane/designs/sys/runs/RUN_2025.05.24_14.37.30/logs/routing/19-global.log}"

Sat May 24 14:40:30 +0000 2025 - Executing "openroad -exit /openlane/scripts/openroad/write_views.tcl |& tee /dev/null /openlane/designs/sys/runs/RUN_2025.05.24_14.37.30/logs/routing/19-global_write_netlist.log"

Sat May 24 14:40:30 +0000 2025 - Executing "{openroad -exit /openlane/scripts/openroad/write_views.tcl |& tee /dev/null /openlane/designs/sys/runs/RUN_2025.05.24_14.37.30/logs/routing/19-global_write_netlist.log}"

Sat May 24 14:40:31 +0000 2025 - Executing "{sed -i.bak -e {s/\(set ::env(CURRENT_NETLIST)\).*/\1 \/openlane\/designs\/sys\/runs\/RUN_2025.05.24_14.37.30\/tmp\/routing\/global.nl.v/} /openlane/designs/sys/runs/RUN_2025.05.24_14.37.30/config.tcl}"

Sat May 24 14:40:32 +0000 2025 - Executing "openroad -exit /openlane/scripts/openroad/sta/multi_corner.tcl |& tee /dev/null /openlane/designs/sys/runs/RUN_2025.05.24_14.37.30/logs/routing/21-grt_sta.log"

Sat May 24 14:40:32 +0000 2025 - Executing "{openroad -exit /openlane/scripts/openroad/sta/multi_corner.tcl |& tee /dev/null /openlane/designs/sys/runs/RUN_2025.05.24_14.37.30/logs/routing/21-grt_sta.log}"

Sat May 24 14:40:36 +0000 2025 - Executing "openroad -exit /openlane/scripts/openroad/fill.tcl |& tee /dev/null /openlane/designs/sys/runs/RUN_2025.05.24_14.37.30/logs/routing/22-fill.log"

Sat May 24 14:40:36 +0000 2025 - Executing "{openroad -exit /openlane/scripts/openroad/fill.tcl |& tee /dev/null /openlane/designs/sys/runs/RUN_2025.05.24_14.37.30/logs/routing/22-fill.log}"

Sat May 24 14:40:47 +0000 2025 - Executing "{sed -i.bak -e {s/\(set ::env(CURRENT_NETLIST)\).*/\1 \/openlane\/designs\/sys\/runs\/RUN_2025.05.24_14.37.30\/tmp\/routing\/22-fill.nl.v/} /openlane/designs/sys/runs/RUN_2025.05.24_14.37.30/config.tcl}"

Sat May 24 14:40:47 +0000 2025 - Executing "openroad -exit -metrics /openlane/designs/sys/runs/RUN_2025.05.24_14.37.30/reports/routing/23-drt_metrics.json /openlane/scripts/openroad/droute.tcl |& tee /dev/null /openlane/designs/sys/runs/RUN_2025.05.24_14.37.30/logs/routing/23-detailed.log"

Sat May 24 14:40:47 +0000 2025 - Executing "{openroad -exit -metrics /openlane/designs/sys/runs/RUN_2025.05.24_14.37.30/reports/routing/23-drt_metrics.json /openlane/scripts/openroad/droute.tcl |& tee /dev/null /openlane/designs/sys/runs/RUN_2025.05.24_14.37.30/logs/routing/23-detailed.log}"

Sat May 24 14:44:15 +0000 2025 - Executing "{sed -i.bak -e {s/\(set ::env(CURRENT_NETLIST)\).*/\1 \/openlane\/designs\/sys\/runs\/RUN_2025.05.24_14.37.30\/results\/routing\/sys.nl.v/} /openlane/designs/sys/runs/RUN_2025.05.24_14.37.30/config.tcl}"

Sat May 24 14:44:15 +0000 2025 - Executing "{python3 /openlane/scripts/drc_rosetta.py tr to_klayout -o /openlane/designs/sys/runs/RUN_2025.05.24_14.37.30/reports/routing/drt.klayout.xml --design-name sys /openlane/designs/sys/runs/RUN_2025.05.24_14.37.30/reports/routing/drt.drc}"

Sat May 24 14:44:15 +0000 2025 - Executing "{openroad -exit -no_init -python /openlane/scripts/odbpy/wire_lengths.py --report-out /openlane/designs/sys/runs/RUN_2025.05.24_14.37.30/reports/routing/24-wire_lengths.csv --input-lef /openlane/designs/sys/runs/RUN_2025.05.24_14.37.30/tmp/merged.nom.lef --output-def /openlane/designs/sys/runs/RUN_2025.05.24_14.37.30/results/routing/sys.def --output /openlane/designs/sys/runs/RUN_2025.05.24_14.37.30/results/routing/sys.odb /openlane/designs/sys/runs/RUN_2025.05.24_14.37.30/results/routing/sys.odb |& tee /dev/null /openlane/designs/sys/runs/RUN_2025.05.24_14.37.30/logs/routing/24-wire_lengths.log}"

Sat May 24 14:44:17 +0000 2025 - Executing "openroad -exit /openlane/scripts/openroad/rcx.tcl |& tee /dev/null /openlane/designs/sys/runs/RUN_2025.05.24_14.37.30/logs/signoff/25-parasitics_extraction.min.log"

Sat May 24 14:44:17 +0000 2025 - Executing "{openroad -exit /openlane/scripts/openroad/rcx.tcl |& tee /dev/null /openlane/designs/sys/runs/RUN_2025.05.24_14.37.30/logs/signoff/25-parasitics_extraction.min.log}"

Sat May 24 14:44:22 +0000 2025 - Executing "sta -exit -no_init /openlane/scripts/openroad/sta/multi_corner.tcl |& tee /dev/null /openlane/designs/sys/runs/RUN_2025.05.24_14.37.30/logs/signoff/26-rcx_mcsta.min.log"

Sat May 24 14:44:22 +0000 2025 - Executing "{sta -exit -no_init /openlane/scripts/openroad/sta/multi_corner.tcl |& tee /dev/null /openlane/designs/sys/runs/RUN_2025.05.24_14.37.30/logs/signoff/26-rcx_mcsta.min.log}"

Sat May 24 14:44:34 +0000 2025 - Executing "openroad -exit /openlane/scripts/openroad/rcx.tcl |& tee /dev/null /openlane/designs/sys/runs/RUN_2025.05.24_14.37.30/logs/signoff/27-parasitics_extraction.max.log"

Sat May 24 14:44:34 +0000 2025 - Executing "{openroad -exit /openlane/scripts/openroad/rcx.tcl |& tee /dev/null /openlane/designs/sys/runs/RUN_2025.05.24_14.37.30/logs/signoff/27-parasitics_extraction.max.log}"

Sat May 24 14:44:39 +0000 2025 - Executing "sta -exit -no_init /openlane/scripts/openroad/sta/multi_corner.tcl |& tee /dev/null /openlane/designs/sys/runs/RUN_2025.05.24_14.37.30/logs/signoff/28-rcx_mcsta.max.log"

Sat May 24 14:44:39 +0000 2025 - Executing "{sta -exit -no_init /openlane/scripts/openroad/sta/multi_corner.tcl |& tee /dev/null /openlane/designs/sys/runs/RUN_2025.05.24_14.37.30/logs/signoff/28-rcx_mcsta.max.log}"

Sat May 24 14:44:52 +0000 2025 - Executing "openroad -exit /openlane/scripts/openroad/rcx.tcl |& tee /dev/null /openlane/designs/sys/runs/RUN_2025.05.24_14.37.30/logs/signoff/29-parasitics_extraction.nom.log"

Sat May 24 14:44:52 +0000 2025 - Executing "{openroad -exit /openlane/scripts/openroad/rcx.tcl |& tee /dev/null /openlane/designs/sys/runs/RUN_2025.05.24_14.37.30/logs/signoff/29-parasitics_extraction.nom.log}"

Sat May 24 14:44:56 +0000 2025 - Executing "sta -exit -no_init /openlane/scripts/openroad/sta/multi_corner.tcl |& tee /dev/null /openlane/designs/sys/runs/RUN_2025.05.24_14.37.30/logs/signoff/30-rcx_mcsta.nom.log"

Sat May 24 14:44:56 +0000 2025 - Executing "{sta -exit -no_init /openlane/scripts/openroad/sta/multi_corner.tcl |& tee /dev/null /openlane/designs/sys/runs/RUN_2025.05.24_14.37.30/logs/signoff/30-rcx_mcsta.nom.log}"

Sat May 24 14:45:21 +0000 2025 - Executing "openroad -exit /openlane/scripts/openroad/irdrop.tcl |& tee /dev/null /openlane/designs/sys/runs/RUN_2025.05.24_14.37.30/logs/signoff/31-irdrop.log"

Sat May 24 14:45:21 +0000 2025 - Executing "{openroad -exit /openlane/scripts/openroad/irdrop.tcl |& tee /dev/null /openlane/designs/sys/runs/RUN_2025.05.24_14.37.30/logs/signoff/31-irdrop.log}"

Sat May 24 14:46:29 +0000 2025 - Executing "magic -noconsole -dnull -rcfile /root/.volare/sky130A/libs.tech/magic/sky130A.magicrc < /openlane/scripts/magic/wrapper.tcl |& tee /dev/null /openlane/designs/sys/runs/RUN_2025.05.24_14.37.30/logs/signoff/32-gdsii.log"

Sat May 24 14:46:29 +0000 2025 - Executing "{magic -noconsole -dnull -rcfile /root/.volare/sky130A/libs.tech/magic/sky130A.magicrc < /openlane/scripts/magic/wrapper.tcl |& tee /dev/null /openlane/designs/sys/runs/RUN_2025.05.24_14.37.30/logs/signoff/32-gdsii.log}"

Sat May 24 14:46:57 +0000 2025 - Executing "magic -noconsole -dnull -rcfile /root/.volare/sky130A/libs.tech/magic/sky130A.magicrc < /openlane/scripts/magic/wrapper.tcl |& tee /dev/null /openlane/designs/sys/runs/RUN_2025.05.24_14.37.30/logs/signoff/32-gds_ptrs.log"

Sat May 24 14:46:57 +0000 2025 - Executing "{magic -noconsole -dnull -rcfile /root/.volare/sky130A/libs.tech/magic/sky130A.magicrc < /openlane/scripts/magic/wrapper.tcl |& tee /dev/null /openlane/designs/sys/runs/RUN_2025.05.24_14.37.30/logs/signoff/32-gds_ptrs.log}"

Sat May 24 14:47:09 +0000 2025 - Executing "{sed -i.bak -n {/^<< properties >>/,/^<< end >>/p} /openlane/designs/sys/runs/RUN_2025.05.24_14.37.30/tmp/signoff/gds_ptrs.mag}"

Sat May 24 14:47:09 +0000 2025 - Executing "magic -noconsole -dnull -rcfile /root/.volare/sky130A/libs.tech/magic/sky130A.magicrc < /openlane/scripts/magic/wrapper.tcl |& tee /dev/null /openlane/designs/sys/runs/RUN_2025.05.24_14.37.30/logs/signoff/32-lef.log"

Sat May 24 14:47:09 +0000 2025 - Executing "{magic -noconsole -dnull -rcfile /root/.volare/sky130A/libs.tech/magic/sky130A.magicrc < /openlane/scripts/magic/wrapper.tcl |& tee /dev/null /openlane/designs/sys/runs/RUN_2025.05.24_14.37.30/logs/signoff/32-lef.log}"

Sat May 24 14:49:38 +0000 2025 - Executing "magic -noconsole -dnull -rcfile /root/.volare/sky130A/libs.tech/magic/sky130A.magicrc < /openlane/scripts/magic/wrapper.tcl |& tee /dev/null /openlane/designs/sys/runs/RUN_2025.05.24_14.37.30/logs/signoff/32-maglef.log"

Sat May 24 14:49:38 +0000 2025 - Executing "{magic -noconsole -dnull -rcfile /root/.volare/sky130A/libs.tech/magic/sky130A.magicrc < /openlane/scripts/magic/wrapper.tcl |& tee /dev/null /openlane/designs/sys/runs/RUN_2025.05.24_14.37.30/logs/signoff/32-maglef.log}"

Sat May 24 14:49:38 +0000 2025 - Executing "{python3 /openlane/scripts/klayout/stream_out.py --output /openlane/designs/sys/runs/RUN_2025.05.24_14.37.30/results/signoff/sys.klayout.gds --lyt /root/.volare/sky130A/libs.tech/klayout/tech/sky130A.lyt --lym /root/.volare/sky130A/libs.tech/klayout/tech/sky130A.map --lyp /root/.volare/sky130A/libs.tech/klayout/tech/sky130A.lyp --top sys --with-gds-file /root/.volare/sky130A/libs.ref/sky130_fd_sc_hd/gds/sky130_fd_sc_hd.gds --input-lef /openlane/designs/sys/runs/RUN_2025.05.24_14.37.30/tmp/merged.nom.lef /openlane/designs/sys/runs/RUN_2025.05.24_14.37.30/results/routing/sys.def |& tee /dev/null /openlane/designs/sys/runs/RUN_2025.05.24_14.37.30/logs/signoff/33-gdsii-klayout.log}"

Sat May 24 14:49:52 +0000 2025 - Executing "{klayout -b -r /openlane/scripts/klayout/xor.drc -rd a=/openlane/designs/sys/runs/RUN_2025.05.24_14.37.30/results/signoff/sys.gds -rd b=/openlane/designs/sys/runs/RUN_2025.05.24_14.37.30/results/signoff/sys.klayout.gds -rd jobs=1 -rd rdb_out=/openlane/designs/sys/runs/RUN_2025.05.24_14.37.30/reports/signoff/34-xor.xml -rd ignore=81/14 -rd rpt_out=/openlane/designs/sys/runs/RUN_2025.05.24_14.37.30/reports/signoff/34-xor.rpt |& tee /dev/null /openlane/designs/sys/runs/RUN_2025.05.24_14.37.30/logs/signoff/34-xor.log}"

Sat May 24 14:52:49 +0000 2025 - Executing "magic -noconsole -dnull -rcfile /root/.volare/sky130A/libs.tech/magic/sky130A.magicrc < /openlane/scripts/magic/wrapper.tcl |& tee /dev/null /openlane/designs/sys/runs/RUN_2025.05.24_14.37.30/logs/signoff/35-spice.log"

Sat May 24 14:52:49 +0000 2025 - Executing "{magic -noconsole -dnull -rcfile /root/.volare/sky130A/libs.tech/magic/sky130A.magicrc < /openlane/scripts/magic/wrapper.tcl |& tee /dev/null /openlane/designs/sys/runs/RUN_2025.05.24_14.37.30/logs/signoff/35-spice.log}"

Sat May 24 14:56:15 +0000 2025 - Executing "{openroad -exit -no_init -python /openlane/scripts/odbpy/power_utils.py write_powered_def --output /openlane/designs/sys/runs/RUN_2025.05.24_14.37.30/tmp/signoff/35-sys.p.def --input-lef /openlane/designs/sys/runs/RUN_2025.05.24_14.37.30/tmp/merged.nom.lef --power-port VPWR --ground-port VGND --powered-netlist {} /openlane/designs/sys/runs/RUN_2025.05.24_14.37.30/results/routing/sys.def |& tee /dev/null /openlane/designs/sys/runs/RUN_2025.05.24_14.37.30/logs/signoff/36-write_powered_def.log}"

Sat May 24 14:56:19 +0000 2025 - Executing "openroad -exit /openlane/scripts/openroad/write_views.tcl |& tee /dev/null /openlane/designs/sys/runs/RUN_2025.05.24_14.37.30/logs/signoff/36-write_powered_verilog.log"

Sat May 24 14:56:19 +0000 2025 - Executing "{openroad -exit /openlane/scripts/openroad/write_views.tcl |& tee /dev/null /openlane/designs/sys/runs/RUN_2025.05.24_14.37.30/logs/signoff/36-write_powered_verilog.log}"

Sat May 24 14:56:22 +0000 2025 - Executing "{sed -i.bak -e {s/\(set ::env(CURRENT_NETLIST)\).*/\1 \/openlane\/designs\/sys\/runs\/RUN_2025.05.24_14.37.30\/tmp\/signoff\/35-sys.nl.v/} /openlane/designs/sys/runs/RUN_2025.05.24_14.37.30/config.tcl}"

Sat May 24 14:56:22 +0000 2025 - Executing "{netgen -batch source /openlane/designs/sys/runs/RUN_2025.05.24_14.37.30/tmp/signoff/38-setup_file.lef.lvs |& tee /dev/null /openlane/designs/sys/runs/RUN_2025.05.24_14.37.30/logs/signoff/38-lvs.lef.log}"

Sat May 24 14:57:32 +0000 2025 - Executing "magic -noconsole -dnull -rcfile /root/.volare/sky130A/libs.tech/magic/sky130A.magicrc < /openlane/scripts/magic/wrapper.tcl |& tee /dev/null /openlane/designs/sys/runs/RUN_2025.05.24_14.37.30/logs/signoff/39-drc.log"

Sat May 24 14:57:32 +0000 2025 - Executing "{magic -noconsole -dnull -rcfile /root/.volare/sky130A/libs.tech/magic/sky130A.magicrc < /openlane/scripts/magic/wrapper.tcl |& tee /dev/null /openlane/designs/sys/runs/RUN_2025.05.24_14.37.30/logs/signoff/39-drc.log}"

Sat May 24 15:16:06 +0000 2025 - Executing "{python3 /openlane/scripts/drc_rosetta.py magic to_tcl -o /openlane/designs/sys/runs/RUN_2025.05.24_14.37.30/reports/signoff/drc.tcl /openlane/designs/sys/runs/RUN_2025.05.24_14.37.30/reports/signoff/drc.rpt}"

Sat May 24 15:16:06 +0000 2025 - Executing "{python3 /openlane/scripts/drc_rosetta.py magic to_tr -o /openlane/designs/sys/runs/RUN_2025.05.24_14.37.30/reports/signoff/drc.tr /openlane/designs/sys/runs/RUN_2025.05.24_14.37.30/reports/signoff/drc.rpt}"

Sat May 24 15:16:06 +0000 2025 - Executing "{python3 /openlane/scripts/drc_rosetta.py tr to_klayout -o /openlane/designs/sys/runs/RUN_2025.05.24_14.37.30/reports/signoff/drc.klayout.xml --design-name sys /openlane/designs/sys/runs/RUN_2025.05.24_14.37.30/reports/signoff/drc.tr}"

Sat May 24 15:16:06 +0000 2025 - Executing "{python3 /openlane/scripts/drc_rosetta.py magic to_rdb -o /openlane/designs/sys/runs/RUN_2025.05.24_14.37.30/reports/signoff/drc.rdb /openlane/designs/sys/runs/RUN_2025.05.24_14.37.30/reports/signoff/drc.rpt}"

Sat May 24 15:16:06 +0000 2025 - Executing "{klayout -b -zz -r /root/.volare/sky130A/libs.tech/klayout/drc/sky130A_mr.drc -rd topcell=sys -rd input=/openlane/designs/sys/runs/RUN_2025.05.24_14.37.30/results/signoff/sys.gds -rd report=/openlane/designs/sys/runs/RUN_2025.05.24_14.37.30/reports/signoff/violations.xml -rd feol=true -rd beol=true -rd floating_metal=false -rd seal=true -rd thread=1 |& tee /dev/null /openlane/designs/sys/runs/RUN_2025.05.24_14.37.30/logs/signoff/40-drc-klayout.log}"

Sat May 24 15:30:40 +0000 2025 - Executing "{python3 /openlane/scripts/klayout/xml_drc_report_to_json.py --xml-file /openlane/designs/sys/runs/RUN_2025.05.24_14.37.30/reports/signoff/violations.xml --json-file /openlane/designs/sys/runs/RUN_2025.05.24_14.37.30/reports/signoff/violations.json}"

Sat May 24 15:30:40 +0000 2025 - Executing "openroad -exit /openlane/scripts/openroad/antenna_check.tcl |& tee /dev/null /openlane/designs/sys/runs/RUN_2025.05.24_14.37.30/logs/signoff/41-arc.log"

Sat May 24 15:30:40 +0000 2025 - Executing "{openroad -exit /openlane/scripts/openroad/antenna_check.tcl |& tee /dev/null /openlane/designs/sys/runs/RUN_2025.05.24_14.37.30/logs/signoff/41-arc.log}"

Sat May 24 15:30:49 +0000 2025 - Executing "{python3 /openlane/scripts/extract_antenna_violators.py --output /openlane/designs/sys/runs/RUN_2025.05.24_14.37.30/reports/signoff/41-antenna_violators.rpt --plain-out /openlane/designs/sys/runs/RUN_2025.05.24_14.37.30/reports/signoff/41-antenna_violators_pins.txt /openlane/designs/sys/runs/RUN_2025.05.24_14.37.30/logs/signoff/41-arc.log}"

Sat May 24 15:30:50 +0000 2025 - Executing "{python3 /openlane/scripts/write_runtime.py --conclude --seconds --time-in 1748100650 {flow completed}}"

Sat May 24 15:30:50 +0000 2025 - Executing "{python3 /openlane/scripts/generate_reports.py -d /openlane/designs/sys --design_name sys --tag RUN_2025.05.24_14.37.30 --output_file /openlane/designs/sys/runs/RUN_2025.05.24_14.37.30/reports/metrics.csv --man_report /openlane/designs/sys/runs/RUN_2025.05.24_14.37.30/reports/manufacturability.rpt --run_path /openlane/designs/sys/runs/RUN_2025.05.24_14.37.30}"

