
===========================================================================
report_checks -unconstrained
===========================================================================
======================= Fastest Corner ===================================

Startpoint: _254_ (rising edge-triggered flip-flop clocked by core_clock)
Endpoint: _279_ (rising edge-triggered flip-flop clocked by core_clock)
Path Group: core_clock
Path Type: max
Corner: Fastest

Fanout     Cap    Slew   Delay    Time   Description
-----------------------------------------------------------------------------
                          0.00    0.00   clock core_clock (rise edge)
                          0.00    0.00   clock source latency
     1    0.02    0.00    0.00    0.00 ^ clk (in)
                                         clk (net)
                  0.00    0.00    0.00 ^ clkbuf_0_clk/A (sky130_fd_sc_hd__clkbuf_16)
     4    0.07    0.06    0.10    0.10 ^ clkbuf_0_clk/X (sky130_fd_sc_hd__clkbuf_16)
                                         clknet_0_clk (net)
                  0.06    0.00    0.11 ^ clkbuf_2_1__f_clk/A (sky130_fd_sc_hd__clkbuf_16)
     8    0.04    0.05    0.11    0.21 ^ clkbuf_2_1__f_clk/X (sky130_fd_sc_hd__clkbuf_16)
                                         clknet_2_1__leaf_clk (net)
                  0.05    0.00    0.22 ^ _254_/CLK (sky130_fd_sc_hd__dfxtp_4)
     7    0.08    0.18    0.32    0.53 ^ _254_/Q (sky130_fd_sc_hd__dfxtp_4)
                                         a.one_second_counter[0] (net)
                  0.18    0.01    0.55 ^ _142_/C (sky130_fd_sc_hd__and3_4)
     8    0.08    0.19    0.24    0.79 ^ _142_/X (sky130_fd_sc_hd__and3_4)
                                         _113_ (net)
                  0.19    0.01    0.80 ^ _144_/C (sky130_fd_sc_hd__and4_4)
     6    0.07    0.17    0.25    1.05 ^ _144_/X (sky130_fd_sc_hd__and4_4)
                                         _115_ (net)
                  0.17    0.00    1.05 ^ _199_/C (sky130_fd_sc_hd__and4_4)
     6    0.05    0.13    0.22    1.27 ^ _199_/X (sky130_fd_sc_hd__and4_4)
                                         _065_ (net)
                  0.13    0.00    1.27 ^ _211_/D (sky130_fd_sc_hd__and4_2)
     5    0.05    0.20    0.27    1.54 ^ _211_/X (sky130_fd_sc_hd__and4_2)
                                         _073_ (net)
                  0.20    0.00    1.55 ^ _223_/D (sky130_fd_sc_hd__and4_1)
     1    0.01    0.10    0.18    1.72 ^ _223_/X (sky130_fd_sc_hd__and4_1)
                                         _081_ (net)
                  0.10    0.00    1.72 ^ _224_/A (sky130_fd_sc_hd__buf_4)
     7    0.08    0.17    0.19    1.91 ^ _224_/X (sky130_fd_sc_hd__buf_4)
                                         _082_ (net)
                  0.17    0.01    1.91 ^ _239_/C (sky130_fd_sc_hd__and3_1)
     1    0.02    0.13    0.17    2.09 ^ _239_/X (sky130_fd_sc_hd__and3_1)
                                         _092_ (net)
                  0.13    0.00    2.09 ^ _240_/A (sky130_fd_sc_hd__buf_4)
     5    0.07    0.14    0.17    2.26 ^ _240_/X (sky130_fd_sc_hd__buf_4)
                                         _093_ (net)
                  0.15    0.01    2.27 ^ _244_/A2 (sky130_fd_sc_hd__a21o_1)
     2    0.03    0.21    0.21    2.48 ^ _244_/X (sky130_fd_sc_hd__a21o_1)
                                         _095_ (net)
                  0.21    0.00    2.48 ^ _246_/B (sky130_fd_sc_hd__and3_2)
     1    0.03    0.14    0.21    2.70 ^ _246_/X (sky130_fd_sc_hd__and3_2)
                                         _097_ (net)
                  0.14    0.00    2.70 ^ _247_/A (sky130_fd_sc_hd__buf_1)
     1    0.02    0.21    0.19    2.89 ^ _247_/X (sky130_fd_sc_hd__buf_1)
                                         _029_ (net)
                  0.21    0.00    2.89 ^ _279_/D (sky130_fd_sc_hd__dfxtp_4)
                                  2.89   data arrival time

                         10.00   10.00   clock core_clock (rise edge)
                          0.00   10.00   clock source latency
     1    0.02    0.00    0.00   10.00 ^ clk (in)
                                         clk (net)
                  0.00    0.00   10.00 ^ clkbuf_0_clk/A (sky130_fd_sc_hd__clkbuf_16)
     4    0.07    0.06    0.10   10.10 ^ clkbuf_0_clk/X (sky130_fd_sc_hd__clkbuf_16)
                                         clknet_0_clk (net)
                  0.06    0.00   10.11 ^ clkbuf_2_3__f_clk/A (sky130_fd_sc_hd__clkbuf_16)
     9    0.04    0.05    0.11   10.21 ^ clkbuf_2_3__f_clk/X (sky130_fd_sc_hd__clkbuf_16)
                                         clknet_2_3__leaf_clk (net)
                  0.05    0.00   10.22 ^ _279_/CLK (sky130_fd_sc_hd__dfxtp_4)
                          0.00   10.22   clock reconvergence pessimism
                         -0.05   10.17   library setup time
                                 10.17   data required time
-----------------------------------------------------------------------------
                                 10.17   data required time
                                 -2.89   data arrival time
-----------------------------------------------------------------------------
                                  7.28   slack (MET)



======================= Slowest Corner ===================================

Startpoint: _254_ (rising edge-triggered flip-flop clocked by core_clock)
Endpoint: _279_ (rising edge-triggered flip-flop clocked by core_clock)
Path Group: core_clock
Path Type: max
Corner: Slowest

Fanout     Cap    Slew   Delay    Time   Description
-----------------------------------------------------------------------------
                          0.00    0.00   clock core_clock (rise edge)
                          0.00    0.00   clock source latency
     1    0.02    0.00    0.00    0.00 ^ clk (in)
                                         clk (net)
                  0.00    0.00    0.00 ^ clkbuf_0_clk/A (sky130_fd_sc_hd__clkbuf_16)
     4    0.07    0.13    0.25    0.25 ^ clkbuf_0_clk/X (sky130_fd_sc_hd__clkbuf_16)
                                         clknet_0_clk (net)
                  0.13    0.00    0.25 ^ clkbuf_2_1__f_clk/A (sky130_fd_sc_hd__clkbuf_16)
     8    0.04    0.10    0.28    0.53 ^ clkbuf_2_1__f_clk/X (sky130_fd_sc_hd__clkbuf_16)
                                         clknet_2_1__leaf_clk (net)
                  0.10    0.00    0.53 ^ _254_/CLK (sky130_fd_sc_hd__dfxtp_4)
     7    0.08    0.38    0.95    1.48 ^ _254_/Q (sky130_fd_sc_hd__dfxtp_4)
                                         a.one_second_counter[0] (net)
                  0.38    0.01    1.50 ^ _142_/C (sky130_fd_sc_hd__and3_4)
     8    0.08    0.42    0.79    2.29 ^ _142_/X (sky130_fd_sc_hd__and3_4)
                                         _113_ (net)
                  0.42    0.01    2.30 ^ _144_/C (sky130_fd_sc_hd__and4_4)
     6    0.07    0.40    0.90    3.19 ^ _144_/X (sky130_fd_sc_hd__and4_4)
                                         _115_ (net)
                  0.40    0.00    3.20 ^ _199_/C (sky130_fd_sc_hd__and4_4)
     6    0.05    0.31    0.81    4.01 ^ _199_/X (sky130_fd_sc_hd__and4_4)
                                         _065_ (net)
                  0.31    0.00    4.01 ^ _211_/D (sky130_fd_sc_hd__and4_2)
     5    0.05    0.45    0.88    4.89 ^ _211_/X (sky130_fd_sc_hd__and4_2)
                                         _073_ (net)
                  0.45    0.00    4.89 ^ _223_/D (sky130_fd_sc_hd__and4_1)
     1    0.01    0.23    0.63    5.52 ^ _223_/X (sky130_fd_sc_hd__and4_1)
                                         _081_ (net)
                  0.23    0.00    5.52 ^ _224_/A (sky130_fd_sc_hd__buf_4)
     7    0.08    0.36    0.50    6.02 ^ _224_/X (sky130_fd_sc_hd__buf_4)
                                         _082_ (net)
                  0.36    0.01    6.02 ^ _239_/C (sky130_fd_sc_hd__and3_1)
     1    0.02    0.26    0.55    6.57 ^ _239_/X (sky130_fd_sc_hd__and3_1)
                                         _092_ (net)
                  0.26    0.00    6.58 ^ _240_/A (sky130_fd_sc_hd__buf_4)
     5    0.07    0.31    0.47    7.04 ^ _240_/X (sky130_fd_sc_hd__buf_4)
                                         _093_ (net)
                  0.31    0.01    7.05 ^ _244_/A2 (sky130_fd_sc_hd__a21o_1)
     2    0.03    0.43    0.57    7.62 ^ _244_/X (sky130_fd_sc_hd__a21o_1)
                                         _095_ (net)
                  0.43    0.00    7.63 ^ _246_/B (sky130_fd_sc_hd__and3_2)
     1    0.03    0.31    0.68    8.30 ^ _246_/X (sky130_fd_sc_hd__and3_2)
                                         _097_ (net)
                  0.31    0.00    8.31 ^ _247_/A (sky130_fd_sc_hd__buf_1)
     1    0.02    0.45    0.51    8.82 ^ _247_/X (sky130_fd_sc_hd__buf_1)
                                         _029_ (net)
                  0.45    0.00    8.82 ^ _279_/D (sky130_fd_sc_hd__dfxtp_4)
                                  8.82   data arrival time

                         10.00   10.00   clock core_clock (rise edge)
                          0.00   10.00   clock source latency
     1    0.02    0.00    0.00   10.00 ^ clk (in)
                                         clk (net)
                  0.00    0.00   10.00 ^ clkbuf_0_clk/A (sky130_fd_sc_hd__clkbuf_16)
     4    0.07    0.13    0.25   10.25 ^ clkbuf_0_clk/X (sky130_fd_sc_hd__clkbuf_16)
                                         clknet_0_clk (net)
                  0.13    0.00   10.25 ^ clkbuf_2_3__f_clk/A (sky130_fd_sc_hd__clkbuf_16)
     9    0.04    0.10    0.28   10.53 ^ clkbuf_2_3__f_clk/X (sky130_fd_sc_hd__clkbuf_16)
                                         clknet_2_3__leaf_clk (net)
                  0.10    0.00   10.53 ^ _279_/CLK (sky130_fd_sc_hd__dfxtp_4)
                          0.00   10.53   clock reconvergence pessimism
                         -0.24   10.30   library setup time
                                 10.30   data required time
-----------------------------------------------------------------------------
                                 10.30   data required time
                                 -8.82   data arrival time
-----------------------------------------------------------------------------
                                  1.48   slack (MET)



======================= Typical Corner ===================================

Startpoint: _254_ (rising edge-triggered flip-flop clocked by core_clock)
Endpoint: _279_ (rising edge-triggered flip-flop clocked by core_clock)
Path Group: core_clock
Path Type: max
Corner: Typical

Fanout     Cap    Slew   Delay    Time   Description
-----------------------------------------------------------------------------
                          0.00    0.00   clock core_clock (rise edge)
                          0.00    0.00   clock source latency
     1    0.02    0.00    0.00    0.00 ^ clk (in)
                                         clk (net)
                  0.00    0.00    0.00 ^ clkbuf_0_clk/A (sky130_fd_sc_hd__clkbuf_16)
     4    0.07    0.08    0.15    0.15 ^ clkbuf_0_clk/X (sky130_fd_sc_hd__clkbuf_16)
                                         clknet_0_clk (net)
                  0.08    0.00    0.15 ^ clkbuf_2_1__f_clk/A (sky130_fd_sc_hd__clkbuf_16)
     8    0.04    0.06    0.16    0.31 ^ clkbuf_2_1__f_clk/X (sky130_fd_sc_hd__clkbuf_16)
                                         clknet_2_1__leaf_clk (net)
                  0.06    0.00    0.31 ^ _254_/CLK (sky130_fd_sc_hd__dfxtp_4)
     7    0.08    0.24    0.49    0.80 ^ _254_/Q (sky130_fd_sc_hd__dfxtp_4)
                                         a.one_second_counter[0] (net)
                  0.24    0.01    0.81 ^ _142_/C (sky130_fd_sc_hd__and3_4)
     8    0.08    0.25    0.39    1.20 ^ _142_/X (sky130_fd_sc_hd__and3_4)
                                         _113_ (net)
                  0.25    0.01    1.20 ^ _144_/C (sky130_fd_sc_hd__and4_4)
     6    0.07    0.23    0.42    1.62 ^ _144_/X (sky130_fd_sc_hd__and4_4)
                                         _115_ (net)
                  0.24    0.00    1.63 ^ _199_/C (sky130_fd_sc_hd__and4_4)
     6    0.05    0.18    0.37    2.00 ^ _199_/X (sky130_fd_sc_hd__and4_4)
                                         _065_ (net)
                  0.18    0.00    2.00 ^ _211_/D (sky130_fd_sc_hd__and4_2)
     5    0.05    0.27    0.43    2.44 ^ _211_/X (sky130_fd_sc_hd__and4_2)
                                         _073_ (net)
                  0.27    0.00    2.44 ^ _223_/D (sky130_fd_sc_hd__and4_1)
     1    0.01    0.13    0.30    2.74 ^ _223_/X (sky130_fd_sc_hd__and4_1)
                                         _081_ (net)
                  0.13    0.00    2.74 ^ _224_/A (sky130_fd_sc_hd__buf_4)
     7    0.08    0.23    0.27    3.01 ^ _224_/X (sky130_fd_sc_hd__buf_4)
                                         _082_ (net)
                  0.23    0.01    3.02 ^ _239_/C (sky130_fd_sc_hd__and3_1)
     1    0.02    0.17    0.28    3.29 ^ _239_/X (sky130_fd_sc_hd__and3_1)
                                         _092_ (net)
                  0.17    0.00    3.30 ^ _240_/A (sky130_fd_sc_hd__buf_4)
     5    0.07    0.19    0.26    3.55 ^ _240_/X (sky130_fd_sc_hd__buf_4)
                                         _093_ (net)
                  0.19    0.01    3.56 ^ _244_/A2 (sky130_fd_sc_hd__a21o_1)
     2    0.03    0.27    0.31    3.87 ^ _244_/X (sky130_fd_sc_hd__a21o_1)
                                         _095_ (net)
                  0.27    0.00    3.88 ^ _246_/B (sky130_fd_sc_hd__and3_2)
     1    0.03    0.19    0.35    4.22 ^ _246_/X (sky130_fd_sc_hd__and3_2)
                                         _097_ (net)
                  0.19    0.00    4.22 ^ _247_/A (sky130_fd_sc_hd__buf_1)
     1    0.02    0.28    0.28    4.50 ^ _247_/X (sky130_fd_sc_hd__buf_1)
                                         _029_ (net)
                  0.28    0.00    4.51 ^ _279_/D (sky130_fd_sc_hd__dfxtp_4)
                                  4.51   data arrival time

                         10.00   10.00   clock core_clock (rise edge)
                          0.00   10.00   clock source latency
     1    0.02    0.00    0.00   10.00 ^ clk (in)
                                         clk (net)
                  0.00    0.00   10.00 ^ clkbuf_0_clk/A (sky130_fd_sc_hd__clkbuf_16)
     4    0.07    0.08    0.15   10.15 ^ clkbuf_0_clk/X (sky130_fd_sc_hd__clkbuf_16)
                                         clknet_0_clk (net)
                  0.08    0.00   10.15 ^ clkbuf_2_3__f_clk/A (sky130_fd_sc_hd__clkbuf_16)
     9    0.04    0.06    0.16   10.31 ^ clkbuf_2_3__f_clk/X (sky130_fd_sc_hd__clkbuf_16)
                                         clknet_2_3__leaf_clk (net)
                  0.06    0.00   10.31 ^ _279_/CLK (sky130_fd_sc_hd__dfxtp_4)
                          0.00   10.31   clock reconvergence pessimism
                         -0.11   10.19   library setup time
                                 10.19   data required time
-----------------------------------------------------------------------------
                                 10.19   data required time
                                 -4.51   data arrival time
-----------------------------------------------------------------------------
                                  5.69   slack (MET)




===========================================================================
report_checks --slack_max -0.01
============================================================================
======================= Fastest Corner ===================================

No paths found.

======================= Slowest Corner ===================================

No paths found.

======================= Typical Corner ===================================

No paths found.


===========================================================================
 report_check_types -max_slew -max_cap -max_fanout -violators
============================================================================
======================= Fastest Corner ===================================


max slew violations count Fastest: 0
max fanout violations count Fastest: 0
max cap violations count Fastest: 0
======================= Slowest Corner ===================================


max slew violations count Slowest: 0
max fanout violations count Slowest: 0
max cap violations count Slowest: 0
======================= Typical Corner ===================================


max slew violations count Typical: 0
max fanout violations count Typical: 0
max cap violations count Typical: 0

===========================================================================
report_parasitic_annotation -report_unannotated
============================================================================
Found 4 unannotated drivers.
 clkload0/Y
 clkload1/Y
 clkload2/Y
 ztfc_9/HI
Found 0 partially unannotated drivers.

===========================================================================
max slew violation count 0
max fanout violation count 0
max cap violation count 0
============================================================================

===========================================================================
check_setup -verbose -unconstrained_endpoints -multiple_clock -no_clock -no_input_delay -loops -generated_clocks
===========================================================================
Warning: There is 1 input port missing set_input_delay.
  rst
Warning: There are 8 unconstrained endpoints.
  an0
  seg_out[0]
  seg_out[1]
  seg_out[2]
  seg_out[3]
  seg_out[4]
  seg_out[5]
  seg_out[6]
