
===========================================================================
 report_power
============================================================================
======================= Fastest Corner ===================================

Group                  Internal  Switching    Leakage      Total
                          Power      Power      Power      Power (Watts)
----------------------------------------------------------------
Sequential             1.67e-04   8.18e-05   7.11e-10   2.49e-04  37.7%
Combinational          3.75e-05   1.46e-04   1.11e-09   1.84e-04  27.8%
Clock                  1.33e-04   9.41e-05   2.65e-09   2.27e-04  34.4%
Macro                  0.00e+00   0.00e+00   0.00e+00   0.00e+00   0.0%
Pad                    0.00e+00   0.00e+00   0.00e+00   0.00e+00   0.0%
----------------------------------------------------------------
Total                  3.38e-04   3.22e-04   4.47e-09   6.60e-04 100.0%
                          51.2%      48.8%       0.0%

======================= Slowest Corner ===================================

Group                  Internal  Switching    Leakage      Total
                          Power      Power      Power      Power (Watts)
----------------------------------------------------------------
Sequential             1.13e-04   5.49e-05   4.75e-07   1.68e-04  37.2%
Combinational          2.72e-05   9.81e-05   6.90e-07   1.26e-04  27.9%
Clock                  9.59e-05   6.14e-05   1.27e-07   1.57e-04  34.9%
Macro                  0.00e+00   0.00e+00   0.00e+00   0.00e+00   0.0%
Pad                    0.00e+00   0.00e+00   0.00e+00   0.00e+00   0.0%
----------------------------------------------------------------
Total                  2.36e-04   2.14e-04   1.29e-06   4.52e-04 100.0%
                          52.2%      47.5%       0.3%

======================= Typical Corner ===================================

Group                  Internal  Switching    Leakage      Total
                          Power      Power      Power      Power (Watts)
----------------------------------------------------------------
Sequential             1.44e-04   6.95e-05   2.66e-10   2.14e-04  37.7%
Combinational          3.33e-05   1.24e-04   5.30e-10   1.58e-04  27.8%
Clock                  1.17e-04   7.92e-05   2.33e-09   1.96e-04  34.5%
Macro                  0.00e+00   0.00e+00   0.00e+00   0.00e+00   0.0%
Pad                    0.00e+00   0.00e+00   0.00e+00   0.00e+00   0.0%
----------------------------------------------------------------
Total                  2.94e-04   2.73e-04   3.12e-09   5.68e-04 100.0%
                          51.9%      48.1%       0.0%

